[ 2020-04-07T10:22:43+08:00 ] 127.0.0.1 /admin.php
INFO: [ app_init ] --START--
INFO: Run Behavior\BuildLiteBehavior [ RunTime:0.001000s ]
INFO: [ app_init ] --END-- [ RunTime:0.022002s ]
INFO: [ app_begin ] --START--
INFO: Run Behavior\ReadHtmlCacheBehavior [ RunTime:0.019002s ]
INFO: [ app_begin ] --END-- [ RunTime:0.021002s ]
INFO: [ view_parse ] --START--
INFO: [ template_filter ] --START--
INFO: Run Behavior\ContentReplaceBehavior [ RunTime:0.027002s ]
INFO: [ template_filter ] --END-- [ RunTime:0.029002s ]
INFO: Run Behavior\ParseTemplateBehavior [ RunTime:0.194011s ]
INFO: [ view_parse ] --END-- [ RunTime:0.197012s ]
INFO: [ view_filter ] --START--
INFO: Run Behavior\WriteHtmlCacheBehavior [ RunTime:0.018001s ]
INFO: [ view_filter ] --END-- [ RunTime:0.020001s ]

[ 2020-04-07T10:22:48+08:00 ] 127.0.0.1 /admin.php/Login/login
INFO: [ app_init ] --START--
INFO: Run Behavior\BuildLiteBehavior [ RunTime:0.000000s ]
INFO: [ app_init ] --END-- [ RunTime:0.010001s ]
INFO: [ app_begin ] --START--
INFO: Run Behavior\ReadHtmlCacheBehavior [ RunTime:0.004000s ]
INFO: [ app_begin ] --END-- [ RunTime:0.006001s ]
INFO: [ view_parse ] --START--
INFO: [ template_filter ] --START--
INFO: Run Behavior\ContentReplaceBehavior [ RunTime:0.002000s ]
INFO: [ template_filter ] --END-- [ RunTime:0.004000s ]
INFO: Run Behavior\ParseTemplateBehavior [ RunTime:0.067004s ]
INFO: [ view_parse ] --END-- [ RunTime:0.069004s ]
INFO: [ view_filter ] --START--
INFO: Run Behavior\WriteHtmlCacheBehavior [ RunTime:0.002000s ]
INFO: [ view_filter ] --END-- [ RunTime:0.004000s ]
INFO: [ app_end ] --START--
INFO: Run Behavior\ShowPageTraceBehavior [ RunTime:0.021002s ]
INFO: [ app_end ] --END-- [ RunTime:0.023002s ]

[ 2020-04-07T10:22:51+08:00 ] 127.0.0.1 /admin.php/Login/ajax_login
INFO: [ app_init ] --START--
INFO: Run Behavior\BuildLiteBehavior [ RunTime:0.001000s ]
INFO: [ app_init ] --END-- [ RunTime:0.006000s ]
INFO: [ app_begin ] --START--
INFO: Run Behavior\ReadHtmlCacheBehavior [ RunTime:0.004000s ]
INFO: [ app_begin ] --END-- [ RunTime:0.006000s ]
SQL: SHOW COLUMNS FROM `lh_admin` [ RunTime:0.0550s ]
SQL: SELECT * FROM `lh_admin` WHERE `account` = 'admin' AND `password` = 'fcea920f7412b5da7be0cf42b8c93759' AND `status` = 0 LIMIT 1   [ RunTime:0.0460s ]
SQL: SHOW COLUMNS FROM `lh_log_admin` [ RunTime:0.0480s ]
SQL: INSERT INTO `lh_log_admin` (`ip`,`admin_id`,`login_time`) VALUES ('127.0.0.1','14','2020-04-07 10:22:51') [ RunTime:0.0850s ]

[ 2020-04-07T10:22:54+08:00 ] 127.0.0.1 /admin.php/Index/index
INFO: [ app_init ] --START--
INFO: Run Behavior\BuildLiteBehavior [ RunTime:0.001000s ]
INFO: [ app_init ] --END-- [ RunTime:0.006000s ]
INFO: [ app_begin ] --START--
INFO: Run Behavior\ReadHtmlCacheBehavior [ RunTime:0.003000s ]
INFO: [ app_begin ] --END-- [ RunTime:0.006000s ]
SQL: SHOW COLUMNS FROM `lh_auth_group_access` [ RunTime:0.0530s ]
SQL: SELECT `uid`,`group_id`,`title`,`rules` FROM lh_auth_group_access a INNER JOIN lh_auth_group g on a.group_id=g.id  WHERE ( a.uid='14' and g.status='1' )  [ RunTime:0.0410s ]
SQL: SHOW COLUMNS FROM `lh_auth_rule` [ RunTime:0.0500s ]
SQL: SELECT `condition`,`name` FROM `lh_auth_rule` WHERE `id` IN ('3','348','50','349','350','351','359','360','361','362','363','364','365','379','427','435','366','367','371','376','377','378','380','381','382','383','384','385','396','428','429','430','431','432','433','434','437','369','370','386','387','388','389','390','391','392','393','394','395','397','398','399','400','401','402','403','404','405','406','407','408','410','411','412','413','414','416','417','418','448','372','373','419','420','421','422','374','375','423','424','425','426','438','439','440','441','442','443','444','445','446','447','449','450','451','452','453','454') AND `type` = 1 AND `status` = 1  [ RunTime:0.0420s ]
ERR: ÓÉÓÚÄ¿±ê¼ÆËã»ú»ý¼«¾Ü¾ø£¬ÎÞ·¨Á¬½Ó¡£


[ 2020-04-07T10:23:34+08:00 ] 127.0.0.1 /admin.php/Index/index
INFO: [ app_init ] --START--
INFO: Run Behavior\BuildLiteBehavior [ RunTime:0.000000s ]
INFO: [ app_init ] --END-- [ RunTime:0.005000s ]
INFO: [ app_begin ] --START--
INFO: Run Behavior\ReadHtmlCacheBehavior [ RunTime:0.004000s ]
INFO: [ app_begin ] --END-- [ RunTime:0.006000s ]
SQL: SHOW COLUMNS FROM `lh_auth_group_access` [ RunTime:0.0440s ]
SQL: SELECT `uid`,`group_id`,`title`,`rules` FROM lh_auth_group_access a INNER JOIN lh_auth_group g on a.group_id=g.id  WHERE ( a.uid='14' and g.status='1' )  [ RunTime:0.0400s ]
SQL: SHOW COLUMNS FROM `lh_auth_rule` [ RunTime:0.0410s ]
SQL: SELECT `condition`,`name` FROM `lh_auth_rule` WHERE `id` IN ('3','348','50','349','350','351','359','360','361','362','363','364','365','379','427','435','366','367','371','376','377','378','380','381','382','383','384','385','396','428','429','430','431','432','433','434','437','369','370','386','387','388','389','390','391','392','393','394','395','397','398','399','400','401','402','403','404','405','406','407','408','410','411','412','413','414','416','417','418','448','372','373','419','420','421','422','374','375','423','424','425','426','438','439','440','441','442','443','444','445','446','447','449','450','451','452','453','454') AND `type` = 1 AND `status` = 1  [ RunTime:0.0440s ]
INFO: [ view_parse ] --START--
INFO: [ template_filter ] --START--
INFO: Run Behavior\ContentReplaceBehavior [ RunTime:0.002000s ]
INFO: [ template_filter ] --END-- [ RunTime:0.004000s ]
INFO: Run Behavior\ParseTemplateBehavior [ RunTime:0.700040s ]
INFO: [ view_parse ] --END-- [ RunTime:0.703040s ]
INFO: [ view_filter ] --START--
INFO: Run Behavior\WriteHtmlCacheBehavior [ RunTime:0.003000s ]
INFO: [ view_filter ] --END-- [ RunTime:0.005000s ]
INFO: [ app_end ] --START--
INFO: Run Behavior\ShowPageTraceBehavior [ RunTime:0.003000s ]
INFO: [ app_end ] --END-- [ RunTime:0.006000s ]

[ 2020-04-07T10:23:54+08:00 ] 127.0.0.1 /admin.php/Farmer/lists
INFO: [ app_init ] --START--
INFO: Run Behavior\BuildLiteBehavior [ RunTime:0.001000s ]
INFO: [ app_init ] --END-- [ RunTime:0.005000s ]
INFO: [ app_begin ] --START--
INFO: Run Behavior\ReadHtmlCacheBehavior [ RunTime:0.004000s ]
INFO: [ app_begin ] --END-- [ RunTime:0.006000s ]
SQL: SHOW COLUMNS FROM `lh_auth_group_access` [ RunTime:0.0430s ]
SQL: SELECT `uid`,`group_id`,`title`,`rules` FROM lh_auth_group_access a INNER JOIN lh_auth_group g on a.group_id=g.id  WHERE ( a.uid='14' and g.status='1' )  [ RunTime:0.0480s ]
SQL: SHOW COLUMNS FROM `lh_auth_rule` [ RunTime:0.0410s ]
SQL: SELECT `condition`,`name` FROM `lh_auth_rule` WHERE `id` IN ('3','348','50','349','350','351','359','360','361','362','363','364','365','379','427','435','366','367','371','376','377','378','380','381','382','383','384','385','396','428','429','430','431','432','433','434','437','369','370','386','387','388','389','390','391','392','393','394','395','397','398','399','400','401','402','403','404','405','406','407','408','410','411','412','413','414','416','417','418','448','372','373','419','420','421','422','374','375','423','424','425','426','438','439','440','441','442','443','444','445','446','447','449','450','451','452','453','454') AND `type` = 1 AND `status` = 1  [ RunTime:0.0510s ]
SQL: SHOW COLUMNS FROM `lh_farmer` [ RunTime:0.0460s ]
SQL: SELECT * FROM `lh_farmer` WHERE `del_status` = 1  [ RunTime:0.0410s ]
SQL: SELECT * FROM `lh_farmer` WHERE `del_status` = 1 ORDER BY `id` DESC LIMIT 0,20   [ RunTime:0.0680s ]
SQL: SHOW COLUMNS FROM `lh_technology` [ RunTime:0.0400s ]
SQL: SELECT * FROM `lh_technology` WHERE `id` = 0 LIMIT 1   [ RunTime:0.0630s ]
SQL: SHOW COLUMNS FROM `lh_farmer_commodity` [ RunTime:0.0500s ]
SQL: SELECT `commodity_id` FROM `lh_farmer_commodity` WHERE `farmer_id` = 79 AND `del_status` = 1  [ RunTime:0.0490s ]
SQL: SHOW COLUMNS FROM `lh_commodity` [ RunTime:0.0490s ]
SQL: SELECT `commodity_sort_id` FROM `lh_commodity` WHERE `id` IN ('22','32') AND `status` = 1 AND `del_status` = 1  [ RunTime:0.0520s ]
SQL: SHOW COLUMNS FROM `lh_commodity_sort` [ RunTime:0.0590s ]
SQL: SELECT `name` FROM `lh_commodity_sort` WHERE `id` IN ('1','1')  [ RunTime:0.0420s ]
SQL: SHOW COLUMNS FROM `lh_province` [ RunTime:0.0420s ]
SQL: SELECT * FROM `lh_province` WHERE `id` = 0 LIMIT 1   [ RunTime:0.0440s ]
SQL: SHOW COLUMNS FROM `lh_city` [ RunTime:0.0420s ]
SQL: SELECT * FROM `lh_city` WHERE `id` = 0 LIMIT 1   [ RunTime:0.1370s ]
SQL: SHOW COLUMNS FROM `lh_area` [ RunTime:0.0440s ]
SQL: SELECT * FROM `lh_area` WHERE `id` = 0 LIMIT 1   [ RunTime:0.0390s ]
SQL: SELECT * FROM `lh_technology` WHERE `id` = 0 LIMIT 1   [ RunTime:0.0390s ]
SQL: SELECT `commodity_id` FROM `lh_farmer_commodity` WHERE `farmer_id` = 78 AND `del_status` = 1  [ RunTime:0.0410s ]
SQL: SELECT `commodity_sort_id` FROM `lh_commodity` WHERE `id` IN ('35','38','47') AND `status` = 1 AND `del_status` = 1  [ RunTime:0.0480s ]
SQL: SELECT `name` FROM `lh_commodity_sort` WHERE `id` IN ('1','1','1')  [ RunTime:0.0390s ]
SQL: SELECT * FROM `lh_province` WHERE `id` = 1 LIMIT 1   [ RunTime:0.0470s ]
SQL: SELECT * FROM `lh_city` WHERE `id` = 1 LIMIT 1   [ RunTime:0.0460s ]
SQL: SELECT * FROM `lh_area` WHERE `id` = 2 LIMIT 1   [ RunTime:0.0610s ]
SQL: SELECT * FROM `lh_technology` WHERE `id` = 0 LIMIT 1   [ RunTime:0.0430s ]
SQL: SELECT `commodity_id` FROM `lh_farmer_commodity` WHERE `farmer_id` = 77 AND `del_status` = 1  [ RunTime:0.0450s ]
SQL: SELECT `commodity_sort_id` FROM `lh_commodity` WHERE `id` IN ('35','45','46') AND `status` = 1 AND `del_status` = 1  [ RunTime:0.0390s ]
SQL: SELECT `name` FROM `lh_commodity_sort` WHERE `id` IN ('1','1','1')  [ RunTime:0.0400s ]
SQL: SELECT * FROM `lh_province` WHERE `id` = 0 LIMIT 1   [ RunTime:0.0450s ]
SQL: SELECT * FROM `lh_city` WHERE `id` = 0 LIMIT 1   [ RunTime:0.0470s ]
SQL: SELECT * FROM `lh_area` WHERE `id` = 0 LIMIT 1   [ RunTime:0.0410s ]
SQL: SELECT * FROM `lh_technology` WHERE `id` = 0 LIMIT 1   [ RunTime:0.0440s ]
SQL: SELECT `commodity_id` FROM `lh_farmer_commodity` WHERE `farmer_id` = 76 AND `del_status` = 1  [ RunTime:0.0460s ]
SQL: SELECT `commodity_sort_id` FROM `lh_commodity` WHERE `id` IN ('25','35') AND `status` = 1 AND `del_status` = 1  [ RunTime:0.0780s ]
SQL: SELECT `name` FROM `lh_commodity_sort` WHERE `id` IN ('1','1')  [ RunTime:0.0430s ]
SQL: SELECT * FROM `lh_province` WHERE `id` = 1 LIMIT 1   [ RunTime:0.1190s ]
SQL: SELECT * FROM `lh_city` WHERE `id` = 1 LIMIT 1   [ RunTime:0.0410s ]
SQL: SELECT * FROM `lh_area` WHERE `id` = 2 LIMIT 1   [ RunTime:0.0440s ]
SQL: SELECT * FROM `lh_technology` WHERE `id` = 0 LIMIT 1   [ RunTime:0.0660s ]
SQL: SELECT `commodity_id` FROM `lh_farmer_commodity` WHERE `farmer_id` = 75 AND `del_status` = 1  [ RunTime:0.0440s ]
SQL: SELECT `commodity_sort_id` FROM `lh_commodity` WHERE `id` IN ('35','38','45') AND `status` = 1 AND `del_status` = 1  [ RunTime:0.0430s ]
SQL: SELECT `name` FROM `lh_commodity_sort` WHERE `id` IN ('1','1','1')  [ RunTime:0.0400s ]
SQL: SELECT * FROM `lh_province` WHERE `id` = 1 LIMIT 1   [ RunTime:0.0420s ]
SQL: SELECT * FROM `lh_city` WHERE `id` = 1 LIMIT 1   [ RunTime:0.0390s ]
SQL: SELECT * FROM `lh_area` WHERE `id` = 2 LIMIT 1   [ RunTime:0.0420s ]
SQL: SELECT * FROM `lh_technology` WHERE `id` = 0 LIMIT 1   [ RunTime:0.0400s ]
SQL: SELECT `commodity_id` FROM `lh_farmer_commodity` WHERE `farmer_id` = 74 AND `del_status` = 1  [ RunTime:0.0410s ]
SQL: SELECT `commodity_sort_id` FROM `lh_commodity` WHERE `id` IN ('35','45') AND `status` = 1 AND `del_status` = 1  [ RunTime:0.0430s ]
SQL: SELECT `name` FROM `lh_commodity_sort` WHERE `id` IN ('1','1')  [ RunTime:0.0400s ]
SQL: SELECT * FROM `lh_province` WHERE `id` = 1 LIMIT 1   [ RunTime:0.0390s ]
SQL: SELECT * FROM `lh_city` WHERE `id` = 1 LIMIT 1   [ RunTime:0.0390s ]
SQL: SELECT * FROM `lh_area` WHERE `id` = 2 LIMIT 1   [ RunTime:0.0400s ]
SQL: SELECT * FROM `lh_technology` WHERE `id` = 0 LIMIT 1   [ RunTime:0.0670s ]
SQL: SELECT `commodity_id` FROM `lh_farmer_commodity` WHERE `farmer_id` = 73 AND `del_status` = 1  [ RunTime:0.0540s ]
SQL: SELECT `commodity_sort_id` FROM `lh_commodity` WHERE `id` IN ('25','35','45') AND `status` = 1 AND `del_status` = 1  [ RunTime:0.0430s ]
SQL: SELECT `name` FROM `lh_commodity_sort` WHERE `id` IN ('1','1','1')  [ RunTime:0.0430s ]
SQL: SELECT * FROM `lh_province` WHERE `id` = 1 LIMIT 1   [ RunTime:0.0450s ]
SQL: SELECT * FROM `lh_city` WHERE `id` = 1 LIMIT 1   [ RunTime:0.0430s ]
SQL: SELECT * FROM `lh_area` WHERE `id` = 2 LIMIT 1   [ RunTime:0.0410s ]
SQL: SELECT * FROM `lh_technology` WHERE `id` = 0 LIMIT 1   [ RunTime:0.0440s ]
SQL: SELECT `commodity_id` FROM `lh_farmer_commodity` WHERE `farmer_id` = 72 AND `del_status` = 1  [ RunTime:0.0410s ]
SQL: SELECT `commodity_sort_id` FROM `lh_commodity` WHERE `id` IN ('26','29','35','44','45') AND `status` = 1 AND `del_status` = 1  [ RunTime:0.0400s ]
SQL: SELECT `name` FROM `lh_commodity_sort` WHERE `id` IN ('1','1','1','1','1')  [ RunTime:0.0570s ]
SQL: SELECT * FROM `lh_province` WHERE `id` = 1 LIMIT 1   [ RunTime:0.0560s ]
SQL: SELECT * FROM `lh_city` WHERE `id` = 1 LIMIT 1   [ RunTime:0.0410s ]
SQL: SELECT * FROM `lh_area` WHERE `id` = 2 LIMIT 1   [ RunTime:0.0480s ]
SQL: SELECT * FROM `lh_technology` WHERE `id` = 0 LIMIT 1   [ RunTime:0.0420s ]
SQL: SELECT `commodity_id` FROM `lh_farmer_commodity` WHERE `farmer_id` = 71 AND `del_status` = 1  [ RunTime:0.0460s ]
SQL: SELECT `commodity_sort_id` FROM `lh_commodity` WHERE `id` IN ('27','29','32','34') AND `status` = 1 AND `del_status` = 1  [ RunTime:0.0930s ]
SQL: SELECT `name` FROM `lh_commodity_sort` WHERE `id` IN ('1','1','1','1')  [ RunTime:0.0450s ]
SQL: SELECT * FROM `lh_province` WHERE `id` = 1 LIMIT 1   [ RunTime:0.0520s ]
SQL: SELECT * FROM `lh_city` WHERE `id` = 1 LIMIT 1   [ RunTime:0.0510s ]
SQL: SELECT * FROM `lh_area` WHERE `id` = 2 LIMIT 1   [ RunTime:0.0420s ]
SQL: SELECT * FROM `lh_technology` WHERE `id` = 0 LIMIT 1   [ RunTime:0.0560s ]
SQL: SELECT `commodity_id` FROM `lh_farmer_commodity` WHERE `farmer_id` = 70 AND `del_status` = 1  [ RunTime:0.0430s ]
SQL: SELECT `commodity_sort_id` FROM `lh_commodity` WHERE `id` IN ('25','26','27','29','35','45') AND `status` = 1 AND `del_status` = 1  [ RunTime:0.0450s ]
SQL: SELECT `name` FROM `lh_commodity_sort` WHERE `id` IN ('1','1','1','1','1','1')  [ RunTime:0.0420s ]
SQL: SELECT * FROM `lh_province` WHERE `id` = 1 LIMIT 1   [ RunTime:0.0680s ]
SQL: SELECT * FROM `lh_city` WHERE `id` = 1 LIMIT 1   [ RunTime:0.0560s ]
SQL: SELECT * FROM `lh_area` WHERE `id` = 2 LIMIT 1   [ RunTime:0.0520s ]
SQL: SELECT * FROM `lh_technology` WHERE `id` = 0 LIMIT 1   [ RunTime:0.0540s ]
SQL: SELECT `commodity_id` FROM `lh_farmer_commodity` WHERE `farmer_id` = 69 AND `del_status` = 1  [ RunTime:0.0410s ]
SQL: SELECT `commodity_sort_id` FROM `lh_commodity` WHERE `id` IN ('26','29','32','35','38') AND `status` = 1 AND `del_status` = 1  [ RunTime:0.0510s ]
SQL: SELECT `name` FROM `lh_commodity_sort` WHERE `id` IN ('1','1','1','1','1')  [ RunTime:0.0510s ]
SQL: SELECT * FROM `lh_province` WHERE `id` = 1 LIMIT 1   [ RunTime:0.0710s ]
SQL: SELECT * FROM `lh_city` WHERE `id` = 1 LIMIT 1   [ RunTime:0.0550s ]
SQL: SELECT * FROM `lh_area` WHERE `id` = 2 LIMIT 1   [ RunTime:0.0430s ]
SQL: SELECT * FROM `lh_technology` WHERE `id` = 0 LIMIT 1   [ RunTime:0.0490s ]
SQL: SELECT `commodity_id` FROM `lh_farmer_commodity` WHERE `farmer_id` = 68 AND `del_status` = 1  [ RunTime:0.0400s ]
SQL: SELECT `commodity_sort_id` FROM `lh_commodity` WHERE `id` IN ('25','27','29','37','44') AND `status` = 1 AND `del_status` = 1  [ RunTime:0.0540s ]
SQL: SELECT `name` FROM `lh_commodity_sort` WHERE `id` IN ('1','1','1','1','1')  [ RunTime:0.0510s ]
SQL: SELECT * FROM `lh_province` WHERE `id` = 1 LIMIT 1   [ RunTime:0.0410s ]
SQL: SELECT * FROM `lh_city` WHERE `id` = 1 LIMIT 1   [ RunTime:0.0540s ]
SQL: SELECT * FROM `lh_area` WHERE `id` = 2 LIMIT 1   [ RunTime:0.0440s ]
SQL: SELECT * FROM `lh_technology` WHERE `id` = 0 LIMIT 1   [ RunTime:0.0430s ]
SQL: SELECT `commodity_id` FROM `lh_farmer_commodity` WHERE `farmer_id` = 67 AND `del_status` = 1  [ RunTime:0.0410s ]
SQL: SELECT `commodity_sort_id` FROM `lh_commodity` WHERE `id` IN ('22','27','29','37') AND `status` = 1 AND `del_status` = 1  [ RunTime:0.0420s ]
SQL: SELECT `name` FROM `lh_commodity_sort` WHERE `id` IN ('1','1','1','1')  [ RunTime:0.0430s ]
SQL: SELECT * FROM `lh_province` WHERE `id` = 1 LIMIT 1   [ RunTime:0.0430s ]
SQL: SELECT * FROM `lh_city` WHERE `id` = 1 LIMIT 1   [ RunTime:0.0440s ]
SQL: SELECT * FROM `lh_area` WHERE `id` = 2 LIMIT 1   [ RunTime:0.0420s ]
SQL: SELECT * FROM `lh_technology` WHERE `id` = 0 LIMIT 1   [ RunTime:0.0430s ]
SQL: SELECT `commodity_id` FROM `lh_farmer_commodity` WHERE `farmer_id` = 66 AND `del_status` = 1  [ RunTime:0.0450s ]
SQL: SELECT `commodity_sort_id` FROM `lh_commodity` WHERE `id` IN ('25','26','27','29','35') AND `status` = 1 AND `del_status` = 1  [ RunTime:0.0400s ]
SQL: SELECT `name` FROM `lh_commodity_sort` WHERE `id` IN ('1','1','1','1','1')  [ RunTime:0.0450s ]
SQL: SELECT * FROM `lh_province` WHERE `id` = 1 LIMIT 1   [ RunTime:0.0430s ]
SQL: SELECT * FROM `lh_city` WHERE `id` = 1 LIMIT 1   [ RunTime:0.0520s ]
SQL: SELECT * FROM `lh_area` WHERE `id` = 2 LIMIT 1   [ RunTime:0.1110s ]
SQL: SELECT * FROM `lh_technology` WHERE `id` = 0 LIMIT 1   [ RunTime:0.0430s ]
SQL: SELECT `commodity_id` FROM `lh_farmer_commodity` WHERE `farmer_id` = 65 AND `del_status` = 1  [ RunTime:0.0420s ]
SQL: SELECT `commodity_sort_id` FROM `lh_commodity` WHERE `id` IN ('19','22','25','26','29') AND `status` = 1 AND `del_status` = 1  [ RunTime:0.0400s ]
SQL: SELECT `name` FROM `lh_commodity_sort` WHERE `id` IN ('1','1','1','1','1')  [ RunTime:0.0420s ]
SQL: SELECT * FROM `lh_province` WHERE `id` = 1 LIMIT 1   [ RunTime:0.0420s ]
SQL: SELECT * FROM `lh_city` WHERE `id` = 1 LIMIT 1   [ RunTime:0.0410s ]
SQL: SELECT * FROM `lh_area` WHERE `id` = 2 LIMIT 1   [ RunTime:0.0650s ]
SQL: SELECT * FROM `lh_technology` WHERE `id` = 0 LIMIT 1   [ RunTime:0.0760s ]
SQL: SELECT `commodity_id` FROM `lh_farmer_commodity` WHERE `farmer_id` = 64 AND `del_status` = 1  [ RunTime:0.0410s ]
SQL: SELECT `commodity_sort_id` FROM `lh_commodity` WHERE `id` IN ('27','29','36','38') AND `status` = 1 AND `del_status` = 1  [ RunTime:0.0430s ]
SQL: SELECT `name` FROM `lh_commodity_sort` WHERE `id` IN ('1','1','1','1')  [ RunTime:0.0390s ]
SQL: SELECT * FROM `lh_province` WHERE `id` = 1 LIMIT 1   [ RunTime:0.0410s ]
SQL: SELECT * FROM `lh_city` WHERE `id` = 1 LIMIT 1   [ RunTime:0.0420s ]
SQL: SELECT * FROM `lh_area` WHERE `id` = 2 LIMIT 1   [ RunTime:0.0470s ]
SQL: SELECT * FROM `lh_technology` WHERE `id` = 0 LIMIT 1   [ RunTime:0.0550s ]
SQL: SELECT `commodity_id` FROM `lh_farmer_commodity` WHERE `farmer_id` = 63 AND `del_status` = 1  [ RunTime:0.0570s ]
SQL: SELECT `commodity_sort_id` FROM `lh_commodity` WHERE `id` IN ('21','22','26','27','29') AND `status` = 1 AND `del_status` = 1  [ RunTime:0.0450s ]
SQL: SELECT `name` FROM `lh_commodity_sort` WHERE `id` IN ('1','1','1','1','1')  [ RunTime:0.0500s ]
SQL: SELECT * FROM `lh_province` WHERE `id` = 1 LIMIT 1   [ RunTime:0.0480s ]
SQL: SELECT * FROM `lh_city` WHERE `id` = 1 LIMIT 1   [ RunTime:0.0400s ]
SQL: SELECT * FROM `lh_area` WHERE `id` = 2 LIMIT 1   [ RunTime:0.0420s ]
SQL: SELECT * FROM `lh_technology` WHERE `id` = 0 LIMIT 1   [ RunTime:0.0470s ]
SQL: SELECT `commodity_id` FROM `lh_farmer_commodity` WHERE `farmer_id` = 62 AND `del_status` = 1  [ RunTime:0.0410s ]
SQL: SELECT `commodity_sort_id` FROM `lh_commodity` WHERE `id` IN ('19','21','22','27','29','30') AND `status` = 1 AND `del_status` = 1  [ RunTime:0.0410s ]
SQL: SELECT `name` FROM `lh_commodity_sort` WHERE `id` IN ('1','1','1','1','1','1')  [ RunTime:0.0410s ]
SQL: SELECT * FROM `lh_province` WHERE `id` = 1 LIMIT 1   [ RunTime:0.0430s ]
SQL: SELECT * FROM `lh_city` WHERE `id` = 1 LIMIT 1   [ RunTime:0.0410s ]
SQL: SELECT * FROM `lh_area` WHERE `id` = 2 LIMIT 1   [ RunTime:0.0400s ]
SQL: SELECT * FROM `lh_technology` WHERE `id` = 0 LIMIT 1   [ RunTime:0.0500s ]
SQL: SELECT `commodity_id` FROM `lh_farmer_commodity` WHERE `farmer_id` = 61 AND `del_status` = 1  [ RunTime:0.0410s ]
SQL: SELECT `commodity_sort_id` FROM `lh_commodity` WHERE `id` IN ('21','22') AND `status` = 1 AND `del_status` = 1  [ RunTime:0.0420s ]
SQL: SELECT `name` FROM `lh_commodity_sort` WHERE `id` IN ('1','1')  [ RunTime:0.0390s ]
SQL: SELECT * FROM `lh_province` WHERE `id` = 1 LIMIT 1   [ RunTime:0.0470s ]
SQL: SELECT * FROM `lh_city` WHERE `id` = 1 LIMIT 1   [ RunTime:0.0650s ]
SQL: SELECT * FROM `lh_area` WHERE `id` = 2 LIMIT 1   [ RunTime:0.0430s ]
SQL: SELECT * FROM `lh_technology` WHERE `id` = 0 LIMIT 1   [ RunTime:0.0470s ]
SQL: SELECT `commodity_id` FROM `lh_farmer_commodity` WHERE `farmer_id` = 60 AND `del_status` = 1  [ RunTime:0.0560s ]
SQL: SELECT `commodity_sort_id` FROM `lh_commodity` WHERE `id` IN ('25','26','43') AND `status` = 1 AND `del_status` = 1  [ RunTime:0.0470s ]
SQL: SELECT `name` FROM `lh_commodity_sort` WHERE `id` IN ('1','1','1')  [ RunTime:0.0430s ]
SQL: SELECT * FROM `lh_province` WHERE `id` = 1 LIMIT 1   [ RunTime:0.0450s ]
SQL: SELECT * FROM `lh_city` WHERE `id` = 1 LIMIT 1   [ RunTime:0.0630s ]
SQL: SELECT * FROM `lh_area` WHERE `id` = 2 LIMIT 1   [ RunTime:0.0410s ]
INFO: [ view_parse ] --START--
INFO: [ template_filter ] --START--
INFO: Run Behavior\ContentReplaceBehavior [ RunTime:0.002000s ]
INFO: [ template_filter ] --END-- [ RunTime:0.004001s ]
INFO: Run Behavior\ParseTemplateBehavior [ RunTime:0.595034s ]
INFO: [ view_parse ] --END-- [ RunTime:0.599034s ]
INFO: [ view_filter ] --START--
INFO: Run Behavior\WriteHtmlCacheBehavior [ RunTime:0.003001s ]
INFO: [ view_filter ] --END-- [ RunTime:0.005001s ]
INFO: [ app_end ] --START--
INFO: Run Behavior\ShowPageTraceBehavior [ RunTime:0.004001s ]
INFO: [ app_end ] --END-- [ RunTime:0.006001s ]

[ 2020-04-07T10:24:04+08:00 ] 127.0.0.1 /admin.php/Farmer/farmer_commodity?id=79
INFO: [ app_init ] --START--
INFO: Run Behavior\BuildLiteBehavior [ RunTime:0.000000s ]
INFO: [ app_init ] --END-- [ RunTime:0.005000s ]
INFO: [ app_begin ] --START--
INFO: Run Behavior\ReadHtmlCacheBehavior [ RunTime:0.004000s ]
INFO: [ app_begin ] --END-- [ RunTime:0.006000s ]
SQL: SHOW COLUMNS FROM `lh_auth_group_access` [ RunTime:0.0460s ]
SQL: SELECT `uid`,`group_id`,`title`,`rules` FROM lh_auth_group_access a INNER JOIN lh_auth_group g on a.group_id=g.id  WHERE ( a.uid='14' and g.status='1' )  [ RunTime:0.0440s ]
SQL: SHOW COLUMNS FROM `lh_auth_rule` [ RunTime:0.0440s ]
SQL: SELECT `condition`,`name` FROM `lh_auth_rule` WHERE `id` IN ('3','348','50','349','350','351','359','360','361','362','363','364','365','379','427','435','366','367','371','376','377','378','380','381','382','383','384','385','396','428','429','430','431','432','433','434','437','369','370','386','387','388','389','390','391','392','393','394','395','397','398','399','400','401','402','403','404','405','406','407','408','410','411','412','413','414','416','417','418','448','372','373','419','420','421','422','374','375','423','424','425','426','438','439','440','441','442','443','444','445','446','447','449','450','451','452','453','454') AND `type` = 1 AND `status` = 1  [ RunTime:0.0490s ]
SQL: SHOW COLUMNS FROM `lh_farmer_commodity` [ RunTime:0.0490s ]
SQL: SELECT * FROM `lh_farmer_commodity` WHERE `del_status` = 1 AND `farmer_id` = 79  [ RunTime:0.0590s ]
SQL: SELECT * FROM `lh_farmer_commodity` WHERE `del_status` = 1 AND `farmer_id` = 79 ORDER BY `id` DESC LIMIT 0,20   [ RunTime:0.0520s ]
SQL: SHOW COLUMNS FROM `lh_commodity` [ RunTime:0.0470s ]
SQL: SELECT * FROM `lh_commodity` WHERE `id` = 32 LIMIT 1   [ RunTime:0.1010s ]
SQL: SHOW COLUMNS FROM `lh_unit` [ RunTime:0.0480s ]
SQL: SELECT * FROM `lh_unit` WHERE `id` = 5 LIMIT 1   [ RunTime:0.0420s ]
SQL: SELECT * FROM `lh_unit` WHERE `id` = 5 LIMIT 1   [ RunTime:0.0550s ]
SQL: SELECT * FROM `lh_unit` WHERE `id` = 3 LIMIT 1   [ RunTime:0.0470s ]
SQL: SHOW COLUMNS FROM `lh_farmer_commodity_sales` [ RunTime:0.0460s ]
SQL: SELECT * FROM `lh_farmer_commodity_sales` WHERE `farmer_commodity_id` = 199 AND `del_status` = 1  [ RunTime:0.0620s ]
NOTIC: [8] Undefined offset: 0 G:\phpStudy\PHPTutorial\WWW\longhuanongye\Application\Admin\Controller\FarmerController.class.php ç¬¬ 196 è¡Œ.
SQL: SELECT * FROM `lh_unit` WHERE `id` = null LIMIT 1   [ RunTime:0.0590s ]
SQL: SELECT * FROM `lh_commodity` WHERE `id` = 22 LIMIT 1   [ RunTime:0.0450s ]
SQL: SELECT * FROM `lh_unit` WHERE `id` = null LIMIT 1   [ RunTime:0.0810s ]
SQL: SELECT * FROM `lh_unit` WHERE `id` = null LIMIT 1   [ RunTime:0.0480s ]
SQL: SELECT * FROM `lh_unit` WHERE `id` = null LIMIT 1   [ RunTime:0.0560s ]
SQL: SELECT * FROM `lh_farmer_commodity_sales` WHERE `farmer_commodity_id` = 198 AND `del_status` = 1  [ RunTime:0.0450s ]
SQL: SELECT * FROM `lh_unit` WHERE `id` = 3 LIMIT 1   [ RunTime:0.0460s ]
INFO: [ view_parse ] --START--
INFO: [ template_filter ] --START--
INFO: Run Behavior\ContentReplaceBehavior [ RunTime:0.001000s ]
INFO: [ template_filter ] --END-- [ RunTime:0.004000s ]
INFO: Run Behavior\ParseTemplateBehavior [ RunTime:0.570032s ]
INFO: [ view_parse ] --END-- [ RunTime:0.573033s ]
INFO: [ view_filter ] --START--
INFO: Run Behavior\WriteHtmlCacheBehavior [ RunTime:0.004001s ]
INFO: [ view_filter ] --END-- [ RunTime:0.006001s ]
INFO: [ app_end ] --START--
INFO: Run Behavior\ShowPageTraceBehavior [ RunTime:0.005000s ]
INFO: [ app_end ] --END-- [ RunTime:0.007000s ]

[ 2020-04-07T10:24:13+08:00 ] 127.0.0.1 /admin.php/Farmer/farmer_commodity_operation?farmer_id=79
INFO: [ app_init ] --START--
INFO: Run Behavior\BuildLiteBehavior [ RunTime:0.000000s ]
INFO: [ app_init ] --END-- [ RunTime:0.005000s ]
INFO: [ app_begin ] --START--
INFO: Run Behavior\ReadHtmlCacheBehavior [ RunTime:0.004000s ]
INFO: [ app_begin ] --END-- [ RunTime:0.007001s ]
SQL: SHOW COLUMNS FROM `lh_auth_group_access` [ RunTime:0.0510s ]
SQL: SELECT `uid`,`group_id`,`title`,`rules` FROM lh_auth_group_access a INNER JOIN lh_auth_group g on a.group_id=g.id  WHERE ( a.uid='14' and g.status='1' )  [ RunTime:0.0510s ]
SQL: SHOW COLUMNS FROM `lh_auth_rule` [ RunTime:0.0460s ]
SQL: SELECT `condition`,`name` FROM `lh_auth_rule` WHERE `id` IN ('3','348','50','349','350','351','359','360','361','362','363','364','365','379','427','435','366','367','371','376','377','378','380','381','382','383','384','385','396','428','429','430','431','432','433','434','437','369','370','386','387','388','389','390','391','392','393','394','395','397','398','399','400','401','402','403','404','405','406','407','408','410','411','412','413','414','416','417','418','448','372','373','419','420','421','422','374','375','423','424','425','426','438','439','440','441','442','443','444','445','446','447','449','450','451','452','453','454') AND `type` = 1 AND `status` = 1  [ RunTime:0.0520s ]
SQL: SHOW COLUMNS FROM `lh_commodity` [ RunTime:0.0500s ]
SQL: SELECT * FROM `lh_commodity` WHERE `del_status` = 1 AND `status` = 1  [ RunTime:0.0500s ]
SQL: SHOW COLUMNS FROM `lh_unit` [ RunTime:0.0460s ]
SQL: SELECT * FROM `lh_unit` WHERE `status` = 1 AND `del_status` = 1  [ RunTime:0.0470s ]
SQL: SHOW COLUMNS FROM `lh_province` [ RunTime:0.0460s ]
SQL: SELECT * FROM `lh_province`  [ RunTime:0.0500s ]
SQL: SHOW COLUMNS FROM `lh_city` [ RunTime:0.0480s ]
SQL: SELECT * FROM `lh_city`  [ RunTime:0.0440s ]
SQL: SHOW COLUMNS FROM `lh_area` [ RunTime:0.0490s ]
SQL: SELECT * FROM `lh_area`  [ RunTime:0.0590s ]
INFO: [ view_parse ] --START--
INFO: [ template_filter ] --START--
INFO: Run Behavior\ContentReplaceBehavior [ RunTime:0.002000s ]
INFO: [ template_filter ] --END-- [ RunTime:0.005000s ]
NOTIC: [8] Undefined variable: form G:\phpStudy\PHPTutorial\WWW\longhuanongye\Application\Runtime\Cache\Admin\ed4eb43ed2912182fa201b550ef14567.php ç¬¬ 227 è¡Œ.
NOTIC: [8] Undefined variable: form G:\phpStudy\PHPTutorial\WWW\longhuanongye\Application\Runtime\Cache\Admin\ed4eb43ed2912182fa201b550ef14567.php ç¬¬ 239 è¡Œ.
NOTIC: [8] Undefined variable: form G:\phpStudy\PHPTutorial\WWW\longhuanongye\Application\Runtime\Cache\Admin\ed4eb43ed2912182fa201b550ef14567.php ç¬¬ 275 è¡Œ.
NOTIC: [8] Undefined variable: form G:\phpStudy\PHPTutorial\WWW\longhuanongye\Application\Runtime\Cache\Admin\ed4eb43ed2912182fa201b550ef14567.php ç¬¬ 309 è¡Œ.
NOTIC: [8] Undefined variable: form G:\phpStudy\PHPTutorial\WWW\longhuanongye\Application\Runtime\Cache\Admin\ed4eb43ed2912182fa201b550ef14567.php ç¬¬ 343 è¡Œ.
NOTIC: [8] Undefined variable: form G:\phpStudy\PHPTutorial\WWW\longhuanongye\Application\Runtime\Cache\Admin\ed4eb43ed2912182fa201b550ef14567.php ç¬¬ 343 è¡Œ.
NOTIC: [8] Undefined variable: form G:\phpStudy\PHPTutorial\WWW\longhuanongye\Application\Runtime\Cache\Admin\ed4eb43ed2912182fa201b550ef14567.php ç¬¬ 343 è¡Œ.
NOTIC: [8] Undefined variable: form G:\phpStudy\PHPTutorial\WWW\longhuanongye\Application\Runtime\Cache\Admin\ed4eb43ed2912182fa201b550ef14567.php ç¬¬ 343 è¡Œ.
NOTIC: [8] Undefined variable: form G:\phpStudy\PHPTutorial\WWW\longhuanongye\Application\Runtime\Cache\Admin\ed4eb43ed2912182fa201b550ef14567.php ç¬¬ 343 è¡Œ.
NOTIC: [8] Undefined variable: form G:\phpStudy\PHPTutorial\WWW\longhuanongye\Application\Runtime\Cache\Admin\ed4eb43ed2912182fa201b550ef14567.php ç¬¬ 343 è¡Œ.
NOTIC: [8] Undefined variable: form G:\phpStudy\PHPTutorial\WWW\longhuanongye\Application\Runtime\Cache\Admin\ed4eb43ed2912182fa201b550ef14567.php ç¬¬ 343 è¡Œ.
NOTIC: [8] Undefined variable: form G:\phpStudy\PHPTutorial\WWW\longhuanongye\Application\Runtime\Cache\Admin\ed4eb43ed2912182fa201b550ef14567.php ç¬¬ 343 è¡Œ.
NOTIC: [8] Undefined variable: form G:\phpStudy\PHPTutorial\WWW\longhuanongye\Application\Runtime\Cache\Admin\ed4eb43ed2912182fa201b550ef14567.php ç¬¬ 343 è¡Œ.
NOTIC: [8] Undefined variable: form G:\phpStudy\PHPTutorial\WWW\longhuanongye\Application\Runtime\Cache\Admin\ed4eb43ed2912182fa201b550ef14567.php ç¬¬ 343 è¡Œ.
NOTIC: [8] Undefined variable: form G:\phpStudy\PHPTutorial\WWW\longhuanongye\Application\Runtime\Cache\Admin\ed4eb43ed2912182fa201b550ef14567.php ç¬¬ 343 è¡Œ.
NOTIC: [8] Undefined variable: form G:\phpStudy\PHPTutorial\WWW\longhuanongye\Application\Runtime\Cache\Admin\ed4eb43ed2912182fa201b550ef14567.php ç¬¬ 343 è¡Œ.
NOTIC: [8] Undefined variable: form G:\phpStudy\PHPTutorial\WWW\longhuanongye\Application\Runtime\Cache\Admin\ed4eb43ed2912182fa201b550ef14567.php ç¬¬ 343 è¡Œ.
NOTIC: [8] Undefined variable: form G:\phpStudy\PHPTutorial\WWW\longhuanongye\Application\Runtime\Cache\Admin\ed4eb43ed2912182fa201b550ef14567.php ç¬¬ 343 è¡Œ.
NOTIC: [8] Undefined variable: form G:\phpStudy\PHPTutorial\WWW\longhuanongye\Application\Runtime\Cache\Admin\ed4eb43ed2912182fa201b550ef14567.php ç¬¬ 343 è¡Œ.
NOTIC: [8] Undefined variable: form G:\phpStudy\PHPTutorial\WWW\longhuanongye\Application\Runtime\Cache\Admin\ed4eb43ed2912182fa201b550ef14567.php ç¬¬ 343 è¡Œ.
NOTIC: [8] Undefined variable: form G:\phpStudy\PHPTutorial\WWW\longhuanongye\Application\Runtime\Cache\Admin\ed4eb43ed2912182fa201b550ef14567.php ç¬¬ 343 è¡Œ.
NOTIC: [8] Undefined variable: form G:\phpStudy\PHPTutorial\WWW\longhuanongye\Application\Runtime\Cache\Admin\ed4eb43ed2912182fa201b550ef14567.php ç¬¬ 343 è¡Œ.
NOTIC: [8] Undefined variable: form G:\phpStudy\PHPTutorial\WWW\longhuanongye\Application\Runtime\Cache\Admin\ed4eb43ed2912182fa201b550ef14567.php ç¬¬ 343 è¡Œ.
NOTIC: [8] Undefined variable: form G:\phpStudy\PHPTutorial\WWW\longhuanongye\Application\Runtime\Cache\Admin\ed4eb43ed2912182fa201b550ef14567.php ç¬¬ 343 è¡Œ.
NOTIC: [8] Undefined variable: form G:\phpStudy\PHPTutorial\WWW\longhuanongye\Application\Runtime\Cache\Admin\ed4eb43ed2912182fa201b550ef14567.php ç¬¬ 343 è¡Œ.
NOTIC: [8] Undefined variable: form G:\phpStudy\PHPTutorial\WWW\longhuanongye\Application\Runtime\Cache\Admin\ed4eb43ed2912182fa201b550ef14567.php ç¬¬ 343 è¡Œ.
NOTIC: [8] Undefined variable: form G:\phpStudy\PHPTutorial\WWW\longhuanongye\Application\Runtime\Cache\Admin\ed4eb43ed2912182fa201b550ef14567.php ç¬¬ 343 è¡Œ.
NOTIC: [8] Undefined variable: form G:\phpStudy\PHPTutorial\WWW\longhuanongye\Application\Runtime\Cache\Admin\ed4eb43ed2912182fa201b550ef14567.php ç¬¬ 343 è¡Œ.
NOTIC: [8] Undefined variable: form G:\phpStudy\PHPTutorial\WWW\longhuanongye\Application\Runtime\Cache\Admin\ed4eb43ed2912182fa201b550ef14567.php ç¬¬ 343 è¡Œ.
NOTIC: [8] Undefined variable: form G:\phpStudy\PHPTutorial\WWW\longhuanongye\Application\Runtime\Cache\Admin\ed4eb43ed2912182fa201b550ef14567.php ç¬¬ 343 è¡Œ.
NOTIC: [8] Undefined variable: form G:\phpStudy\PHPTutorial\WWW\longhuanongye\Application\Runtime\Cache\Admin\ed4eb43ed2912182fa201b550ef14567.php ç¬¬ 343 è¡Œ.
NOTIC: [8] Undefined variable: form G:\phpStudy\PHPTutorial\WWW\longhuanongye\Application\Runtime\Cache\Admin\ed4eb43ed2912182fa201b550ef14567.php ç¬¬ 343 è¡Œ.
NOTIC: [8] Undefined variable: form G:\phpStudy\PHPTutorial\WWW\longhuanongye\Application\Runtime\Cache\Admin\ed4eb43ed2912182fa201b550ef14567.php ç¬¬ 343 è¡Œ.
NOTIC: [8] Undefined variable: form G:\phpStudy\PHPTutorial\WWW\longhuanongye\Application\Runtime\Cache\Admin\ed4eb43ed2912182fa201b550ef14567.php ç¬¬ 353 è¡Œ.
NOTIC: [8] Undefined variable: form G:\phpStudy\PHPTutorial\WWW\longhuanongye\Application\Runtime\Cache\Admin\ed4eb43ed2912182fa201b550ef14567.php ç¬¬ 366 è¡Œ.
NOTIC: [8] Undefined variable: form G:\phpStudy\PHPTutorial\WWW\longhuanongye\Application\Runtime\Cache\Admin\ed4eb43ed2912182fa201b550ef14567.php ç¬¬ 382 è¡Œ.
NOTIC: [8] Undefined variable: form G:\phpStudy\PHPTutorial\WWW\longhuanongye\Application\Runtime\Cache\Admin\ed4eb43ed2912182fa201b550ef14567.php ç¬¬ 388 è¡Œ.
NOTIC: [8] Undefined variable: form G:\phpStudy\PHPTutorial\WWW\longhuanongye\Application\Runtime\Cache\Admin\ed4eb43ed2912182fa201b550ef14567.php ç¬¬ 388 è¡Œ.
NOTIC: [8] Undefined variable: form G:\phpStudy\PHPTutorial\WWW\longhuanongye\Application\Runtime\Cache\Admin\ed4eb43ed2912182fa201b550ef14567.php ç¬¬ 388 è¡Œ.
NOTIC: [8] Undefined variable: form G:\phpStudy\PHPTutorial\WWW\longhuanongye\Application\Runtime\Cache\Admin\ed4eb43ed2912182fa201b550ef14567.php ç¬¬ 388 è¡Œ.
NOTIC: [8] Undefined variable: form G:\phpStudy\PHPTutorial\WWW\longhuanongye\Application\Runtime\Cache\Admin\ed4eb43ed2912182fa201b550ef14567.php ç¬¬ 388 è¡Œ.
NOTIC: [8] Undefined variable: form G:\phpStudy\PHPTutorial\WWW\longhuanongye\Application\Runtime\Cache\Admin\ed4eb43ed2912182fa201b550ef14567.php ç¬¬ 388 è¡Œ.
NOTIC: [8] Undefined variable: form G:\phpStudy\PHPTutorial\WWW\longhuanongye\Application\Runtime\Cache\Admin\ed4eb43ed2912182fa201b550ef14567.php ç¬¬ 403 è¡Œ.
NOTIC: [8] Undefined variable: form G:\phpStudy\PHPTutorial\WWW\longhuanongye\Application\Runtime\Cache\Admin\ed4eb43ed2912182fa201b550ef14567.php ç¬¬ 409 è¡Œ.
NOTIC: [8] Undefined variable: form G:\phpStudy\PHPTutorial\WWW\longhuanongye\Application\Runtime\Cache\Admin\ed4eb43ed2912182fa201b550ef14567.php ç¬¬ 409 è¡Œ.
NOTIC: [8] Undefined variable: form G:\phpStudy\PHPTutorial\WWW\longhuanongye\Application\Runtime\Cache\Admin\ed4eb43ed2912182fa201b550ef14567.php ç¬¬ 409 è¡Œ.
NOTIC: [8] Undefined variable: form G:\phpStudy\PHPTutorial\WWW\longhuanongye\Application\Runtime\Cache\Admin\ed4eb43ed2912182fa201b550ef14567.php ç¬¬ 409 è¡Œ.
NOTIC: [8] Undefined variable: form G:\phpStudy\PHPTutorial\WWW\longhuanongye\Application\Runtime\Cache\Admin\ed4eb43ed2912182fa201b550ef14567.php ç¬¬ 409 è¡Œ.
NOTIC: [8] Undefined variable: form G:\phpStudy\PHPTutorial\WWW\longhuanongye\Application\Runtime\Cache\Admin\ed4eb43ed2912182fa201b550ef14567.php ç¬¬ 409 è¡Œ.
NOTIC: [8] Undefined variable: form G:\phpStudy\PHPTutorial\WWW\longhuanongye\Application\Runtime\Cache\Admin\ed4eb43ed2912182fa201b550ef14567.php ç¬¬ 422 è¡Œ.
NOTIC: [8] Undefined variable: form G:\phpStudy\PHPTutorial\WWW\longhuanongye\Application\Runtime\Cache\Admin\ed4eb43ed2912182fa201b550ef14567.php ç¬¬ 428 è¡Œ.
NOTIC: [8] Undefined variable: form G:\phpStudy\PHPTutorial\WWW\longhuanongye\Application\Runtime\Cache\Admin\ed4eb43ed2912182fa201b550ef14567.php ç¬¬ 428 è¡Œ.
NOTIC: [8] Undefined variable: form G:\phpStudy\PHPTutorial\WWW\longhuanongye\Application\Runtime\Cache\Admin\ed4eb43ed2912182fa201b550ef14567.php ç¬¬ 428 è¡Œ.
NOTIC: [8] Undefined variable: form G:\phpStudy\PHPTutorial\WWW\longhuanongye\Application\Runtime\Cache\Admin\ed4eb43ed2912182fa201b550ef14567.php ç¬¬ 428 è¡Œ.
NOTIC: [8] Undefined variable: form G:\phpStudy\PHPTutorial\WWW\longhuanongye\Application\Runtime\Cache\Admin\ed4eb43ed2912182fa201b550ef14567.php ç¬¬ 428 è¡Œ.
NOTIC: [8] Undefined variable: form G:\phpStudy\PHPTutorial\WWW\longhuanongye\Application\Runtime\Cache\Admin\ed4eb43ed2912182fa201b550ef14567.php ç¬¬ 428 è¡Œ.
NOTIC: [8] Undefined variable: form G:\phpStudy\PHPTutorial\WWW\longhuanongye\Application\Runtime\Cache\Admin\ed4eb43ed2912182fa201b550ef14567.php ç¬¬ 442 è¡Œ.
NOTIC: [8] Undefined variable: form G:\phpStudy\PHPTutorial\WWW\longhuanongye\Application\Runtime\Cache\Admin\ed4eb43ed2912182fa201b550ef14567.php ç¬¬ 450 è¡Œ.
NOTIC: [8] Undefined variable: form G:\phpStudy\PHPTutorial\WWW\longhuanongye\Application\Runtime\Cache\Admin\ed4eb43ed2912182fa201b550ef14567.php ç¬¬ 450 è¡Œ.
NOTIC: [8] Undefined variable: form G:\phpStudy\PHPTutorial\WWW\longhuanongye\Application\Runtime\Cache\Admin\ed4eb43ed2912182fa201b550ef14567.php ç¬¬ 450 è¡Œ.
NOTIC: [8] Undefined variable: form G:\phpStudy\PHPTutorial\WWW\longhuanongye\Application\Runtime\Cache\Admin\ed4eb43ed2912182fa201b550ef14567.php ç¬¬ 450 è¡Œ.
NOTIC: [8] Undefined variable: form G:\phpStudy\PHPTutorial\WWW\longhuanongye\Application\Runtime\Cache\Admin\ed4eb43ed2912182fa201b550ef14567.php ç¬¬ 450 è¡Œ.
NOTIC: [8] Undefined variable: form G:\phpStudy\PHPTutorial\WWW\longhuanongye\Application\Runtime\Cache\Admin\ed4eb43ed2912182fa201b550ef14567.php ç¬¬ 450 è¡Œ.
NOTIC: [8] Undefined variable: form G:\phpStudy\PHPTutorial\WWW\longhuanongye\Application\Runtime\Cache\Admin\ed4eb43ed2912182fa201b550ef14567.php ç¬¬ 467 è¡Œ.
NOTIC: [8] Undefined variable: feature G:\phpStudy\PHPTutorial\WWW\longhuanongye\Application\Runtime\Cache\Admin\ed4eb43ed2912182fa201b550ef14567.php ç¬¬ 480 è¡Œ.
NOTIC: [8] Undefined variable: form G:\phpStudy\PHPTutorial\WWW\longhuanongye\Application\Runtime\Cache\Admin\ed4eb43ed2912182fa201b550ef14567.php ç¬¬ 495 è¡Œ.
NOTIC: [8] Undefined variable: form G:\phpStudy\PHPTutorial\WWW\longhuanongye\Application\Runtime\Cache\Admin\ed4eb43ed2912182fa201b550ef14567.php ç¬¬ 502 è¡Œ.
NOTIC: [8] Undefined variable: form G:\phpStudy\PHPTutorial\WWW\longhuanongye\Application\Runtime\Cache\Admin\ed4eb43ed2912182fa201b550ef14567.php ç¬¬ 509 è¡Œ.
NOTIC: [8] Undefined variable: form G:\phpStudy\PHPTutorial\WWW\longhuanongye\Application\Runtime\Cache\Admin\ed4eb43ed2912182fa201b550ef14567.php ç¬¬ 509 è¡Œ.
NOTIC: [8] Undefined variable: form G:\phpStudy\PHPTutorial\WWW\longhuanongye\Application\Runtime\Cache\Admin\ed4eb43ed2912182fa201b550ef14567.php ç¬¬ 515 è¡Œ.
NOTIC: [8] Undefined variable: form G:\phpStudy\PHPTutorial\WWW\longhuanongye\Application\Runtime\Cache\Admin\ed4eb43ed2912182fa201b550ef14567.php ç¬¬ 515 è¡Œ.
NOTIC: [8] Undefined variable: form G:\phpStudy\PHPTutorial\WWW\longhuanongye\Application\Runtime\Cache\Admin\ed4eb43ed2912182fa201b550ef14567.php ç¬¬ 515 è¡Œ.
NOTIC: [8] Undefined variable: form G:\phpStudy\PHPTutorial\WWW\longhuanongye\Application\Runtime\Cache\Admin\ed4eb43ed2912182fa201b550ef14567.php ç¬¬ 515 è¡Œ.
NOTIC: [8] Undefined variable: form G:\phpStudy\PHPTutorial\WWW\longhuanongye\Application\Runtime\Cache\Admin\ed4eb43ed2912182fa201b550ef14567.php ç¬¬ 515 è¡Œ.
NOTIC: [8] Undefined variable: form G:\phpStudy\PHPTutorial\WWW\longhuanongye\Application\Runtime\Cache\Admin\ed4eb43ed2912182fa201b550ef14567.php ç¬¬ 526 è¡Œ.
NOTIC: [8] Undefined variable: form G:\phpStudy\PHPTutorial\WWW\longhuanongye\Application\Runtime\Cache\Admin\ed4eb43ed2912182fa201b550ef14567.php ç¬¬ 539 è¡Œ.
NOTIC: [8] Undefined variable: form G:\phpStudy\PHPTutorial\WWW\longhuanongye\Application\Runtime\Cache\Admin\ed4eb43ed2912182fa201b550ef14567.php ç¬¬ 552 è¡Œ.
NOTIC: [8] Undefined variable: form G:\phpStudy\PHPTutorial\WWW\longhuanongye\Application\Runtime\Cache\Admin\ed4eb43ed2912182fa201b550ef14567.php ç¬¬ 580 è¡Œ.
NOTIC: [8] Undefined variable: form G:\phpStudy\PHPTutorial\WWW\longhuanongye\Application\Runtime\Cache\Admin\ed4eb43ed2912182fa201b550ef14567.php ç¬¬ 590 è¡Œ.
NOTIC: [8] Undefined variable: form G:\phpStudy\PHPTutorial\WWW\longhuanongye\Application\Runtime\Cache\Admin\ed4eb43ed2912182fa201b550ef14567.php ç¬¬ 608 è¡Œ.
NOTIC: [8] Undefined index: id G:\phpStudy\PHPTutorial\WWW\longhuanongye\Application\Runtime\Cache\Admin\ed4eb43ed2912182fa201b550ef14567.php ç¬¬ 697 è¡Œ.
NOTIC: [8] Undefined variable: form G:\phpStudy\PHPTutorial\WWW\longhuanongye\Application\Runtime\Cache\Admin\ed4eb43ed2912182fa201b550ef14567.php ç¬¬ 698 è¡Œ.
INFO: Run Behavior\ParseTemplateBehavior [ RunTime:0.873050s ]
INFO: [ view_parse ] --END-- [ RunTime:0.875050s ]
INFO: [ view_filter ] --START--
INFO: Run Behavior\WriteHtmlCacheBehavior [ RunTime:0.003000s ]
INFO: [ view_filter ] --END-- [ RunTime:0.005000s ]
INFO: [ app_end ] --START--
INFO: Run Behavior\ShowPageTraceBehavior [ RunTime:0.096005s ]
INFO: [ app_end ] --END-- [ RunTime:0.103005s ]

