[ 2020-04-01T15:10:19+08:00 ] 127.0.0.1 /admin.php/Farmer/lists
INFO: [ app_init ] --START--
INFO: Run Behavior\BuildLiteBehavior [ RunTime:0.000000s ]
INFO: [ app_init ] --END-- [ RunTime:0.028001s ]
INFO: [ app_begin ] --START--
INFO: Run Behavior\ReadHtmlCacheBehavior [ RunTime:0.017001s ]
INFO: [ app_begin ] --END-- [ RunTime:0.020001s ]
SQL: SHOW COLUMNS FROM `lh_auth_group_access` [ RunTime:0.0530s ]
SQL: SELECT `uid`,`group_id`,`title`,`rules` FROM lh_auth_group_access a INNER JOIN lh_auth_group g on a.group_id=g.id  WHERE ( a.uid='14' and g.status='1' )  [ RunTime:0.0460s ]
SQL: SHOW COLUMNS FROM `lh_auth_rule` [ RunTime:0.0830s ]
SQL: SELECT `condition`,`name` FROM `lh_auth_rule` WHERE `id` IN ('3','348','50','349','350','351','359','360','361','362','363','364','365','379','427','435','366','367','371','376','377','378','380','381','382','383','384','385','396','428','429','430','431','432','433','434','437','369','370','386','387','388','389','390','391','392','393','394','395','397','398','399','400','401','402','403','404','405','406','407','408','410','411','412','413','414','416','417','418','448','372','373','419','420','421','422','374','375','423','424','425','426','438','439','440','441','442','443','444','445','446','447') AND `type` = 1 AND `status` = 1  [ RunTime:0.0550s ]
ERR: 由于目标计算机积极拒绝，无法连接。


[ 2020-04-01T15:10:28+08:00 ] 127.0.0.1 /admin.php
INFO: [ app_init ] --START--
INFO: Run Behavior\BuildLiteBehavior [ RunTime:0.001001s ]
INFO: [ app_init ] --END-- [ RunTime:0.006001s ]
INFO: [ app_begin ] --START--
INFO: Run Behavior\ReadHtmlCacheBehavior [ RunTime:0.004000s ]
INFO: [ app_begin ] --END-- [ RunTime:0.007001s ]
SQL: SHOW COLUMNS FROM `lh_auth_group_access` [ RunTime:0.0480s ]
SQL: SELECT `uid`,`group_id`,`title`,`rules` FROM lh_auth_group_access a INNER JOIN lh_auth_group g on a.group_id=g.id  WHERE ( a.uid='14' and g.status='1' )  [ RunTime:0.0490s ]
SQL: SHOW COLUMNS FROM `lh_auth_rule` [ RunTime:0.0520s ]
SQL: SELECT `condition`,`name` FROM `lh_auth_rule` WHERE `id` IN ('3','348','50','349','350','351','359','360','361','362','363','364','365','379','427','435','366','367','371','376','377','378','380','381','382','383','384','385','396','428','429','430','431','432','433','434','437','369','370','386','387','388','389','390','391','392','393','394','395','397','398','399','400','401','402','403','404','405','406','407','408','410','411','412','413','414','416','417','418','448','372','373','419','420','421','422','374','375','423','424','425','426','438','439','440','441','442','443','444','445','446','447') AND `type` = 1 AND `status` = 1  [ RunTime:0.0500s ]
ERR: 由于目标计算机积极拒绝，无法连接。


[ 2020-04-01T15:11:32+08:00 ] 127.0.0.1 /admin.php
INFO: [ app_init ] --START--
INFO: Run Behavior\BuildLiteBehavior [ RunTime:0.001000s ]
INFO: [ app_init ] --END-- [ RunTime:0.006001s ]
INFO: [ app_begin ] --START--
INFO: Run Behavior\ReadHtmlCacheBehavior [ RunTime:0.003000s ]
INFO: [ app_begin ] --END-- [ RunTime:0.007000s ]
SQL: SHOW COLUMNS FROM `lh_auth_group_access` [ RunTime:0.0490s ]
SQL: SELECT `uid`,`group_id`,`title`,`rules` FROM lh_auth_group_access a INNER JOIN lh_auth_group g on a.group_id=g.id  WHERE ( a.uid='14' and g.status='1' )  [ RunTime:0.0460s ]
SQL: SHOW COLUMNS FROM `lh_auth_rule` [ RunTime:0.0550s ]
SQL: SELECT `condition`,`name` FROM `lh_auth_rule` WHERE `id` IN ('3','348','50','349','350','351','359','360','361','362','363','364','365','379','427','435','366','367','371','376','377','378','380','381','382','383','384','385','396','428','429','430','431','432','433','434','437','369','370','386','387','388','389','390','391','392','393','394','395','397','398','399','400','401','402','403','404','405','406','407','408','410','411','412','413','414','416','417','418','448','372','373','419','420','421','422','374','375','423','424','425','426','438','439','440','441','442','443','444','445','446','447') AND `type` = 1 AND `status` = 1  [ RunTime:0.0500s ]
INFO: [ view_parse ] --START--
INFO: [ template_filter ] --START--
INFO: Run Behavior\ContentReplaceBehavior [ RunTime:0.038002s ]
INFO: [ template_filter ] --END-- [ RunTime:0.041003s ]
INFO: Run Behavior\ParseTemplateBehavior [ RunTime:0.783044s ]
INFO: [ view_parse ] --END-- [ RunTime:0.786045s ]
INFO: [ view_filter ] --START--
INFO: Run Behavior\WriteHtmlCacheBehavior [ RunTime:0.017001s ]
INFO: [ view_filter ] --END-- [ RunTime:0.019001s ]
INFO: [ app_end ] --START--
INFO: Run Behavior\ShowPageTraceBehavior [ RunTime:0.019001s ]
INFO: [ app_end ] --END-- [ RunTime:0.022002s ]

[ 2020-04-01T15:11:59+08:00 ] 127.0.0.1 /admin.php/Farmer/lists
INFO: [ app_init ] --START--
INFO: Run Behavior\BuildLiteBehavior [ RunTime:0.000000s ]
INFO: [ app_init ] --END-- [ RunTime:0.006000s ]
INFO: [ app_begin ] --START--
INFO: Run Behavior\ReadHtmlCacheBehavior [ RunTime:0.005000s ]
INFO: [ app_begin ] --END-- [ RunTime:0.008000s ]
SQL: SHOW COLUMNS FROM `lh_auth_group_access` [ RunTime:0.0440s ]
SQL: SELECT `uid`,`group_id`,`title`,`rules` FROM lh_auth_group_access a INNER JOIN lh_auth_group g on a.group_id=g.id  WHERE ( a.uid='14' and g.status='1' )  [ RunTime:0.0420s ]
SQL: SHOW COLUMNS FROM `lh_auth_rule` [ RunTime:0.0450s ]
SQL: SELECT `condition`,`name` FROM `lh_auth_rule` WHERE `id` IN ('3','348','50','349','350','351','359','360','361','362','363','364','365','379','427','435','366','367','371','376','377','378','380','381','382','383','384','385','396','428','429','430','431','432','433','434','437','369','370','386','387','388','389','390','391','392','393','394','395','397','398','399','400','401','402','403','404','405','406','407','408','410','411','412','413','414','416','417','418','448','372','373','419','420','421','422','374','375','423','424','425','426','438','439','440','441','442','443','444','445','446','447') AND `type` = 1 AND `status` = 1  [ RunTime:0.0480s ]
SQL: SHOW COLUMNS FROM `lh_farmer` [ RunTime:0.0920s ]
SQL: SELECT * FROM `lh_farmer` WHERE `del_status` = 1  [ RunTime:0.0580s ]
SQL: SELECT * FROM `lh_farmer` WHERE `del_status` = 1 ORDER BY `id` DESC LIMIT 0,20   [ RunTime:0.0830s ]
SQL: SHOW COLUMNS FROM `lh_technology` [ RunTime:0.0450s ]
SQL: SELECT * FROM `lh_technology` WHERE `id` = 2 LIMIT 1   [ RunTime:0.0450s ]
SQL: SHOW COLUMNS FROM `lh_farmer_commodity` [ RunTime:0.0760s ]
SQL: SELECT `commodity_id` FROM `lh_farmer_commodity` WHERE `farmer_id` = 48 AND `del_status` = 1  [ RunTime:0.0490s ]
SQL: SHOW COLUMNS FROM `lh_province` [ RunTime:0.0640s ]
SQL: SELECT * FROM `lh_province` WHERE `id` = 0 LIMIT 1   [ RunTime:0.0650s ]
SQL: SHOW COLUMNS FROM `lh_city` [ RunTime:0.0650s ]
SQL: SELECT * FROM `lh_city` WHERE `id` = 0 LIMIT 1   [ RunTime:0.0600s ]
SQL: SHOW COLUMNS FROM `lh_area` [ RunTime:0.0500s ]
SQL: SELECT * FROM `lh_area` WHERE `id` = 0 LIMIT 1   [ RunTime:0.0500s ]
SQL: SELECT * FROM `lh_technology` WHERE `id` = 0 LIMIT 1   [ RunTime:0.0530s ]
SQL: SELECT `commodity_id` FROM `lh_farmer_commodity` WHERE `farmer_id` = 45 AND `del_status` = 1  [ RunTime:0.0460s ]
SQL: SELECT * FROM `lh_province` WHERE `id` = 0 LIMIT 1   [ RunTime:0.0540s ]
SQL: SELECT * FROM `lh_city` WHERE `id` = 0 LIMIT 1   [ RunTime:0.0500s ]
SQL: SELECT * FROM `lh_area` WHERE `id` = 0 LIMIT 1   [ RunTime:0.0520s ]
SQL: SELECT * FROM `lh_technology` WHERE `id` = null LIMIT 1   [ RunTime:0.0540s ]
SQL: SELECT `commodity_id` FROM `lh_farmer_commodity` WHERE `farmer_id` = 44 AND `del_status` = 1  [ RunTime:0.0510s ]
SQL: SHOW COLUMNS FROM `lh_commodity` [ RunTime:0.0550s ]
ERR: 1064:You have an error in your SQL syntax; check the manual that corresponds to your MySQL server version for the right syntax to use near 'in ) AND (  1 ) ) AND `status` = 1 AND `del_status` = 1' at line 1
 [ SQL璇 ] : SELECT `commodity_sort_id` FROM `lh_commodity` WHERE (  id ) AND (  (  in ) AND (  1 ) ) AND `status` = 1 AND `del_status` = 1 
ERR: 1064:You have an error in your SQL syntax; check the manual that corresponds to your MySQL server version for the right syntax to use near 'in ) AND (  1 ) ) AND `status` = 1 AND `del_status` = 1' at line 1
 [ SQL璇 ] : SELECT `commodity_sort_id` FROM `lh_commodity` WHERE (  id ) AND (  (  in ) AND (  1 ) ) AND `status` = 1 AND `del_status` = 1 

[ 2020-04-01T15:12:44+08:00 ] 127.0.0.1 /admin.php/Farmer/lists
INFO: [ app_init ] --START--
INFO: Run Behavior\BuildLiteBehavior [ RunTime:0.001000s ]
INFO: [ app_init ] --END-- [ RunTime:0.005000s ]
INFO: [ app_begin ] --START--
INFO: Run Behavior\ReadHtmlCacheBehavior [ RunTime:0.004000s ]
INFO: [ app_begin ] --END-- [ RunTime:0.009000s ]
SQL: SHOW COLUMNS FROM `lh_auth_group_access` [ RunTime:0.0540s ]
SQL: SELECT `uid`,`group_id`,`title`,`rules` FROM lh_auth_group_access a INNER JOIN lh_auth_group g on a.group_id=g.id  WHERE ( a.uid='14' and g.status='1' )  [ RunTime:0.0420s ]
SQL: SHOW COLUMNS FROM `lh_auth_rule` [ RunTime:0.0470s ]
SQL: SELECT `condition`,`name` FROM `lh_auth_rule` WHERE `id` IN ('3','348','50','349','350','351','359','360','361','362','363','364','365','379','427','435','366','367','371','376','377','378','380','381','382','383','384','385','396','428','429','430','431','432','433','434','437','369','370','386','387','388','389','390','391','392','393','394','395','397','398','399','400','401','402','403','404','405','406','407','408','410','411','412','413','414','416','417','418','448','372','373','419','420','421','422','374','375','423','424','425','426','438','439','440','441','442','443','444','445','446','447') AND `type` = 1 AND `status` = 1  [ RunTime:0.0420s ]
SQL: SHOW COLUMNS FROM `lh_farmer` [ RunTime:0.0490s ]
SQL: SELECT * FROM `lh_farmer` WHERE `del_status` = 1  [ RunTime:0.0610s ]
SQL: SELECT * FROM `lh_farmer` WHERE `del_status` = 1 ORDER BY `id` DESC LIMIT 0,20   [ RunTime:0.0430s ]
SQL: SHOW COLUMNS FROM `lh_technology` [ RunTime:0.0440s ]
SQL: SELECT * FROM `lh_technology` WHERE `id` = 2 LIMIT 1   [ RunTime:0.0480s ]
SQL: SHOW COLUMNS FROM `lh_farmer_commodity` [ RunTime:0.0470s ]
SQL: SELECT `commodity_id` FROM `lh_farmer_commodity` WHERE `farmer_id` = 48 AND `del_status` = 1  [ RunTime:0.0620s ]
SQL: SHOW COLUMNS FROM `lh_province` [ RunTime:0.0450s ]
SQL: SELECT * FROM `lh_province` WHERE `id` = 0 LIMIT 1   [ RunTime:0.0450s ]
SQL: SHOW COLUMNS FROM `lh_city` [ RunTime:0.0710s ]
SQL: SELECT * FROM `lh_city` WHERE `id` = 0 LIMIT 1   [ RunTime:0.0440s ]
SQL: SHOW COLUMNS FROM `lh_area` [ RunTime:0.0440s ]
SQL: SELECT * FROM `lh_area` WHERE `id` = 0 LIMIT 1   [ RunTime:0.0480s ]
SQL: SELECT * FROM `lh_technology` WHERE `id` = 0 LIMIT 1   [ RunTime:0.0530s ]
SQL: SELECT `commodity_id` FROM `lh_farmer_commodity` WHERE `farmer_id` = 45 AND `del_status` = 1  [ RunTime:0.0470s ]
SQL: SELECT * FROM `lh_province` WHERE `id` = 0 LIMIT 1   [ RunTime:0.0520s ]
SQL: SELECT * FROM `lh_city` WHERE `id` = 0 LIMIT 1   [ RunTime:0.0500s ]
SQL: SELECT * FROM `lh_area` WHERE `id` = 0 LIMIT 1   [ RunTime:0.0690s ]
SQL: SELECT * FROM `lh_technology` WHERE `id` = null LIMIT 1   [ RunTime:0.0420s ]
SQL: SELECT `commodity_id` FROM `lh_farmer_commodity` WHERE `farmer_id` = 44 AND `del_status` = 1  [ RunTime:0.0510s ]
SQL: SHOW COLUMNS FROM `lh_commodity` [ RunTime:0.0480s ]
ERR: 1064:You have an error in your SQL syntax; check the manual that corresponds to your MySQL server version for the right syntax to use near 'in ) AND (  1 ) ) AND `status` = 1 AND `del_status` = 1' at line 1
 [ SQL璇 ] : SELECT `commodity_sort_id` FROM `lh_commodity` WHERE (  id ) AND (  (  in ) AND (  1 ) ) AND `status` = 1 AND `del_status` = 1 
ERR: 1064:You have an error in your SQL syntax; check the manual that corresponds to your MySQL server version for the right syntax to use near 'in ) AND (  1 ) ) AND `status` = 1 AND `del_status` = 1' at line 1
 [ SQL璇 ] : SELECT `commodity_sort_id` FROM `lh_commodity` WHERE (  id ) AND (  (  in ) AND (  1 ) ) AND `status` = 1 AND `del_status` = 1 

[ 2020-04-01T15:13:57+08:00 ] 127.0.0.1 /admin.php/Farmer/lists
INFO: [ app_init ] --START--
INFO: Run Behavior\BuildLiteBehavior [ RunTime:0.001000s ]
INFO: [ app_init ] --END-- [ RunTime:0.007000s ]
INFO: [ app_begin ] --START--
INFO: Run Behavior\ReadHtmlCacheBehavior [ RunTime:0.004000s ]
INFO: [ app_begin ] --END-- [ RunTime:0.007000s ]
SQL: SHOW COLUMNS FROM `lh_auth_group_access` [ RunTime:0.0450s ]
SQL: SELECT `uid`,`group_id`,`title`,`rules` FROM lh_auth_group_access a INNER JOIN lh_auth_group g on a.group_id=g.id  WHERE ( a.uid='14' and g.status='1' )  [ RunTime:0.0490s ]
SQL: SHOW COLUMNS FROM `lh_auth_rule` [ RunTime:0.0460s ]
SQL: SELECT `condition`,`name` FROM `lh_auth_rule` WHERE `id` IN ('3','348','50','349','350','351','359','360','361','362','363','364','365','379','427','435','366','367','371','376','377','378','380','381','382','383','384','385','396','428','429','430','431','432','433','434','437','369','370','386','387','388','389','390','391','392','393','394','395','397','398','399','400','401','402','403','404','405','406','407','408','410','411','412','413','414','416','417','418','448','372','373','419','420','421','422','374','375','423','424','425','426','438','439','440','441','442','443','444','445','446','447') AND `type` = 1 AND `status` = 1  [ RunTime:0.0580s ]
SQL: SHOW COLUMNS FROM `lh_farmer` [ RunTime:0.0640s ]
SQL: SELECT * FROM `lh_farmer` WHERE `del_status` = 1  [ RunTime:0.0630s ]
SQL: SELECT * FROM `lh_farmer` WHERE `del_status` = 1 ORDER BY `id` DESC LIMIT 0,20   [ RunTime:0.1460s ]
SQL: SHOW COLUMNS FROM `lh_technology` [ RunTime:0.0660s ]
SQL: SELECT * FROM `lh_technology` WHERE `id` = 2 LIMIT 1   [ RunTime:0.0490s ]
SQL: SHOW COLUMNS FROM `lh_farmer_commodity` [ RunTime:0.0580s ]
SQL: SELECT `commodity_id` FROM `lh_farmer_commodity` WHERE `farmer_id` = 48 AND `del_status` = 1  [ RunTime:0.0720s ]
SQL: SHOW COLUMNS FROM `lh_province` [ RunTime:0.0550s ]
SQL: SELECT * FROM `lh_province` WHERE `id` = 0 LIMIT 1   [ RunTime:0.0780s ]
SQL: SHOW COLUMNS FROM `lh_city` [ RunTime:0.0630s ]
SQL: SELECT * FROM `lh_city` WHERE `id` = 0 LIMIT 1   [ RunTime:0.0510s ]
SQL: SHOW COLUMNS FROM `lh_area` [ RunTime:0.0570s ]
SQL: SELECT * FROM `lh_area` WHERE `id` = 0 LIMIT 1   [ RunTime:0.0600s ]
SQL: SELECT * FROM `lh_technology` WHERE `id` = 0 LIMIT 1   [ RunTime:0.0440s ]
SQL: SELECT `commodity_id` FROM `lh_farmer_commodity` WHERE `farmer_id` = 45 AND `del_status` = 1  [ RunTime:0.0540s ]
SQL: SELECT * FROM `lh_province` WHERE `id` = 0 LIMIT 1   [ RunTime:0.0550s ]
SQL: SELECT * FROM `lh_city` WHERE `id` = 0 LIMIT 1   [ RunTime:0.0720s ]
SQL: SELECT * FROM `lh_area` WHERE `id` = 0 LIMIT 1   [ RunTime:0.0820s ]
SQL: SELECT * FROM `lh_technology` WHERE `id` = null LIMIT 1   [ RunTime:0.1100s ]
SQL: SELECT `commodity_id` FROM `lh_farmer_commodity` WHERE `farmer_id` = 44 AND `del_status` = 1  [ RunTime:0.0670s ]
SQL: SHOW COLUMNS FROM `lh_commodity` [ RunTime:0.0490s ]
ERR: 1064:You have an error in your SQL syntax; check the manual that corresponds to your MySQL server version for the right syntax to use near 'in ) AND (  1 ) ) AND `status` = 1 AND `del_status` = 1' at line 1
 [ SQL璇 ] : SELECT `commodity_sort_id` FROM `lh_commodity` WHERE (  id ) AND (  (  in ) AND (  1 ) ) AND `status` = 1 AND `del_status` = 1 
ERR: 1064:You have an error in your SQL syntax; check the manual that corresponds to your MySQL server version for the right syntax to use near 'in ) AND (  1 ) ) AND `status` = 1 AND `del_status` = 1' at line 1
 [ SQL璇 ] : SELECT `commodity_sort_id` FROM `lh_commodity` WHERE (  id ) AND (  (  in ) AND (  1 ) ) AND `status` = 1 AND `del_status` = 1 

[ 2020-04-01T15:15:40+08:00 ] 127.0.0.1 /admin.php/Farmer/lists
INFO: [ app_init ] --START--
INFO: Run Behavior\BuildLiteBehavior [ RunTime:0.001000s ]
INFO: [ app_init ] --END-- [ RunTime:0.007000s ]
INFO: [ app_begin ] --START--
INFO: Run Behavior\ReadHtmlCacheBehavior [ RunTime:0.006000s ]
INFO: [ app_begin ] --END-- [ RunTime:0.009000s ]
SQL: SHOW COLUMNS FROM `lh_auth_group_access` [ RunTime:0.0550s ]
SQL: SELECT `uid`,`group_id`,`title`,`rules` FROM lh_auth_group_access a INNER JOIN lh_auth_group g on a.group_id=g.id  WHERE ( a.uid='14' and g.status='1' )  [ RunTime:0.1040s ]
SQL: SHOW COLUMNS FROM `lh_auth_rule` [ RunTime:0.0580s ]
SQL: SELECT `condition`,`name` FROM `lh_auth_rule` WHERE `id` IN ('3','348','50','349','350','351','359','360','361','362','363','364','365','379','427','435','366','367','371','376','377','378','380','381','382','383','384','385','396','428','429','430','431','432','433','434','437','369','370','386','387','388','389','390','391','392','393','394','395','397','398','399','400','401','402','403','404','405','406','407','408','410','411','412','413','414','416','417','418','448','372','373','419','420','421','422','374','375','423','424','425','426','438','439','440','441','442','443','444','445','446','447') AND `type` = 1 AND `status` = 1  [ RunTime:0.0600s ]
SQL: SHOW COLUMNS FROM `lh_farmer` [ RunTime:0.0550s ]
SQL: SELECT * FROM `lh_farmer` WHERE `del_status` = 1  [ RunTime:0.0570s ]
SQL: SELECT * FROM `lh_farmer` WHERE `del_status` = 1 ORDER BY `id` DESC LIMIT 0,20   [ RunTime:0.0660s ]
SQL: SHOW COLUMNS FROM `lh_technology` [ RunTime:0.0530s ]
SQL: SELECT * FROM `lh_technology` WHERE `id` = 2 LIMIT 1   [ RunTime:0.0760s ]
SQL: SHOW COLUMNS FROM `lh_farmer_commodity` [ RunTime:0.0580s ]
SQL: SELECT `commodity_id` FROM `lh_farmer_commodity` WHERE `farmer_id` = 48 AND `del_status` = 1  [ RunTime:0.0530s ]
SQL: SHOW COLUMNS FROM `lh_province` [ RunTime:0.0510s ]
SQL: SELECT * FROM `lh_province` WHERE `id` = 0 LIMIT 1   [ RunTime:0.0550s ]
SQL: SHOW COLUMNS FROM `lh_city` [ RunTime:0.0720s ]
SQL: SELECT * FROM `lh_city` WHERE `id` = 0 LIMIT 1   [ RunTime:0.0490s ]
SQL: SHOW COLUMNS FROM `lh_area` [ RunTime:0.0550s ]
SQL: SELECT * FROM `lh_area` WHERE `id` = 0 LIMIT 1   [ RunTime:0.0490s ]
SQL: SELECT * FROM `lh_technology` WHERE `id` = 0 LIMIT 1   [ RunTime:0.0490s ]
SQL: SELECT `commodity_id` FROM `lh_farmer_commodity` WHERE `farmer_id` = 45 AND `del_status` = 1  [ RunTime:0.0510s ]
SQL: SELECT * FROM `lh_province` WHERE `id` = 0 LIMIT 1   [ RunTime:0.0550s ]
SQL: SELECT * FROM `lh_city` WHERE `id` = 0 LIMIT 1   [ RunTime:0.0520s ]
SQL: SELECT * FROM `lh_area` WHERE `id` = 0 LIMIT 1   [ RunTime:0.0530s ]
SQL: SELECT * FROM `lh_technology` WHERE `id` = null LIMIT 1   [ RunTime:0.0550s ]
SQL: SELECT `commodity_id` FROM `lh_farmer_commodity` WHERE `farmer_id` = 44 AND `del_status` = 1  [ RunTime:0.0500s ]

[ 2020-04-01T15:16:36+08:00 ] 127.0.0.1 /admin.php/Farmer/lists
INFO: [ app_init ] --START--
INFO: Run Behavior\BuildLiteBehavior [ RunTime:0.000000s ]
INFO: [ app_init ] --END-- [ RunTime:0.007000s ]
INFO: [ app_begin ] --START--
INFO: Run Behavior\ReadHtmlCacheBehavior [ RunTime:0.004000s ]
INFO: [ app_begin ] --END-- [ RunTime:0.007000s ]
SQL: SHOW COLUMNS FROM `lh_auth_group_access` [ RunTime:0.0550s ]
SQL: SELECT `uid`,`group_id`,`title`,`rules` FROM lh_auth_group_access a INNER JOIN lh_auth_group g on a.group_id=g.id  WHERE ( a.uid='14' and g.status='1' )  [ RunTime:0.0480s ]
SQL: SHOW COLUMNS FROM `lh_auth_rule` [ RunTime:0.0510s ]
SQL: SELECT `condition`,`name` FROM `lh_auth_rule` WHERE `id` IN ('3','348','50','349','350','351','359','360','361','362','363','364','365','379','427','435','366','367','371','376','377','378','380','381','382','383','384','385','396','428','429','430','431','432','433','434','437','369','370','386','387','388','389','390','391','392','393','394','395','397','398','399','400','401','402','403','404','405','406','407','408','410','411','412','413','414','416','417','418','448','372','373','419','420','421','422','374','375','423','424','425','426','438','439','440','441','442','443','444','445','446','447') AND `type` = 1 AND `status` = 1  [ RunTime:0.0580s ]
SQL: SHOW COLUMNS FROM `lh_farmer` [ RunTime:0.0490s ]
SQL: SELECT * FROM `lh_farmer` WHERE `del_status` = 1  [ RunTime:0.0720s ]
SQL: SELECT * FROM `lh_farmer` WHERE `del_status` = 1 ORDER BY `id` DESC LIMIT 0,20   [ RunTime:0.0540s ]
SQL: SHOW COLUMNS FROM `lh_technology` [ RunTime:0.0560s ]
SQL: SELECT * FROM `lh_technology` WHERE `id` = 2 LIMIT 1   [ RunTime:0.0520s ]
SQL: SHOW COLUMNS FROM `lh_farmer_commodity` [ RunTime:0.1120s ]
SQL: SELECT `commodity_id` FROM `lh_farmer_commodity` WHERE `farmer_id` = 48 AND `del_status` = 1  [ RunTime:0.0850s ]
SQL: SHOW COLUMNS FROM `lh_province` [ RunTime:0.0540s ]
SQL: SELECT * FROM `lh_province` WHERE `id` = 0 LIMIT 1   [ RunTime:0.0520s ]
SQL: SHOW COLUMNS FROM `lh_city` [ RunTime:0.0650s ]
SQL: SELECT * FROM `lh_city` WHERE `id` = 0 LIMIT 1   [ RunTime:0.0740s ]
SQL: SHOW COLUMNS FROM `lh_area` [ RunTime:0.0570s ]
SQL: SELECT * FROM `lh_area` WHERE `id` = 0 LIMIT 1   [ RunTime:0.0470s ]
SQL: SELECT * FROM `lh_technology` WHERE `id` = 0 LIMIT 1   [ RunTime:0.0510s ]
SQL: SELECT `commodity_id` FROM `lh_farmer_commodity` WHERE `farmer_id` = 45 AND `del_status` = 1  [ RunTime:0.0520s ]
SQL: SELECT * FROM `lh_province` WHERE `id` = 0 LIMIT 1   [ RunTime:0.0680s ]
SQL: SELECT * FROM `lh_city` WHERE `id` = 0 LIMIT 1   [ RunTime:0.0480s ]
SQL: SELECT * FROM `lh_area` WHERE `id` = 0 LIMIT 1   [ RunTime:0.0840s ]
SQL: SELECT * FROM `lh_technology` WHERE `id` = null LIMIT 1   [ RunTime:0.0630s ]
SQL: SELECT `commodity_id` FROM `lh_farmer_commodity` WHERE `farmer_id` = 44 AND `del_status` = 1  [ RunTime:0.0880s ]
SQL: SHOW COLUMNS FROM `lh_commodity` [ RunTime:0.0600s ]
ERR: 1064:You have an error in your SQL syntax; check the manual that corresponds to your MySQL server version for the right syntax to use near 'in ) AND (  1 ) ) AND `status` = 1 AND `del_status` = 1' at line 1
 [ SQL璇 ] : SELECT `commodity_sort_id` FROM `lh_commodity` WHERE (  id ) AND (  (  in ) AND (  1 ) ) AND `status` = 1 AND `del_status` = 1 
ERR: 1064:You have an error in your SQL syntax; check the manual that corresponds to your MySQL server version for the right syntax to use near 'in ) AND (  1 ) ) AND `status` = 1 AND `del_status` = 1' at line 1
 [ SQL璇 ] : SELECT `commodity_sort_id` FROM `lh_commodity` WHERE (  id ) AND (  (  in ) AND (  1 ) ) AND `status` = 1 AND `del_status` = 1 

[ 2020-04-01T15:19:29+08:00 ] 127.0.0.1 /admin.php/Farmer/lists
INFO: [ app_init ] --START--
INFO: Run Behavior\BuildLiteBehavior [ RunTime:0.001000s ]
INFO: [ app_init ] --END-- [ RunTime:0.007000s ]
INFO: [ app_begin ] --START--
INFO: Run Behavior\ReadHtmlCacheBehavior [ RunTime:0.005000s ]
INFO: [ app_begin ] --END-- [ RunTime:0.008000s ]
SQL: SHOW COLUMNS FROM `lh_auth_group_access` [ RunTime:0.0510s ]
SQL: SELECT `uid`,`group_id`,`title`,`rules` FROM lh_auth_group_access a INNER JOIN lh_auth_group g on a.group_id=g.id  WHERE ( a.uid='14' and g.status='1' )  [ RunTime:0.0470s ]
SQL: SHOW COLUMNS FROM `lh_auth_rule` [ RunTime:0.0520s ]
SQL: SELECT `condition`,`name` FROM `lh_auth_rule` WHERE `id` IN ('3','348','50','349','350','351','359','360','361','362','363','364','365','379','427','435','366','367','371','376','377','378','380','381','382','383','384','385','396','428','429','430','431','432','433','434','437','369','370','386','387','388','389','390','391','392','393','394','395','397','398','399','400','401','402','403','404','405','406','407','408','410','411','412','413','414','416','417','418','448','372','373','419','420','421','422','374','375','423','424','425','426','438','439','440','441','442','443','444','445','446','447') AND `type` = 1 AND `status` = 1  [ RunTime:0.0470s ]
SQL: SHOW COLUMNS FROM `lh_farmer` [ RunTime:0.0540s ]
SQL: SELECT * FROM `lh_farmer` WHERE `del_status` = 1  [ RunTime:0.0450s ]
SQL: SELECT * FROM `lh_farmer` WHERE `del_status` = 1 ORDER BY `id` DESC LIMIT 0,20   [ RunTime:0.0540s ]
SQL: SHOW COLUMNS FROM `lh_technology` [ RunTime:0.0540s ]
SQL: SELECT * FROM `lh_technology` WHERE `id` = 2 LIMIT 1   [ RunTime:0.0490s ]
SQL: SHOW COLUMNS FROM `lh_farmer_commodity` [ RunTime:0.0490s ]
SQL: SELECT `commodity_id` FROM `lh_farmer_commodity` WHERE `farmer_id` = 48 AND `del_status` = 1  [ RunTime:0.0450s ]
SQL: SHOW COLUMNS FROM `lh_province` [ RunTime:0.0480s ]
SQL: SELECT * FROM `lh_province` WHERE `id` = 0 LIMIT 1   [ RunTime:0.0540s ]
SQL: SHOW COLUMNS FROM `lh_city` [ RunTime:0.0540s ]
SQL: SELECT * FROM `lh_city` WHERE `id` = 0 LIMIT 1   [ RunTime:0.0450s ]
SQL: SHOW COLUMNS FROM `lh_area` [ RunTime:0.0530s ]
SQL: SELECT * FROM `lh_area` WHERE `id` = 0 LIMIT 1   [ RunTime:0.0530s ]
SQL: SELECT * FROM `lh_technology` WHERE `id` = 0 LIMIT 1   [ RunTime:0.0760s ]
SQL: SELECT `commodity_id` FROM `lh_farmer_commodity` WHERE `farmer_id` = 45 AND `del_status` = 1  [ RunTime:0.0460s ]
SQL: SELECT * FROM `lh_province` WHERE `id` = 0 LIMIT 1   [ RunTime:0.0510s ]
SQL: SELECT * FROM `lh_city` WHERE `id` = 0 LIMIT 1   [ RunTime:0.0450s ]
SQL: SELECT * FROM `lh_area` WHERE `id` = 0 LIMIT 1   [ RunTime:0.0700s ]
SQL: SELECT * FROM `lh_technology` WHERE `id` = null LIMIT 1   [ RunTime:0.0580s ]
SQL: SELECT `commodity_id` FROM `lh_farmer_commodity` WHERE `farmer_id` = 44 AND `del_status` = 1  [ RunTime:0.0540s ]
SQL: SHOW COLUMNS FROM `lh_commodity` [ RunTime:0.0510s ]
SQL: SELECT `commodity_sort_id` FROM `lh_commodity` WHERE `id` IN ('1') AND `status` = 1 AND `del_status` = 1  [ RunTime:0.2200s ]
SQL: SHOW COLUMNS FROM `lh_commodity_sort` [ RunTime:0.0480s ]
SQL: SELECT `name` FROM `lh_commodity_sort` WHERE `id` IN ('1')  [ RunTime:0.0630s ]
SQL: SELECT * FROM `lh_province` WHERE `id` = 1 LIMIT 1   [ RunTime:0.0440s ]
SQL: SELECT * FROM `lh_city` WHERE `id` = 1 LIMIT 1   [ RunTime:0.0570s ]
SQL: SELECT * FROM `lh_area` WHERE `id` = 2 LIMIT 1   [ RunTime:0.0460s ]
SQL: SELECT * FROM `lh_technology` WHERE `id` = null LIMIT 1   [ RunTime:0.0490s ]
SQL: SELECT `commodity_id` FROM `lh_farmer_commodity` WHERE `farmer_id` = 43 AND `del_status` = 1  [ RunTime:0.0480s ]
SQL: SELECT `commodity_sort_id` FROM `lh_commodity` WHERE `id` IN ('1') AND `status` = 1 AND `del_status` = 1  [ RunTime:0.0460s ]
SQL: SELECT `name` FROM `lh_commodity_sort` WHERE `id` IN ('1')  [ RunTime:0.0700s ]
SQL: SELECT * FROM `lh_province` WHERE `id` = 1 LIMIT 1   [ RunTime:0.0870s ]
SQL: SELECT * FROM `lh_city` WHERE `id` = 1 LIMIT 1   [ RunTime:0.0470s ]
SQL: SELECT * FROM `lh_area` WHERE `id` = 2 LIMIT 1   [ RunTime:0.0480s ]
SQL: SELECT * FROM `lh_technology` WHERE `id` = 2 LIMIT 1   [ RunTime:0.0520s ]
SQL: SELECT `commodity_id` FROM `lh_farmer_commodity` WHERE `farmer_id` = 4 AND `del_status` = 1  [ RunTime:0.0500s ]
SQL: SELECT `commodity_sort_id` FROM `lh_commodity` WHERE `id` IN ('17','14') AND `status` = 1 AND `del_status` = 1  [ RunTime:0.0500s ]
SQL: SELECT `name` FROM `lh_commodity_sort` WHERE `id` IN ('8','8')  [ RunTime:0.0510s ]
SQL: SELECT * FROM `lh_province` WHERE `id` = 1 LIMIT 1   [ RunTime:0.0450s ]
SQL: SELECT * FROM `lh_city` WHERE `id` = 1 LIMIT 1   [ RunTime:0.0460s ]
SQL: SELECT * FROM `lh_area` WHERE `id` = 2 LIMIT 1   [ RunTime:0.0500s ]
SQL: SELECT * FROM `lh_technology` WHERE `id` = 3 LIMIT 1   [ RunTime:0.0440s ]
SQL: SELECT `commodity_id` FROM `lh_farmer_commodity` WHERE `farmer_id` = 3 AND `del_status` = 1  [ RunTime:0.0460s ]
SQL: SELECT `commodity_sort_id` FROM `lh_commodity` WHERE `id` IN ('2','2') AND `status` = 1 AND `del_status` = 1  [ RunTime:0.0640s ]
SQL: SELECT `name` FROM `lh_commodity_sort` WHERE `id` IN ('3')  [ RunTime:0.0480s ]
SQL: SELECT * FROM `lh_province` WHERE `id` = 1 LIMIT 1   [ RunTime:0.0560s ]
SQL: SELECT * FROM `lh_city` WHERE `id` = 2 LIMIT 1   [ RunTime:0.0600s ]
SQL: SELECT * FROM `lh_area` WHERE `id` = 5 LIMIT 1   [ RunTime:0.0490s ]
SQL: SELECT * FROM `lh_technology` WHERE `id` = 2 LIMIT 1   [ RunTime:0.0490s ]
SQL: SELECT `commodity_id` FROM `lh_farmer_commodity` WHERE `farmer_id` = 2 AND `del_status` = 1  [ RunTime:0.0470s ]
SQL: SELECT `commodity_sort_id` FROM `lh_commodity` WHERE `id` IN ('1','2') AND `status` = 1 AND `del_status` = 1  [ RunTime:0.0460s ]
SQL: SELECT `name` FROM `lh_commodity_sort` WHERE `id` IN ('1','3')  [ RunTime:0.0510s ]
SQL: SELECT * FROM `lh_province` WHERE `id` = 1 LIMIT 1   [ RunTime:0.0550s ]
SQL: SELECT * FROM `lh_city` WHERE `id` = 1 LIMIT 1   [ RunTime:0.0480s ]
SQL: SELECT * FROM `lh_area` WHERE `id` = 2 LIMIT 1   [ RunTime:0.0520s ]
INFO: [ view_parse ] --START--
INFO: [ template_filter ] --START--
INFO: Run Behavior\ContentReplaceBehavior [ RunTime:0.002000s ]
INFO: [ template_filter ] --END-- [ RunTime:0.005000s ]
INFO: Run Behavior\ParseTemplateBehavior [ RunTime:0.645037s ]
INFO: [ view_parse ] --END-- [ RunTime:0.647037s ]
INFO: [ view_filter ] --START--
INFO: Run Behavior\WriteHtmlCacheBehavior [ RunTime:0.004000s ]
INFO: [ view_filter ] --END-- [ RunTime:0.007000s ]
INFO: [ app_end ] --START--
INFO: Run Behavior\ShowPageTraceBehavior [ RunTime:0.004000s ]
INFO: [ app_end ] --END-- [ RunTime:0.008000s ]

[ 2020-04-01T15:40:11+08:00 ] 127.0.0.1 /admin.php/Commodity/lists
INFO: [ app_init ] --START--
INFO: Run Behavior\BuildLiteBehavior [ RunTime:0.001000s ]
INFO: [ app_init ] --END-- [ RunTime:0.006000s ]
INFO: [ app_begin ] --START--
INFO: Run Behavior\ReadHtmlCacheBehavior [ RunTime:0.007000s ]
INFO: [ app_begin ] --END-- [ RunTime:0.014001s ]
SQL: SHOW COLUMNS FROM `lh_auth_group_access` [ RunTime:0.0540s ]
SQL: SELECT `uid`,`group_id`,`title`,`rules` FROM lh_auth_group_access a INNER JOIN lh_auth_group g on a.group_id=g.id  WHERE ( a.uid='14' and g.status='1' )  [ RunTime:0.0500s ]
SQL: SHOW COLUMNS FROM `lh_auth_rule` [ RunTime:0.0750s ]
SQL: SELECT `condition`,`name` FROM `lh_auth_rule` WHERE `id` IN ('3','348','50','349','350','351','359','360','361','362','363','364','365','379','427','435','366','367','371','376','377','378','380','381','382','383','384','385','396','428','429','430','431','432','433','434','437','369','370','386','387','388','389','390','391','392','393','394','395','397','398','399','400','401','402','403','404','405','406','407','408','410','411','412','413','414','416','417','418','448','372','373','419','420','421','422','374','375','423','424','425','426','438','439','440','441','442','443','444','445','446','447') AND `type` = 1 AND `status` = 1  [ RunTime:0.0520s ]
SQL: SHOW COLUMNS FROM `lh_update_commodity_time` [ RunTime:0.0490s ]
SQL: INSERT INTO `lh_update_commodity_time` (`createtime`) VALUES ('1585726808') [ RunTime:0.2610s ]
SQL: SHOW COLUMNS FROM `lh_commodity` [ RunTime:0.0530s ]
SQL: SELECT * FROM `lh_commodity` WHERE `del_status` = 1  [ RunTime:0.0580s ]
SQL: SELECT * FROM `lh_commodity` WHERE `del_status` = 1 ORDER BY `id` DESC LIMIT 0,20   [ RunTime:0.0700s ]
SQL: SHOW COLUMNS FROM `lh_commodity_sort` [ RunTime:0.0580s ]
SQL: SELECT * FROM `lh_commodity_sort` WHERE `id` = 1 LIMIT 1   [ RunTime:0.0550s ]
SQL: SELECT * FROM `lh_commodity_sort` WHERE `id` = 1 LIMIT 1   [ RunTime:0.0750s ]
SQL: SELECT * FROM `lh_commodity_sort` WHERE `id` = 1 LIMIT 1   [ RunTime:0.0590s ]
SQL: SELECT * FROM `lh_commodity_sort` WHERE `id` = 8 LIMIT 1   [ RunTime:0.0530s ]
SQL: SELECT * FROM `lh_commodity_sort` WHERE `id` = 1 LIMIT 1   [ RunTime:0.0720s ]
SQL: SELECT * FROM `lh_commodity_sort` WHERE `id` = 3 LIMIT 1   [ RunTime:0.0560s ]
SQL: SELECT * FROM `lh_commodity_sort` WHERE `id` = 8 LIMIT 1   [ RunTime:0.1660s ]
SQL: SELECT * FROM `lh_commodity_sort` WHERE `id` = 3 LIMIT 1   [ RunTime:0.0460s ]
SQL: SELECT * FROM `lh_commodity_sort` WHERE `id` = 3 LIMIT 1   [ RunTime:0.0750s ]
SQL: SELECT * FROM `lh_commodity_sort` WHERE `id` = 1 LIMIT 1   [ RunTime:0.0510s ]
INFO: [ view_parse ] --START--
INFO: [ template_filter ] --START--
INFO: Run Behavior\ContentReplaceBehavior [ RunTime:0.017001s ]
INFO: [ template_filter ] --END-- [ RunTime:0.021001s ]
INFO: Run Behavior\ParseTemplateBehavior [ RunTime:0.717041s ]
INFO: [ view_parse ] --END-- [ RunTime:0.719041s ]
INFO: [ view_filter ] --START--
INFO: Run Behavior\WriteHtmlCacheBehavior [ RunTime:0.020001s ]
INFO: [ view_filter ] --END-- [ RunTime:0.023001s ]
INFO: [ app_end ] --START--
INFO: Run Behavior\ShowPageTraceBehavior [ RunTime:0.014001s ]
INFO: [ app_end ] --END-- [ RunTime:0.016001s ]

