[ 2020-04-21T00:45:50+08:00 ] 127.0.0.1 /admin.php/login/test3
INFO: [ app_init ] --START--
INFO: Run Behavior\BuildLiteBehavior [ RunTime:0.001000s ]
INFO: [ app_init ] --END-- [ RunTime:0.005000s ]
INFO: [ app_begin ] --START--
INFO: Run Behavior\ReadHtmlCacheBehavior [ RunTime:0.004001s ]
INFO: [ app_begin ] --END-- [ RunTime:0.007001s ]
INFO: [ view_parse ] --START--
INFO: [ template_filter ] --START--
INFO: Run Behavior\ContentReplaceBehavior [ RunTime:0.001000s ]
INFO: [ template_filter ] --END-- [ RunTime:0.003000s ]
INFO: Run Behavior\ParseTemplateBehavior [ RunTime:0.048003s ]
INFO: [ view_parse ] --END-- [ RunTime:0.051003s ]
INFO: [ view_filter ] --START--
INFO: Run Behavior\WriteHtmlCacheBehavior [ RunTime:0.003000s ]
INFO: [ view_filter ] --END-- [ RunTime:0.006001s ]
INFO: [ app_end ] --START--
INFO: Run Behavior\ShowPageTraceBehavior [ RunTime:0.005000s ]
INFO: [ app_end ] --END-- [ RunTime:0.007000s ]

[ 2020-04-21T00:45:55+08:00 ] 127.0.0.1 /admin.php/login/test3
INFO: [ app_init ] --START--
INFO: Run Behavior\BuildLiteBehavior [ RunTime:0.001000s ]
INFO: [ app_init ] --END-- [ RunTime:0.005000s ]
INFO: [ app_begin ] --START--
INFO: Run Behavior\ReadHtmlCacheBehavior [ RunTime:0.003000s ]
INFO: [ app_begin ] --END-- [ RunTime:0.005000s ]
INFO: [ view_parse ] --START--
INFO: [ template_filter ] --START--
INFO: Run Behavior\ContentReplaceBehavior [ RunTime:0.001000s ]
INFO: [ template_filter ] --END-- [ RunTime:0.004000s ]
INFO: Run Behavior\ParseTemplateBehavior [ RunTime:0.038002s ]
INFO: [ view_parse ] --END-- [ RunTime:0.040002s ]
INFO: [ view_filter ] --START--
INFO: Run Behavior\WriteHtmlCacheBehavior [ RunTime:0.004001s ]
INFO: [ view_filter ] --END-- [ RunTime:0.006001s ]
INFO: [ app_end ] --START--
INFO: Run Behavior\ShowPageTraceBehavior [ RunTime:0.003000s ]
INFO: [ app_end ] --END-- [ RunTime:0.005000s ]

[ 2020-04-21T00:46:18+08:00 ] 127.0.0.1 /admin.php/login/test3
INFO: [ app_init ] --START--
INFO: Run Behavior\BuildLiteBehavior [ RunTime:0.001000s ]
INFO: [ app_init ] --END-- [ RunTime:0.005001s ]
INFO: [ app_begin ] --START--
INFO: Run Behavior\ReadHtmlCacheBehavior [ RunTime:0.003001s ]
INFO: [ app_begin ] --END-- [ RunTime:0.005001s ]
INFO: [ view_parse ] --START--
INFO: [ template_filter ] --START--
INFO: Run Behavior\ContentReplaceBehavior [ RunTime:0.001000s ]
INFO: [ template_filter ] --END-- [ RunTime:0.003000s ]
INFO: Run Behavior\ParseTemplateBehavior [ RunTime:0.038003s ]
INFO: [ view_parse ] --END-- [ RunTime:0.040003s ]
INFO: [ view_filter ] --START--
INFO: Run Behavior\WriteHtmlCacheBehavior [ RunTime:0.003000s ]
INFO: [ view_filter ] --END-- [ RunTime:0.005000s ]
INFO: [ app_end ] --START--
INFO: Run Behavior\ShowPageTraceBehavior [ RunTime:0.004001s ]
INFO: [ app_end ] --END-- [ RunTime:0.006001s ]

[ 2020-04-21T00:47:19+08:00 ] 127.0.0.1 /admin.php/login/test3
INFO: [ app_init ] --START--
INFO: Run Behavior\BuildLiteBehavior [ RunTime:0.000000s ]
INFO: [ app_init ] --END-- [ RunTime:0.004000s ]
INFO: [ app_begin ] --START--
INFO: Run Behavior\ReadHtmlCacheBehavior [ RunTime:0.003000s ]
INFO: [ app_begin ] --END-- [ RunTime:0.006000s ]
INFO: [ view_parse ] --START--
INFO: [ template_filter ] --START--
INFO: Run Behavior\ContentReplaceBehavior [ RunTime:0.001001s ]
INFO: [ template_filter ] --END-- [ RunTime:0.003001s ]
INFO: Run Behavior\ParseTemplateBehavior [ RunTime:0.039002s ]
INFO: [ view_parse ] --END-- [ RunTime:0.041002s ]
INFO: [ view_filter ] --START--
INFO: Run Behavior\WriteHtmlCacheBehavior [ RunTime:0.003000s ]
INFO: [ view_filter ] --END-- [ RunTime:0.005000s ]
INFO: [ app_end ] --START--
INFO: Run Behavior\ShowPageTraceBehavior [ RunTime:0.003000s ]
INFO: [ app_end ] --END-- [ RunTime:0.005000s ]

[ 2020-04-21T00:48:56+08:00 ] 127.0.0.1 /admin.php/login/test3
INFO: [ app_init ] --START--
INFO: Run Behavior\BuildLiteBehavior [ RunTime:0.000000s ]
INFO: [ app_init ] --END-- [ RunTime:0.004000s ]
INFO: [ app_begin ] --START--
INFO: Run Behavior\ReadHtmlCacheBehavior [ RunTime:0.003000s ]
INFO: [ app_begin ] --END-- [ RunTime:0.006001s ]
INFO: [ view_parse ] --START--
INFO: [ template_filter ] --START--
INFO: Run Behavior\ContentReplaceBehavior [ RunTime:0.001000s ]
INFO: [ template_filter ] --END-- [ RunTime:0.003000s ]
INFO: Run Behavior\ParseTemplateBehavior [ RunTime:0.040003s ]
INFO: [ view_parse ] --END-- [ RunTime:0.042003s ]
INFO: [ view_filter ] --START--
INFO: Run Behavior\WriteHtmlCacheBehavior [ RunTime:0.002000s ]
INFO: [ view_filter ] --END-- [ RunTime:0.004000s ]
INFO: [ app_end ] --START--
INFO: Run Behavior\ShowPageTraceBehavior [ RunTime:0.004001s ]
INFO: [ app_end ] --END-- [ RunTime:0.006001s ]

[ 2020-04-21T00:53:01+08:00 ] 127.0.0.1 /admin.php/Farmer/farmer_commodity_edit?farmer_id=130
INFO: [ app_init ] --START--
INFO: Run Behavior\BuildLiteBehavior [ RunTime:0.000000s ]
INFO: [ app_init ] --END-- [ RunTime:0.005000s ]
INFO: [ app_begin ] --START--
INFO: Run Behavior\ReadHtmlCacheBehavior [ RunTime:0.004000s ]
INFO: [ app_begin ] --END-- [ RunTime:0.006000s ]
SQL: SHOW COLUMNS FROM `lh_auth_group_access` [ RunTime:0.0500s ]
SQL: SELECT `uid`,`group_id`,`title`,`rules` FROM lh_auth_group_access a INNER JOIN lh_auth_group g on a.group_id=g.id  WHERE ( a.uid='14' and g.status='1' )  [ RunTime:0.0490s ]
SQL: SHOW COLUMNS FROM `lh_auth_rule` [ RunTime:0.0510s ]
SQL: SELECT `condition`,`name` FROM `lh_auth_rule` WHERE `id` IN ('3','348','50','349','350','351','359','360','361','362','363','364','365','379','427','435','366','367','371','376','377','378','380','381','382','383','384','385','396','428','429','430','431','432','433','434','437','463','464','369','370','386','387','388','389','390','391','392','393','394','395','397','398','399','400','401','402','403','404','405','406','407','408','410','411','412','413','414','416','417','418','448','455','456','457','458','459','462','465','466','372','373','419','420','421','422','374','375','423','424','425','426','438','439','440','441','442','443','444','445','446','447','460','461','467','468','469','470','471','449','450','451','452','453','454') AND `type` = 1 AND `status` = 1  [ RunTime:0.0500s ]
NOTIC: [8] Undefined index: detail G:\phpStudy\PHPTutorial\WWW\longhuanongye\Application\Admin\Controller\FarmerController.class.php 第 362 行.
SQL: SHOW COLUMNS FROM `lh_farmer_commodity` [ RunTime:0.0510s ]
SQL: SELECT * FROM `lh_farmer_commodity` WHERE `id` = 438 LIMIT 1   [ RunTime:0.0490s ]
SQL: UPDATE `lh_farmer_commodity` SET `id`='438',`farmer_id`='130',`commodity_id`='51',`output`='1',`output_unit_id`='1',`area`='1',`area_unit_id`='3',`feature`='[\"\\u4e0d\\u6253\\u6fc0\\u7d20\",\"\\u65e0\\u516c\\u5bb3\"]',`region_id_list`='1,56,60,62',`start_time`='1586620800',`end_time`='1589558400',`images`='https://img.quanquanyouli.cn/2020-04-20/5e9d284ecc625.png',`qualification`='',`detail`=NULL WHERE `id` = 438 [ RunTime:0.0610s ]
SQL: SHOW COLUMNS FROM `lh_farmer` [ RunTime:0.0510s ]
SQL: SELECT * FROM `lh_farmer` WHERE `id` = 130 LIMIT 1   [ RunTime:0.0490s ]
SQL: UPDATE `lh_farmer` SET `commodity_id`='25|51' WHERE `id` = 130 [ RunTime:0.0550s ]
INFO: [ view_parse ] --START--
INFO: [ template_filter ] --START--
INFO: Run Behavior\ContentReplaceBehavior [ RunTime:0.001000s ]
INFO: [ template_filter ] --END-- [ RunTime:0.004000s ]
INFO: Run Behavior\ParseTemplateBehavior [ RunTime:0.045002s ]
INFO: [ view_parse ] --END-- [ RunTime:0.047002s ]
INFO: [ view_filter ] --START--
INFO: Run Behavior\WriteHtmlCacheBehavior [ RunTime:0.003000s ]
INFO: [ view_filter ] --END-- [ RunTime:0.005000s ]
INFO: [ app_end ] --START--
INFO: Run Behavior\ShowPageTraceBehavior [ RunTime:0.004000s ]
INFO: [ app_end ] --END-- [ RunTime:0.006000s ]

[ 2020-04-21T00:53:06+08:00 ] 127.0.0.1 /admin.php/Farmer/farmer_commodity/id/130
INFO: [ app_init ] --START--
INFO: Run Behavior\BuildLiteBehavior [ RunTime:0.000000s ]
INFO: [ app_init ] --END-- [ RunTime:0.005000s ]
INFO: [ app_begin ] --START--
INFO: Run Behavior\ReadHtmlCacheBehavior [ RunTime:0.003000s ]
INFO: [ app_begin ] --END-- [ RunTime:0.005000s ]
SQL: SHOW COLUMNS FROM `lh_auth_group_access` [ RunTime:0.0460s ]
SQL: SELECT `uid`,`group_id`,`title`,`rules` FROM lh_auth_group_access a INNER JOIN lh_auth_group g on a.group_id=g.id  WHERE ( a.uid='14' and g.status='1' )  [ RunTime:0.0460s ]
SQL: SHOW COLUMNS FROM `lh_auth_rule` [ RunTime:0.0470s ]
SQL: SELECT `condition`,`name` FROM `lh_auth_rule` WHERE `id` IN ('3','348','50','349','350','351','359','360','361','362','363','364','365','379','427','435','366','367','371','376','377','378','380','381','382','383','384','385','396','428','429','430','431','432','433','434','437','463','464','369','370','386','387','388','389','390','391','392','393','394','395','397','398','399','400','401','402','403','404','405','406','407','408','410','411','412','413','414','416','417','418','448','455','456','457','458','459','462','465','466','372','373','419','420','421','422','374','375','423','424','425','426','438','439','440','441','442','443','444','445','446','447','460','461','467','468','469','470','471','449','450','451','452','453','454') AND `type` = 1 AND `status` = 1  [ RunTime:0.0470s ]
SQL: SHOW COLUMNS FROM `lh_farmer_commodity` [ RunTime:0.0470s ]
SQL: SELECT * FROM `lh_farmer_commodity` WHERE `del_status` = 1 AND `farmer_id` = 130  [ RunTime:0.0480s ]
SQL: SELECT * FROM `lh_farmer_commodity` WHERE `del_status` = 1 AND `farmer_id` = 130 ORDER BY `id` DESC LIMIT 0,20   [ RunTime:0.0490s ]
SQL: SHOW COLUMNS FROM `lh_commodity` [ RunTime:0.0460s ]
SQL: SELECT * FROM `lh_commodity` WHERE `id` = 25 LIMIT 1   [ RunTime:0.0450s ]
SQL: SHOW COLUMNS FROM `lh_unit` [ RunTime:0.0470s ]
SQL: SELECT * FROM `lh_unit` WHERE `id` = 1 LIMIT 1   [ RunTime:0.0480s ]
SQL: SELECT * FROM `lh_unit` WHERE `id` = null LIMIT 1   [ RunTime:0.0460s ]
SQL: SELECT * FROM `lh_unit` WHERE `id` = 3 LIMIT 1   [ RunTime:0.0460s ]
SQL: SHOW COLUMNS FROM `lh_farmer_commodity_sales` [ RunTime:0.0460s ]
SQL: SELECT * FROM `lh_farmer_commodity_sales` WHERE `farmer_commodity_id` = 443 AND `del_status` = 1  [ RunTime:0.0460s ]
NOTIC: [8] Undefined offset: 0 G:\phpStudy\PHPTutorial\WWW\longhuanongye\Application\Admin\Controller\FarmerController.class.php 第 218 行.
SQL: SELECT * FROM `lh_unit` WHERE `id` = null LIMIT 1   [ RunTime:0.0450s ]
SQL: SELECT * FROM `lh_commodity` WHERE `id` = 51 LIMIT 1   [ RunTime:0.0450s ]
SQL: SELECT * FROM `lh_unit` WHERE `id` = 1 LIMIT 1   [ RunTime:0.0460s ]
SQL: SELECT * FROM `lh_unit` WHERE `id` = 1 LIMIT 1   [ RunTime:0.0450s ]
SQL: SELECT * FROM `lh_unit` WHERE `id` = 3 LIMIT 1   [ RunTime:0.0460s ]
SQL: SELECT * FROM `lh_farmer_commodity_sales` WHERE `farmer_commodity_id` = 438 AND `del_status` = 1  [ RunTime:0.0450s ]
NOTIC: [8] Undefined offset: 0 G:\phpStudy\PHPTutorial\WWW\longhuanongye\Application\Admin\Controller\FarmerController.class.php 第 218 行.
SQL: SELECT * FROM `lh_unit` WHERE `id` = null LIMIT 1   [ RunTime:0.0530s ]
INFO: [ view_parse ] --START--
INFO: [ template_filter ] --START--
INFO: Run Behavior\ContentReplaceBehavior [ RunTime:0.001000s ]
INFO: [ template_filter ] --END-- [ RunTime:0.003000s ]
NOTIC: [8] Undefined variable: farmer_name G:\phpStudy\PHPTutorial\WWW\longhuanongye\Application\Runtime\Cache\Admin\c95302bb83827ff0d2557d9d5d4ae688.php 第 274 行.
NOTIC: [8] Undefined variable: commodity_name G:\phpStudy\PHPTutorial\WWW\longhuanongye\Application\Runtime\Cache\Admin\c95302bb83827ff0d2557d9d5d4ae688.php 第 276 行.
INFO: Run Behavior\ParseTemplateBehavior [ RunTime:0.744042s ]
INFO: [ view_parse ] --END-- [ RunTime:0.746042s ]
INFO: [ view_filter ] --START--
INFO: Run Behavior\WriteHtmlCacheBehavior [ RunTime:0.004001s ]
INFO: [ view_filter ] --END-- [ RunTime:0.006001s ]
INFO: [ app_end ] --START--
INFO: Run Behavior\ShowPageTraceBehavior [ RunTime:0.004000s ]
INFO: [ app_end ] --END-- [ RunTime:0.007000s ]

[ 2020-04-21T00:53:14+08:00 ] 127.0.0.1 /admin.php/Farmer/farmer_commodity_operation?farmer_id=130
INFO: [ app_init ] --START--
INFO: Run Behavior\BuildLiteBehavior [ RunTime:0.001000s ]
INFO: [ app_init ] --END-- [ RunTime:0.004000s ]
INFO: [ app_begin ] --START--
INFO: Run Behavior\ReadHtmlCacheBehavior [ RunTime:0.003000s ]
INFO: [ app_begin ] --END-- [ RunTime:0.006000s ]
SQL: SHOW COLUMNS FROM `lh_auth_group_access` [ RunTime:0.0440s ]
SQL: SELECT `uid`,`group_id`,`title`,`rules` FROM lh_auth_group_access a INNER JOIN lh_auth_group g on a.group_id=g.id  WHERE ( a.uid='14' and g.status='1' )  [ RunTime:0.0440s ]
SQL: SHOW COLUMNS FROM `lh_auth_rule` [ RunTime:0.0440s ]
SQL: SELECT `condition`,`name` FROM `lh_auth_rule` WHERE `id` IN ('3','348','50','349','350','351','359','360','361','362','363','364','365','379','427','435','366','367','371','376','377','378','380','381','382','383','384','385','396','428','429','430','431','432','433','434','437','463','464','369','370','386','387','388','389','390','391','392','393','394','395','397','398','399','400','401','402','403','404','405','406','407','408','410','411','412','413','414','416','417','418','448','455','456','457','458','459','462','465','466','372','373','419','420','421','422','374','375','423','424','425','426','438','439','440','441','442','443','444','445','446','447','460','461','467','468','469','470','471','449','450','451','452','453','454') AND `type` = 1 AND `status` = 1  [ RunTime:0.0440s ]
SQL: SHOW COLUMNS FROM `lh_commodity` [ RunTime:0.0440s ]
SQL: SELECT * FROM `lh_commodity` WHERE `del_status` = 1 AND `status` = 1  [ RunTime:0.0490s ]
SQL: SHOW COLUMNS FROM `lh_unit` [ RunTime:0.0450s ]
SQL: SELECT * FROM `lh_unit` WHERE `status` = 1 AND `del_status` = 1 AND `type` = 3  [ RunTime:0.0430s ]
SQL: SELECT * FROM `lh_unit` WHERE `status` = 1 AND `del_status` = 1 AND `type` = 2  [ RunTime:0.0430s ]
SQL: SHOW COLUMNS FROM `lh_province` [ RunTime:0.0440s ]
SQL: SELECT * FROM `lh_province`  [ RunTime:0.0430s ]
SQL: SHOW COLUMNS FROM `lh_city` [ RunTime:0.0470s ]
SQL: SELECT * FROM `lh_city`  [ RunTime:0.0440s ]
SQL: SHOW COLUMNS FROM `lh_area` [ RunTime:0.0440s ]
SQL: SELECT * FROM `lh_area`  [ RunTime:0.0440s ]
SQL: SHOW COLUMNS FROM `lh_region` [ RunTime:0.0430s ]
SQL: SELECT * FROM `lh_region` WHERE `del_status` = 1  [ RunTime:0.0450s ]
INFO: [ view_parse ] --START--
INFO: [ template_filter ] --START--
INFO: Run Behavior\ContentReplaceBehavior [ RunTime:0.002000s ]
INFO: [ template_filter ] --END-- [ RunTime:0.004000s ]
NOTIC: [8] Undefined variable: form G:\phpStudy\PHPTutorial\WWW\longhuanongye\Application\Runtime\Cache\Admin\ed4eb43ed2912182fa201b550ef14567.php 第 246 行.
NOTIC: [8] Undefined variable: form G:\phpStudy\PHPTutorial\WWW\longhuanongye\Application\Runtime\Cache\Admin\ed4eb43ed2912182fa201b550ef14567.php 第 258 行.
NOTIC: [8] Undefined variable: form G:\phpStudy\PHPTutorial\WWW\longhuanongye\Application\Runtime\Cache\Admin\ed4eb43ed2912182fa201b550ef14567.php 第 294 行.
NOTIC: [8] Undefined variable: form G:\phpStudy\PHPTutorial\WWW\longhuanongye\Application\Runtime\Cache\Admin\ed4eb43ed2912182fa201b550ef14567.php 第 328 行.
NOTIC: [8] Undefined variable: form G:\phpStudy\PHPTutorial\WWW\longhuanongye\Application\Runtime\Cache\Admin\ed4eb43ed2912182fa201b550ef14567.php 第 362 行.
NOTIC: [8] Undefined variable: form G:\phpStudy\PHPTutorial\WWW\longhuanongye\Application\Runtime\Cache\Admin\ed4eb43ed2912182fa201b550ef14567.php 第 362 行.
NOTIC: [8] Undefined variable: form G:\phpStudy\PHPTutorial\WWW\longhuanongye\Application\Runtime\Cache\Admin\ed4eb43ed2912182fa201b550ef14567.php 第 362 行.
NOTIC: [8] Undefined variable: form G:\phpStudy\PHPTutorial\WWW\longhuanongye\Application\Runtime\Cache\Admin\ed4eb43ed2912182fa201b550ef14567.php 第 362 行.
NOTIC: [8] Undefined variable: form G:\phpStudy\PHPTutorial\WWW\longhuanongye\Application\Runtime\Cache\Admin\ed4eb43ed2912182fa201b550ef14567.php 第 362 行.
NOTIC: [8] Undefined variable: form G:\phpStudy\PHPTutorial\WWW\longhuanongye\Application\Runtime\Cache\Admin\ed4eb43ed2912182fa201b550ef14567.php 第 362 行.
NOTIC: [8] Undefined variable: form G:\phpStudy\PHPTutorial\WWW\longhuanongye\Application\Runtime\Cache\Admin\ed4eb43ed2912182fa201b550ef14567.php 第 362 行.
NOTIC: [8] Undefined variable: form G:\phpStudy\PHPTutorial\WWW\longhuanongye\Application\Runtime\Cache\Admin\ed4eb43ed2912182fa201b550ef14567.php 第 362 行.
NOTIC: [8] Undefined variable: form G:\phpStudy\PHPTutorial\WWW\longhuanongye\Application\Runtime\Cache\Admin\ed4eb43ed2912182fa201b550ef14567.php 第 362 行.
NOTIC: [8] Undefined variable: form G:\phpStudy\PHPTutorial\WWW\longhuanongye\Application\Runtime\Cache\Admin\ed4eb43ed2912182fa201b550ef14567.php 第 362 行.
NOTIC: [8] Undefined variable: form G:\phpStudy\PHPTutorial\WWW\longhuanongye\Application\Runtime\Cache\Admin\ed4eb43ed2912182fa201b550ef14567.php 第 362 行.
NOTIC: [8] Undefined variable: form G:\phpStudy\PHPTutorial\WWW\longhuanongye\Application\Runtime\Cache\Admin\ed4eb43ed2912182fa201b550ef14567.php 第 362 行.
NOTIC: [8] Undefined variable: form G:\phpStudy\PHPTutorial\WWW\longhuanongye\Application\Runtime\Cache\Admin\ed4eb43ed2912182fa201b550ef14567.php 第 362 行.
NOTIC: [8] Undefined variable: form G:\phpStudy\PHPTutorial\WWW\longhuanongye\Application\Runtime\Cache\Admin\ed4eb43ed2912182fa201b550ef14567.php 第 362 行.
NOTIC: [8] Undefined variable: form G:\phpStudy\PHPTutorial\WWW\longhuanongye\Application\Runtime\Cache\Admin\ed4eb43ed2912182fa201b550ef14567.php 第 362 行.
NOTIC: [8] Undefined variable: form G:\phpStudy\PHPTutorial\WWW\longhuanongye\Application\Runtime\Cache\Admin\ed4eb43ed2912182fa201b550ef14567.php 第 362 行.
NOTIC: [8] Undefined variable: form G:\phpStudy\PHPTutorial\WWW\longhuanongye\Application\Runtime\Cache\Admin\ed4eb43ed2912182fa201b550ef14567.php 第 362 行.
NOTIC: [8] Undefined variable: form G:\phpStudy\PHPTutorial\WWW\longhuanongye\Application\Runtime\Cache\Admin\ed4eb43ed2912182fa201b550ef14567.php 第 362 行.
NOTIC: [8] Undefined variable: form G:\phpStudy\PHPTutorial\WWW\longhuanongye\Application\Runtime\Cache\Admin\ed4eb43ed2912182fa201b550ef14567.php 第 362 行.
NOTIC: [8] Undefined variable: form G:\phpStudy\PHPTutorial\WWW\longhuanongye\Application\Runtime\Cache\Admin\ed4eb43ed2912182fa201b550ef14567.php 第 362 行.
NOTIC: [8] Undefined variable: form G:\phpStudy\PHPTutorial\WWW\longhuanongye\Application\Runtime\Cache\Admin\ed4eb43ed2912182fa201b550ef14567.php 第 362 行.
NOTIC: [8] Undefined variable: form G:\phpStudy\PHPTutorial\WWW\longhuanongye\Application\Runtime\Cache\Admin\ed4eb43ed2912182fa201b550ef14567.php 第 362 行.
NOTIC: [8] Undefined variable: form G:\phpStudy\PHPTutorial\WWW\longhuanongye\Application\Runtime\Cache\Admin\ed4eb43ed2912182fa201b550ef14567.php 第 362 行.
NOTIC: [8] Undefined variable: form G:\phpStudy\PHPTutorial\WWW\longhuanongye\Application\Runtime\Cache\Admin\ed4eb43ed2912182fa201b550ef14567.php 第 362 行.
NOTIC: [8] Undefined variable: form G:\phpStudy\PHPTutorial\WWW\longhuanongye\Application\Runtime\Cache\Admin\ed4eb43ed2912182fa201b550ef14567.php 第 362 行.
NOTIC: [8] Undefined variable: form G:\phpStudy\PHPTutorial\WWW\longhuanongye\Application\Runtime\Cache\Admin\ed4eb43ed2912182fa201b550ef14567.php 第 362 行.
NOTIC: [8] Undefined variable: form G:\phpStudy\PHPTutorial\WWW\longhuanongye\Application\Runtime\Cache\Admin\ed4eb43ed2912182fa201b550ef14567.php 第 362 行.
NOTIC: [8] Undefined variable: form G:\phpStudy\PHPTutorial\WWW\longhuanongye\Application\Runtime\Cache\Admin\ed4eb43ed2912182fa201b550ef14567.php 第 362 行.
NOTIC: [8] Undefined variable: form G:\phpStudy\PHPTutorial\WWW\longhuanongye\Application\Runtime\Cache\Admin\ed4eb43ed2912182fa201b550ef14567.php 第 362 行.
NOTIC: [8] Undefined variable: form G:\phpStudy\PHPTutorial\WWW\longhuanongye\Application\Runtime\Cache\Admin\ed4eb43ed2912182fa201b550ef14567.php 第 362 行.
NOTIC: [8] Undefined variable: form G:\phpStudy\PHPTutorial\WWW\longhuanongye\Application\Runtime\Cache\Admin\ed4eb43ed2912182fa201b550ef14567.php 第 372 行.
NOTIC: [8] Undefined variable: form G:\phpStudy\PHPTutorial\WWW\longhuanongye\Application\Runtime\Cache\Admin\ed4eb43ed2912182fa201b550ef14567.php 第 385 行.
NOTIC: [8] Undefined variable: form G:\phpStudy\PHPTutorial\WWW\longhuanongye\Application\Runtime\Cache\Admin\ed4eb43ed2912182fa201b550ef14567.php 第 401 行.
NOTIC: [8] Undefined variable: form G:\phpStudy\PHPTutorial\WWW\longhuanongye\Application\Runtime\Cache\Admin\ed4eb43ed2912182fa201b550ef14567.php 第 407 行.
NOTIC: [8] Undefined variable: form G:\phpStudy\PHPTutorial\WWW\longhuanongye\Application\Runtime\Cache\Admin\ed4eb43ed2912182fa201b550ef14567.php 第 407 行.
NOTIC: [8] Undefined variable: form G:\phpStudy\PHPTutorial\WWW\longhuanongye\Application\Runtime\Cache\Admin\ed4eb43ed2912182fa201b550ef14567.php 第 422 行.
NOTIC: [8] Undefined variable: form G:\phpStudy\PHPTutorial\WWW\longhuanongye\Application\Runtime\Cache\Admin\ed4eb43ed2912182fa201b550ef14567.php 第 428 行.
NOTIC: [8] Undefined variable: form G:\phpStudy\PHPTutorial\WWW\longhuanongye\Application\Runtime\Cache\Admin\ed4eb43ed2912182fa201b550ef14567.php 第 428 行.
NOTIC: [8] Undefined variable: form G:\phpStudy\PHPTutorial\WWW\longhuanongye\Application\Runtime\Cache\Admin\ed4eb43ed2912182fa201b550ef14567.php 第 441 行.
NOTIC: [8] Undefined variable: form G:\phpStudy\PHPTutorial\WWW\longhuanongye\Application\Runtime\Cache\Admin\ed4eb43ed2912182fa201b550ef14567.php 第 449 行.
NOTIC: [8] Undefined variable: form G:\phpStudy\PHPTutorial\WWW\longhuanongye\Application\Runtime\Cache\Admin\ed4eb43ed2912182fa201b550ef14567.php 第 449 行.
NOTIC: [8] Undefined variable: form G:\phpStudy\PHPTutorial\WWW\longhuanongye\Application\Runtime\Cache\Admin\ed4eb43ed2912182fa201b550ef14567.php 第 465 行.
NOTIC: [8] Undefined variable: form G:\phpStudy\PHPTutorial\WWW\longhuanongye\Application\Runtime\Cache\Admin\ed4eb43ed2912182fa201b550ef14567.php 第 473 行.
NOTIC: [8] Undefined variable: form G:\phpStudy\PHPTutorial\WWW\longhuanongye\Application\Runtime\Cache\Admin\ed4eb43ed2912182fa201b550ef14567.php 第 473 行.
NOTIC: [8] Undefined variable: form G:\phpStudy\PHPTutorial\WWW\longhuanongye\Application\Runtime\Cache\Admin\ed4eb43ed2912182fa201b550ef14567.php 第 490 行.
NOTIC: [8] Undefined variable: feature G:\phpStudy\PHPTutorial\WWW\longhuanongye\Application\Runtime\Cache\Admin\ed4eb43ed2912182fa201b550ef14567.php 第 503 行.
NOTIC: [8] Undefined variable: form G:\phpStudy\PHPTutorial\WWW\longhuanongye\Application\Runtime\Cache\Admin\ed4eb43ed2912182fa201b550ef14567.php 第 520 行.
NOTIC: [8] Undefined variable: form G:\phpStudy\PHPTutorial\WWW\longhuanongye\Application\Runtime\Cache\Admin\ed4eb43ed2912182fa201b550ef14567.php 第 529 行.
NOTIC: [8] Undefined variable: form G:\phpStudy\PHPTutorial\WWW\longhuanongye\Application\Runtime\Cache\Admin\ed4eb43ed2912182fa201b550ef14567.php 第 537 行.
NOTIC: [8] Undefined variable: form G:\phpStudy\PHPTutorial\WWW\longhuanongye\Application\Runtime\Cache\Admin\ed4eb43ed2912182fa201b550ef14567.php 第 537 行.
NOTIC: [8] Undefined variable: form G:\phpStudy\PHPTutorial\WWW\longhuanongye\Application\Runtime\Cache\Admin\ed4eb43ed2912182fa201b550ef14567.php 第 537 行.
NOTIC: [8] Undefined variable: form G:\phpStudy\PHPTutorial\WWW\longhuanongye\Application\Runtime\Cache\Admin\ed4eb43ed2912182fa201b550ef14567.php 第 537 行.
NOTIC: [8] Undefined variable: form G:\phpStudy\PHPTutorial\WWW\longhuanongye\Application\Runtime\Cache\Admin\ed4eb43ed2912182fa201b550ef14567.php 第 549 行.
NOTIC: [8] Undefined variable: form G:\phpStudy\PHPTutorial\WWW\longhuanongye\Application\Runtime\Cache\Admin\ed4eb43ed2912182fa201b550ef14567.php 第 567 行.
NOTIC: [8] Undefined variable: form G:\phpStudy\PHPTutorial\WWW\longhuanongye\Application\Runtime\Cache\Admin\ed4eb43ed2912182fa201b550ef14567.php 第 580 行.
NOTIC: [8] Undefined variable: form G:\phpStudy\PHPTutorial\WWW\longhuanongye\Application\Runtime\Cache\Admin\ed4eb43ed2912182fa201b550ef14567.php 第 581 行.
NOTIC: [8] Undefined variable: form G:\phpStudy\PHPTutorial\WWW\longhuanongye\Application\Runtime\Cache\Admin\ed4eb43ed2912182fa201b550ef14567.php 第 590 行.
NOTIC: [8] Undefined variable: form G:\phpStudy\PHPTutorial\WWW\longhuanongye\Application\Runtime\Cache\Admin\ed4eb43ed2912182fa201b550ef14567.php 第 603 行.
NOTIC: [8] Undefined variable: form G:\phpStudy\PHPTutorial\WWW\longhuanongye\Application\Runtime\Cache\Admin\ed4eb43ed2912182fa201b550ef14567.php 第 631 行.
NOTIC: [8] Undefined variable: form G:\phpStudy\PHPTutorial\WWW\longhuanongye\Application\Runtime\Cache\Admin\ed4eb43ed2912182fa201b550ef14567.php 第 641 行.
NOTIC: [8] Undefined variable: form G:\phpStudy\PHPTutorial\WWW\longhuanongye\Application\Runtime\Cache\Admin\ed4eb43ed2912182fa201b550ef14567.php 第 657 行.
NOTIC: [8] Undefined variable: form G:\phpStudy\PHPTutorial\WWW\longhuanongye\Application\Runtime\Cache\Admin\ed4eb43ed2912182fa201b550ef14567.php 第 670 行.
NOTIC: [8] Undefined variable: form G:\phpStudy\PHPTutorial\WWW\longhuanongye\Application\Runtime\Cache\Admin\ed4eb43ed2912182fa201b550ef14567.php 第 684 行.
NOTIC: [8] Undefined index: id G:\phpStudy\PHPTutorial\WWW\longhuanongye\Application\Runtime\Cache\Admin\ed4eb43ed2912182fa201b550ef14567.php 第 775 行.
NOTIC: [8] Undefined variable: form G:\phpStudy\PHPTutorial\WWW\longhuanongye\Application\Runtime\Cache\Admin\ed4eb43ed2912182fa201b550ef14567.php 第 776 行.
NOTIC: [8] Undefined variable: form G:\phpStudy\PHPTutorial\WWW\longhuanongye\Application\Runtime\Cache\Admin\ed4eb43ed2912182fa201b550ef14567.php 第 777 行.
NOTIC: [8] Undefined variable: form G:\phpStudy\PHPTutorial\WWW\longhuanongye\Application\Runtime\Cache\Admin\ed4eb43ed2912182fa201b550ef14567.php 第 778 行.
NOTIC: [8] Undefined variable: form G:\phpStudy\PHPTutorial\WWW\longhuanongye\Application\Runtime\Cache\Admin\ed4eb43ed2912182fa201b550ef14567.php 第 779 行.
NOTIC: [8] Undefined variable: form G:\phpStudy\PHPTutorial\WWW\longhuanongye\Application\Runtime\Cache\Admin\ed4eb43ed2912182fa201b550ef14567.php 第 780 行.
NOTIC: [8] Undefined variable: region_ids G:\phpStudy\PHPTutorial\WWW\longhuanongye\Application\Runtime\Cache\Admin\ed4eb43ed2912182fa201b550ef14567.php 第 1038 行.
INFO: Run Behavior\ParseTemplateBehavior [ RunTime:0.922053s ]
INFO: [ view_parse ] --END-- [ RunTime:0.925053s ]
INFO: [ view_filter ] --START--
INFO: Run Behavior\WriteHtmlCacheBehavior [ RunTime:0.003000s ]
INFO: [ view_filter ] --END-- [ RunTime:0.005000s ]
INFO: [ app_end ] --START--
INFO: Run Behavior\ShowPageTraceBehavior [ RunTime:0.003000s ]
INFO: [ app_end ] --END-- [ RunTime:0.007000s ]

[ 2020-04-21T00:53:37+08:00 ] 127.0.0.1 /admin.php/Farmer/get_commodity_sort_feature
INFO: [ app_init ] --START--
INFO: Run Behavior\BuildLiteBehavior [ RunTime:0.000000s ]
INFO: [ app_init ] --END-- [ RunTime:0.006000s ]
INFO: [ app_begin ] --START--
INFO: Run Behavior\ReadHtmlCacheBehavior [ RunTime:0.004000s ]
INFO: [ app_begin ] --END-- [ RunTime:0.006000s ]
SQL: SHOW COLUMNS FROM `lh_auth_group_access` [ RunTime:0.0430s ]
SQL: SELECT `uid`,`group_id`,`title`,`rules` FROM lh_auth_group_access a INNER JOIN lh_auth_group g on a.group_id=g.id  WHERE ( a.uid='14' and g.status='1' )  [ RunTime:0.0420s ]
SQL: SHOW COLUMNS FROM `lh_auth_rule` [ RunTime:0.0430s ]
SQL: SELECT `condition`,`name` FROM `lh_auth_rule` WHERE `id` IN ('3','348','50','349','350','351','359','360','361','362','363','364','365','379','427','435','366','367','371','376','377','378','380','381','382','383','384','385','396','428','429','430','431','432','433','434','437','463','464','369','370','386','387','388','389','390','391','392','393','394','395','397','398','399','400','401','402','403','404','405','406','407','408','410','411','412','413','414','416','417','418','448','455','456','457','458','459','462','465','466','372','373','419','420','421','422','374','375','423','424','425','426','438','439','440','441','442','443','444','445','446','447','460','461','467','468','469','470','471','449','450','451','452','453','454') AND `type` = 1 AND `status` = 1  [ RunTime:0.0430s ]
SQL: SHOW COLUMNS FROM `lh_commodity` [ RunTime:0.0430s ]
SQL: SELECT * FROM `lh_commodity` WHERE `id` = 21 LIMIT 1   [ RunTime:0.0420s ]
SQL: SHOW COLUMNS FROM `lh_commodity_sort` [ RunTime:0.0430s ]
SQL: SELECT * FROM `lh_commodity_sort` WHERE `id` = 1 LIMIT 1   [ RunTime:0.0420s ]

[ 2020-04-21T14:21:59+08:00 ] 127.0.0.1 /admin.php/Weixin/get_region_list
INFO: [ app_init ] --START--
INFO: Run Behavior\BuildLiteBehavior [ RunTime:0.001000s ]
INFO: [ app_init ] --END-- [ RunTime:0.028001s ]
INFO: [ app_begin ] --START--
INFO: Run Behavior\ReadHtmlCacheBehavior [ RunTime:0.018001s ]
INFO: [ app_begin ] --END-- [ RunTime:0.022001s ]
ERR: 无法加载控制器:Weixin

