[ 2020-04-15T14:47:37+08:00 ] 127.0.0.1 /admin.php/Farmer/user_list
INFO: [ app_init ] --START--
INFO: Run Behavior\BuildLiteBehavior [ RunTime:0.001000s ]
INFO: [ app_init ] --END-- [ RunTime:0.019001s ]
INFO: [ app_begin ] --START--
INFO: Run Behavior\ReadHtmlCacheBehavior [ RunTime:0.020001s ]
INFO: [ app_begin ] --END-- [ RunTime:0.023001s ]
SQL: SHOW COLUMNS FROM `lh_auth_group_access` [ RunTime:0.0810s ]
SQL: SELECT `uid`,`group_id`,`title`,`rules` FROM lh_auth_group_access a INNER JOIN lh_auth_group g on a.group_id=g.id  WHERE ( a.uid='14' and g.status='1' )  [ RunTime:0.0770s ]
SQL: SHOW COLUMNS FROM `lh_auth_rule` [ RunTime:0.0710s ]
SQL: SELECT `condition`,`name` FROM `lh_auth_rule` WHERE `id` IN ('3','348','50','349','350','351','359','360','361','362','363','364','365','379','427','435','366','367','371','376','377','378','380','381','382','383','384','385','396','428','429','430','431','432','433','434','437','463','464','369','370','386','387','388','389','390','391','392','393','394','395','397','398','399','400','401','402','403','404','405','406','407','408','410','411','412','413','414','416','417','418','448','455','456','457','458','459','462','465','466','372','373','419','420','421','422','374','375','423','424','425','426','438','439','440','441','442','443','444','445','446','447','460','461','449','450','451','452','453','454') AND `type` = 1 AND `status` = 1  [ RunTime:0.0860s ]
SQL: SHOW COLUMNS FROM `lh_user` [ RunTime:0.0990s ]
SQL: SELECT * FROM `lh_user`  [ RunTime:0.0760s ]
SQL: SELECT * FROM `lh_user` ORDER BY `id` DESC LIMIT 0,20   [ RunTime:0.0920s ]
INFO: [ view_parse ] --START--
INFO: [ template_filter ] --START--
INFO: Run Behavior\ContentReplaceBehavior [ RunTime:0.032002s ]
INFO: [ template_filter ] --END-- [ RunTime:0.034002s ]
NOTIC: [8] Undefined variable: nickname G:\phpStudy\PHPTutorial\WWW\longhuanongye\Application\Runtime\Cache\Admin\336401fe639abe45dc54bf3d4e10b302.php 第 270 行.
NOTIC: [8] Undefined variable: phone G:\phpStudy\PHPTutorial\WWW\longhuanongye\Application\Runtime\Cache\Admin\336401fe639abe45dc54bf3d4e10b302.php 第 272 行.
INFO: Run Behavior\ParseTemplateBehavior [ RunTime:0.927053s ]
INFO: [ view_parse ] --END-- [ RunTime:0.931053s ]
INFO: [ view_filter ] --START--
INFO: Run Behavior\WriteHtmlCacheBehavior [ RunTime:0.100005s ]
INFO: [ view_filter ] --END-- [ RunTime:0.102005s ]
INFO: [ app_end ] --START--
INFO: Run Behavior\ShowPageTraceBehavior [ RunTime:0.018001s ]
INFO: [ app_end ] --END-- [ RunTime:0.020001s ]

[ 2020-04-15T14:47:55+08:00 ] 127.0.0.1 /admin.php/Farmer/lists
INFO: [ app_init ] --START--
INFO: Run Behavior\BuildLiteBehavior [ RunTime:0.001000s ]
INFO: [ app_init ] --END-- [ RunTime:0.004000s ]
INFO: [ app_begin ] --START--
INFO: Run Behavior\ReadHtmlCacheBehavior [ RunTime:0.004000s ]
INFO: [ app_begin ] --END-- [ RunTime:0.006000s ]
SQL: SHOW COLUMNS FROM `lh_auth_group_access` [ RunTime:0.0630s ]
SQL: SELECT `uid`,`group_id`,`title`,`rules` FROM lh_auth_group_access a INNER JOIN lh_auth_group g on a.group_id=g.id  WHERE ( a.uid='14' and g.status='1' )  [ RunTime:0.0670s ]
SQL: SHOW COLUMNS FROM `lh_auth_rule` [ RunTime:0.1020s ]
SQL: SELECT `condition`,`name` FROM `lh_auth_rule` WHERE `id` IN ('3','348','50','349','350','351','359','360','361','362','363','364','365','379','427','435','366','367','371','376','377','378','380','381','382','383','384','385','396','428','429','430','431','432','433','434','437','463','464','369','370','386','387','388','389','390','391','392','393','394','395','397','398','399','400','401','402','403','404','405','406','407','408','410','411','412','413','414','416','417','418','448','455','456','457','458','459','462','465','466','372','373','419','420','421','422','374','375','423','424','425','426','438','439','440','441','442','443','444','445','446','447','460','461','449','450','451','452','453','454') AND `type` = 1 AND `status` = 1  [ RunTime:0.0860s ]
SQL: SHOW COLUMNS FROM `lh_farmer` [ RunTime:0.0760s ]
SQL: SELECT * FROM `lh_farmer` WHERE `del_status` = 1  [ RunTime:0.0810s ]
SQL: SELECT * FROM `lh_farmer` WHERE `del_status` = 1 ORDER BY `id` DESC LIMIT 0,20   [ RunTime:0.1050s ]
SQL: SHOW COLUMNS FROM `lh_technology` [ RunTime:0.0710s ]
SQL: SELECT * FROM `lh_technology` WHERE `id` = null LIMIT 1   [ RunTime:0.0640s ]
SQL: SHOW COLUMNS FROM `lh_farmer_commodity` [ RunTime:0.0630s ]
SQL: SELECT `commodity_id` FROM `lh_farmer_commodity` WHERE `farmer_id` = 111 AND `del_status` = 1  [ RunTime:0.0740s ]
SQL: SHOW COLUMNS FROM `lh_province` [ RunTime:0.0630s ]
SQL: SELECT * FROM `lh_province` WHERE `id` = 1 LIMIT 1   [ RunTime:0.0830s ]
SQL: SHOW COLUMNS FROM `lh_city` [ RunTime:0.0620s ]
SQL: SELECT * FROM `lh_city` WHERE `id` = 1 LIMIT 1   [ RunTime:0.0600s ]
SQL: SHOW COLUMNS FROM `lh_area` [ RunTime:0.0610s ]
SQL: SELECT * FROM `lh_area` WHERE `id` = 1 LIMIT 1   [ RunTime:0.0730s ]
SQL: SELECT * FROM `lh_technology` WHERE `id` = 0 LIMIT 1   [ RunTime:0.0660s ]
SQL: SELECT `commodity_id` FROM `lh_farmer_commodity` WHERE `farmer_id` = 107 AND `del_status` = 1  [ RunTime:0.0720s ]
SQL: SHOW COLUMNS FROM `lh_commodity` [ RunTime:0.0740s ]
SQL: SELECT `commodity_sort_id` FROM `lh_commodity` WHERE `id` IN ('24','22') AND `status` = 1 AND `del_status` = 1  [ RunTime:0.0660s ]
SQL: SHOW COLUMNS FROM `lh_commodity_sort` [ RunTime:0.0750s ]
SQL: SELECT `name` FROM `lh_commodity_sort` WHERE `id` IN ('1','1')  [ RunTime:0.0700s ]
SQL: SELECT * FROM `lh_province` WHERE `id` = 1 LIMIT 1   [ RunTime:0.0770s ]
SQL: SELECT * FROM `lh_city` WHERE `id` = 1 LIMIT 1   [ RunTime:0.0680s ]
SQL: SELECT * FROM `lh_area` WHERE `id` = 1 LIMIT 1   [ RunTime:0.0840s ]
SQL: SELECT * FROM `lh_technology` WHERE `id` = null LIMIT 1   [ RunTime:0.0640s ]
SQL: SELECT `commodity_id` FROM `lh_farmer_commodity` WHERE `farmer_id` = 103 AND `del_status` = 1  [ RunTime:0.0670s ]
SQL: SELECT * FROM `lh_province` WHERE `id` = null LIMIT 1   [ RunTime:0.0710s ]
SQL: SELECT * FROM `lh_city` WHERE `id` = null LIMIT 1   [ RunTime:0.0740s ]
SQL: SELECT * FROM `lh_area` WHERE `id` = null LIMIT 1   [ RunTime:0.0720s ]
SQL: SELECT * FROM `lh_technology` WHERE `id` = 12 LIMIT 1   [ RunTime:0.0970s ]
SQL: SELECT `commodity_id` FROM `lh_farmer_commodity` WHERE `farmer_id` = 101 AND `del_status` = 1  [ RunTime:0.0640s ]
SQL: SELECT `commodity_sort_id` FROM `lh_commodity` WHERE `id` IN ('22','21','25') AND `status` = 1 AND `del_status` = 1  [ RunTime:0.0600s ]
SQL: SELECT `name` FROM `lh_commodity_sort` WHERE `id` IN ('1','1','1')  [ RunTime:0.0620s ]
SQL: SELECT * FROM `lh_province` WHERE `id` = 0 LIMIT 1   [ RunTime:0.0850s ]
SQL: SELECT * FROM `lh_city` WHERE `id` = 0 LIMIT 1   [ RunTime:0.0740s ]
SQL: SELECT * FROM `lh_area` WHERE `id` = 0 LIMIT 1   [ RunTime:0.0800s ]
SQL: SELECT * FROM `lh_technology` WHERE `id` = 0 LIMIT 1   [ RunTime:0.0620s ]
SQL: SELECT `commodity_id` FROM `lh_farmer_commodity` WHERE `farmer_id` = 78 AND `del_status` = 1  [ RunTime:0.0620s ]
SQL: SELECT `commodity_sort_id` FROM `lh_commodity` WHERE `id` IN ('35','47') AND `status` = 1 AND `del_status` = 1  [ RunTime:0.0770s ]
SQL: SELECT `name` FROM `lh_commodity_sort` WHERE `id` IN ('1','1')  [ RunTime:0.0760s ]
SQL: SELECT * FROM `lh_province` WHERE `id` = 1 LIMIT 1   [ RunTime:0.0670s ]
SQL: SELECT * FROM `lh_city` WHERE `id` = 1 LIMIT 1   [ RunTime:0.0710s ]
SQL: SELECT * FROM `lh_area` WHERE `id` = 1 LIMIT 1   [ RunTime:0.0600s ]
SQL: SELECT * FROM `lh_technology` WHERE `id` = 0 LIMIT 1   [ RunTime:0.0670s ]
SQL: SELECT `commodity_id` FROM `lh_farmer_commodity` WHERE `farmer_id` = 77 AND `del_status` = 1  [ RunTime:0.0700s ]
SQL: SELECT `commodity_sort_id` FROM `lh_commodity` WHERE `id` IN ('35','45','46') AND `status` = 1 AND `del_status` = 1  [ RunTime:0.0680s ]
SQL: SELECT `name` FROM `lh_commodity_sort` WHERE `id` IN ('1','1','1')  [ RunTime:0.0830s ]
SQL: SELECT * FROM `lh_province` WHERE `id` = 1 LIMIT 1   [ RunTime:0.0790s ]
SQL: SELECT * FROM `lh_city` WHERE `id` = 1 LIMIT 1   [ RunTime:0.0800s ]
SQL: SELECT * FROM `lh_area` WHERE `id` = 1 LIMIT 1   [ RunTime:0.0620s ]
SQL: SELECT * FROM `lh_technology` WHERE `id` = 0 LIMIT 1   [ RunTime:0.0640s ]
SQL: SELECT `commodity_id` FROM `lh_farmer_commodity` WHERE `farmer_id` = 76 AND `del_status` = 1  [ RunTime:0.0610s ]
SQL: SELECT `commodity_sort_id` FROM `lh_commodity` WHERE `id` IN ('25','35') AND `status` = 1 AND `del_status` = 1  [ RunTime:0.0610s ]
SQL: SELECT `name` FROM `lh_commodity_sort` WHERE `id` IN ('1','1')  [ RunTime:0.0850s ]
SQL: SELECT * FROM `lh_province` WHERE `id` = 1 LIMIT 1   [ RunTime:0.1300s ]
SQL: SELECT * FROM `lh_city` WHERE `id` = 1 LIMIT 1   [ RunTime:0.0670s ]
SQL: SELECT * FROM `lh_area` WHERE `id` = 1 LIMIT 1   [ RunTime:0.0700s ]
SQL: SELECT * FROM `lh_technology` WHERE `id` = 0 LIMIT 1   [ RunTime:0.0650s ]
SQL: SELECT `commodity_id` FROM `lh_farmer_commodity` WHERE `farmer_id` = 75 AND `del_status` = 1  [ RunTime:0.0650s ]
SQL: SELECT `commodity_sort_id` FROM `lh_commodity` WHERE `id` IN ('35','38','45') AND `status` = 1 AND `del_status` = 1  [ RunTime:0.0710s ]
SQL: SELECT `name` FROM `lh_commodity_sort` WHERE `id` IN ('1','1','1')  [ RunTime:0.0680s ]
SQL: SELECT * FROM `lh_province` WHERE `id` = 1 LIMIT 1   [ RunTime:0.0700s ]
SQL: SELECT * FROM `lh_city` WHERE `id` = 1 LIMIT 1   [ RunTime:0.0870s ]
SQL: SELECT * FROM `lh_area` WHERE `id` = 1 LIMIT 1   [ RunTime:0.0650s ]
SQL: SELECT * FROM `lh_technology` WHERE `id` = 0 LIMIT 1   [ RunTime:0.0670s ]
SQL: SELECT `commodity_id` FROM `lh_farmer_commodity` WHERE `farmer_id` = 74 AND `del_status` = 1  [ RunTime:0.0680s ]
SQL: SELECT `commodity_sort_id` FROM `lh_commodity` WHERE `id` IN ('35','45') AND `status` = 1 AND `del_status` = 1  [ RunTime:0.0710s ]
SQL: SELECT `name` FROM `lh_commodity_sort` WHERE `id` IN ('1','1')  [ RunTime:0.0770s ]
SQL: SELECT * FROM `lh_province` WHERE `id` = 1 LIMIT 1   [ RunTime:0.0850s ]
SQL: SELECT * FROM `lh_city` WHERE `id` = 1 LIMIT 1   [ RunTime:0.0720s ]
SQL: SELECT * FROM `lh_area` WHERE `id` = 1 LIMIT 1   [ RunTime:0.0720s ]
SQL: SELECT * FROM `lh_technology` WHERE `id` = 0 LIMIT 1   [ RunTime:0.0710s ]
SQL: SELECT `commodity_id` FROM `lh_farmer_commodity` WHERE `farmer_id` = 73 AND `del_status` = 1  [ RunTime:0.0770s ]
SQL: SELECT `commodity_sort_id` FROM `lh_commodity` WHERE `id` IN ('25','35','45') AND `status` = 1 AND `del_status` = 1  [ RunTime:0.0810s ]
SQL: SELECT `name` FROM `lh_commodity_sort` WHERE `id` IN ('1','1','1')  [ RunTime:0.0640s ]
SQL: SELECT * FROM `lh_province` WHERE `id` = 1 LIMIT 1   [ RunTime:0.0810s ]
SQL: SELECT * FROM `lh_city` WHERE `id` = 1 LIMIT 1   [ RunTime:0.0760s ]
SQL: SELECT * FROM `lh_area` WHERE `id` = 1 LIMIT 1   [ RunTime:0.0760s ]
SQL: SELECT * FROM `lh_technology` WHERE `id` = 0 LIMIT 1   [ RunTime:0.0650s ]
SQL: SELECT `commodity_id` FROM `lh_farmer_commodity` WHERE `farmer_id` = 72 AND `del_status` = 1  [ RunTime:0.0700s ]
SQL: SELECT `commodity_sort_id` FROM `lh_commodity` WHERE `id` IN ('26','29','35','44','45') AND `status` = 1 AND `del_status` = 1  [ RunTime:0.1040s ]
SQL: SELECT `name` FROM `lh_commodity_sort` WHERE `id` IN ('1','1','1','1','1')  [ RunTime:0.0620s ]
SQL: SELECT * FROM `lh_province` WHERE `id` = 1 LIMIT 1   [ RunTime:0.0710s ]
SQL: SELECT * FROM `lh_city` WHERE `id` = 1 LIMIT 1   [ RunTime:0.0750s ]
SQL: SELECT * FROM `lh_area` WHERE `id` = 1 LIMIT 1   [ RunTime:0.0770s ]
SQL: SELECT * FROM `lh_technology` WHERE `id` = 0 LIMIT 1   [ RunTime:0.0630s ]
SQL: SELECT `commodity_id` FROM `lh_farmer_commodity` WHERE `farmer_id` = 71 AND `del_status` = 1  [ RunTime:0.0740s ]
SQL: SELECT `commodity_sort_id` FROM `lh_commodity` WHERE `id` IN ('27','29','32','34') AND `status` = 1 AND `del_status` = 1  [ RunTime:0.0700s ]
SQL: SELECT `name` FROM `lh_commodity_sort` WHERE `id` IN ('1','1','1','1')  [ RunTime:0.0650s ]
SQL: SELECT * FROM `lh_province` WHERE `id` = 1 LIMIT 1   [ RunTime:0.0700s ]
SQL: SELECT * FROM `lh_city` WHERE `id` = 1 LIMIT 1   [ RunTime:0.0750s ]
SQL: SELECT * FROM `lh_area` WHERE `id` = 1 LIMIT 1   [ RunTime:0.0680s ]
SQL: SELECT * FROM `lh_technology` WHERE `id` = 0 LIMIT 1   [ RunTime:0.0700s ]
SQL: SELECT `commodity_id` FROM `lh_farmer_commodity` WHERE `farmer_id` = 70 AND `del_status` = 1  [ RunTime:0.0740s ]
SQL: SELECT `commodity_sort_id` FROM `lh_commodity` WHERE `id` IN ('25','26','27','29','35','45') AND `status` = 1 AND `del_status` = 1  [ RunTime:0.0750s ]
SQL: SELECT `name` FROM `lh_commodity_sort` WHERE `id` IN ('1','1','1','1','1','1')  [ RunTime:0.0710s ]
SQL: SELECT * FROM `lh_province` WHERE `id` = 1 LIMIT 1   [ RunTime:0.0630s ]
SQL: SELECT * FROM `lh_city` WHERE `id` = 1 LIMIT 1   [ RunTime:0.0660s ]
SQL: SELECT * FROM `lh_area` WHERE `id` = 1 LIMIT 1   [ RunTime:0.0720s ]
SQL: SELECT * FROM `lh_technology` WHERE `id` = 0 LIMIT 1   [ RunTime:0.0730s ]
SQL: SELECT `commodity_id` FROM `lh_farmer_commodity` WHERE `farmer_id` = 69 AND `del_status` = 1  [ RunTime:0.0730s ]
SQL: SELECT `commodity_sort_id` FROM `lh_commodity` WHERE `id` IN ('26','29','32','35','38') AND `status` = 1 AND `del_status` = 1  [ RunTime:0.0650s ]
SQL: SELECT `name` FROM `lh_commodity_sort` WHERE `id` IN ('1','1','1','1','1')  [ RunTime:0.1060s ]
SQL: SELECT * FROM `lh_province` WHERE `id` = 1 LIMIT 1   [ RunTime:0.0620s ]
SQL: SELECT * FROM `lh_city` WHERE `id` = 1 LIMIT 1   [ RunTime:0.0660s ]
SQL: SELECT * FROM `lh_area` WHERE `id` = 1 LIMIT 1   [ RunTime:0.0690s ]
SQL: SELECT * FROM `lh_technology` WHERE `id` = 0 LIMIT 1   [ RunTime:0.0680s ]
SQL: SELECT `commodity_id` FROM `lh_farmer_commodity` WHERE `farmer_id` = 68 AND `del_status` = 1  [ RunTime:0.0710s ]
SQL: SELECT `commodity_sort_id` FROM `lh_commodity` WHERE `id` IN ('25','27','29','37','44') AND `status` = 1 AND `del_status` = 1  [ RunTime:0.0770s ]
SQL: SELECT `name` FROM `lh_commodity_sort` WHERE `id` IN ('1','1','1','1','1')  [ RunTime:0.0690s ]
SQL: SELECT * FROM `lh_province` WHERE `id` = 1 LIMIT 1   [ RunTime:0.0710s ]
SQL: SELECT * FROM `lh_city` WHERE `id` = 1 LIMIT 1   [ RunTime:0.0730s ]
SQL: SELECT * FROM `lh_area` WHERE `id` = 1 LIMIT 1   [ RunTime:0.0650s ]
SQL: SELECT * FROM `lh_technology` WHERE `id` = 0 LIMIT 1   [ RunTime:0.0670s ]
SQL: SELECT `commodity_id` FROM `lh_farmer_commodity` WHERE `farmer_id` = 67 AND `del_status` = 1  [ RunTime:0.0710s ]
SQL: SELECT `commodity_sort_id` FROM `lh_commodity` WHERE `id` IN ('22','27','29','37') AND `status` = 1 AND `del_status` = 1  [ RunTime:0.0860s ]
SQL: SELECT `name` FROM `lh_commodity_sort` WHERE `id` IN ('1','1','1','1')  [ RunTime:0.0790s ]
SQL: SELECT * FROM `lh_province` WHERE `id` = 1 LIMIT 1   [ RunTime:0.0690s ]
SQL: SELECT * FROM `lh_city` WHERE `id` = 1 LIMIT 1   [ RunTime:0.0970s ]
SQL: SELECT * FROM `lh_area` WHERE `id` = 1 LIMIT 1   [ RunTime:0.0610s ]
SQL: SELECT * FROM `lh_technology` WHERE `id` = 0 LIMIT 1   [ RunTime:0.0720s ]
SQL: SELECT `commodity_id` FROM `lh_farmer_commodity` WHERE `farmer_id` = 66 AND `del_status` = 1  [ RunTime:0.0850s ]
SQL: SELECT `commodity_sort_id` FROM `lh_commodity` WHERE `id` IN ('25','26','27','29','35') AND `status` = 1 AND `del_status` = 1  [ RunTime:0.0870s ]
SQL: SELECT `name` FROM `lh_commodity_sort` WHERE `id` IN ('1','1','1','1','1')  [ RunTime:0.0900s ]
SQL: SELECT * FROM `lh_province` WHERE `id` = 1 LIMIT 1   [ RunTime:0.0620s ]
SQL: SELECT * FROM `lh_city` WHERE `id` = 1 LIMIT 1   [ RunTime:0.0900s ]
SQL: SELECT * FROM `lh_area` WHERE `id` = 1 LIMIT 1   [ RunTime:0.0660s ]
SQL: SELECT * FROM `lh_technology` WHERE `id` = 0 LIMIT 1   [ RunTime:0.0680s ]
SQL: SELECT `commodity_id` FROM `lh_farmer_commodity` WHERE `farmer_id` = 65 AND `del_status` = 1  [ RunTime:0.0750s ]
SQL: SELECT `commodity_sort_id` FROM `lh_commodity` WHERE `id` IN ('19','22','25','26','29') AND `status` = 1 AND `del_status` = 1  [ RunTime:0.0640s ]
SQL: SELECT `name` FROM `lh_commodity_sort` WHERE `id` IN ('1','1','1','1','1')  [ RunTime:0.0670s ]
SQL: SELECT * FROM `lh_province` WHERE `id` = 1 LIMIT 1   [ RunTime:0.0610s ]
SQL: SELECT * FROM `lh_city` WHERE `id` = 1 LIMIT 1   [ RunTime:0.0610s ]
SQL: SELECT * FROM `lh_area` WHERE `id` = 1 LIMIT 1   [ RunTime:0.0720s ]
SQL: SELECT * FROM `lh_technology` WHERE `id` = 0 LIMIT 1   [ RunTime:0.0730s ]
SQL: SELECT `commodity_id` FROM `lh_farmer_commodity` WHERE `farmer_id` = 64 AND `del_status` = 1  [ RunTime:0.0690s ]
SQL: SELECT `commodity_sort_id` FROM `lh_commodity` WHERE `id` IN ('27','29','36','38') AND `status` = 1 AND `del_status` = 1  [ RunTime:0.0680s ]
SQL: SELECT `name` FROM `lh_commodity_sort` WHERE `id` IN ('1','1','1','1')  [ RunTime:0.0680s ]
SQL: SELECT * FROM `lh_province` WHERE `id` = 1 LIMIT 1   [ RunTime:0.0730s ]
SQL: SELECT * FROM `lh_city` WHERE `id` = 1 LIMIT 1   [ RunTime:0.0730s ]
SQL: SELECT * FROM `lh_area` WHERE `id` = 1 LIMIT 1   [ RunTime:0.0710s ]
SQL: SELECT * FROM `lh_technology` WHERE `id` = 0 LIMIT 1   [ RunTime:0.0710s ]
SQL: SELECT `commodity_id` FROM `lh_farmer_commodity` WHERE `farmer_id` = 63 AND `del_status` = 1  [ RunTime:0.0710s ]
SQL: SELECT `commodity_sort_id` FROM `lh_commodity` WHERE `id` IN ('21','22','26','27','29') AND `status` = 1 AND `del_status` = 1  [ RunTime:0.0810s ]
SQL: SELECT `name` FROM `lh_commodity_sort` WHERE `id` IN ('1','1','1','1','1')  [ RunTime:0.0840s ]
SQL: SELECT * FROM `lh_province` WHERE `id` = 1 LIMIT 1   [ RunTime:0.0930s ]
SQL: SELECT * FROM `lh_city` WHERE `id` = 1 LIMIT 1   [ RunTime:0.0630s ]
SQL: SELECT * FROM `lh_area` WHERE `id` = 1 LIMIT 1   [ RunTime:0.0860s ]
INFO: [ view_parse ] --START--
INFO: [ template_filter ] --START--
INFO: Run Behavior\ContentReplaceBehavior [ RunTime:0.001000s ]
INFO: [ template_filter ] --END-- [ RunTime:0.005000s ]
NOTIC: [8] Undefined variable: name G:\phpStudy\PHPTutorial\WWW\longhuanongye\Application\Runtime\Cache\Admin\ff06b107c338d1dfa1e1b4ee1ad20ef9.php 第 270 行.
NOTIC: [8] Undefined variable: phone G:\phpStudy\PHPTutorial\WWW\longhuanongye\Application\Runtime\Cache\Admin\ff06b107c338d1dfa1e1b4ee1ad20ef9.php 第 272 行.
NOTIC: [8] Array to string conversion G:\phpStudy\PHPTutorial\WWW\longhuanongye\Application\Runtime\Cache\Admin\ff06b107c338d1dfa1e1b4ee1ad20ef9.php 第 351 行.
NOTIC: [8] Array to string conversion G:\phpStudy\PHPTutorial\WWW\longhuanongye\Application\Runtime\Cache\Admin\ff06b107c338d1dfa1e1b4ee1ad20ef9.php 第 351 行.
NOTIC: [8] Array to string conversion G:\phpStudy\PHPTutorial\WWW\longhuanongye\Application\Runtime\Cache\Admin\ff06b107c338d1dfa1e1b4ee1ad20ef9.php 第 351 行.
NOTIC: [8] Array to string conversion G:\phpStudy\PHPTutorial\WWW\longhuanongye\Application\Runtime\Cache\Admin\ff06b107c338d1dfa1e1b4ee1ad20ef9.php 第 351 行.
NOTIC: [8] Array to string conversion G:\phpStudy\PHPTutorial\WWW\longhuanongye\Application\Runtime\Cache\Admin\ff06b107c338d1dfa1e1b4ee1ad20ef9.php 第 351 行.
NOTIC: [8] Array to string conversion G:\phpStudy\PHPTutorial\WWW\longhuanongye\Application\Runtime\Cache\Admin\ff06b107c338d1dfa1e1b4ee1ad20ef9.php 第 351 行.
NOTIC: [8] Array to string conversion G:\phpStudy\PHPTutorial\WWW\longhuanongye\Application\Runtime\Cache\Admin\ff06b107c338d1dfa1e1b4ee1ad20ef9.php 第 351 行.
NOTIC: [8] Array to string conversion G:\phpStudy\PHPTutorial\WWW\longhuanongye\Application\Runtime\Cache\Admin\ff06b107c338d1dfa1e1b4ee1ad20ef9.php 第 351 行.
NOTIC: [8] Array to string conversion G:\phpStudy\PHPTutorial\WWW\longhuanongye\Application\Runtime\Cache\Admin\ff06b107c338d1dfa1e1b4ee1ad20ef9.php 第 351 行.
NOTIC: [8] Array to string conversion G:\phpStudy\PHPTutorial\WWW\longhuanongye\Application\Runtime\Cache\Admin\ff06b107c338d1dfa1e1b4ee1ad20ef9.php 第 351 行.
NOTIC: [8] Array to string conversion G:\phpStudy\PHPTutorial\WWW\longhuanongye\Application\Runtime\Cache\Admin\ff06b107c338d1dfa1e1b4ee1ad20ef9.php 第 351 行.
NOTIC: [8] Array to string conversion G:\phpStudy\PHPTutorial\WWW\longhuanongye\Application\Runtime\Cache\Admin\ff06b107c338d1dfa1e1b4ee1ad20ef9.php 第 351 行.
NOTIC: [8] Array to string conversion G:\phpStudy\PHPTutorial\WWW\longhuanongye\Application\Runtime\Cache\Admin\ff06b107c338d1dfa1e1b4ee1ad20ef9.php 第 351 行.
NOTIC: [8] Array to string conversion G:\phpStudy\PHPTutorial\WWW\longhuanongye\Application\Runtime\Cache\Admin\ff06b107c338d1dfa1e1b4ee1ad20ef9.php 第 351 行.
NOTIC: [8] Array to string conversion G:\phpStudy\PHPTutorial\WWW\longhuanongye\Application\Runtime\Cache\Admin\ff06b107c338d1dfa1e1b4ee1ad20ef9.php 第 351 行.
NOTIC: [8] Array to string conversion G:\phpStudy\PHPTutorial\WWW\longhuanongye\Application\Runtime\Cache\Admin\ff06b107c338d1dfa1e1b4ee1ad20ef9.php 第 351 行.
NOTIC: [8] Array to string conversion G:\phpStudy\PHPTutorial\WWW\longhuanongye\Application\Runtime\Cache\Admin\ff06b107c338d1dfa1e1b4ee1ad20ef9.php 第 351 行.
NOTIC: [8] Array to string conversion G:\phpStudy\PHPTutorial\WWW\longhuanongye\Application\Runtime\Cache\Admin\ff06b107c338d1dfa1e1b4ee1ad20ef9.php 第 351 行.
NOTIC: [8] Array to string conversion G:\phpStudy\PHPTutorial\WWW\longhuanongye\Application\Runtime\Cache\Admin\ff06b107c338d1dfa1e1b4ee1ad20ef9.php 第 351 行.
NOTIC: [8] Array to string conversion G:\phpStudy\PHPTutorial\WWW\longhuanongye\Application\Runtime\Cache\Admin\ff06b107c338d1dfa1e1b4ee1ad20ef9.php 第 351 行.
INFO: Run Behavior\ParseTemplateBehavior [ RunTime:1.175068s ]
INFO: [ view_parse ] --END-- [ RunTime:1.178068s ]
INFO: [ view_filter ] --START--
INFO: Run Behavior\WriteHtmlCacheBehavior [ RunTime:0.005000s ]
INFO: [ view_filter ] --END-- [ RunTime:0.007000s ]
INFO: [ app_end ] --START--
INFO: Run Behavior\ShowPageTraceBehavior [ RunTime:0.005000s ]
INFO: [ app_end ] --END-- [ RunTime:0.008000s ]

