[ 2020-08-18T14:57:10+08:00 ] 127.0.0.1 /admin.php/Goods/list1
INFO: [ app_init ] --START--
INFO: Run Behavior\BuildLiteBehavior [ RunTime:0.001000s ]
INFO: [ app_init ] --END-- [ RunTime:0.022002s ]
INFO: [ app_begin ] --START--
INFO: Run Behavior\ReadHtmlCacheBehavior [ RunTime:0.007000s ]
INFO: [ app_begin ] --END-- [ RunTime:0.010000s ]
INFO: [ view_parse ] --START--
INFO: [ template_filter ] --START--
INFO: Run Behavior\ContentReplaceBehavior [ RunTime:0.031002s ]
INFO: [ template_filter ] --END-- [ RunTime:0.034002s ]
INFO: Run Behavior\ParseTemplateBehavior [ RunTime:0.238014s ]
INFO: [ view_parse ] --END-- [ RunTime:0.242014s ]
INFO: [ view_filter ] --START--
INFO: Run Behavior\WriteHtmlCacheBehavior [ RunTime:0.036002s ]
INFO: [ view_filter ] --END-- [ RunTime:0.038002s ]

[ 2020-08-18T14:57:15+08:00 ] 127.0.0.1 /admin.php/Login/login
INFO: [ app_init ] --START--
INFO: Run Behavior\BuildLiteBehavior [ RunTime:0.000000s ]
INFO: [ app_init ] --END-- [ RunTime:0.009000s ]
INFO: [ app_begin ] --START--
INFO: Run Behavior\ReadHtmlCacheBehavior [ RunTime:0.006000s ]
INFO: [ app_begin ] --END-- [ RunTime:0.011001s ]
INFO: [ view_parse ] --START--
INFO: [ template_filter ] --START--
INFO: Run Behavior\ContentReplaceBehavior [ RunTime:0.002001s ]
INFO: [ template_filter ] --END-- [ RunTime:0.005001s ]
INFO: Run Behavior\ParseTemplateBehavior [ RunTime:0.093005s ]
INFO: [ view_parse ] --END-- [ RunTime:0.095005s ]
INFO: [ view_filter ] --START--
INFO: Run Behavior\WriteHtmlCacheBehavior [ RunTime:0.004001s ]
INFO: [ view_filter ] --END-- [ RunTime:0.007001s ]
INFO: [ app_end ] --START--
INFO: Run Behavior\ShowPageTraceBehavior [ RunTime:0.030002s ]
INFO: [ app_end ] --END-- [ RunTime:0.034002s ]

[ 2020-08-18T14:57:16+08:00 ] 127.0.0.1 /admin.php/Login/login
INFO: [ app_init ] --START--
INFO: Run Behavior\BuildLiteBehavior [ RunTime:0.001000s ]
INFO: [ app_init ] --END-- [ RunTime:0.006000s ]
INFO: [ app_begin ] --START--
INFO: Run Behavior\ReadHtmlCacheBehavior [ RunTime:0.006000s ]
INFO: [ app_begin ] --END-- [ RunTime:0.011001s ]
INFO: [ view_parse ] --START--
INFO: [ template_filter ] --START--
INFO: Run Behavior\ContentReplaceBehavior [ RunTime:0.001000s ]
INFO: [ template_filter ] --END-- [ RunTime:0.006000s ]
INFO: Run Behavior\ParseTemplateBehavior [ RunTime:0.127008s ]
INFO: [ view_parse ] --END-- [ RunTime:0.131008s ]
INFO: [ view_filter ] --START--
INFO: Run Behavior\WriteHtmlCacheBehavior [ RunTime:0.005000s ]
INFO: [ view_filter ] --END-- [ RunTime:0.007000s ]
INFO: [ app_end ] --START--
INFO: Run Behavior\ShowPageTraceBehavior [ RunTime:0.006000s ]
INFO: [ app_end ] --END-- [ RunTime:0.010000s ]

[ 2020-08-18T14:57:20+08:00 ] 127.0.0.1 /admin.php/Login/ajax_login
INFO: [ app_init ] --START--
INFO: Run Behavior\BuildLiteBehavior [ RunTime:0.000000s ]
INFO: [ app_init ] --END-- [ RunTime:0.006001s ]
INFO: [ app_begin ] --START--
INFO: Run Behavior\ReadHtmlCacheBehavior [ RunTime:0.005000s ]
INFO: [ app_begin ] --END-- [ RunTime:0.007000s ]
SQL: SHOW COLUMNS FROM `jw_admin` [ RunTime:0.7380s ]
SQL: SELECT * FROM `jw_admin` WHERE `account` = 'michael' AND `password` = 'f8f6048dee08c317d91ad06da171b309' AND `status` = 0 LIMIT 1   [ RunTime:0.1570s ]
SQL: SHOW COLUMNS FROM `jw_log_admin` [ RunTime:0.0760s ]
SQL: INSERT INTO `jw_log_admin` (`ip`,`admin_id`,`login_time`) VALUES ('127.0.0.1','14','2020-08-18 14:57:20') [ RunTime:0.0940s ]

[ 2020-08-18T14:57:23+08:00 ] 127.0.0.1 /admin.php/Goods/list1
INFO: [ app_init ] --START--
INFO: Run Behavior\BuildLiteBehavior [ RunTime:0.001000s ]
INFO: [ app_init ] --END-- [ RunTime:0.007000s ]
INFO: [ app_begin ] --START--
INFO: Run Behavior\ReadHtmlCacheBehavior [ RunTime:0.007001s ]
INFO: [ app_begin ] --END-- [ RunTime:0.010001s ]
SQL: SHOW COLUMNS FROM `jw_auth_group_access` [ RunTime:0.0330s ]
SQL: SELECT `uid`,`group_id`,`title`,`rules` FROM jw_auth_group_access a INNER JOIN jw_auth_group g on a.group_id=g.id  WHERE ( a.uid='14' and g.status='1' )  [ RunTime:0.0680s ]
SQL: SHOW COLUMNS FROM `jw_auth_rule` [ RunTime:0.0730s ]
SQL: SELECT `condition`,`name` FROM `jw_auth_rule` WHERE `id` IN ('50','349','350','351','359','360','361','362','363','364','486','527','530','536','537','546','547','548','549','550','551','552','553','554','538','539','542','543','544','545','540','541','564','565','566','555','556','557','558','559','560','561','562','563','567','568','569','573','574','575','576','577','570','571','572','578','579','580','581','582','583','584','585') AND `type` = 1 AND `status` = 1  [ RunTime:0.0060s ]
SQL: SHOW COLUMNS FROM `jw_goods` [ RunTime:0.0160s ]
SQL: SELECT * FROM `jw_goods`  [ RunTime:0.0030s ]
SQL: SELECT * FROM `jw_goods` ORDER BY `id` DESC LIMIT 0,20   [ RunTime:0.0020s ]
INFO: [ view_parse ] --START--
INFO: [ template_filter ] --START--
INFO: Run Behavior\ContentReplaceBehavior [ RunTime:0.002000s ]
INFO: [ template_filter ] --END-- [ RunTime:0.004000s ]
NOTIC: [8] Undefined variable: describe E:\guanjia_sys\Application\Runtime\Cache\Admin\074ec9b2474af74d8e8d3f18877a0ca4.php 第 287 行.
NOTIC: [8] Undefined variable: start_year E:\guanjia_sys\Application\Runtime\Cache\Admin\074ec9b2474af74d8e8d3f18877a0ca4.php 第 291 行.
NOTIC: [8] Undefined variable: end_year E:\guanjia_sys\Application\Runtime\Cache\Admin\074ec9b2474af74d8e8d3f18877a0ca4.php 第 291 行.
NOTIC: [8] Undefined variable: belong_info E:\guanjia_sys\Application\Runtime\Cache\Admin\074ec9b2474af74d8e8d3f18877a0ca4.php 第 297 行.
NOTIC: [2] in_array() expects parameter 2 to be array, null given E:\guanjia_sys\Application\Runtime\Cache\Admin\074ec9b2474af74d8e8d3f18877a0ca4.php 第 297 行.
NOTIC: [8] Undefined variable: belong_info E:\guanjia_sys\Application\Runtime\Cache\Admin\074ec9b2474af74d8e8d3f18877a0ca4.php 第 297 行.
NOTIC: [2] in_array() expects parameter 2 to be array, null given E:\guanjia_sys\Application\Runtime\Cache\Admin\074ec9b2474af74d8e8d3f18877a0ca4.php 第 297 行.
NOTIC: [8] Undefined variable: belong_info E:\guanjia_sys\Application\Runtime\Cache\Admin\074ec9b2474af74d8e8d3f18877a0ca4.php 第 297 行.
NOTIC: [2] in_array() expects parameter 2 to be array, null given E:\guanjia_sys\Application\Runtime\Cache\Admin\074ec9b2474af74d8e8d3f18877a0ca4.php 第 297 行.
NOTIC: [8] Undefined variable: belong_info E:\guanjia_sys\Application\Runtime\Cache\Admin\074ec9b2474af74d8e8d3f18877a0ca4.php 第 297 行.
NOTIC: [2] in_array() expects parameter 2 to be array, null given E:\guanjia_sys\Application\Runtime\Cache\Admin\074ec9b2474af74d8e8d3f18877a0ca4.php 第 297 行.
NOTIC: [8] Undefined variable: belong_info E:\guanjia_sys\Application\Runtime\Cache\Admin\074ec9b2474af74d8e8d3f18877a0ca4.php 第 297 行.
NOTIC: [2] in_array() expects parameter 2 to be array, null given E:\guanjia_sys\Application\Runtime\Cache\Admin\074ec9b2474af74d8e8d3f18877a0ca4.php 第 297 行.
NOTIC: [8] Undefined variable: belong_info E:\guanjia_sys\Application\Runtime\Cache\Admin\074ec9b2474af74d8e8d3f18877a0ca4.php 第 297 行.
NOTIC: [2] in_array() expects parameter 2 to be array, null given E:\guanjia_sys\Application\Runtime\Cache\Admin\074ec9b2474af74d8e8d3f18877a0ca4.php 第 297 行.
NOTIC: [8] Undefined variable: belong_info E:\guanjia_sys\Application\Runtime\Cache\Admin\074ec9b2474af74d8e8d3f18877a0ca4.php 第 297 行.
NOTIC: [2] in_array() expects parameter 2 to be array, null given E:\guanjia_sys\Application\Runtime\Cache\Admin\074ec9b2474af74d8e8d3f18877a0ca4.php 第 297 行.
NOTIC: [8] Undefined variable: type E:\guanjia_sys\Application\Runtime\Cache\Admin\074ec9b2474af74d8e8d3f18877a0ca4.php 第 304 行.
NOTIC: [8] Undefined variable: type E:\guanjia_sys\Application\Runtime\Cache\Admin\074ec9b2474af74d8e8d3f18877a0ca4.php 第 305 行.
NOTIC: [8] Undefined variable: type E:\guanjia_sys\Application\Runtime\Cache\Admin\074ec9b2474af74d8e8d3f18877a0ca4.php 第 306 行.
NOTIC: [8] Undefined variable: type E:\guanjia_sys\Application\Runtime\Cache\Admin\074ec9b2474af74d8e8d3f18877a0ca4.php 第 307 行.
NOTIC: [8] Undefined variable: type E:\guanjia_sys\Application\Runtime\Cache\Admin\074ec9b2474af74d8e8d3f18877a0ca4.php 第 308 行.
NOTIC: [8] Undefined variable: type E:\guanjia_sys\Application\Runtime\Cache\Admin\074ec9b2474af74d8e8d3f18877a0ca4.php 第 309 行.
NOTIC: [8] Undefined variable: type E:\guanjia_sys\Application\Runtime\Cache\Admin\074ec9b2474af74d8e8d3f18877a0ca4.php 第 310 行.
NOTIC: [8] Undefined variable: type E:\guanjia_sys\Application\Runtime\Cache\Admin\074ec9b2474af74d8e8d3f18877a0ca4.php 第 311 行.
NOTIC: [8] Undefined variable: type E:\guanjia_sys\Application\Runtime\Cache\Admin\074ec9b2474af74d8e8d3f18877a0ca4.php 第 312 行.
NOTIC: [8] Undefined variable: address_info E:\guanjia_sys\Application\Runtime\Cache\Admin\074ec9b2474af74d8e8d3f18877a0ca4.php 第 319 行.
NOTIC: [2] in_array() expects parameter 2 to be array, null given E:\guanjia_sys\Application\Runtime\Cache\Admin\074ec9b2474af74d8e8d3f18877a0ca4.php 第 319 行.
NOTIC: [8] Undefined variable: address_info E:\guanjia_sys\Application\Runtime\Cache\Admin\074ec9b2474af74d8e8d3f18877a0ca4.php 第 319 行.
NOTIC: [2] in_array() expects parameter 2 to be array, null given E:\guanjia_sys\Application\Runtime\Cache\Admin\074ec9b2474af74d8e8d3f18877a0ca4.php 第 319 行.
NOTIC: [8] Undefined variable: address_info E:\guanjia_sys\Application\Runtime\Cache\Admin\074ec9b2474af74d8e8d3f18877a0ca4.php 第 319 行.
NOTIC: [2] in_array() expects parameter 2 to be array, null given E:\guanjia_sys\Application\Runtime\Cache\Admin\074ec9b2474af74d8e8d3f18877a0ca4.php 第 319 行.
NOTIC: [8] Undefined variable: position_info E:\guanjia_sys\Application\Runtime\Cache\Admin\074ec9b2474af74d8e8d3f18877a0ca4.php 第 325 行.
NOTIC: [2] in_array() expects parameter 2 to be array, null given E:\guanjia_sys\Application\Runtime\Cache\Admin\074ec9b2474af74d8e8d3f18877a0ca4.php 第 325 行.
NOTIC: [8] Undefined variable: position_info E:\guanjia_sys\Application\Runtime\Cache\Admin\074ec9b2474af74d8e8d3f18877a0ca4.php 第 325 行.
NOTIC: [2] in_array() expects parameter 2 to be array, null given E:\guanjia_sys\Application\Runtime\Cache\Admin\074ec9b2474af74d8e8d3f18877a0ca4.php 第 325 行.
NOTIC: [8] Undefined variable: position_info E:\guanjia_sys\Application\Runtime\Cache\Admin\074ec9b2474af74d8e8d3f18877a0ca4.php 第 325 行.
NOTIC: [2] in_array() expects parameter 2 to be array, null given E:\guanjia_sys\Application\Runtime\Cache\Admin\074ec9b2474af74d8e8d3f18877a0ca4.php 第 325 行.
NOTIC: [8] Undefined variable: position_info E:\guanjia_sys\Application\Runtime\Cache\Admin\074ec9b2474af74d8e8d3f18877a0ca4.php 第 325 行.
NOTIC: [2] in_array() expects parameter 2 to be array, null given E:\guanjia_sys\Application\Runtime\Cache\Admin\074ec9b2474af74d8e8d3f18877a0ca4.php 第 325 行.
NOTIC: [8] Undefined variable: position_info E:\guanjia_sys\Application\Runtime\Cache\Admin\074ec9b2474af74d8e8d3f18877a0ca4.php 第 325 行.
NOTIC: [2] in_array() expects parameter 2 to be array, null given E:\guanjia_sys\Application\Runtime\Cache\Admin\074ec9b2474af74d8e8d3f18877a0ca4.php 第 325 行.
NOTIC: [8] Undefined variable: position_info E:\guanjia_sys\Application\Runtime\Cache\Admin\074ec9b2474af74d8e8d3f18877a0ca4.php 第 325 行.
NOTIC: [2] in_array() expects parameter 2 to be array, null given E:\guanjia_sys\Application\Runtime\Cache\Admin\074ec9b2474af74d8e8d3f18877a0ca4.php 第 325 行.
NOTIC: [8] Undefined variable: position_info E:\guanjia_sys\Application\Runtime\Cache\Admin\074ec9b2474af74d8e8d3f18877a0ca4.php 第 325 行.
NOTIC: [2] in_array() expects parameter 2 to be array, null given E:\guanjia_sys\Application\Runtime\Cache\Admin\074ec9b2474af74d8e8d3f18877a0ca4.php 第 325 行.
INFO: Run Behavior\ParseTemplateBehavior [ RunTime:0.745042s ]
INFO: [ view_parse ] --END-- [ RunTime:0.747042s ]
INFO: [ view_filter ] --START--
INFO: Run Behavior\WriteHtmlCacheBehavior [ RunTime:0.004000s ]
INFO: [ view_filter ] --END-- [ RunTime:0.006000s ]
INFO: [ app_end ] --START--
INFO: Run Behavior\ShowPageTraceBehavior [ RunTime:0.005001s ]
INFO: [ app_end ] --END-- [ RunTime:0.007001s ]

[ 2020-08-18T14:57:27+08:00 ] 127.0.0.1 /admin.php/Goods/goods_operation
INFO: [ app_init ] --START--
INFO: Run Behavior\BuildLiteBehavior [ RunTime:0.001000s ]
INFO: [ app_init ] --END-- [ RunTime:0.005000s ]
INFO: [ app_begin ] --START--
INFO: Run Behavior\ReadHtmlCacheBehavior [ RunTime:0.004000s ]
INFO: [ app_begin ] --END-- [ RunTime:0.008001s ]
SQL: SHOW COLUMNS FROM `jw_auth_group_access` [ RunTime:0.0120s ]
SQL: SELECT `uid`,`group_id`,`title`,`rules` FROM jw_auth_group_access a INNER JOIN jw_auth_group g on a.group_id=g.id  WHERE ( a.uid='14' and g.status='1' )  [ RunTime:0.0100s ]
SQL: SHOW COLUMNS FROM `jw_auth_rule` [ RunTime:0.0120s ]
SQL: SELECT `condition`,`name` FROM `jw_auth_rule` WHERE `id` IN ('50','349','350','351','359','360','361','362','363','364','486','527','530','536','537','546','547','548','549','550','551','552','553','554','538','539','542','543','544','545','540','541','564','565','566','555','556','557','558','559','560','561','562','563','567','568','569','573','574','575','576','577','570','571','572','578','579','580','581','582','583','584','585') AND `type` = 1 AND `status` = 1  [ RunTime:0.0050s ]
INFO: [ view_parse ] --START--
INFO: [ template_filter ] --START--
INFO: Run Behavior\ContentReplaceBehavior [ RunTime:0.003001s ]
INFO: [ template_filter ] --END-- [ RunTime:0.006001s ]
NOTIC: [8] Undefined variable: form E:\guanjia_sys\Application\Runtime\Cache\Admin\c5f8a3e0283498eec193fd50c524bcb7.php 第 250 行.
NOTIC: [8] Undefined variable: form E:\guanjia_sys\Application\Runtime\Cache\Admin\c5f8a3e0283498eec193fd50c524bcb7.php 第 262 行.
NOTIC: [8] Undefined variable: form E:\guanjia_sys\Application\Runtime\Cache\Admin\c5f8a3e0283498eec193fd50c524bcb7.php 第 298 行.
NOTIC: [8] Undefined variable: form E:\guanjia_sys\Application\Runtime\Cache\Admin\c5f8a3e0283498eec193fd50c524bcb7.php 第 332 行.
NOTIC: [8] Undefined variable: form E:\guanjia_sys\Application\Runtime\Cache\Admin\c5f8a3e0283498eec193fd50c524bcb7.php 第 352 行.
NOTIC: [8] Undefined variable: form E:\guanjia_sys\Application\Runtime\Cache\Admin\c5f8a3e0283498eec193fd50c524bcb7.php 第 353 行.
NOTIC: [8] Undefined variable: project_options E:\guanjia_sys\Application\Runtime\Cache\Admin\c5f8a3e0283498eec193fd50c524bcb7.php 第 368 行.
NOTIC: [8] Undefined variable: student E:\guanjia_sys\Application\Runtime\Cache\Admin\c5f8a3e0283498eec193fd50c524bcb7.php 第 391 行.
NOTIC: [8] Undefined variable: teacher E:\guanjia_sys\Application\Runtime\Cache\Admin\c5f8a3e0283498eec193fd50c524bcb7.php 第 413 行.
NOTIC: [8] Undefined variable: form E:\guanjia_sys\Application\Runtime\Cache\Admin\c5f8a3e0283498eec193fd50c524bcb7.php 第 443 行.
NOTIC: [8] Undefined variable: form E:\guanjia_sys\Application\Runtime\Cache\Admin\c5f8a3e0283498eec193fd50c524bcb7.php 第 447 行.
NOTIC: [8] Undefined variable: form E:\guanjia_sys\Application\Runtime\Cache\Admin\c5f8a3e0283498eec193fd50c524bcb7.php 第 463 行.
NOTIC: [8] Undefined variable: form E:\guanjia_sys\Application\Runtime\Cache\Admin\c5f8a3e0283498eec193fd50c524bcb7.php 第 475 行.
NOTIC: [8] Undefined variable: form E:\guanjia_sys\Application\Runtime\Cache\Admin\c5f8a3e0283498eec193fd50c524bcb7.php 第 489 行.
NOTIC: [8] Undefined variable: form E:\guanjia_sys\Application\Runtime\Cache\Admin\c5f8a3e0283498eec193fd50c524bcb7.php 第 490 行.
NOTIC: [8] Undefined variable: form E:\guanjia_sys\Application\Runtime\Cache\Admin\c5f8a3e0283498eec193fd50c524bcb7.php 第 491 行.
NOTIC: [8] Undefined variable: form E:\guanjia_sys\Application\Runtime\Cache\Admin\c5f8a3e0283498eec193fd50c524bcb7.php 第 492 行.
NOTIC: [8] Undefined variable: form E:\guanjia_sys\Application\Runtime\Cache\Admin\c5f8a3e0283498eec193fd50c524bcb7.php 第 493 行.
NOTIC: [8] Undefined variable: form E:\guanjia_sys\Application\Runtime\Cache\Admin\c5f8a3e0283498eec193fd50c524bcb7.php 第 494 行.
NOTIC: [8] Undefined variable: form E:\guanjia_sys\Application\Runtime\Cache\Admin\c5f8a3e0283498eec193fd50c524bcb7.php 第 495 行.
NOTIC: [8] Undefined variable: form E:\guanjia_sys\Application\Runtime\Cache\Admin\c5f8a3e0283498eec193fd50c524bcb7.php 第 511 行.
NOTIC: [2] in_array() expects parameter 2 to be array, null given E:\guanjia_sys\Application\Runtime\Cache\Admin\c5f8a3e0283498eec193fd50c524bcb7.php 第 511 行.
NOTIC: [8] Undefined variable: form E:\guanjia_sys\Application\Runtime\Cache\Admin\c5f8a3e0283498eec193fd50c524bcb7.php 第 511 行.
NOTIC: [2] in_array() expects parameter 2 to be array, null given E:\guanjia_sys\Application\Runtime\Cache\Admin\c5f8a3e0283498eec193fd50c524bcb7.php 第 511 行.
NOTIC: [8] Undefined variable: form E:\guanjia_sys\Application\Runtime\Cache\Admin\c5f8a3e0283498eec193fd50c524bcb7.php 第 511 行.
NOTIC: [2] in_array() expects parameter 2 to be array, null given E:\guanjia_sys\Application\Runtime\Cache\Admin\c5f8a3e0283498eec193fd50c524bcb7.php 第 511 行.
NOTIC: [8] Undefined variable: form E:\guanjia_sys\Application\Runtime\Cache\Admin\c5f8a3e0283498eec193fd50c524bcb7.php 第 511 行.
NOTIC: [2] in_array() expects parameter 2 to be array, null given E:\guanjia_sys\Application\Runtime\Cache\Admin\c5f8a3e0283498eec193fd50c524bcb7.php 第 511 行.
NOTIC: [8] Undefined variable: form E:\guanjia_sys\Application\Runtime\Cache\Admin\c5f8a3e0283498eec193fd50c524bcb7.php 第 511 行.
NOTIC: [2] in_array() expects parameter 2 to be array, null given E:\guanjia_sys\Application\Runtime\Cache\Admin\c5f8a3e0283498eec193fd50c524bcb7.php 第 511 行.
NOTIC: [8] Undefined variable: form E:\guanjia_sys\Application\Runtime\Cache\Admin\c5f8a3e0283498eec193fd50c524bcb7.php 第 511 行.
NOTIC: [2] in_array() expects parameter 2 to be array, null given E:\guanjia_sys\Application\Runtime\Cache\Admin\c5f8a3e0283498eec193fd50c524bcb7.php 第 511 行.
NOTIC: [8] Undefined variable: form E:\guanjia_sys\Application\Runtime\Cache\Admin\c5f8a3e0283498eec193fd50c524bcb7.php 第 511 行.
NOTIC: [2] in_array() expects parameter 2 to be array, null given E:\guanjia_sys\Application\Runtime\Cache\Admin\c5f8a3e0283498eec193fd50c524bcb7.php 第 511 行.
NOTIC: [8] Undefined variable: form E:\guanjia_sys\Application\Runtime\Cache\Admin\c5f8a3e0283498eec193fd50c524bcb7.php 第 526 行.
NOTIC: [8] Undefined variable: form E:\guanjia_sys\Application\Runtime\Cache\Admin\c5f8a3e0283498eec193fd50c524bcb7.php 第 527 行.
NOTIC: [8] Undefined variable: form E:\guanjia_sys\Application\Runtime\Cache\Admin\c5f8a3e0283498eec193fd50c524bcb7.php 第 528 行.
NOTIC: [8] Undefined variable: form E:\guanjia_sys\Application\Runtime\Cache\Admin\c5f8a3e0283498eec193fd50c524bcb7.php 第 529 行.
NOTIC: [8] Undefined variable: form E:\guanjia_sys\Application\Runtime\Cache\Admin\c5f8a3e0283498eec193fd50c524bcb7.php 第 530 行.
NOTIC: [8] Undefined variable: form E:\guanjia_sys\Application\Runtime\Cache\Admin\c5f8a3e0283498eec193fd50c524bcb7.php 第 531 行.
NOTIC: [8] Undefined variable: form E:\guanjia_sys\Application\Runtime\Cache\Admin\c5f8a3e0283498eec193fd50c524bcb7.php 第 532 行.
NOTIC: [8] Undefined variable: form E:\guanjia_sys\Application\Runtime\Cache\Admin\c5f8a3e0283498eec193fd50c524bcb7.php 第 533 行.
NOTIC: [8] Undefined variable: form E:\guanjia_sys\Application\Runtime\Cache\Admin\c5f8a3e0283498eec193fd50c524bcb7.php 第 534 行.
NOTIC: [8] Undefined variable: form E:\guanjia_sys\Application\Runtime\Cache\Admin\c5f8a3e0283498eec193fd50c524bcb7.php 第 551 行.
NOTIC: [2] in_array() expects parameter 2 to be array, null given E:\guanjia_sys\Application\Runtime\Cache\Admin\c5f8a3e0283498eec193fd50c524bcb7.php 第 551 行.
NOTIC: [8] Undefined variable: form E:\guanjia_sys\Application\Runtime\Cache\Admin\c5f8a3e0283498eec193fd50c524bcb7.php 第 551 行.
NOTIC: [2] in_array() expects parameter 2 to be array, null given E:\guanjia_sys\Application\Runtime\Cache\Admin\c5f8a3e0283498eec193fd50c524bcb7.php 第 551 行.
NOTIC: [8] Undefined variable: form E:\guanjia_sys\Application\Runtime\Cache\Admin\c5f8a3e0283498eec193fd50c524bcb7.php 第 551 行.
NOTIC: [2] in_array() expects parameter 2 to be array, null given E:\guanjia_sys\Application\Runtime\Cache\Admin\c5f8a3e0283498eec193fd50c524bcb7.php 第 551 行.
NOTIC: [8] Undefined variable: form E:\guanjia_sys\Application\Runtime\Cache\Admin\c5f8a3e0283498eec193fd50c524bcb7.php 第 567 行.
NOTIC: [2] in_array() expects parameter 2 to be array, null given E:\guanjia_sys\Application\Runtime\Cache\Admin\c5f8a3e0283498eec193fd50c524bcb7.php 第 567 行.
NOTIC: [8] Undefined variable: form E:\guanjia_sys\Application\Runtime\Cache\Admin\c5f8a3e0283498eec193fd50c524bcb7.php 第 567 行.
NOTIC: [2] in_array() expects parameter 2 to be array, null given E:\guanjia_sys\Application\Runtime\Cache\Admin\c5f8a3e0283498eec193fd50c524bcb7.php 第 567 行.
NOTIC: [8] Undefined variable: form E:\guanjia_sys\Application\Runtime\Cache\Admin\c5f8a3e0283498eec193fd50c524bcb7.php 第 567 行.
NOTIC: [2] in_array() expects parameter 2 to be array, null given E:\guanjia_sys\Application\Runtime\Cache\Admin\c5f8a3e0283498eec193fd50c524bcb7.php 第 567 行.
NOTIC: [8] Undefined variable: form E:\guanjia_sys\Application\Runtime\Cache\Admin\c5f8a3e0283498eec193fd50c524bcb7.php 第 567 行.
NOTIC: [2] in_array() expects parameter 2 to be array, null given E:\guanjia_sys\Application\Runtime\Cache\Admin\c5f8a3e0283498eec193fd50c524bcb7.php 第 567 行.
NOTIC: [8] Undefined variable: form E:\guanjia_sys\Application\Runtime\Cache\Admin\c5f8a3e0283498eec193fd50c524bcb7.php 第 567 行.
NOTIC: [2] in_array() expects parameter 2 to be array, null given E:\guanjia_sys\Application\Runtime\Cache\Admin\c5f8a3e0283498eec193fd50c524bcb7.php 第 567 行.
NOTIC: [8] Undefined variable: form E:\guanjia_sys\Application\Runtime\Cache\Admin\c5f8a3e0283498eec193fd50c524bcb7.php 第 567 行.
NOTIC: [2] in_array() expects parameter 2 to be array, null given E:\guanjia_sys\Application\Runtime\Cache\Admin\c5f8a3e0283498eec193fd50c524bcb7.php 第 567 行.
NOTIC: [8] Undefined variable: form E:\guanjia_sys\Application\Runtime\Cache\Admin\c5f8a3e0283498eec193fd50c524bcb7.php 第 567 行.
NOTIC: [2] in_array() expects parameter 2 to be array, null given E:\guanjia_sys\Application\Runtime\Cache\Admin\c5f8a3e0283498eec193fd50c524bcb7.php 第 567 行.
NOTIC: [8] Undefined variable: form E:\guanjia_sys\Application\Runtime\Cache\Admin\c5f8a3e0283498eec193fd50c524bcb7.php 第 575 行.
NOTIC: [8] Undefined variable: form E:\guanjia_sys\Application\Runtime\Cache\Admin\c5f8a3e0283498eec193fd50c524bcb7.php 第 587 行.
NOTIC: [8] Undefined variable: form E:\guanjia_sys\Application\Runtime\Cache\Admin\c5f8a3e0283498eec193fd50c524bcb7.php 第 607 行.
NOTIC: [8] Undefined variable: form E:\guanjia_sys\Application\Runtime\Cache\Admin\c5f8a3e0283498eec193fd50c524bcb7.php 第 623 行.
NOTIC: [8] Undefined variable: form E:\guanjia_sys\Application\Runtime\Cache\Admin\c5f8a3e0283498eec193fd50c524bcb7.php 第 636 行.
NOTIC: [8] Undefined variable: form E:\guanjia_sys\Application\Runtime\Cache\Admin\c5f8a3e0283498eec193fd50c524bcb7.php 第 649 行.
NOTIC: [8] Undefined variable: form E:\guanjia_sys\Application\Runtime\Cache\Admin\c5f8a3e0283498eec193fd50c524bcb7.php 第 662 行.
NOTIC: [8] Undefined variable: form E:\guanjia_sys\Application\Runtime\Cache\Admin\c5f8a3e0283498eec193fd50c524bcb7.php 第 684 行.
NOTIC: [8] Undefined variable: form E:\guanjia_sys\Application\Runtime\Cache\Admin\c5f8a3e0283498eec193fd50c524bcb7.php 第 704 行.
NOTIC: [8] Undefined variable: form E:\guanjia_sys\Application\Runtime\Cache\Admin\c5f8a3e0283498eec193fd50c524bcb7.php 第 706 行.
NOTIC: [8] Undefined variable: form E:\guanjia_sys\Application\Runtime\Cache\Admin\c5f8a3e0283498eec193fd50c524bcb7.php 第 806 行.
NOTIC: [8] Undefined variable: form E:\guanjia_sys\Application\Runtime\Cache\Admin\c5f8a3e0283498eec193fd50c524bcb7.php 第 808 行.
NOTIC: [8] Undefined variable: form E:\guanjia_sys\Application\Runtime\Cache\Admin\c5f8a3e0283498eec193fd50c524bcb7.php 第 986 行.
NOTIC: [8] Undefined index: id E:\guanjia_sys\Application\Runtime\Cache\Admin\c5f8a3e0283498eec193fd50c524bcb7.php 第 1017 行.
INFO: Run Behavior\ParseTemplateBehavior [ RunTime:0.894051s ]
INFO: [ view_parse ] --END-- [ RunTime:0.898051s ]
INFO: [ view_filter ] --START--
INFO: Run Behavior\WriteHtmlCacheBehavior [ RunTime:0.005000s ]
INFO: [ view_filter ] --END-- [ RunTime:0.009001s ]
INFO: [ app_end ] --START--
INFO: Run Behavior\ShowPageTraceBehavior [ RunTime:0.008001s ]
INFO: [ app_end ] --END-- [ RunTime:0.011001s ]

[ 2020-08-18T14:57:38+08:00 ] 127.0.0.1 /admin.php/Common/uploadimg
INFO: [ app_init ] --START--
INFO: Run Behavior\BuildLiteBehavior [ RunTime:0.000000s ]
INFO: [ app_init ] --END-- [ RunTime:0.007001s ]
INFO: [ app_begin ] --START--
INFO: Run Behavior\ReadHtmlCacheBehavior [ RunTime:0.004000s ]
INFO: [ app_begin ] --END-- [ RunTime:0.007000s ]
NOTIC: [2] call_user_func() expects parameter 1 to be a valid callback, no array or string given E:\guanjia_sys\ThinkPHP\Library\Think\Upload.class.php 第 182 行.

[ 2020-08-18T14:59:01+08:00 ] 127.0.0.1 /admin.php/Goods/goods_operation
INFO: [ app_init ] --START--
INFO: Run Behavior\BuildLiteBehavior [ RunTime:0.002000s ]
INFO: [ app_init ] --END-- [ RunTime:0.007000s ]
INFO: [ app_begin ] --START--
INFO: Run Behavior\ReadHtmlCacheBehavior [ RunTime:0.005001s ]
INFO: [ app_begin ] --END-- [ RunTime:0.009001s ]
SQL: SHOW COLUMNS FROM `jw_auth_group_access` [ RunTime:0.0120s ]
SQL: SELECT `uid`,`group_id`,`title`,`rules` FROM jw_auth_group_access a INNER JOIN jw_auth_group g on a.group_id=g.id  WHERE ( a.uid='14' and g.status='1' )  [ RunTime:0.0100s ]
SQL: SHOW COLUMNS FROM `jw_auth_rule` [ RunTime:0.0120s ]
SQL: SELECT `condition`,`name` FROM `jw_auth_rule` WHERE `id` IN ('50','349','350','351','359','360','361','362','363','364','486','527','530','536','537','546','547','548','549','550','551','552','553','554','538','539','542','543','544','545','540','541','564','565','566','555','556','557','558','559','560','561','562','563','567','568','569','573','574','575','576','577','570','571','572','578','579','580','581','582','583','584','585') AND `type` = 1 AND `status` = 1  [ RunTime:0.0040s ]
INFO: [ view_parse ] --START--
INFO: [ template_filter ] --START--
INFO: Run Behavior\ContentReplaceBehavior [ RunTime:0.003000s ]
INFO: [ template_filter ] --END-- [ RunTime:0.005000s ]
NOTIC: [8] Undefined variable: form E:\guanjia_sys\Application\Runtime\Cache\Admin\c5f8a3e0283498eec193fd50c524bcb7.php 第 250 行.
NOTIC: [8] Undefined variable: form E:\guanjia_sys\Application\Runtime\Cache\Admin\c5f8a3e0283498eec193fd50c524bcb7.php 第 262 行.
NOTIC: [8] Undefined variable: form E:\guanjia_sys\Application\Runtime\Cache\Admin\c5f8a3e0283498eec193fd50c524bcb7.php 第 298 行.
NOTIC: [8] Undefined variable: form E:\guanjia_sys\Application\Runtime\Cache\Admin\c5f8a3e0283498eec193fd50c524bcb7.php 第 332 行.
NOTIC: [8] Undefined variable: form E:\guanjia_sys\Application\Runtime\Cache\Admin\c5f8a3e0283498eec193fd50c524bcb7.php 第 352 行.
NOTIC: [8] Undefined variable: form E:\guanjia_sys\Application\Runtime\Cache\Admin\c5f8a3e0283498eec193fd50c524bcb7.php 第 353 行.
NOTIC: [8] Undefined variable: project_options E:\guanjia_sys\Application\Runtime\Cache\Admin\c5f8a3e0283498eec193fd50c524bcb7.php 第 368 行.
NOTIC: [8] Undefined variable: student E:\guanjia_sys\Application\Runtime\Cache\Admin\c5f8a3e0283498eec193fd50c524bcb7.php 第 391 行.
NOTIC: [8] Undefined variable: teacher E:\guanjia_sys\Application\Runtime\Cache\Admin\c5f8a3e0283498eec193fd50c524bcb7.php 第 413 行.
NOTIC: [8] Undefined variable: form E:\guanjia_sys\Application\Runtime\Cache\Admin\c5f8a3e0283498eec193fd50c524bcb7.php 第 443 行.
NOTIC: [8] Undefined variable: form E:\guanjia_sys\Application\Runtime\Cache\Admin\c5f8a3e0283498eec193fd50c524bcb7.php 第 447 行.
NOTIC: [8] Undefined variable: form E:\guanjia_sys\Application\Runtime\Cache\Admin\c5f8a3e0283498eec193fd50c524bcb7.php 第 463 行.
NOTIC: [8] Undefined variable: form E:\guanjia_sys\Application\Runtime\Cache\Admin\c5f8a3e0283498eec193fd50c524bcb7.php 第 475 行.
NOTIC: [8] Undefined variable: form E:\guanjia_sys\Application\Runtime\Cache\Admin\c5f8a3e0283498eec193fd50c524bcb7.php 第 489 行.
NOTIC: [8] Undefined variable: form E:\guanjia_sys\Application\Runtime\Cache\Admin\c5f8a3e0283498eec193fd50c524bcb7.php 第 490 行.
NOTIC: [8] Undefined variable: form E:\guanjia_sys\Application\Runtime\Cache\Admin\c5f8a3e0283498eec193fd50c524bcb7.php 第 491 行.
NOTIC: [8] Undefined variable: form E:\guanjia_sys\Application\Runtime\Cache\Admin\c5f8a3e0283498eec193fd50c524bcb7.php 第 492 行.
NOTIC: [8] Undefined variable: form E:\guanjia_sys\Application\Runtime\Cache\Admin\c5f8a3e0283498eec193fd50c524bcb7.php 第 493 行.
NOTIC: [8] Undefined variable: form E:\guanjia_sys\Application\Runtime\Cache\Admin\c5f8a3e0283498eec193fd50c524bcb7.php 第 494 行.
NOTIC: [8] Undefined variable: form E:\guanjia_sys\Application\Runtime\Cache\Admin\c5f8a3e0283498eec193fd50c524bcb7.php 第 495 行.
NOTIC: [8] Undefined variable: form E:\guanjia_sys\Application\Runtime\Cache\Admin\c5f8a3e0283498eec193fd50c524bcb7.php 第 511 行.
NOTIC: [2] in_array() expects parameter 2 to be array, null given E:\guanjia_sys\Application\Runtime\Cache\Admin\c5f8a3e0283498eec193fd50c524bcb7.php 第 511 行.
NOTIC: [8] Undefined variable: form E:\guanjia_sys\Application\Runtime\Cache\Admin\c5f8a3e0283498eec193fd50c524bcb7.php 第 511 行.
NOTIC: [2] in_array() expects parameter 2 to be array, null given E:\guanjia_sys\Application\Runtime\Cache\Admin\c5f8a3e0283498eec193fd50c524bcb7.php 第 511 行.
NOTIC: [8] Undefined variable: form E:\guanjia_sys\Application\Runtime\Cache\Admin\c5f8a3e0283498eec193fd50c524bcb7.php 第 511 行.
NOTIC: [2] in_array() expects parameter 2 to be array, null given E:\guanjia_sys\Application\Runtime\Cache\Admin\c5f8a3e0283498eec193fd50c524bcb7.php 第 511 行.
NOTIC: [8] Undefined variable: form E:\guanjia_sys\Application\Runtime\Cache\Admin\c5f8a3e0283498eec193fd50c524bcb7.php 第 511 行.
NOTIC: [2] in_array() expects parameter 2 to be array, null given E:\guanjia_sys\Application\Runtime\Cache\Admin\c5f8a3e0283498eec193fd50c524bcb7.php 第 511 行.
NOTIC: [8] Undefined variable: form E:\guanjia_sys\Application\Runtime\Cache\Admin\c5f8a3e0283498eec193fd50c524bcb7.php 第 511 行.
NOTIC: [2] in_array() expects parameter 2 to be array, null given E:\guanjia_sys\Application\Runtime\Cache\Admin\c5f8a3e0283498eec193fd50c524bcb7.php 第 511 行.
NOTIC: [8] Undefined variable: form E:\guanjia_sys\Application\Runtime\Cache\Admin\c5f8a3e0283498eec193fd50c524bcb7.php 第 511 行.
NOTIC: [2] in_array() expects parameter 2 to be array, null given E:\guanjia_sys\Application\Runtime\Cache\Admin\c5f8a3e0283498eec193fd50c524bcb7.php 第 511 行.
NOTIC: [8] Undefined variable: form E:\guanjia_sys\Application\Runtime\Cache\Admin\c5f8a3e0283498eec193fd50c524bcb7.php 第 511 行.
NOTIC: [2] in_array() expects parameter 2 to be array, null given E:\guanjia_sys\Application\Runtime\Cache\Admin\c5f8a3e0283498eec193fd50c524bcb7.php 第 511 行.
NOTIC: [8] Undefined variable: form E:\guanjia_sys\Application\Runtime\Cache\Admin\c5f8a3e0283498eec193fd50c524bcb7.php 第 526 行.
NOTIC: [8] Undefined variable: form E:\guanjia_sys\Application\Runtime\Cache\Admin\c5f8a3e0283498eec193fd50c524bcb7.php 第 527 行.
NOTIC: [8] Undefined variable: form E:\guanjia_sys\Application\Runtime\Cache\Admin\c5f8a3e0283498eec193fd50c524bcb7.php 第 528 行.
NOTIC: [8] Undefined variable: form E:\guanjia_sys\Application\Runtime\Cache\Admin\c5f8a3e0283498eec193fd50c524bcb7.php 第 529 行.
NOTIC: [8] Undefined variable: form E:\guanjia_sys\Application\Runtime\Cache\Admin\c5f8a3e0283498eec193fd50c524bcb7.php 第 530 行.
NOTIC: [8] Undefined variable: form E:\guanjia_sys\Application\Runtime\Cache\Admin\c5f8a3e0283498eec193fd50c524bcb7.php 第 531 行.
NOTIC: [8] Undefined variable: form E:\guanjia_sys\Application\Runtime\Cache\Admin\c5f8a3e0283498eec193fd50c524bcb7.php 第 532 行.
NOTIC: [8] Undefined variable: form E:\guanjia_sys\Application\Runtime\Cache\Admin\c5f8a3e0283498eec193fd50c524bcb7.php 第 533 行.
NOTIC: [8] Undefined variable: form E:\guanjia_sys\Application\Runtime\Cache\Admin\c5f8a3e0283498eec193fd50c524bcb7.php 第 534 行.
NOTIC: [8] Undefined variable: form E:\guanjia_sys\Application\Runtime\Cache\Admin\c5f8a3e0283498eec193fd50c524bcb7.php 第 551 行.
NOTIC: [2] in_array() expects parameter 2 to be array, null given E:\guanjia_sys\Application\Runtime\Cache\Admin\c5f8a3e0283498eec193fd50c524bcb7.php 第 551 行.
NOTIC: [8] Undefined variable: form E:\guanjia_sys\Application\Runtime\Cache\Admin\c5f8a3e0283498eec193fd50c524bcb7.php 第 551 行.
NOTIC: [2] in_array() expects parameter 2 to be array, null given E:\guanjia_sys\Application\Runtime\Cache\Admin\c5f8a3e0283498eec193fd50c524bcb7.php 第 551 行.
NOTIC: [8] Undefined variable: form E:\guanjia_sys\Application\Runtime\Cache\Admin\c5f8a3e0283498eec193fd50c524bcb7.php 第 551 行.
NOTIC: [2] in_array() expects parameter 2 to be array, null given E:\guanjia_sys\Application\Runtime\Cache\Admin\c5f8a3e0283498eec193fd50c524bcb7.php 第 551 行.
NOTIC: [8] Undefined variable: form E:\guanjia_sys\Application\Runtime\Cache\Admin\c5f8a3e0283498eec193fd50c524bcb7.php 第 567 行.
NOTIC: [2] in_array() expects parameter 2 to be array, null given E:\guanjia_sys\Application\Runtime\Cache\Admin\c5f8a3e0283498eec193fd50c524bcb7.php 第 567 行.
NOTIC: [8] Undefined variable: form E:\guanjia_sys\Application\Runtime\Cache\Admin\c5f8a3e0283498eec193fd50c524bcb7.php 第 567 行.
NOTIC: [2] in_array() expects parameter 2 to be array, null given E:\guanjia_sys\Application\Runtime\Cache\Admin\c5f8a3e0283498eec193fd50c524bcb7.php 第 567 行.
NOTIC: [8] Undefined variable: form E:\guanjia_sys\Application\Runtime\Cache\Admin\c5f8a3e0283498eec193fd50c524bcb7.php 第 567 行.
NOTIC: [2] in_array() expects parameter 2 to be array, null given E:\guanjia_sys\Application\Runtime\Cache\Admin\c5f8a3e0283498eec193fd50c524bcb7.php 第 567 行.
NOTIC: [8] Undefined variable: form E:\guanjia_sys\Application\Runtime\Cache\Admin\c5f8a3e0283498eec193fd50c524bcb7.php 第 567 行.
NOTIC: [2] in_array() expects parameter 2 to be array, null given E:\guanjia_sys\Application\Runtime\Cache\Admin\c5f8a3e0283498eec193fd50c524bcb7.php 第 567 行.
NOTIC: [8] Undefined variable: form E:\guanjia_sys\Application\Runtime\Cache\Admin\c5f8a3e0283498eec193fd50c524bcb7.php 第 567 行.
NOTIC: [2] in_array() expects parameter 2 to be array, null given E:\guanjia_sys\Application\Runtime\Cache\Admin\c5f8a3e0283498eec193fd50c524bcb7.php 第 567 行.
NOTIC: [8] Undefined variable: form E:\guanjia_sys\Application\Runtime\Cache\Admin\c5f8a3e0283498eec193fd50c524bcb7.php 第 567 行.
NOTIC: [2] in_array() expects parameter 2 to be array, null given E:\guanjia_sys\Application\Runtime\Cache\Admin\c5f8a3e0283498eec193fd50c524bcb7.php 第 567 行.
NOTIC: [8] Undefined variable: form E:\guanjia_sys\Application\Runtime\Cache\Admin\c5f8a3e0283498eec193fd50c524bcb7.php 第 567 行.
NOTIC: [2] in_array() expects parameter 2 to be array, null given E:\guanjia_sys\Application\Runtime\Cache\Admin\c5f8a3e0283498eec193fd50c524bcb7.php 第 567 行.
NOTIC: [8] Undefined variable: form E:\guanjia_sys\Application\Runtime\Cache\Admin\c5f8a3e0283498eec193fd50c524bcb7.php 第 575 行.
NOTIC: [8] Undefined variable: form E:\guanjia_sys\Application\Runtime\Cache\Admin\c5f8a3e0283498eec193fd50c524bcb7.php 第 587 行.
NOTIC: [8] Undefined variable: form E:\guanjia_sys\Application\Runtime\Cache\Admin\c5f8a3e0283498eec193fd50c524bcb7.php 第 607 行.
NOTIC: [8] Undefined variable: form E:\guanjia_sys\Application\Runtime\Cache\Admin\c5f8a3e0283498eec193fd50c524bcb7.php 第 623 行.
NOTIC: [8] Undefined variable: form E:\guanjia_sys\Application\Runtime\Cache\Admin\c5f8a3e0283498eec193fd50c524bcb7.php 第 636 行.
NOTIC: [8] Undefined variable: form E:\guanjia_sys\Application\Runtime\Cache\Admin\c5f8a3e0283498eec193fd50c524bcb7.php 第 649 行.
NOTIC: [8] Undefined variable: form E:\guanjia_sys\Application\Runtime\Cache\Admin\c5f8a3e0283498eec193fd50c524bcb7.php 第 662 行.
NOTIC: [8] Undefined variable: form E:\guanjia_sys\Application\Runtime\Cache\Admin\c5f8a3e0283498eec193fd50c524bcb7.php 第 684 行.
NOTIC: [8] Undefined variable: form E:\guanjia_sys\Application\Runtime\Cache\Admin\c5f8a3e0283498eec193fd50c524bcb7.php 第 704 行.
NOTIC: [8] Undefined variable: form E:\guanjia_sys\Application\Runtime\Cache\Admin\c5f8a3e0283498eec193fd50c524bcb7.php 第 706 行.
NOTIC: [8] Undefined variable: form E:\guanjia_sys\Application\Runtime\Cache\Admin\c5f8a3e0283498eec193fd50c524bcb7.php 第 806 行.
NOTIC: [8] Undefined variable: form E:\guanjia_sys\Application\Runtime\Cache\Admin\c5f8a3e0283498eec193fd50c524bcb7.php 第 808 行.
NOTIC: [8] Undefined variable: form E:\guanjia_sys\Application\Runtime\Cache\Admin\c5f8a3e0283498eec193fd50c524bcb7.php 第 986 行.
NOTIC: [8] Undefined index: id E:\guanjia_sys\Application\Runtime\Cache\Admin\c5f8a3e0283498eec193fd50c524bcb7.php 第 1017 行.
INFO: Run Behavior\ParseTemplateBehavior [ RunTime:0.796045s ]
INFO: [ view_parse ] --END-- [ RunTime:0.798045s ]
INFO: [ view_filter ] --START--
INFO: Run Behavior\WriteHtmlCacheBehavior [ RunTime:0.005000s ]
INFO: [ view_filter ] --END-- [ RunTime:0.009000s ]
INFO: [ app_end ] --START--
INFO: Run Behavior\ShowPageTraceBehavior [ RunTime:0.005000s ]
INFO: [ app_end ] --END-- [ RunTime:0.008001s ]

[ 2020-08-18T14:59:56+08:00 ] 127.0.0.1 /admin.php/Common/uploadimg
INFO: [ app_init ] --START--
INFO: Run Behavior\BuildLiteBehavior [ RunTime:0.001000s ]
INFO: [ app_init ] --END-- [ RunTime:0.007001s ]
INFO: [ app_begin ] --START--
INFO: Run Behavior\ReadHtmlCacheBehavior [ RunTime:0.004000s ]
INFO: [ app_begin ] --END-- [ RunTime:0.008000s ]
NOTIC: [2] call_user_func() expects parameter 1 to be a valid callback, no array or string given E:\guanjia_sys\ThinkPHP\Library\Think\Upload.class.php 第 182 行.

[ 2020-08-18T15:00:00+08:00 ] 127.0.0.1 /admin.php/Goods/add_goods
INFO: [ app_init ] --START--
INFO: Run Behavior\BuildLiteBehavior [ RunTime:0.000000s ]
INFO: [ app_init ] --END-- [ RunTime:0.006000s ]
INFO: [ app_begin ] --START--
INFO: Run Behavior\ReadHtmlCacheBehavior [ RunTime:0.006001s ]
INFO: [ app_begin ] --END-- [ RunTime:0.009001s ]
SQL: SHOW COLUMNS FROM `jw_auth_group_access` [ RunTime:0.0130s ]
SQL: SELECT `uid`,`group_id`,`title`,`rules` FROM jw_auth_group_access a INNER JOIN jw_auth_group g on a.group_id=g.id  WHERE ( a.uid='14' and g.status='1' )  [ RunTime:0.0100s ]
SQL: SHOW COLUMNS FROM `jw_auth_rule` [ RunTime:0.0120s ]
SQL: SELECT `condition`,`name` FROM `jw_auth_rule` WHERE `id` IN ('50','349','350','351','359','360','361','362','363','364','486','527','530','536','537','546','547','548','549','550','551','552','553','554','538','539','542','543','544','545','540','541','564','565','566','555','556','557','558','559','560','561','562','563','567','568','569','573','574','575','576','577','570','571','572','578','579','580','581','582','583','584','585') AND `type` = 1 AND `status` = 1  [ RunTime:0.0040s ]
NOTIC: [8] Undefined index: belong E:\guanjia_sys\Application\Admin\Controller\GoodsController.class.php 第 153 行.
NOTIC: [2] implode(): Invalid arguments passed E:\guanjia_sys\Application\Admin\Controller\GoodsController.class.php 第 153 行.
NOTIC: [8] Undefined index: address E:\guanjia_sys\Application\Admin\Controller\GoodsController.class.php 第 154 行.
NOTIC: [2] implode(): Invalid arguments passed E:\guanjia_sys\Application\Admin\Controller\GoodsController.class.php 第 154 行.
NOTIC: [8] Undefined index: position E:\guanjia_sys\Application\Admin\Controller\GoodsController.class.php 第 155 行.
NOTIC: [2] implode(): Invalid arguments passed E:\guanjia_sys\Application\Admin\Controller\GoodsController.class.php 第 155 行.
SQL: SHOW COLUMNS FROM `jw_goods` [ RunTime:0.0110s ]
SQL: INSERT INTO `jw_goods` (`year`,`type`,`logo`,`describe`,`belong`,`address`,`position`,`createtime`) VALUES ('-28800','衣','http://guanjia_sys.com.cn:88/Public/Uploads/5f3b7c6c1d3f9.jpg','
                                ',NULL,NULL,NULL,'1597734000') [ RunTime:0.0070s ]
INFO: [ view_parse ] --START--
INFO: [ template_filter ] --START--
INFO: Run Behavior\ContentReplaceBehavior [ RunTime:0.002000s ]
INFO: [ template_filter ] --END-- [ RunTime:0.006000s ]
INFO: Run Behavior\ParseTemplateBehavior [ RunTime:0.061003s ]
INFO: [ view_parse ] --END-- [ RunTime:0.064004s ]
INFO: [ view_filter ] --START--
INFO: Run Behavior\WriteHtmlCacheBehavior [ RunTime:0.004000s ]
INFO: [ view_filter ] --END-- [ RunTime:0.008000s ]
INFO: [ app_end ] --START--
INFO: Run Behavior\ShowPageTraceBehavior [ RunTime:0.005001s ]
INFO: [ app_end ] --END-- [ RunTime:0.008001s ]

[ 2020-08-18T15:00:03+08:00 ] 127.0.0.1 /admin.php/Goods/list1
INFO: [ app_init ] --START--
INFO: Run Behavior\BuildLiteBehavior [ RunTime:0.000000s ]
INFO: [ app_init ] --END-- [ RunTime:0.007000s ]
INFO: [ app_begin ] --START--
INFO: Run Behavior\ReadHtmlCacheBehavior [ RunTime:0.004001s ]
INFO: [ app_begin ] --END-- [ RunTime:0.008001s ]
SQL: SHOW COLUMNS FROM `jw_auth_group_access` [ RunTime:0.0120s ]
SQL: SELECT `uid`,`group_id`,`title`,`rules` FROM jw_auth_group_access a INNER JOIN jw_auth_group g on a.group_id=g.id  WHERE ( a.uid='14' and g.status='1' )  [ RunTime:0.0090s ]
SQL: SHOW COLUMNS FROM `jw_auth_rule` [ RunTime:0.0130s ]
SQL: SELECT `condition`,`name` FROM `jw_auth_rule` WHERE `id` IN ('50','349','350','351','359','360','361','362','363','364','486','527','530','536','537','546','547','548','549','550','551','552','553','554','538','539','542','543','544','545','540','541','564','565','566','555','556','557','558','559','560','561','562','563','567','568','569','573','574','575','576','577','570','571','572','578','579','580','581','582','583','584','585') AND `type` = 1 AND `status` = 1  [ RunTime:0.0020s ]
SQL: SHOW COLUMNS FROM `jw_goods` [ RunTime:0.0100s ]
SQL: SELECT * FROM `jw_goods`  [ RunTime:0.0020s ]
SQL: SELECT * FROM `jw_goods` ORDER BY `id` DESC LIMIT 0,20   [ RunTime:0.0020s ]
INFO: [ view_parse ] --START--
INFO: [ template_filter ] --START--
INFO: Run Behavior\ContentReplaceBehavior [ RunTime:0.001000s ]
INFO: [ template_filter ] --END-- [ RunTime:0.005000s ]
NOTIC: [8] Undefined variable: describe E:\guanjia_sys\Application\Runtime\Cache\Admin\074ec9b2474af74d8e8d3f18877a0ca4.php 第 287 行.
NOTIC: [8] Undefined variable: start_year E:\guanjia_sys\Application\Runtime\Cache\Admin\074ec9b2474af74d8e8d3f18877a0ca4.php 第 291 行.
NOTIC: [8] Undefined variable: end_year E:\guanjia_sys\Application\Runtime\Cache\Admin\074ec9b2474af74d8e8d3f18877a0ca4.php 第 291 行.
NOTIC: [8] Undefined variable: belong_info E:\guanjia_sys\Application\Runtime\Cache\Admin\074ec9b2474af74d8e8d3f18877a0ca4.php 第 297 行.
NOTIC: [2] in_array() expects parameter 2 to be array, null given E:\guanjia_sys\Application\Runtime\Cache\Admin\074ec9b2474af74d8e8d3f18877a0ca4.php 第 297 行.
NOTIC: [8] Undefined variable: belong_info E:\guanjia_sys\Application\Runtime\Cache\Admin\074ec9b2474af74d8e8d3f18877a0ca4.php 第 297 行.
NOTIC: [2] in_array() expects parameter 2 to be array, null given E:\guanjia_sys\Application\Runtime\Cache\Admin\074ec9b2474af74d8e8d3f18877a0ca4.php 第 297 行.
NOTIC: [8] Undefined variable: belong_info E:\guanjia_sys\Application\Runtime\Cache\Admin\074ec9b2474af74d8e8d3f18877a0ca4.php 第 297 行.
NOTIC: [2] in_array() expects parameter 2 to be array, null given E:\guanjia_sys\Application\Runtime\Cache\Admin\074ec9b2474af74d8e8d3f18877a0ca4.php 第 297 行.
NOTIC: [8] Undefined variable: belong_info E:\guanjia_sys\Application\Runtime\Cache\Admin\074ec9b2474af74d8e8d3f18877a0ca4.php 第 297 行.
NOTIC: [2] in_array() expects parameter 2 to be array, null given E:\guanjia_sys\Application\Runtime\Cache\Admin\074ec9b2474af74d8e8d3f18877a0ca4.php 第 297 行.
NOTIC: [8] Undefined variable: belong_info E:\guanjia_sys\Application\Runtime\Cache\Admin\074ec9b2474af74d8e8d3f18877a0ca4.php 第 297 行.
NOTIC: [2] in_array() expects parameter 2 to be array, null given E:\guanjia_sys\Application\Runtime\Cache\Admin\074ec9b2474af74d8e8d3f18877a0ca4.php 第 297 行.
NOTIC: [8] Undefined variable: belong_info E:\guanjia_sys\Application\Runtime\Cache\Admin\074ec9b2474af74d8e8d3f18877a0ca4.php 第 297 行.
NOTIC: [2] in_array() expects parameter 2 to be array, null given E:\guanjia_sys\Application\Runtime\Cache\Admin\074ec9b2474af74d8e8d3f18877a0ca4.php 第 297 行.
NOTIC: [8] Undefined variable: belong_info E:\guanjia_sys\Application\Runtime\Cache\Admin\074ec9b2474af74d8e8d3f18877a0ca4.php 第 297 行.
NOTIC: [2] in_array() expects parameter 2 to be array, null given E:\guanjia_sys\Application\Runtime\Cache\Admin\074ec9b2474af74d8e8d3f18877a0ca4.php 第 297 行.
NOTIC: [8] Undefined variable: type E:\guanjia_sys\Application\Runtime\Cache\Admin\074ec9b2474af74d8e8d3f18877a0ca4.php 第 304 行.
NOTIC: [8] Undefined variable: type E:\guanjia_sys\Application\Runtime\Cache\Admin\074ec9b2474af74d8e8d3f18877a0ca4.php 第 305 行.
NOTIC: [8] Undefined variable: type E:\guanjia_sys\Application\Runtime\Cache\Admin\074ec9b2474af74d8e8d3f18877a0ca4.php 第 306 行.
NOTIC: [8] Undefined variable: type E:\guanjia_sys\Application\Runtime\Cache\Admin\074ec9b2474af74d8e8d3f18877a0ca4.php 第 307 行.
NOTIC: [8] Undefined variable: type E:\guanjia_sys\Application\Runtime\Cache\Admin\074ec9b2474af74d8e8d3f18877a0ca4.php 第 308 行.
NOTIC: [8] Undefined variable: type E:\guanjia_sys\Application\Runtime\Cache\Admin\074ec9b2474af74d8e8d3f18877a0ca4.php 第 309 行.
NOTIC: [8] Undefined variable: type E:\guanjia_sys\Application\Runtime\Cache\Admin\074ec9b2474af74d8e8d3f18877a0ca4.php 第 310 行.
NOTIC: [8] Undefined variable: type E:\guanjia_sys\Application\Runtime\Cache\Admin\074ec9b2474af74d8e8d3f18877a0ca4.php 第 311 行.
NOTIC: [8] Undefined variable: type E:\guanjia_sys\Application\Runtime\Cache\Admin\074ec9b2474af74d8e8d3f18877a0ca4.php 第 312 行.
NOTIC: [8] Undefined variable: address_info E:\guanjia_sys\Application\Runtime\Cache\Admin\074ec9b2474af74d8e8d3f18877a0ca4.php 第 319 行.
NOTIC: [2] in_array() expects parameter 2 to be array, null given E:\guanjia_sys\Application\Runtime\Cache\Admin\074ec9b2474af74d8e8d3f18877a0ca4.php 第 319 行.
NOTIC: [8] Undefined variable: address_info E:\guanjia_sys\Application\Runtime\Cache\Admin\074ec9b2474af74d8e8d3f18877a0ca4.php 第 319 行.
NOTIC: [2] in_array() expects parameter 2 to be array, null given E:\guanjia_sys\Application\Runtime\Cache\Admin\074ec9b2474af74d8e8d3f18877a0ca4.php 第 319 行.
NOTIC: [8] Undefined variable: address_info E:\guanjia_sys\Application\Runtime\Cache\Admin\074ec9b2474af74d8e8d3f18877a0ca4.php 第 319 行.
NOTIC: [2] in_array() expects parameter 2 to be array, null given E:\guanjia_sys\Application\Runtime\Cache\Admin\074ec9b2474af74d8e8d3f18877a0ca4.php 第 319 行.
NOTIC: [8] Undefined variable: position_info E:\guanjia_sys\Application\Runtime\Cache\Admin\074ec9b2474af74d8e8d3f18877a0ca4.php 第 325 行.
NOTIC: [2] in_array() expects parameter 2 to be array, null given E:\guanjia_sys\Application\Runtime\Cache\Admin\074ec9b2474af74d8e8d3f18877a0ca4.php 第 325 行.
NOTIC: [8] Undefined variable: position_info E:\guanjia_sys\Application\Runtime\Cache\Admin\074ec9b2474af74d8e8d3f18877a0ca4.php 第 325 行.
NOTIC: [2] in_array() expects parameter 2 to be array, null given E:\guanjia_sys\Application\Runtime\Cache\Admin\074ec9b2474af74d8e8d3f18877a0ca4.php 第 325 行.
NOTIC: [8] Undefined variable: position_info E:\guanjia_sys\Application\Runtime\Cache\Admin\074ec9b2474af74d8e8d3f18877a0ca4.php 第 325 行.
NOTIC: [2] in_array() expects parameter 2 to be array, null given E:\guanjia_sys\Application\Runtime\Cache\Admin\074ec9b2474af74d8e8d3f18877a0ca4.php 第 325 行.
NOTIC: [8] Undefined variable: position_info E:\guanjia_sys\Application\Runtime\Cache\Admin\074ec9b2474af74d8e8d3f18877a0ca4.php 第 325 行.
NOTIC: [2] in_array() expects parameter 2 to be array, null given E:\guanjia_sys\Application\Runtime\Cache\Admin\074ec9b2474af74d8e8d3f18877a0ca4.php 第 325 行.
NOTIC: [8] Undefined variable: position_info E:\guanjia_sys\Application\Runtime\Cache\Admin\074ec9b2474af74d8e8d3f18877a0ca4.php 第 325 行.
NOTIC: [2] in_array() expects parameter 2 to be array, null given E:\guanjia_sys\Application\Runtime\Cache\Admin\074ec9b2474af74d8e8d3f18877a0ca4.php 第 325 行.
NOTIC: [8] Undefined variable: position_info E:\guanjia_sys\Application\Runtime\Cache\Admin\074ec9b2474af74d8e8d3f18877a0ca4.php 第 325 行.
NOTIC: [2] in_array() expects parameter 2 to be array, null given E:\guanjia_sys\Application\Runtime\Cache\Admin\074ec9b2474af74d8e8d3f18877a0ca4.php 第 325 行.
NOTIC: [8] Undefined variable: position_info E:\guanjia_sys\Application\Runtime\Cache\Admin\074ec9b2474af74d8e8d3f18877a0ca4.php 第 325 行.
NOTIC: [2] in_array() expects parameter 2 to be array, null given E:\guanjia_sys\Application\Runtime\Cache\Admin\074ec9b2474af74d8e8d3f18877a0ca4.php 第 325 行.
INFO: Run Behavior\ParseTemplateBehavior [ RunTime:0.607034s ]
INFO: [ view_parse ] --END-- [ RunTime:0.610034s ]
INFO: [ view_filter ] --START--
INFO: Run Behavior\WriteHtmlCacheBehavior [ RunTime:0.004000s ]
INFO: [ view_filter ] --END-- [ RunTime:0.007001s ]
INFO: [ app_end ] --START--
INFO: Run Behavior\ShowPageTraceBehavior [ RunTime:0.005000s ]
INFO: [ app_end ] --END-- [ RunTime:0.009000s ]

