[ 2020-11-08T21:20:09+08:00 ] 127.0.0.1 /admin.php/login/login
INFO: [ app_init ] --START--
INFO: Run Behavior\BuildLiteBehavior [ RunTime:0.001001s ]
INFO: [ app_init ] --END-- [ RunTime:0.007001s ]
INFO: [ app_begin ] --START--
INFO: Run Behavior\ReadHtmlCacheBehavior [ RunTime:0.005001s ]
INFO: [ app_begin ] --END-- [ RunTime:0.007001s ]
INFO: [ view_parse ] --START--
INFO: [ template_filter ] --START--
INFO: Run Behavior\ContentReplaceBehavior [ RunTime:0.044002s ]
INFO: [ template_filter ] --END-- [ RunTime:0.047002s ]
INFO: Run Behavior\ParseTemplateBehavior [ RunTime:0.414024s ]
INFO: [ view_parse ] --END-- [ RunTime:0.417024s ]
INFO: [ view_filter ] --START--
INFO: Run Behavior\WriteHtmlCacheBehavior [ RunTime:0.033002s ]
INFO: [ view_filter ] --END-- [ RunTime:0.035002s ]
INFO: [ app_end ] --START--
INFO: Run Behavior\ShowPageTraceBehavior [ RunTime:0.007000s ]
INFO: [ app_end ] --END-- [ RunTime:0.009000s ]

[ 2020-11-08T21:20:11+08:00 ] 127.0.0.1 /admin.php/login/login
INFO: [ app_init ] --START--
INFO: Run Behavior\BuildLiteBehavior [ RunTime:0.001000s ]
INFO: [ app_init ] --END-- [ RunTime:0.010000s ]
INFO: [ app_begin ] --START--
INFO: Run Behavior\ReadHtmlCacheBehavior [ RunTime:0.008000s ]
INFO: [ app_begin ] --END-- [ RunTime:0.012000s ]
INFO: [ view_parse ] --START--
INFO: [ template_filter ] --START--
INFO: Run Behavior\ContentReplaceBehavior [ RunTime:0.002001s ]
INFO: [ template_filter ] --END-- [ RunTime:0.004001s ]
INFO: Run Behavior\ParseTemplateBehavior [ RunTime:0.103005s ]
INFO: [ view_parse ] --END-- [ RunTime:0.105006s ]
INFO: [ view_filter ] --START--
INFO: Run Behavior\WriteHtmlCacheBehavior [ RunTime:0.003000s ]
INFO: [ view_filter ] --END-- [ RunTime:0.005000s ]
INFO: [ app_end ] --START--
INFO: Run Behavior\ShowPageTraceBehavior [ RunTime:0.005000s ]
INFO: [ app_end ] --END-- [ RunTime:0.007000s ]

[ 2020-11-08T21:20:14+08:00 ] 127.0.0.1 /admin.php/Login/ajax_login
INFO: [ app_init ] --START--
INFO: Run Behavior\BuildLiteBehavior [ RunTime:0.000000s ]
INFO: [ app_init ] --END-- [ RunTime:0.005000s ]
INFO: [ app_begin ] --START--
INFO: Run Behavior\ReadHtmlCacheBehavior [ RunTime:0.004001s ]
INFO: [ app_begin ] --END-- [ RunTime:0.006001s ]
SQL: SHOW COLUMNS FROM `jw_admin` [ RunTime:0.0110s ]
SQL: SELECT * FROM `jw_admin` WHERE `account` = 'admin' AND `password` = 'e10adc3949ba59abbe56e057f20f883e' AND `status` = 0 LIMIT 1   [ RunTime:0.2300s ]
SQL: SHOW COLUMNS FROM `jw_log_admin` [ RunTime:0.0250s ]
SQL: INSERT INTO `jw_log_admin` (`ip`,`admin_id`,`login_time`) VALUES ('127.0.0.1','14','2020-11-08 21:20:14') [ RunTime:0.1110s ]

[ 2020-11-08T21:20:15+08:00 ] 127.0.0.1 /admin.php/Xinxi/list1
INFO: [ app_init ] --START--
INFO: Run Behavior\BuildLiteBehavior [ RunTime:0.000000s ]
INFO: [ app_init ] --END-- [ RunTime:0.005000s ]
INFO: [ app_begin ] --START--
INFO: Run Behavior\ReadHtmlCacheBehavior [ RunTime:0.004000s ]
INFO: [ app_begin ] --END-- [ RunTime:0.007000s ]
SQL: SHOW COLUMNS FROM `jw_auth_group_access` [ RunTime:0.0530s ]
SQL: SELECT `uid`,`group_id`,`title`,`rules` FROM jw_auth_group_access a INNER JOIN jw_auth_group g on a.group_id=g.id  WHERE ( a.uid='14' and g.status='1' )  [ RunTime:0.1580s ]
SQL: SHOW COLUMNS FROM `jw_auth_rule` [ RunTime:0.0760s ]
SQL: SELECT `condition`,`name` FROM `jw_auth_rule` WHERE `id` IN ('50','349','350','351','359','360','361','362','363','364','486','527','530','578','579','580','581','582','583','584','585','586','587','588','589','590','591','592','593') AND `type` = 1 AND `status` = 1  [ RunTime:0.0250s ]
SQL: SHOW COLUMNS FROM `jw_xinxi` [ RunTime:0.0140s ]
SQL: SELECT * FROM `jw_xinxi`  [ RunTime:0.0020s ]
SQL: SELECT * FROM `jw_xinxi` ORDER BY `id` DESC LIMIT 0,20   [ RunTime:0.0020s ]
INFO: [ view_parse ] --START--
INFO: [ template_filter ] --START--
INFO: Run Behavior\ContentReplaceBehavior [ RunTime:0.002000s ]
INFO: [ template_filter ] --END-- [ RunTime:0.004000s ]
NOTIC: [8] Undefined variable: name E:\sheying_admin_sys\Application\Runtime\Cache\Admin\1111791c3fb60863fcbe0bc65c5664bf.php 第 300 行.
INFO: Run Behavior\ParseTemplateBehavior [ RunTime:0.531031s ]
INFO: [ view_parse ] --END-- [ RunTime:0.533031s ]
INFO: [ view_filter ] --START--
INFO: Run Behavior\WriteHtmlCacheBehavior [ RunTime:0.003000s ]
INFO: [ view_filter ] --END-- [ RunTime:0.005000s ]
INFO: [ app_end ] --START--
INFO: Run Behavior\ShowPageTraceBehavior [ RunTime:0.004001s ]
INFO: [ app_end ] --END-- [ RunTime:0.008001s ]

[ 2020-11-08T21:27:25+08:00 ] 127.0.0.1 /admin.php/Xinxi/list1
INFO: [ app_init ] --START--
INFO: Run Behavior\BuildLiteBehavior [ RunTime:0.000000s ]
INFO: [ app_init ] --END-- [ RunTime:0.013000s ]
INFO: [ app_begin ] --START--
INFO: Run Behavior\ReadHtmlCacheBehavior [ RunTime:0.009001s ]
INFO: [ app_begin ] --END-- [ RunTime:0.014001s ]
SQL: SHOW COLUMNS FROM `jw_auth_group_access` [ RunTime:0.0440s ]
SQL: SELECT `uid`,`group_id`,`title`,`rules` FROM jw_auth_group_access a INNER JOIN jw_auth_group g on a.group_id=g.id  WHERE ( a.uid='14' and g.status='1' )  [ RunTime:0.0100s ]
SQL: SHOW COLUMNS FROM `jw_auth_rule` [ RunTime:0.0130s ]
SQL: SELECT `condition`,`name` FROM `jw_auth_rule` WHERE `id` IN ('50','349','350','351','359','360','361','362','363','364','486','527','530','578','579','580','581','582','583','584','585','586','587','588','589','590','591','592','593') AND `type` = 1 AND `status` = 1  [ RunTime:0.0110s ]
SQL: SHOW COLUMNS FROM `jw_xinxi` [ RunTime:0.0160s ]
SQL: SELECT * FROM `jw_xinxi`  [ RunTime:0.0030s ]
SQL: SELECT * FROM `jw_xinxi` ORDER BY `id` DESC LIMIT 0,20   [ RunTime:0.0020s ]
INFO: [ view_parse ] --START--
INFO: [ template_filter ] --START--
INFO: Run Behavior\ContentReplaceBehavior [ RunTime:0.044002s ]
INFO: [ template_filter ] --END-- [ RunTime:0.047002s ]
NOTIC: [8] Undefined variable: name E:\sheying_admin_sys\Application\Runtime\Cache\Admin\1111791c3fb60863fcbe0bc65c5664bf.php 第 292 行.
INFO: Run Behavior\ParseTemplateBehavior [ RunTime:0.534030s ]
INFO: [ view_parse ] --END-- [ RunTime:0.535030s ]
INFO: [ view_filter ] --START--
INFO: Run Behavior\WriteHtmlCacheBehavior [ RunTime:0.020001s ]
INFO: [ view_filter ] --END-- [ RunTime:0.022001s ]
INFO: [ app_end ] --START--
INFO: Run Behavior\ShowPageTraceBehavior [ RunTime:0.024001s ]
INFO: [ app_end ] --END-- [ RunTime:0.027001s ]

[ 2020-11-08T21:27:38+08:00 ] 127.0.0.1 /admin.php/Xinxi/list1
INFO: [ app_init ] --START--
INFO: Run Behavior\BuildLiteBehavior [ RunTime:0.000000s ]
INFO: [ app_init ] --END-- [ RunTime:0.009000s ]
INFO: [ app_begin ] --START--
INFO: Run Behavior\ReadHtmlCacheBehavior [ RunTime:0.004000s ]
INFO: [ app_begin ] --END-- [ RunTime:0.006000s ]
SQL: SHOW COLUMNS FROM `jw_auth_group_access` [ RunTime:0.0100s ]
SQL: SELECT `uid`,`group_id`,`title`,`rules` FROM jw_auth_group_access a INNER JOIN jw_auth_group g on a.group_id=g.id  WHERE ( a.uid='14' and g.status='1' )  [ RunTime:0.0130s ]
SQL: SHOW COLUMNS FROM `jw_auth_rule` [ RunTime:0.0110s ]
SQL: SELECT `condition`,`name` FROM `jw_auth_rule` WHERE `id` IN ('50','349','350','351','359','360','361','362','363','364','486','527','530','578','579','580','581','582','583','584','585','586','587','588','589','590','591','592','593') AND `type` = 1 AND `status` = 1  [ RunTime:0.0020s ]
SQL: SHOW COLUMNS FROM `jw_xinxi` [ RunTime:0.0120s ]
SQL: SELECT * FROM `jw_xinxi`  [ RunTime:0.0020s ]
SQL: SELECT * FROM `jw_xinxi` ORDER BY `id` DESC LIMIT 0,20   [ RunTime:0.0030s ]
INFO: [ view_parse ] --START--
INFO: [ template_filter ] --START--
INFO: Run Behavior\ContentReplaceBehavior [ RunTime:0.002000s ]
INFO: [ template_filter ] --END-- [ RunTime:0.004000s ]
NOTIC: [8] Undefined variable: name E:\sheying_admin_sys\Application\Runtime\Cache\Admin\1111791c3fb60863fcbe0bc65c5664bf.php 第 288 行.
INFO: Run Behavior\ParseTemplateBehavior [ RunTime:0.262015s ]
INFO: [ view_parse ] --END-- [ RunTime:0.265015s ]
INFO: [ view_filter ] --START--
INFO: Run Behavior\WriteHtmlCacheBehavior [ RunTime:0.003001s ]
INFO: [ view_filter ] --END-- [ RunTime:0.006001s ]
INFO: [ app_end ] --START--
INFO: Run Behavior\ShowPageTraceBehavior [ RunTime:0.005000s ]
INFO: [ app_end ] --END-- [ RunTime:0.008000s ]

[ 2020-11-08T21:27:41+08:00 ] 127.0.0.1 /admin.php/System/auth_group
INFO: [ app_init ] --START--
INFO: Run Behavior\BuildLiteBehavior [ RunTime:0.001000s ]
INFO: [ app_init ] --END-- [ RunTime:0.005000s ]
INFO: [ app_begin ] --START--
INFO: Run Behavior\ReadHtmlCacheBehavior [ RunTime:0.005001s ]
INFO: [ app_begin ] --END-- [ RunTime:0.009001s ]
SQL: SHOW COLUMNS FROM `jw_auth_group_access` [ RunTime:0.0110s ]
SQL: SELECT `uid`,`group_id`,`title`,`rules` FROM jw_auth_group_access a INNER JOIN jw_auth_group g on a.group_id=g.id  WHERE ( a.uid='14' and g.status='1' )  [ RunTime:0.0090s ]
SQL: SHOW COLUMNS FROM `jw_auth_rule` [ RunTime:0.0120s ]
SQL: SELECT `condition`,`name` FROM `jw_auth_rule` WHERE `id` IN ('50','349','350','351','359','360','361','362','363','364','486','527','530','578','579','580','581','582','583','584','585','586','587','588','589','590','591','592','593') AND `type` = 1 AND `status` = 1  [ RunTime:0.0020s ]
SQL: SHOW COLUMNS FROM `jw_auth_group` [ RunTime:0.0040s ]
SQL: SELECT * FROM `jw_auth_group` WHERE `status` = 1  [ RunTime:0.0020s ]
SQL: SELECT * FROM `jw_auth_group` WHERE `status` = 1 ORDER BY `id` DESC LIMIT 0,20   [ RunTime:0.0020s ]
INFO: [ view_parse ] --START--
INFO: [ template_filter ] --START--
INFO: Run Behavior\ContentReplaceBehavior [ RunTime:0.001000s ]
INFO: [ template_filter ] --END-- [ RunTime:0.004000s ]
INFO: Run Behavior\ParseTemplateBehavior [ RunTime:0.230013s ]
INFO: [ view_parse ] --END-- [ RunTime:0.232014s ]
INFO: [ view_filter ] --START--
INFO: Run Behavior\WriteHtmlCacheBehavior [ RunTime:0.003000s ]
INFO: [ view_filter ] --END-- [ RunTime:0.006000s ]
INFO: [ app_end ] --START--
INFO: Run Behavior\ShowPageTraceBehavior [ RunTime:0.005001s ]
INFO: [ app_end ] --END-- [ RunTime:0.007001s ]

[ 2020-11-08T21:27:44+08:00 ] 127.0.0.1 /admin.php/System/auth_group_operation?id=15
INFO: [ app_init ] --START--
INFO: Run Behavior\BuildLiteBehavior [ RunTime:0.000000s ]
INFO: [ app_init ] --END-- [ RunTime:0.004000s ]
INFO: [ app_begin ] --START--
INFO: Run Behavior\ReadHtmlCacheBehavior [ RunTime:0.004000s ]
INFO: [ app_begin ] --END-- [ RunTime:0.007000s ]
SQL: SHOW COLUMNS FROM `jw_auth_group_access` [ RunTime:0.0130s ]
SQL: SELECT `uid`,`group_id`,`title`,`rules` FROM jw_auth_group_access a INNER JOIN jw_auth_group g on a.group_id=g.id  WHERE ( a.uid='14' and g.status='1' )  [ RunTime:0.0100s ]
SQL: SHOW COLUMNS FROM `jw_auth_rule` [ RunTime:0.0120s ]
SQL: SELECT `condition`,`name` FROM `jw_auth_rule` WHERE `id` IN ('50','349','350','351','359','360','361','362','363','364','486','527','530','578','579','580','581','582','583','584','585','586','587','588','589','590','591','592','593') AND `type` = 1 AND `status` = 1  [ RunTime:0.0020s ]
SQL: SHOW COLUMNS FROM `jw_auth_rule` [ RunTime:0.0040s ]
SQL: SELECT * FROM `jw_auth_rule` WHERE ( parentid=0 )  [ RunTime:0.0030s ]
SQL: SELECT * FROM `jw_auth_rule` WHERE `parentid` = 50  [ RunTime:0.0020s ]
SQL: SELECT * FROM `jw_auth_rule` WHERE `parentid` = 586  [ RunTime:0.0030s ]
SQL: SHOW COLUMNS FROM `jw_auth_group` [ RunTime:0.0020s ]
SQL: SELECT * FROM `jw_auth_group` WHERE ( id=15 ) LIMIT 1   [ RunTime:0.0010s ]
INFO: [ view_parse ] --START--
INFO: [ template_filter ] --START--
INFO: Run Behavior\ContentReplaceBehavior [ RunTime:0.002000s ]
INFO: [ template_filter ] --END-- [ RunTime:0.005000s ]
INFO: Run Behavior\ParseTemplateBehavior [ RunTime:0.329019s ]
INFO: [ view_parse ] --END-- [ RunTime:0.332019s ]
INFO: [ view_filter ] --START--
INFO: Run Behavior\WriteHtmlCacheBehavior [ RunTime:0.004000s ]
INFO: [ view_filter ] --END-- [ RunTime:0.007000s ]
INFO: [ app_end ] --START--
INFO: Run Behavior\ShowPageTraceBehavior [ RunTime:0.005000s ]
INFO: [ app_end ] --END-- [ RunTime:0.007000s ]

[ 2020-11-08T21:28:19+08:00 ] 127.0.0.1 /admin.php/System/auth_group_operation?id=15
INFO: [ app_init ] --START--
INFO: Run Behavior\BuildLiteBehavior [ RunTime:0.002000s ]
INFO: [ app_init ] --END-- [ RunTime:0.006000s ]
INFO: [ app_begin ] --START--
INFO: Run Behavior\ReadHtmlCacheBehavior [ RunTime:0.004000s ]
INFO: [ app_begin ] --END-- [ RunTime:0.008001s ]
SQL: SHOW COLUMNS FROM `jw_auth_group_access` [ RunTime:0.0200s ]
SQL: SELECT `uid`,`group_id`,`title`,`rules` FROM jw_auth_group_access a INNER JOIN jw_auth_group g on a.group_id=g.id  WHERE ( a.uid='14' and g.status='1' )  [ RunTime:0.0560s ]
SQL: SHOW COLUMNS FROM `jw_auth_rule` [ RunTime:0.0130s ]
SQL: SELECT `condition`,`name` FROM `jw_auth_rule` WHERE `id` IN ('50','349','350','351','359','360','361','362','363','364','486','527','530','578','579','580','581','582','583','584','585','586','587','588','589','590','591','592','593') AND `type` = 1 AND `status` = 1  [ RunTime:0.0020s ]
SQL: SHOW COLUMNS FROM `jw_auth_rule` [ RunTime:0.0030s ]
SQL: SELECT * FROM `jw_auth_rule` WHERE ( parentid=0 )  [ RunTime:0.0020s ]
SQL: SELECT * FROM `jw_auth_rule` WHERE `parentid` = 50  [ RunTime:0.0020s ]
SQL: SELECT * FROM `jw_auth_rule` WHERE `parentid` = 594  [ RunTime:0.0030s ]
SQL: SHOW COLUMNS FROM `jw_auth_group` [ RunTime:0.0030s ]
SQL: SELECT * FROM `jw_auth_group` WHERE ( id=15 ) LIMIT 1   [ RunTime:0.0020s ]
INFO: [ view_parse ] --START--
INFO: [ template_filter ] --START--
INFO: Run Behavior\ContentReplaceBehavior [ RunTime:0.002000s ]
INFO: [ template_filter ] --END-- [ RunTime:0.005000s ]
INFO: Run Behavior\ParseTemplateBehavior [ RunTime:0.314018s ]
INFO: [ view_parse ] --END-- [ RunTime:0.316018s ]
INFO: [ view_filter ] --START--
INFO: Run Behavior\WriteHtmlCacheBehavior [ RunTime:0.003001s ]
INFO: [ view_filter ] --END-- [ RunTime:0.007001s ]
INFO: [ app_end ] --START--
INFO: Run Behavior\ShowPageTraceBehavior [ RunTime:0.004000s ]
INFO: [ app_end ] --END-- [ RunTime:0.008001s ]

[ 2020-11-08T21:28:22+08:00 ] 127.0.0.1 /admin.php/System/auth_group_edit
INFO: [ app_init ] --START--
INFO: Run Behavior\BuildLiteBehavior [ RunTime:0.001001s ]
INFO: [ app_init ] --END-- [ RunTime:0.010001s ]
INFO: [ app_begin ] --START--
INFO: Run Behavior\ReadHtmlCacheBehavior [ RunTime:0.003000s ]
INFO: [ app_begin ] --END-- [ RunTime:0.009000s ]
SQL: SHOW COLUMNS FROM `jw_auth_group_access` [ RunTime:0.0130s ]
SQL: SELECT `uid`,`group_id`,`title`,`rules` FROM jw_auth_group_access a INNER JOIN jw_auth_group g on a.group_id=g.id  WHERE ( a.uid='14' and g.status='1' )  [ RunTime:0.0120s ]
SQL: SHOW COLUMNS FROM `jw_auth_rule` [ RunTime:0.0130s ]
SQL: SELECT `condition`,`name` FROM `jw_auth_rule` WHERE `id` IN ('50','349','350','351','359','360','361','362','363','364','486','527','530','578','579','580','581','582','583','584','585','586','587','588','589','590','591','592','593') AND `type` = 1 AND `status` = 1  [ RunTime:0.0020s ]
SQL: SHOW COLUMNS FROM `jw_auth_rule` [ RunTime:0.0040s ]
SQL: SELECT `id` FROM `jw_auth_rule` WHERE `title` = 100  [ RunTime:0.0300s ]
NOTIC: [2] implode(): Invalid arguments passed E:\sheying_admin_sys\Application\Admin\Controller\SystemController.class.php 第 166 行.
SQL: SHOW COLUMNS FROM `jw_auth_group` [ RunTime:0.0030s ]
SQL: UPDATE `jw_auth_group` SET `id`='15',`title`='超级管理员',`status`='1',`rules`='50,349,350,351,359,360,361,362,363,364,486,527,530,594,' WHERE `id` = 15 [ RunTime:0.0340s ]
INFO: [ view_parse ] --START--
INFO: [ template_filter ] --START--
INFO: Run Behavior\ContentReplaceBehavior [ RunTime:0.002000s ]
INFO: [ template_filter ] --END-- [ RunTime:0.004000s ]
INFO: Run Behavior\ParseTemplateBehavior [ RunTime:0.146008s ]
INFO: [ view_parse ] --END-- [ RunTime:0.148008s ]
INFO: [ view_filter ] --START--
INFO: Run Behavior\WriteHtmlCacheBehavior [ RunTime:0.003000s ]
INFO: [ view_filter ] --END-- [ RunTime:0.005000s ]
INFO: [ app_end ] --START--
INFO: Run Behavior\ShowPageTraceBehavior [ RunTime:0.004000s ]
INFO: [ app_end ] --END-- [ RunTime:0.007000s ]

[ 2020-11-08T21:28:24+08:00 ] 127.0.0.1 /admin.php/System/auth_group
INFO: [ app_init ] --START--
INFO: Run Behavior\BuildLiteBehavior [ RunTime:0.000000s ]
INFO: [ app_init ] --END-- [ RunTime:0.005000s ]
INFO: [ app_begin ] --START--
INFO: Run Behavior\ReadHtmlCacheBehavior [ RunTime:0.004000s ]
INFO: [ app_begin ] --END-- [ RunTime:0.006000s ]
SQL: SHOW COLUMNS FROM `jw_auth_group_access` [ RunTime:0.0140s ]
SQL: SELECT `uid`,`group_id`,`title`,`rules` FROM jw_auth_group_access a INNER JOIN jw_auth_group g on a.group_id=g.id  WHERE ( a.uid='14' and g.status='1' )  [ RunTime:0.0110s ]
SQL: SHOW COLUMNS FROM `jw_auth_rule` [ RunTime:0.0110s ]
SQL: SELECT `condition`,`name` FROM `jw_auth_rule` WHERE `id` IN ('50','349','350','351','359','360','361','362','363','364','486','527','530','594') AND `type` = 1 AND `status` = 1  [ RunTime:0.0030s ]
SQL: SHOW COLUMNS FROM `jw_auth_group` [ RunTime:0.0040s ]
SQL: SELECT * FROM `jw_auth_group` WHERE `status` = 1  [ RunTime:0.0020s ]
SQL: SELECT * FROM `jw_auth_group` WHERE `status` = 1 ORDER BY `id` DESC LIMIT 0,20   [ RunTime:0.0030s ]
INFO: [ view_parse ] --START--
INFO: [ template_filter ] --START--
INFO: Run Behavior\ContentReplaceBehavior [ RunTime:0.001000s ]
INFO: [ template_filter ] --END-- [ RunTime:0.004000s ]
INFO: Run Behavior\ParseTemplateBehavior [ RunTime:0.220012s ]
INFO: [ view_parse ] --END-- [ RunTime:0.222013s ]
INFO: [ view_filter ] --START--
INFO: Run Behavior\WriteHtmlCacheBehavior [ RunTime:0.003000s ]
INFO: [ view_filter ] --END-- [ RunTime:0.005001s ]
INFO: [ app_end ] --START--
INFO: Run Behavior\ShowPageTraceBehavior [ RunTime:0.005000s ]
INFO: [ app_end ] --END-- [ RunTime:0.007000s ]

[ 2020-11-08T21:28:33+08:00 ] 127.0.0.1 /admin.php/System/auth_group_operation?id=15
INFO: [ app_init ] --START--
INFO: Run Behavior\BuildLiteBehavior [ RunTime:0.001000s ]
INFO: [ app_init ] --END-- [ RunTime:0.005000s ]
INFO: [ app_begin ] --START--
INFO: Run Behavior\ReadHtmlCacheBehavior [ RunTime:0.005000s ]
INFO: [ app_begin ] --END-- [ RunTime:0.008000s ]
SQL: SHOW COLUMNS FROM `jw_auth_group_access` [ RunTime:0.0100s ]
SQL: SELECT `uid`,`group_id`,`title`,`rules` FROM jw_auth_group_access a INNER JOIN jw_auth_group g on a.group_id=g.id  WHERE ( a.uid='14' and g.status='1' )  [ RunTime:0.0090s ]
SQL: SHOW COLUMNS FROM `jw_auth_rule` [ RunTime:0.0040s ]
SQL: SELECT `condition`,`name` FROM `jw_auth_rule` WHERE `id` IN ('50','349','350','351','359','360','361','362','363','364','486','527','530','594') AND `type` = 1 AND `status` = 1  [ RunTime:0.0020s ]
SQL: SHOW COLUMNS FROM `jw_auth_rule` [ RunTime:0.0030s ]
SQL: SELECT * FROM `jw_auth_rule` WHERE ( parentid=0 )  [ RunTime:0.0020s ]
SQL: SELECT * FROM `jw_auth_rule` WHERE `parentid` = 50  [ RunTime:0.0020s ]
SQL: SELECT * FROM `jw_auth_rule` WHERE `parentid` = 594  [ RunTime:0.0010s ]
SQL: SHOW COLUMNS FROM `jw_auth_group` [ RunTime:0.0020s ]
SQL: SELECT * FROM `jw_auth_group` WHERE ( id=15 ) LIMIT 1   [ RunTime:0.0020s ]
INFO: [ view_parse ] --START--
INFO: [ template_filter ] --START--
INFO: Run Behavior\ContentReplaceBehavior [ RunTime:0.001000s ]
INFO: [ template_filter ] --END-- [ RunTime:0.003000s ]
INFO: Run Behavior\ParseTemplateBehavior [ RunTime:0.263015s ]
INFO: [ view_parse ] --END-- [ RunTime:0.265015s ]
INFO: [ view_filter ] --START--
INFO: Run Behavior\WriteHtmlCacheBehavior [ RunTime:0.004001s ]
INFO: [ view_filter ] --END-- [ RunTime:0.006001s ]
INFO: [ app_end ] --START--
INFO: Run Behavior\ShowPageTraceBehavior [ RunTime:0.004000s ]
INFO: [ app_end ] --END-- [ RunTime:0.007000s ]

[ 2020-11-08T21:28:35+08:00 ] 127.0.0.1 /admin.php/System/auth_group_edit
INFO: [ app_init ] --START--
INFO: Run Behavior\BuildLiteBehavior [ RunTime:0.001000s ]
INFO: [ app_init ] --END-- [ RunTime:0.004000s ]
INFO: [ app_begin ] --START--
INFO: Run Behavior\ReadHtmlCacheBehavior [ RunTime:0.006001s ]
INFO: [ app_begin ] --END-- [ RunTime:0.008001s ]
SQL: SHOW COLUMNS FROM `jw_auth_group_access` [ RunTime:0.0110s ]
SQL: SELECT `uid`,`group_id`,`title`,`rules` FROM jw_auth_group_access a INNER JOIN jw_auth_group g on a.group_id=g.id  WHERE ( a.uid='14' and g.status='1' )  [ RunTime:0.0100s ]
SQL: SHOW COLUMNS FROM `jw_auth_rule` [ RunTime:0.0110s ]
SQL: SELECT `condition`,`name` FROM `jw_auth_rule` WHERE `id` IN ('50','349','350','351','359','360','361','362','363','364','486','527','530','594') AND `type` = 1 AND `status` = 1  [ RunTime:0.0030s ]
SQL: SHOW COLUMNS FROM `jw_auth_rule` [ RunTime:0.0070s ]
SQL: SELECT `id` FROM `jw_auth_rule` WHERE `title` = 100  [ RunTime:0.0020s ]
NOTIC: [2] implode(): Invalid arguments passed E:\sheying_admin_sys\Application\Admin\Controller\SystemController.class.php 第 166 行.
SQL: SHOW COLUMNS FROM `jw_auth_group` [ RunTime:0.0030s ]
SQL: UPDATE `jw_auth_group` SET `id`='15',`title`='超级管理员',`status`='1',`rules`='50,349,350,351,359,360,361,362,363,364,486,527,530,594,595,' WHERE `id` = 15 [ RunTime:0.0080s ]
INFO: [ view_parse ] --START--
INFO: [ template_filter ] --START--
INFO: Run Behavior\ContentReplaceBehavior [ RunTime:0.001000s ]
INFO: [ template_filter ] --END-- [ RunTime:0.003000s ]
INFO: Run Behavior\ParseTemplateBehavior [ RunTime:0.048002s ]
INFO: [ view_parse ] --END-- [ RunTime:0.050002s ]
INFO: [ view_filter ] --START--
INFO: Run Behavior\WriteHtmlCacheBehavior [ RunTime:0.004000s ]
INFO: [ view_filter ] --END-- [ RunTime:0.007000s ]
INFO: [ app_end ] --START--
INFO: Run Behavior\ShowPageTraceBehavior [ RunTime:0.005001s ]
INFO: [ app_end ] --END-- [ RunTime:0.007001s ]

[ 2020-11-08T21:28:37+08:00 ] 127.0.0.1 /admin.php/System/auth_group
INFO: [ app_init ] --START--
INFO: Run Behavior\BuildLiteBehavior [ RunTime:0.001000s ]
INFO: [ app_init ] --END-- [ RunTime:0.005000s ]
INFO: [ app_begin ] --START--
INFO: Run Behavior\ReadHtmlCacheBehavior [ RunTime:0.004001s ]
INFO: [ app_begin ] --END-- [ RunTime:0.006001s ]
SQL: SHOW COLUMNS FROM `jw_auth_group_access` [ RunTime:0.0100s ]
SQL: SELECT `uid`,`group_id`,`title`,`rules` FROM jw_auth_group_access a INNER JOIN jw_auth_group g on a.group_id=g.id  WHERE ( a.uid='14' and g.status='1' )  [ RunTime:0.0100s ]
SQL: SHOW COLUMNS FROM `jw_auth_rule` [ RunTime:0.0140s ]
SQL: SELECT `condition`,`name` FROM `jw_auth_rule` WHERE `id` IN ('50','349','350','351','359','360','361','362','363','364','486','527','530','594','595') AND `type` = 1 AND `status` = 1  [ RunTime:0.0040s ]
SQL: SHOW COLUMNS FROM `jw_auth_group` [ RunTime:0.0040s ]
SQL: SELECT * FROM `jw_auth_group` WHERE `status` = 1  [ RunTime:0.0030s ]
SQL: SELECT * FROM `jw_auth_group` WHERE `status` = 1 ORDER BY `id` DESC LIMIT 0,20   [ RunTime:0.0020s ]
INFO: [ view_parse ] --START--
INFO: [ template_filter ] --START--
INFO: Run Behavior\ContentReplaceBehavior [ RunTime:0.002000s ]
INFO: [ template_filter ] --END-- [ RunTime:0.005000s ]
INFO: Run Behavior\ParseTemplateBehavior [ RunTime:0.284017s ]
INFO: [ view_parse ] --END-- [ RunTime:0.286017s ]
INFO: [ view_filter ] --START--
INFO: Run Behavior\WriteHtmlCacheBehavior [ RunTime:0.004000s ]
INFO: [ view_filter ] --END-- [ RunTime:0.009000s ]
INFO: [ app_end ] --START--
INFO: Run Behavior\ShowPageTraceBehavior [ RunTime:0.006001s ]
INFO: [ app_end ] --END-- [ RunTime:0.008001s ]

[ 2020-11-08T21:28:40+08:00 ] 127.0.0.1 /admin.php/User/list1
INFO: [ app_init ] --START--
INFO: Run Behavior\BuildLiteBehavior [ RunTime:0.001001s ]
INFO: [ app_init ] --END-- [ RunTime:0.007001s ]
INFO: [ app_begin ] --START--
INFO: Run Behavior\ReadHtmlCacheBehavior [ RunTime:0.004000s ]
INFO: [ app_begin ] --END-- [ RunTime:0.007000s ]
SQL: SHOW COLUMNS FROM `jw_auth_group_access` [ RunTime:0.0150s ]
SQL: SELECT `uid`,`group_id`,`title`,`rules` FROM jw_auth_group_access a INNER JOIN jw_auth_group g on a.group_id=g.id  WHERE ( a.uid='14' and g.status='1' )  [ RunTime:0.0110s ]
SQL: SHOW COLUMNS FROM `jw_auth_rule` [ RunTime:0.0130s ]
SQL: SELECT `condition`,`name` FROM `jw_auth_rule` WHERE `id` IN ('50','349','350','351','359','360','361','362','363','364','486','527','530','594','595') AND `type` = 1 AND `status` = 1  [ RunTime:0.0020s ]
INFO: [ view_parse ] --START--
INFO: [ template_filter ] --START--
INFO: Run Behavior\ContentReplaceBehavior [ RunTime:0.002000s ]
INFO: [ template_filter ] --END-- [ RunTime:0.004000s ]
NOTIC: [8] Undefined variable: name E:\sheying_admin_sys\Application\Runtime\Cache\Admin\bd0c8213c229bad8f7559736c79ac201.php 第 288 行.
NOTIC: [8] Undefined variable: list E:\sheying_admin_sys\Application\Runtime\Cache\Admin\bd0c8213c229bad8f7559736c79ac201.php 第 344 行.
NOTIC: [8] Undefined variable: page E:\sheying_admin_sys\Application\Runtime\Cache\Admin\bd0c8213c229bad8f7559736c79ac201.php 第 376 行.
INFO: Run Behavior\ParseTemplateBehavior [ RunTime:0.260015s ]
INFO: [ view_parse ] --END-- [ RunTime:0.301017s ]
INFO: [ view_filter ] --START--
INFO: Run Behavior\WriteHtmlCacheBehavior [ RunTime:0.005000s ]
INFO: [ view_filter ] --END-- [ RunTime:0.007000s ]
INFO: [ app_end ] --START--
INFO: Run Behavior\ShowPageTraceBehavior [ RunTime:0.018001s ]
INFO: [ app_end ] --END-- [ RunTime:0.021001s ]

