[ 2020-11-06T00:16:43+08:00 ] 127.0.0.1 /admin.php/Xinxi/list1
INFO: [ app_init ] --START--
INFO: Run Behavior\BuildLiteBehavior [ RunTime:0.000000s ]
INFO: [ app_init ] --END-- [ RunTime:0.006001s ]
INFO: [ app_begin ] --START--
INFO: Run Behavior\ReadHtmlCacheBehavior [ RunTime:0.004000s ]
INFO: [ app_begin ] --END-- [ RunTime:0.007001s ]
SQL: SHOW COLUMNS FROM `jw_auth_group_access` [ RunTime:0.0350s ]
SQL: SELECT `uid`,`group_id`,`title`,`rules` FROM jw_auth_group_access a INNER JOIN jw_auth_group g on a.group_id=g.id  WHERE ( a.uid='14' and g.status='1' )  [ RunTime:0.0090s ]
SQL: SHOW COLUMNS FROM `jw_auth_rule` [ RunTime:0.0100s ]
SQL: SELECT `condition`,`name` FROM `jw_auth_rule` WHERE `id` IN ('50','349','350','351','359','360','361','362','363','364','486','527','530','578','579','580','581','582','583','584','585','586','587','588','589','590','591','592','593') AND `type` = 1 AND `status` = 1  [ RunTime:0.0020s ]
SQL: SHOW COLUMNS FROM `jw_xinxi` [ RunTime:0.0100s ]
SQL: SELECT * FROM `jw_xinxi`  [ RunTime:0.0020s ]
SQL: SELECT * FROM `jw_xinxi` ORDER BY `id` DESC LIMIT 0,20   [ RunTime:0.0020s ]
INFO: [ view_parse ] --START--
INFO: [ template_filter ] --START--
INFO: Run Behavior\ContentReplaceBehavior [ RunTime:0.075005s ]
INFO: [ template_filter ] --END-- [ RunTime:0.077005s ]
NOTIC: [8] Undefined variable: name E:\sheying_admin_sys\Application\Runtime\Cache\Admin\1111791c3fb60863fcbe0bc65c5664bf.php 第 302 行.
INFO: Run Behavior\ParseTemplateBehavior [ RunTime:0.491028s ]
INFO: [ view_parse ] --END-- [ RunTime:0.493028s ]
INFO: [ view_filter ] --START--
INFO: Run Behavior\WriteHtmlCacheBehavior [ RunTime:0.012001s ]
INFO: [ view_filter ] --END-- [ RunTime:0.013001s ]
INFO: [ app_end ] --START--
INFO: Run Behavior\ShowPageTraceBehavior [ RunTime:0.008001s ]
INFO: [ app_end ] --END-- [ RunTime:0.010001s ]

[ 2020-11-06T00:19:06+08:00 ] 127.0.0.1 /admin.php/Xinxi/list1
INFO: [ app_init ] --START--
INFO: Run Behavior\BuildLiteBehavior [ RunTime:0.000000s ]
INFO: [ app_init ] --END-- [ RunTime:0.005000s ]
INFO: [ app_begin ] --START--
INFO: Run Behavior\ReadHtmlCacheBehavior [ RunTime:0.004000s ]
INFO: [ app_begin ] --END-- [ RunTime:0.006000s ]
SQL: SHOW COLUMNS FROM `jw_auth_group_access` [ RunTime:0.0100s ]
SQL: SELECT `uid`,`group_id`,`title`,`rules` FROM jw_auth_group_access a INNER JOIN jw_auth_group g on a.group_id=g.id  WHERE ( a.uid='14' and g.status='1' )  [ RunTime:0.0100s ]
SQL: SHOW COLUMNS FROM `jw_auth_rule` [ RunTime:0.0100s ]
SQL: SELECT `condition`,`name` FROM `jw_auth_rule` WHERE `id` IN ('50','349','350','351','359','360','361','362','363','364','486','527','530','578','579','580','581','582','583','584','585','586','587','588','589','590','591','592','593') AND `type` = 1 AND `status` = 1  [ RunTime:0.0030s ]
SQL: SHOW COLUMNS FROM `jw_xinxi` [ RunTime:0.0110s ]
SQL: SELECT * FROM `jw_xinxi`  [ RunTime:0.0020s ]
SQL: SELECT * FROM `jw_xinxi` ORDER BY `id` DESC LIMIT 0,20   [ RunTime:0.0030s ]
INFO: [ view_parse ] --START--
INFO: [ template_filter ] --START--
INFO: Run Behavior\ContentReplaceBehavior [ RunTime:0.001000s ]
INFO: [ template_filter ] --END-- [ RunTime:0.003000s ]
NOTIC: [8] Undefined variable: name E:\sheying_admin_sys\Application\Runtime\Cache\Admin\1111791c3fb60863fcbe0bc65c5664bf.php 第 302 行.
INFO: Run Behavior\ParseTemplateBehavior [ RunTime:0.267015s ]
INFO: [ view_parse ] --END-- [ RunTime:0.269015s ]
INFO: [ view_filter ] --START--
INFO: Run Behavior\WriteHtmlCacheBehavior [ RunTime:0.004000s ]
INFO: [ view_filter ] --END-- [ RunTime:0.006000s ]
INFO: [ app_end ] --START--
INFO: Run Behavior\ShowPageTraceBehavior [ RunTime:0.004000s ]
INFO: [ app_end ] --END-- [ RunTime:0.007000s ]

