[ 2020-04-26T01:12:39+08:00 ] 127.0.0.1 /
INFO: [ app_init ] --START--
INFO: Run Behavior\BuildLiteBehavior [ RunTime:0.000000s ]
INFO: [ app_init ] --END-- [ RunTime:0.023002s ]
INFO: [ app_begin ] --START--
INFO: Run Behavior\ReadHtmlCacheBehavior [ RunTime:0.016001s ]
INFO: [ app_begin ] --END-- [ RunTime:0.018001s ]
INFO: [ app_end ] --START--
INFO: Run Behavior\ShowPageTraceBehavior [ RunTime:0.004000s ]
INFO: [ app_end ] --END-- [ RunTime:0.006000s ]

[ 2020-04-26T01:12:43+08:00 ] 127.0.0.1 /index.php
INFO: [ app_init ] --START--
INFO: Run Behavior\BuildLiteBehavior [ RunTime:0.001001s ]
INFO: [ app_init ] --END-- [ RunTime:0.004001s ]
INFO: [ app_begin ] --START--
INFO: Run Behavior\ReadHtmlCacheBehavior [ RunTime:0.003001s ]
INFO: [ app_begin ] --END-- [ RunTime:0.005001s ]
INFO: [ app_end ] --START--
INFO: Run Behavior\ShowPageTraceBehavior [ RunTime:0.003000s ]
INFO: [ app_end ] --END-- [ RunTime:0.005000s ]

[ 2020-04-26T01:13:00+08:00 ] 127.0.0.1 /index.php/login
INFO: [ app_init ] --START--
INFO: Run Behavior\BuildLiteBehavior [ RunTime:0.000000s ]
INFO: [ app_init ] --END-- [ RunTime:0.005001s ]
INFO: [ app_begin ] --START--
INFO: Run Behavior\ReadHtmlCacheBehavior [ RunTime:0.002001s ]
INFO: [ app_begin ] --END-- [ RunTime:0.005001s ]
ERR: 娉浣:index

[ 2020-04-26T01:13:06+08:00 ] 127.0.0.1 /index.php/login/login
INFO: [ app_init ] --START--
INFO: Run Behavior\BuildLiteBehavior [ RunTime:0.000000s ]
INFO: [ app_init ] --END-- [ RunTime:0.004000s ]
INFO: [ app_begin ] --START--
INFO: Run Behavior\ReadHtmlCacheBehavior [ RunTime:0.003000s ]
INFO: [ app_begin ] --END-- [ RunTime:0.005000s ]

[ 2020-04-26T01:14:21+08:00 ] 127.0.0.1 /index.php/login/login?account=admin&password=123456
INFO: [ app_init ] --START--
INFO: Run Behavior\BuildLiteBehavior [ RunTime:0.001001s ]
INFO: [ app_init ] --END-- [ RunTime:0.004001s ]
INFO: [ app_begin ] --START--
INFO: Run Behavior\ReadHtmlCacheBehavior [ RunTime:0.002001s ]
INFO: [ app_begin ] --END-- [ RunTime:0.005001s ]

[ 2020-04-26T01:14:28+08:00 ] 127.0.0.1 /index.php/login/login?account=admin&password=1234567
INFO: [ app_init ] --START--
INFO: Run Behavior\BuildLiteBehavior [ RunTime:0.000000s ]
INFO: [ app_init ] --END-- [ RunTime:0.003000s ]
INFO: [ app_begin ] --START--
INFO: Run Behavior\ReadHtmlCacheBehavior [ RunTime:0.002000s ]
INFO: [ app_begin ] --END-- [ RunTime:0.004000s ]

[ 2020-04-26T01:14:56+08:00 ] 127.0.0.1 /index.php/login/login?account=admin&password=1234567
INFO: [ app_init ] --START--
INFO: Run Behavior\BuildLiteBehavior [ RunTime:0.000000s ]
INFO: [ app_init ] --END-- [ RunTime:0.004000s ]
INFO: [ app_begin ] --START--
INFO: Run Behavior\ReadHtmlCacheBehavior [ RunTime:0.003000s ]
INFO: [ app_begin ] --END-- [ RunTime:0.005001s ]

[ 2020-04-26T01:15:09+08:00 ] 127.0.0.1 /index.php/login/login?account=admin&password=1234567
INFO: [ app_init ] --START--
INFO: Run Behavior\BuildLiteBehavior [ RunTime:0.001000s ]
INFO: [ app_init ] --END-- [ RunTime:0.005001s ]
INFO: [ app_begin ] --START--
INFO: Run Behavior\ReadHtmlCacheBehavior [ RunTime:0.003001s ]
INFO: [ app_begin ] --END-- [ RunTime:0.005001s ]

[ 2020-04-26T01:15:55+08:00 ] 127.0.0.1 /index.php/login/login?account=admin&password=1234567
INFO: [ app_init ] --START--
INFO: Run Behavior\BuildLiteBehavior [ RunTime:0.000000s ]
INFO: [ app_init ] --END-- [ RunTime:0.007000s ]
INFO: [ app_begin ] --START--
INFO: Run Behavior\ReadHtmlCacheBehavior [ RunTime:0.005000s ]
INFO: [ app_begin ] --END-- [ RunTime:0.008000s ]

[ 2020-04-26T01:16:07+08:00 ] 127.0.0.1 /index.php/login/login?account=admin&password=1234567
INFO: [ app_init ] --START--
INFO: Run Behavior\BuildLiteBehavior [ RunTime:0.000000s ]
INFO: [ app_init ] --END-- [ RunTime:0.004000s ]
INFO: [ app_begin ] --START--
INFO: Run Behavior\ReadHtmlCacheBehavior [ RunTime:0.003000s ]
INFO: [ app_begin ] --END-- [ RunTime:0.006000s ]
SQL: SHOW COLUMNS FROM `lh_admin` [ RunTime:0.0400s ]
SQL: SELECT * FROM `lh_admin` WHERE `account` = 'admin' AND `status` = 1 LIMIT 1   [ RunTime:0.0860s ]

[ 2020-04-26T01:17:15+08:00 ] 127.0.0.1 /index.php/login/login?account=admin&password=1234567
INFO: [ app_init ] --START--
INFO: Run Behavior\BuildLiteBehavior [ RunTime:0.001000s ]
INFO: [ app_init ] --END-- [ RunTime:0.004000s ]
INFO: [ app_begin ] --START--
INFO: Run Behavior\ReadHtmlCacheBehavior [ RunTime:0.003000s ]
INFO: [ app_begin ] --END-- [ RunTime:0.006001s ]
SQL: SHOW COLUMNS FROM `lh_admin` [ RunTime:0.0450s ]
SQL: SELECT * FROM `lh_admin` WHERE `account` = 'admin' AND `status` = 0 LIMIT 1   [ RunTime:0.0540s ]
SQL: SELECT * FROM `lh_admin` WHERE `account` = 'admin' AND `password` = 'fcea920f7412b5da7be0cf42b8c93759' AND `status` = 0 LIMIT 1   [ RunTime:0.0580s ]

[ 2020-04-26T01:17:35+08:00 ] 127.0.0.1 /index.php/login/login?account=admin&password=1234567
INFO: [ app_init ] --START--
INFO: Run Behavior\BuildLiteBehavior [ RunTime:0.001000s ]
INFO: [ app_init ] --END-- [ RunTime:0.004000s ]
INFO: [ app_begin ] --START--
INFO: Run Behavior\ReadHtmlCacheBehavior [ RunTime:0.003000s ]
INFO: [ app_begin ] --END-- [ RunTime:0.005000s ]
SQL: SHOW COLUMNS FROM `lh_admin` [ RunTime:0.0490s ]
SQL: SELECT * FROM `lh_admin` WHERE `account` = 'admin' AND `status` = 0 LIMIT 1   [ RunTime:0.0660s ]
SQL: SELECT * FROM `lh_admin` WHERE `account` = 'admin' AND `password` = 'fcea920f7412b5da7be0cf42b8c93759' AND `status` = 0 LIMIT 1   [ RunTime:0.0510s ]

[ 2020-04-26T01:19:01+08:00 ] 127.0.0.1 /index.php/login/login?account=admin&password=1234567
INFO: [ app_init ] --START--
INFO: Run Behavior\BuildLiteBehavior [ RunTime:0.001000s ]
INFO: [ app_init ] --END-- [ RunTime:0.004000s ]
INFO: [ app_begin ] --START--
INFO: Run Behavior\ReadHtmlCacheBehavior [ RunTime:0.004000s ]
INFO: [ app_begin ] --END-- [ RunTime:0.006000s ]
SQL: SHOW COLUMNS FROM `lh_admin` [ RunTime:0.0490s ]
SQL: SELECT * FROM `lh_admin` WHERE `account` = 'admin' AND `status` = 0 LIMIT 1   [ RunTime:0.0470s ]
SQL: SELECT * FROM `lh_admin` WHERE `account` = 'admin' AND `password` = 'fcea920f7412b5da7be0cf42b8c93759' AND `status` = 0 LIMIT 1   [ RunTime:0.0490s ]

[ 2020-04-26T01:21:43+08:00 ] 127.0.0.1 /index.php/login/login?account=admin&password=1234567
INFO: [ app_init ] --START--
INFO: Run Behavior\BuildLiteBehavior [ RunTime:0.001000s ]
INFO: [ app_init ] --END-- [ RunTime:0.004001s ]
INFO: [ app_begin ] --START--
INFO: Run Behavior\ReadHtmlCacheBehavior [ RunTime:0.004000s ]
INFO: [ app_begin ] --END-- [ RunTime:0.007001s ]
SQL: SHOW COLUMNS FROM `lh_admin` [ RunTime:0.0430s ]
SQL: SELECT * FROM `lh_admin` WHERE `account` = 'admin' AND `status` = 0 LIMIT 1   [ RunTime:0.0440s ]
SQL: SELECT * FROM `lh_admin` WHERE `account` = 'admin' AND `password` = 'fcea920f7412b5da7be0cf42b8c93759' AND `status` = 0 LIMIT 1   [ RunTime:0.0440s ]

[ 2020-04-26T01:21:46+08:00 ] 127.0.0.1 /index.php/login/login?account=admin&password=1234567
INFO: [ app_init ] --START--
INFO: Run Behavior\BuildLiteBehavior [ RunTime:0.001000s ]
INFO: [ app_init ] --END-- [ RunTime:0.005001s ]
INFO: [ app_begin ] --START--
INFO: Run Behavior\ReadHtmlCacheBehavior [ RunTime:0.003001s ]
INFO: [ app_begin ] --END-- [ RunTime:0.005001s ]
SQL: SHOW COLUMNS FROM `lh_admin` [ RunTime:0.0440s ]
SQL: SELECT * FROM `lh_admin` WHERE `account` = 'admin' AND `status` = 0 LIMIT 1   [ RunTime:0.0430s ]
SQL: SELECT * FROM `lh_admin` WHERE `account` = 'admin' AND `password` = 'fcea920f7412b5da7be0cf42b8c93759' AND `status` = 0 LIMIT 1   [ RunTime:0.0410s ]

[ 2020-04-26T01:21:49+08:00 ] 127.0.0.1 /index.php/login/login?account=admin&password=1234567
INFO: [ app_init ] --START--
INFO: Run Behavior\BuildLiteBehavior [ RunTime:0.000000s ]
INFO: [ app_init ] --END-- [ RunTime:0.005001s ]
INFO: [ app_begin ] --START--
INFO: Run Behavior\ReadHtmlCacheBehavior [ RunTime:0.003000s ]
INFO: [ app_begin ] --END-- [ RunTime:0.005001s ]
SQL: SHOW COLUMNS FROM `lh_admin` [ RunTime:0.0490s ]
SQL: SELECT * FROM `lh_admin` WHERE `account` = 'admin' AND `status` = 0 LIMIT 1   [ RunTime:0.0480s ]
SQL: SELECT * FROM `lh_admin` WHERE `account` = 'admin' AND `password` = 'fcea920f7412b5da7be0cf42b8c93759' AND `status` = 0 LIMIT 1   [ RunTime:0.0480s ]

[ 2020-04-26T01:21:51+08:00 ] 127.0.0.1 /index.php/login/login?account=admin&password=1234567
INFO: [ app_init ] --START--
INFO: Run Behavior\BuildLiteBehavior [ RunTime:0.001000s ]
INFO: [ app_init ] --END-- [ RunTime:0.004000s ]
INFO: [ app_begin ] --START--
INFO: Run Behavior\ReadHtmlCacheBehavior [ RunTime:0.003000s ]
INFO: [ app_begin ] --END-- [ RunTime:0.005000s ]
SQL: SHOW COLUMNS FROM `lh_admin` [ RunTime:0.0490s ]
SQL: SELECT * FROM `lh_admin` WHERE `account` = 'admin' AND `status` = 0 LIMIT 1   [ RunTime:0.0480s ]
SQL: SELECT * FROM `lh_admin` WHERE `account` = 'admin' AND `password` = 'fcea920f7412b5da7be0cf42b8c93759' AND `status` = 0 LIMIT 1   [ RunTime:0.0570s ]

[ 2020-04-26T01:22:14+08:00 ] 127.0.0.1 /index.php/login/login?account=admin&password=1234567
INFO: [ app_init ] --START--
INFO: Run Behavior\BuildLiteBehavior [ RunTime:0.001000s ]
INFO: [ app_init ] --END-- [ RunTime:0.004000s ]
INFO: [ app_begin ] --START--
INFO: Run Behavior\ReadHtmlCacheBehavior [ RunTime:0.003000s ]
INFO: [ app_begin ] --END-- [ RunTime:0.006001s ]
SQL: SHOW COLUMNS FROM `lh_admin` [ RunTime:0.0530s ]
SQL: SELECT * FROM `lh_admin` WHERE `account` = 'admin' AND `status` = 0 LIMIT 1   [ RunTime:0.0410s ]
SQL: SELECT * FROM `lh_admin` WHERE `account` = 'admin' AND `password` = 'fcea920f7412b5da7be0cf42b8c93759' AND `status` = 0 LIMIT 1   [ RunTime:0.0420s ]

[ 2020-04-26T14:52:09+08:00 ] 127.0.0.1 /index.php/login/login?account=admin&password=1234567
INFO: [ app_init ] --START--
INFO: Run Behavior\BuildLiteBehavior [ RunTime:0.001000s ]
INFO: [ app_init ] --END-- [ RunTime:0.018001s ]
INFO: [ app_begin ] --START--
INFO: Run Behavior\ReadHtmlCacheBehavior [ RunTime:0.015001s ]
INFO: [ app_begin ] --END-- [ RunTime:0.018001s ]
ERR: 由于目标计算机积极拒绝，无法连接。


[ 2020-04-26T17:01:48+08:00 ] 127.0.0.1 /index.php/login/login?account=admin&password=1234567
INFO: [ app_init ] --START--
INFO: Run Behavior\BuildLiteBehavior [ RunTime:0.000000s ]
INFO: [ app_init ] --END-- [ RunTime:0.021002s ]
INFO: [ app_begin ] --START--
INFO: Run Behavior\ReadHtmlCacheBehavior [ RunTime:0.016001s ]
INFO: [ app_begin ] --END-- [ RunTime:0.019001s ]
SQL: SHOW COLUMNS FROM `lh_admin` [ RunTime:0.1010s ]
SQL: SELECT * FROM `lh_admin` WHERE `account` = 'admin' AND `status` = 0 LIMIT 1   [ RunTime:0.0990s ]
SQL: SELECT * FROM `lh_admin` WHERE `account` = 'admin' AND `password` = 'fcea920f7412b5da7be0cf42b8c93759' AND `status` = 0 LIMIT 1   [ RunTime:0.0890s ]

