[ 2020-04-01T15:25:33+08:00 ] 127.0.0.1 /api.php/Index/get_commodity_sort_list
INFO: [ app_init ] --START--
INFO: Run Behavior\BuildLiteBehavior [ RunTime:0.000000s ]
INFO: [ app_init ] --END-- [ RunTime:0.010000s ]
INFO: [ app_begin ] --START--
INFO: Run Behavior\ReadHtmlCacheBehavior [ RunTime:0.015001s ]
INFO: [ app_begin ] --END-- [ RunTime:0.017001s ]
SQL: SHOW COLUMNS FROM `lh_commodity_sort` [ RunTime:0.0460s ]
SQL: SELECT * FROM `lh_commodity_sort` WHERE `status` = 1 AND `del_status` = 1  [ RunTime:0.0500s ]
SQL: SHOW COLUMNS FROM `lh_commodity` [ RunTime:0.0510s ]
SQL: SELECT * FROM `lh_commodity` WHERE `del_status` = 1 AND `commodity_sort_id` = 1 AND `status` = 1  [ RunTime:0.0470s ]
SQL: SHOW COLUMNS FROM `lh_farmer_commodity` [ RunTime:0.0710s ]
SQL: SELECT `id`,`farmer_id`,`output` FROM `lh_farmer_commodity` WHERE `del_status` = 1 AND `commodity_id` IN ('1','16','19')  [ RunTime:0.0470s ]
SQL: SELECT * FROM `lh_commodity` WHERE `del_status` = 1 AND `commodity_sort_id` = 3 AND `status` = 1  [ RunTime:0.0510s ]
SQL: SELECT `id`,`farmer_id`,`output` FROM `lh_farmer_commodity` WHERE `del_status` = 1 AND `commodity_id` IN ('2','13','15')  [ RunTime:0.0500s ]
SQL: SELECT * FROM `lh_commodity` WHERE `del_status` = 1 AND `commodity_sort_id` = 8 AND `status` = 1  [ RunTime:0.0540s ]
SQL: SELECT `id`,`farmer_id`,`output` FROM `lh_farmer_commodity` WHERE `del_status` = 1 AND `commodity_id` IN ('14','17')  [ RunTime:0.0590s ]
SQL: SELECT * FROM `lh_commodity` WHERE `del_status` = 1 AND `commodity_sort_id` = 10 AND `status` = 1  [ RunTime:0.0440s ]
SQL: SELECT `id`,`farmer_id`,`output` FROM `lh_farmer_commodity` WHERE `del_status` = 1 AND `commodity_id` IN ('18')  [ RunTime:0.0440s ]

[ 2020-04-01T16:13:59+08:00 ] 127.0.0.1 /api.php/My/get_already_sales?user_id=10
INFO: [ app_init ] --START--
INFO: Run Behavior\BuildLiteBehavior [ RunTime:0.000000s ]
INFO: [ app_init ] --END-- [ RunTime:0.021001s ]
INFO: [ app_begin ] --START--
INFO: Run Behavior\ReadHtmlCacheBehavior [ RunTime:0.014001s ]
INFO: [ app_begin ] --END-- [ RunTime:0.017001s ]
SQL: SHOW COLUMNS FROM `lh_farmer_commodity` [ RunTime:0.0470s ]
SQL: SELECT * FROM `lh_farmer_commodity` WHERE `farmer_id` = 0 AND `del_status` = 1 AND `end_time` > 1585728838  [ RunTime:0.0570s ]

[ 2020-04-01T16:16:37+08:00 ] 127.0.0.1 /api.php/My/get_already_sales?user_id=10
INFO: [ app_init ] --START--
INFO: Run Behavior\BuildLiteBehavior [ RunTime:0.001000s ]
INFO: [ app_init ] --END-- [ RunTime:0.008000s ]
INFO: [ app_begin ] --START--
INFO: Run Behavior\ReadHtmlCacheBehavior [ RunTime:0.004000s ]
INFO: [ app_begin ] --END-- [ RunTime:0.008000s ]
SQL: SHOW COLUMNS FROM `lh_farmer_commodity` [ RunTime:0.0570s ]
SQL: SELECT * FROM `lh_farmer_commodity` WHERE `farmer_id` = 0 AND `del_status` = 1 AND `end_time` > 1585728854  [ RunTime:0.0670s ]

[ 2020-04-01T16:17:46+08:00 ] 127.0.0.1 /api.php/My/get_already_sales?user_id=10
INFO: [ app_init ] --START--
INFO: Run Behavior\BuildLiteBehavior [ RunTime:0.001000s ]
INFO: [ app_init ] --END-- [ RunTime:0.005000s ]
INFO: [ app_begin ] --START--
INFO: Run Behavior\ReadHtmlCacheBehavior [ RunTime:0.005001s ]
INFO: [ app_begin ] --END-- [ RunTime:0.007001s ]
SQL: SHOW COLUMNS FROM `lh_farmer_commodity` [ RunTime:0.0600s ]
SQL: SELECT * FROM `lh_farmer_commodity` WHERE `farmer_id` = 0 AND `del_status` = 1 AND `end_time` > 1585729023  [ RunTime:0.0490s ]

[ 2020-04-01T16:30:32+08:00 ] 127.0.0.1 /api.php/My/get_already_sales?user_id=10
INFO: [ app_init ] --START--
INFO: Run Behavior\BuildLiteBehavior [ RunTime:0.001000s ]
INFO: [ app_init ] --END-- [ RunTime:0.009000s ]
INFO: [ app_begin ] --START--
INFO: Run Behavior\ReadHtmlCacheBehavior [ RunTime:0.004000s ]
INFO: [ app_begin ] --END-- [ RunTime:0.007000s ]
SQL: SHOW COLUMNS FROM `lh_farmer_commodity` [ RunTime:0.1220s ]
SQL: SELECT * FROM `lh_farmer_commodity` WHERE `farmer_id` = 0 AND `del_status` = 1 AND `end_time` > 1585729831  [ RunTime:0.1800s ]

[ 2020-04-01T16:33:56+08:00 ] 127.0.0.1 /api.php/My/get_already_sales?user_id=10
INFO: [ app_init ] --START--
INFO: Run Behavior\BuildLiteBehavior [ RunTime:0.001000s ]
INFO: [ app_init ] --END-- [ RunTime:0.006001s ]
INFO: [ app_begin ] --START--
INFO: Run Behavior\ReadHtmlCacheBehavior [ RunTime:0.005000s ]
INFO: [ app_begin ] --END-- [ RunTime:0.008000s ]
SQL: SHOW COLUMNS FROM `lh_farmer_commodity` [ RunTime:0.0430s ]
SQL: SELECT * FROM `lh_farmer_commodity` WHERE `farmer_id` = 0 AND `del_status` = 1 AND `end_time` > 1585730020  [ RunTime:0.0570s ]

[ 2020-04-01T16:36:17+08:00 ] 127.0.0.1 /api.php/My/get_already_sales?user_id=10
INFO: [ app_init ] --START--
INFO: Run Behavior\BuildLiteBehavior [ RunTime:0.001000s ]
INFO: [ app_init ] --END-- [ RunTime:0.011001s ]
INFO: [ app_begin ] --START--
INFO: Run Behavior\ReadHtmlCacheBehavior [ RunTime:0.005000s ]
INFO: [ app_begin ] --END-- [ RunTime:0.009000s ]
SQL: SHOW COLUMNS FROM `lh_farmer_commodity` [ RunTime:0.0520s ]
SQL: SELECT * FROM `lh_farmer_commodity` WHERE `farmer_id` = 0 AND `del_status` = 1 AND `end_time` > 1585730047  [ RunTime:0.0490s ]

[ 2020-04-01T16:36:47+08:00 ] 127.0.0.1 /api.php/My/get_already_sales?user_id=10
INFO: [ app_init ] --START--
INFO: Run Behavior\BuildLiteBehavior [ RunTime:0.001000s ]
INFO: [ app_init ] --END-- [ RunTime:0.006000s ]
INFO: [ app_begin ] --START--
INFO: Run Behavior\ReadHtmlCacheBehavior [ RunTime:0.004000s ]
INFO: [ app_begin ] --END-- [ RunTime:0.007001s ]
SQL: SHOW COLUMNS FROM `lh_farmer` [ RunTime:0.0520s ]
SQL: SELECT `id` FROM `lh_farmer` WHERE `user_id` = 10 LIMIT 1   [ RunTime:0.0980s ]
SQL: SHOW COLUMNS FROM `lh_farmer_commodity` [ RunTime:0.0590s ]
SQL: SELECT * FROM `lh_farmer_commodity` WHERE `farmer_id` = 4 AND `del_status` = 1 AND `end_time` > 1585730188  [ RunTime:0.0500s ]
SQL: SHOW COLUMNS FROM `lh_commodity` [ RunTime:0.0550s ]
SQL: SELECT * FROM `lh_commodity` WHERE `id` = 23 LIMIT 1   [ RunTime:0.0590s ]
SQL: SHOW COLUMNS FROM `lh_unit` [ RunTime:0.0540s ]
SQL: SELECT * FROM `lh_unit` WHERE `id` = 1 LIMIT 1   [ RunTime:0.0510s ]
SQL: SHOW COLUMNS FROM `lh_farmer_commodity_sales` [ RunTime:0.0530s ]
ERR: 1054:Unknown column 'farmer_id' in 'where clause'
 [ SQL语句 ] : SELECT * FROM `lh_farmer_commodity_sales` WHERE `farmer_id` = '4' AND `del_status` = 1 AND `end_time` > 1585730188 AND `farmer_commodity_id` = 21 
ERR: 1054:Unknown column 'farmer_id' in 'where clause'
 [ SQL语句 ] : SELECT * FROM `lh_farmer_commodity_sales` WHERE `farmer_id` = '4' AND `del_status` = 1 AND `end_time` > 1585730188 AND `farmer_commodity_id` = 21 

[ 2020-04-01T16:38:06+08:00 ] 127.0.0.1 /api.php/My/get_already_sales?user_id=10
INFO: [ app_init ] --START--
INFO: Run Behavior\BuildLiteBehavior [ RunTime:0.001000s ]
INFO: [ app_init ] --END-- [ RunTime:0.006000s ]
INFO: [ app_begin ] --START--
INFO: Run Behavior\ReadHtmlCacheBehavior [ RunTime:0.005000s ]
INFO: [ app_begin ] --END-- [ RunTime:0.008000s ]
SQL: SHOW COLUMNS FROM `lh_farmer` [ RunTime:0.0650s ]
SQL: SELECT `id` FROM `lh_farmer` WHERE `user_id` = 10 LIMIT 1   [ RunTime:0.0600s ]
SQL: SHOW COLUMNS FROM `lh_farmer_commodity` [ RunTime:0.0490s ]
SQL: SELECT * FROM `lh_farmer_commodity` WHERE `farmer_id` = 4 AND `del_status` = 1 AND `end_time` > 1585730220  [ RunTime:0.0480s ]
SQL: SHOW COLUMNS FROM `lh_commodity` [ RunTime:0.0480s ]
SQL: SELECT * FROM `lh_commodity` WHERE `id` = 23 LIMIT 1   [ RunTime:0.0500s ]
NOTIC: [8] Undefined index: farmer_commodity_id xdebug://debug-eval(1) : eval()'d code 第 1 行.
NOTIC: [8] Undefined index: farmer_commodity_id xdebug://debug-eval(1) : eval()'d code 第 1 行.
SQL: SHOW COLUMNS FROM `lh_unit` [ RunTime:0.0750s ]
SQL: SELECT * FROM `lh_unit` WHERE `id` = 1 LIMIT 1   [ RunTime:0.1140s ]
SQL: SHOW COLUMNS FROM `lh_farmer_commodity_sales` [ RunTime:0.0510s ]
ERR: 1054:Unknown column 'farmer_id' in 'where clause'
 [ SQL语句 ] : SELECT * FROM `lh_farmer_commodity_sales` WHERE `farmer_id` = '4' AND `del_status` = 1 AND `end_time` > 1585730220 AND `farmer_commodity_id` = 21 
ERR: 1054:Unknown column 'farmer_id' in 'where clause'
 [ SQL语句 ] : SELECT * FROM `lh_farmer_commodity_sales` WHERE `farmer_id` = '4' AND `del_status` = 1 AND `end_time` > 1585730220 AND `farmer_commodity_id` = 21 

[ 2020-04-01T16:38:18+08:00 ] 127.0.0.1 /api.php/My/get_already_sales?user_id=10
INFO: [ app_init ] --START--
INFO: Run Behavior\BuildLiteBehavior [ RunTime:0.001000s ]
INFO: [ app_init ] --END-- [ RunTime:0.005000s ]
INFO: [ app_begin ] --START--
INFO: Run Behavior\ReadHtmlCacheBehavior [ RunTime:0.005000s ]
INFO: [ app_begin ] --END-- [ RunTime:0.007000s ]

[ 2020-04-01T16:38:22+08:00 ] 127.0.0.1 /api.php/My/get_already_sales?user_id=10
INFO: [ app_init ] --START--
INFO: Run Behavior\BuildLiteBehavior [ RunTime:0.000000s ]
INFO: [ app_init ] --END-- [ RunTime:0.005000s ]
INFO: [ app_begin ] --START--
INFO: Run Behavior\ReadHtmlCacheBehavior [ RunTime:0.004000s ]
INFO: [ app_begin ] --END-- [ RunTime:0.006000s ]
SQL: SHOW COLUMNS FROM `lh_farmer` [ RunTime:0.0490s ]
SQL: SELECT `id` FROM `lh_farmer` WHERE `user_id` = 10 LIMIT 1   [ RunTime:0.0480s ]
SQL: SHOW COLUMNS FROM `lh_farmer_commodity` [ RunTime:0.0500s ]
SQL: SELECT * FROM `lh_farmer_commodity` WHERE `farmer_id` = 4 AND `del_status` = 1 AND `end_time` > 1585730301  [ RunTime:0.0740s ]
SQL: SHOW COLUMNS FROM `lh_commodity` [ RunTime:0.0470s ]
SQL: SELECT * FROM `lh_commodity` WHERE `id` = 23 LIMIT 1   [ RunTime:0.0560s ]
SQL: SHOW COLUMNS FROM `lh_unit` [ RunTime:0.0500s ]
SQL: SELECT * FROM `lh_unit` WHERE `id` = 1 LIMIT 1   [ RunTime:0.0500s ]
SQL: SHOW COLUMNS FROM `lh_farmer_commodity_sales` [ RunTime:0.0500s ]
SQL: SELECT * FROM `lh_farmer_commodity_sales` WHERE `farmer_commodity_id` = 21  [ RunTime:0.0480s ]
SQL: SHOW COLUMNS FROM `lh_farmer_commodity_evaluate` [ RunTime:0.0500s ]
SQL: SELECT * FROM `lh_farmer_commodity_evaluate` WHERE `farmer_commodity_id` = 21 AND `status` = 1 AND `del_status` = 1  [ RunTime:0.0520s ]

[ 2020-04-01T17:16:39+08:00 ] 127.0.0.1 /api.php/My/get_already_sales?user_id=22
INFO: [ app_init ] --START--
INFO: Run Behavior\BuildLiteBehavior [ RunTime:0.000000s ]
INFO: [ app_init ] --END-- [ RunTime:0.020001s ]
INFO: [ app_begin ] --START--
INFO: Run Behavior\ReadHtmlCacheBehavior [ RunTime:0.020001s ]
INFO: [ app_begin ] --END-- [ RunTime:0.022001s ]
SQL: SHOW COLUMNS FROM `lh_farmer` [ RunTime:0.0520s ]
SQL: SELECT `id` FROM `lh_farmer` WHERE `user_id` = 22 LIMIT 1   [ RunTime:0.0550s ]
SQL: SHOW COLUMNS FROM `lh_farmer_commodity` [ RunTime:0.0480s ]
SQL: SELECT * FROM `lh_farmer_commodity` WHERE `farmer_id` = 48 AND `del_status` = 1 AND `end_time` > 1585732598  [ RunTime:0.0470s ]
SQL: SHOW COLUMNS FROM `lh_commodity` [ RunTime:0.0470s ]
SQL: SELECT * FROM `lh_commodity` WHERE `id` = 28 LIMIT 1   [ RunTime:0.0540s ]
SQL: SHOW COLUMNS FROM `lh_unit` [ RunTime:0.0740s ]
SQL: SELECT * FROM `lh_unit` WHERE `id` = 3 LIMIT 1   [ RunTime:0.0790s ]
SQL: SHOW COLUMNS FROM `lh_farmer_commodity_sales` [ RunTime:0.0720s ]
SQL: SELECT * FROM `lh_farmer_commodity_sales` WHERE `farmer_commodity_id` = 79  [ RunTime:0.0550s ]
SQL: SHOW COLUMNS FROM `lh_farmer_commodity_evaluate` [ RunTime:0.0570s ]
SQL: SELECT * FROM `lh_farmer_commodity_evaluate` WHERE `farmer_commodity_id` = 79 AND `status` = 1 AND `del_status` = 1  [ RunTime:0.0910s ]

[ 2020-04-01T17:18:17+08:00 ] 127.0.0.1 /api.php/My/get_already_sales?user_id=22
INFO: [ app_init ] --START--
INFO: Run Behavior\BuildLiteBehavior [ RunTime:0.001000s ]
INFO: [ app_init ] --END-- [ RunTime:0.007001s ]
INFO: [ app_begin ] --START--
INFO: Run Behavior\ReadHtmlCacheBehavior [ RunTime:0.004000s ]
INFO: [ app_begin ] --END-- [ RunTime:0.007000s ]
SQL: SHOW COLUMNS FROM `lh_farmer` [ RunTime:0.0440s ]
SQL: SELECT `id` FROM `lh_farmer` WHERE `user_id` = 22 LIMIT 1   [ RunTime:0.0430s ]
SQL: SHOW COLUMNS FROM `lh_farmer_commodity` [ RunTime:0.0540s ]
SQL: SELECT * FROM `lh_farmer_commodity` WHERE `farmer_id` = 48 AND `del_status` = 1 AND `end_time` > 1585732657  [ RunTime:0.0440s ]

[ 2020-04-01T17:18:29+08:00 ] 127.0.0.1 /api.php/My/get_already_sales?user_id=22
INFO: [ app_init ] --START--
INFO: Run Behavior\BuildLiteBehavior [ RunTime:0.000000s ]
INFO: [ app_init ] --END-- [ RunTime:0.005001s ]
INFO: [ app_begin ] --START--
INFO: Run Behavior\ReadHtmlCacheBehavior [ RunTime:0.004000s ]
INFO: [ app_begin ] --END-- [ RunTime:0.006000s ]
SQL: SHOW COLUMNS FROM `lh_farmer` [ RunTime:0.0620s ]
SQL: SELECT `id` FROM `lh_farmer` WHERE `user_id` = 22 LIMIT 1   [ RunTime:0.0820s ]
SQL: SHOW COLUMNS FROM `lh_farmer_commodity` [ RunTime:0.0790s ]
SQL: SELECT * FROM `lh_farmer_commodity` WHERE `farmer_id` = 48 AND `del_status` = 1 AND `end_time` < 1585732708  [ RunTime:0.0530s ]
SQL: SHOW COLUMNS FROM `lh_commodity` [ RunTime:0.0490s ]
SQL: SELECT * FROM `lh_commodity` WHERE `id` = 20 LIMIT 1   [ RunTime:0.0470s ]
SQL: SHOW COLUMNS FROM `lh_unit` [ RunTime:0.0490s ]
SQL: SELECT * FROM `lh_unit` WHERE `id` = null LIMIT 1   [ RunTime:0.0490s ]
SQL: SHOW COLUMNS FROM `lh_farmer_commodity_sales` [ RunTime:0.0500s ]
SQL: SELECT * FROM `lh_farmer_commodity_sales` WHERE `farmer_commodity_id` = 77  [ RunTime:0.0450s ]
SQL: SHOW COLUMNS FROM `lh_farmer_commodity_evaluate` [ RunTime:0.0480s ]
SQL: SELECT * FROM `lh_farmer_commodity_evaluate` WHERE `farmer_commodity_id` = 77 AND `status` = 1 AND `del_status` = 1  [ RunTime:0.0570s ]
SQL: SELECT * FROM `lh_commodity` WHERE `id` = 34 LIMIT 1   [ RunTime:0.0510s ]
SQL: SELECT * FROM `lh_unit` WHERE `id` = null LIMIT 1   [ RunTime:0.0520s ]
SQL: SELECT * FROM `lh_farmer_commodity_sales` WHERE `farmer_commodity_id` = 78  [ RunTime:0.0520s ]
SQL: SELECT * FROM `lh_farmer_commodity_evaluate` WHERE `farmer_commodity_id` = 78 AND `status` = 1 AND `del_status` = 1  [ RunTime:0.0500s ]

