[ 2020-05-13T13:06:34+08:00 ] 127.0.0.1 /api.php/Bicycle/add_bicycle?user_id=1&number=wet123
INFO: [ app_init ] --START--
INFO: Run Behavior\BuildLiteBehavior [ RunTime:0.000000s ]
INFO: [ app_init ] --END-- [ RunTime:0.024002s ]
INFO: [ app_begin ] --START--
INFO: Run Behavior\ReadHtmlCacheBehavior [ RunTime:0.015001s ]
INFO: [ app_begin ] --END-- [ RunTime:0.019001s ]
SQL: SHOW COLUMNS FROM `mb_bicycle` [ RunTime:0.0690s ]
SQL: SELECT * FROM `mb_bicycle` WHERE `number` = 'wet123' LIMIT 1   [ RunTime:0.0640s ]
SQL: SHOW COLUMNS FROM `mb_cycling` [ RunTime:0.0780s ]
SQL: INSERT INTO `mb_cycling` (`user_id`,`bicycle_id`,`mileage_num`,`emission_reduction`,`consume`,`createtime`) VALUES ('1',NULL,'72','52','27','1589346394') [ RunTime:0.0670s ]
INFO: [ app_end ] --START--
INFO: Run Behavior\ShowPageTraceBehavior [ RunTime:0.035002s ]
INFO: [ app_end ] --END-- [ RunTime:0.037003s ]

[ 2020-05-13T13:06:38+08:00 ] 127.0.0.1 /api.php/Bicycle/add_bicycle?user_id=1&number=wet123
INFO: [ app_init ] --START--
INFO: Run Behavior\BuildLiteBehavior [ RunTime:0.000000s ]
INFO: [ app_init ] --END-- [ RunTime:0.004000s ]
INFO: [ app_begin ] --START--
INFO: Run Behavior\ReadHtmlCacheBehavior [ RunTime:0.004000s ]
INFO: [ app_begin ] --END-- [ RunTime:0.007000s ]
SQL: SHOW COLUMNS FROM `mb_bicycle` [ RunTime:0.0830s ]
SQL: SELECT * FROM `mb_bicycle` WHERE `number` = 'wet123' LIMIT 1   [ RunTime:0.0700s ]
SQL: SHOW COLUMNS FROM `mb_cycling` [ RunTime:0.0640s ]
SQL: INSERT INTO `mb_cycling` (`user_id`,`bicycle_id`,`mileage_num`,`emission_reduction`,`consume`,`createtime`) VALUES ('1',NULL,'82','48','88','1589346398') [ RunTime:0.0700s ]
INFO: [ app_end ] --START--
INFO: Run Behavior\ShowPageTraceBehavior [ RunTime:0.004001s ]
INFO: [ app_end ] --END-- [ RunTime:0.006001s ]

[ 2020-05-13T13:08:52+08:00 ] 127.0.0.1 /api.php/Bicycle/add_bicycle?user_id=1&number=wet123
INFO: [ app_init ] --START--
INFO: Run Behavior\BuildLiteBehavior [ RunTime:0.000000s ]
INFO: [ app_init ] --END-- [ RunTime:0.006000s ]
INFO: [ app_begin ] --START--
INFO: Run Behavior\ReadHtmlCacheBehavior [ RunTime:0.004000s ]
INFO: [ app_begin ] --END-- [ RunTime:0.007000s ]
SQL: SHOW COLUMNS FROM `mb_bicycle` [ RunTime:0.0630s ]
SQL: SELECT * FROM `mb_bicycle` WHERE `number` = 'wet123' LIMIT 1   [ RunTime:0.0620s ]

[ 2020-05-13T23:18:43+08:00 ] 127.0.0.1 /api.php/Bicycle/get_pay_list?user_id=1&date=2020-05-14
INFO: [ app_init ] --START--
INFO: Run Behavior\BuildLiteBehavior [ RunTime:0.001000s ]
INFO: [ app_init ] --END-- [ RunTime:0.021001s ]
INFO: [ app_begin ] --START--
INFO: Run Behavior\ReadHtmlCacheBehavior [ RunTime:0.015001s ]
INFO: [ app_begin ] --END-- [ RunTime:0.018001s ]
SQL: SHOW COLUMNS FROM `mb_pay` [ RunTime:0.0700s ]
SQL: SELECT * FROM `mb_pay` WHERE `user_id` = 1 AND `createtime` BETWEEN '1589299200' AND '1589385599'  [ RunTime:0.0670s ]
SQL: SHOW COLUMNS FROM `mb_cycling` [ RunTime:0.0680s ]
SQL: SELECT * FROM `mb_cycling` WHERE `id` = 1 LIMIT 1   [ RunTime:0.0690s ]
SQL: SHOW COLUMNS FROM `mb_bicycle` [ RunTime:0.0680s ]
SQL: SELECT * FROM `mb_bicycle` WHERE `id` = 1 LIMIT 1   [ RunTime:0.0670s ]

[ 2020-05-13T23:19:11+08:00 ] 127.0.0.1 /api.php/Bicycle/get_pay_list?user_id=1&date=2020-05-14
INFO: [ app_init ] --START--
INFO: Run Behavior\BuildLiteBehavior [ RunTime:0.001000s ]
INFO: [ app_init ] --END-- [ RunTime:0.007000s ]
INFO: [ app_begin ] --START--
INFO: Run Behavior\ReadHtmlCacheBehavior [ RunTime:0.006001s ]
INFO: [ app_begin ] --END-- [ RunTime:0.010001s ]

[ 2020-05-13T23:40:19+08:00 ] 127.0.0.1 /api.php/Bicycle/get_pay_list?user_id=1&date=2020-05-14
INFO: [ app_init ] --START--
INFO: Run Behavior\BuildLiteBehavior [ RunTime:0.001000s ]
INFO: [ app_init ] --END-- [ RunTime:0.035002s ]
INFO: [ app_begin ] --START--
INFO: Run Behavior\ReadHtmlCacheBehavior [ RunTime:0.023001s ]
INFO: [ app_begin ] --END-- [ RunTime:0.025001s ]
SQL: SHOW COLUMNS FROM `mb_pay` [ RunTime:0.0690s ]
SQL: SELECT * FROM `mb_pay` WHERE `user_id` = 1 AND `createtime` BETWEEN '1589385600' AND '1589471999' ORDER BY `id` DESC  [ RunTime:0.0670s ]

[ 2020-05-13T23:40:23+08:00 ] 127.0.0.1 /api.php/Bicycle/test
INFO: [ app_init ] --START--
INFO: Run Behavior\BuildLiteBehavior [ RunTime:0.001000s ]
INFO: [ app_init ] --END-- [ RunTime:0.007001s ]
INFO: [ app_begin ] --START--
INFO: Run Behavior\ReadHtmlCacheBehavior [ RunTime:0.004000s ]
INFO: [ app_begin ] --END-- [ RunTime:0.008000s ]
INFO: [ app_end ] --START--
INFO: Run Behavior\ShowPageTraceBehavior [ RunTime:0.053003s ]
INFO: [ app_end ] --END-- [ RunTime:0.059003s ]

[ 2020-05-13T23:41:46+08:00 ] 127.0.0.1 /api.php/Bicycle/test
INFO: [ app_init ] --START--
INFO: Run Behavior\BuildLiteBehavior [ RunTime:0.001000s ]
INFO: [ app_init ] --END-- [ RunTime:0.006001s ]
INFO: [ app_begin ] --START--
INFO: Run Behavior\ReadHtmlCacheBehavior [ RunTime:0.004000s ]
INFO: [ app_begin ] --END-- [ RunTime:0.007000s ]
INFO: [ app_end ] --START--
INFO: Run Behavior\ShowPageTraceBehavior [ RunTime:0.005000s ]
INFO: [ app_end ] --END-- [ RunTime:0.010000s ]

[ 2020-05-13T23:41:49+08:00 ] 127.0.0.1 /api.php/Bicycle/test
INFO: [ app_init ] --START--
INFO: Run Behavior\BuildLiteBehavior [ RunTime:0.000000s ]
INFO: [ app_init ] --END-- [ RunTime:0.008001s ]
INFO: [ app_begin ] --START--
INFO: Run Behavior\ReadHtmlCacheBehavior [ RunTime:0.004000s ]
INFO: [ app_begin ] --END-- [ RunTime:0.011001s ]
INFO: [ app_end ] --START--
INFO: Run Behavior\ShowPageTraceBehavior [ RunTime:0.006001s ]
INFO: [ app_end ] --END-- [ RunTime:0.010001s ]

[ 2020-05-13T23:41:51+08:00 ] 127.0.0.1 /api.php/Bicycle/test
INFO: [ app_init ] --START--
INFO: Run Behavior\BuildLiteBehavior [ RunTime:0.000000s ]
INFO: [ app_init ] --END-- [ RunTime:0.006001s ]
INFO: [ app_begin ] --START--
INFO: Run Behavior\ReadHtmlCacheBehavior [ RunTime:0.005000s ]
INFO: [ app_begin ] --END-- [ RunTime:0.008000s ]
INFO: [ app_end ] --START--
INFO: Run Behavior\ShowPageTraceBehavior [ RunTime:0.005001s ]
INFO: [ app_end ] --END-- [ RunTime:0.010001s ]

[ 2020-05-13T23:41:52+08:00 ] 127.0.0.1 /api.php/Bicycle/test
INFO: [ app_init ] --START--
INFO: Run Behavior\BuildLiteBehavior [ RunTime:0.001000s ]
INFO: [ app_init ] --END-- [ RunTime:0.007000s ]
INFO: [ app_begin ] --START--
INFO: Run Behavior\ReadHtmlCacheBehavior [ RunTime:0.005001s ]
INFO: [ app_begin ] --END-- [ RunTime:0.010001s ]
INFO: [ app_end ] --START--
INFO: Run Behavior\ShowPageTraceBehavior [ RunTime:0.028002s ]
INFO: [ app_end ] --END-- [ RunTime:0.031002s ]

[ 2020-05-13T23:41:54+08:00 ] 127.0.0.1 /api.php/Bicycle/test
INFO: [ app_init ] --START--
INFO: Run Behavior\BuildLiteBehavior [ RunTime:0.001000s ]
INFO: [ app_init ] --END-- [ RunTime:0.006001s ]
INFO: [ app_begin ] --START--
INFO: Run Behavior\ReadHtmlCacheBehavior [ RunTime:0.006000s ]
INFO: [ app_begin ] --END-- [ RunTime:0.009000s ]
INFO: [ app_end ] --START--
INFO: Run Behavior\ShowPageTraceBehavior [ RunTime:0.006000s ]
INFO: [ app_end ] --END-- [ RunTime:0.009000s ]

[ 2020-05-13T23:41:56+08:00 ] 127.0.0.1 /api.php/Bicycle/test
INFO: [ app_init ] --START--
INFO: Run Behavior\BuildLiteBehavior [ RunTime:0.000000s ]
INFO: [ app_init ] --END-- [ RunTime:0.006001s ]
INFO: [ app_begin ] --START--
INFO: Run Behavior\ReadHtmlCacheBehavior [ RunTime:0.004000s ]
INFO: [ app_begin ] --END-- [ RunTime:0.018001s ]
INFO: [ app_end ] --START--
INFO: Run Behavior\ShowPageTraceBehavior [ RunTime:0.006000s ]
INFO: [ app_end ] --END-- [ RunTime:0.009001s ]

