[ 2020-04-09T10:14:45+08:00 ] 127.0.0.1 /api.php/Index/get_commodity_sort_list
INFO: [ app_init ] --START--
INFO: Run Behavior\BuildLiteBehavior [ RunTime:0.000000s ]
INFO: [ app_init ] --END-- [ RunTime:0.027002s ]
INFO: [ app_begin ] --START--
INFO: Run Behavior\ReadHtmlCacheBehavior [ RunTime:0.015001s ]
INFO: [ app_begin ] --END-- [ RunTime:0.017001s ]
ERR: 由于目标计算机积极拒绝，无法连接。


[ 2020-04-09T10:15:22+08:00 ] 127.0.0.1 /api.php/Index/get_commodity_sort_list
INFO: [ app_init ] --START--
INFO: Run Behavior\BuildLiteBehavior [ RunTime:0.000000s ]
INFO: [ app_init ] --END-- [ RunTime:0.004000s ]
INFO: [ app_begin ] --START--
INFO: Run Behavior\ReadHtmlCacheBehavior [ RunTime:0.003001s ]
INFO: [ app_begin ] --END-- [ RunTime:0.006001s ]
SQL: SHOW COLUMNS FROM `lh_commodity_sort` [ RunTime:0.0550s ]
SQL: SELECT * FROM `lh_commodity_sort` WHERE `status` = 1 AND `del_status` = 1  [ RunTime:0.0560s ]
SQL: SHOW COLUMNS FROM `lh_commodity` [ RunTime:0.0630s ]
SQL: SELECT * FROM `lh_commodity` WHERE `del_status` = 1 AND `commodity_sort_id` = 1 AND `status` = 1  [ RunTime:0.1040s ]
SQL: SHOW COLUMNS FROM `lh_farmer_commodity` [ RunTime:0.0670s ]
SQL: SELECT `id`,`farmer_id`,`output` FROM `lh_farmer_commodity` WHERE `commodity_id` IN ('19','20','21','22','23','24','25','26','27','28','29','30','31','32','33','34','35','36','37','38','43','44','45','46','47') AND `del_status` = 1  [ RunTime:0.0980s ]
SQL: SHOW COLUMNS FROM `lh_farmer` [ RunTime:0.0750s ]
SQL: SELECT * FROM `lh_farmer` WHERE `id` = 4 AND `status` = 1 AND `del_status` = 1 LIMIT 1   [ RunTime:0.0500s ]
SQL: SELECT * FROM `lh_farmer` WHERE `id` = 4 AND `status` = 1 AND `del_status` = 1 LIMIT 1   [ RunTime:0.1660s ]
SQL: SELECT * FROM `lh_farmer` WHERE `id` = 48 AND `status` = 1 AND `del_status` = 1 LIMIT 1   [ RunTime:0.0550s ]
SQL: SELECT * FROM `lh_farmer` WHERE `id` = 48 AND `status` = 1 AND `del_status` = 1 LIMIT 1   [ RunTime:0.0610s ]
SQL: SELECT * FROM `lh_farmer` WHERE `id` = 48 AND `status` = 1 AND `del_status` = 1 LIMIT 1   [ RunTime:0.0530s ]
SQL: SELECT * FROM `lh_farmer` WHERE `id` = 48 AND `status` = 1 AND `del_status` = 1 LIMIT 1   [ RunTime:0.0430s ]
SQL: SELECT * FROM `lh_farmer` WHERE `id` = 49 AND `status` = 1 AND `del_status` = 1 LIMIT 1   [ RunTime:0.0520s ]
SQL: SELECT * FROM `lh_farmer` WHERE `id` = 44 AND `status` = 1 AND `del_status` = 1 LIMIT 1   [ RunTime:0.0620s ]
SQL: SELECT * FROM `lh_farmer` WHERE `id` = 51 AND `status` = 1 AND `del_status` = 1 LIMIT 1   [ RunTime:0.0580s ]
SQL: SELECT * FROM `lh_farmer` WHERE `id` = 51 AND `status` = 1 AND `del_status` = 1 LIMIT 1   [ RunTime:0.0690s ]
SQL: SELECT * FROM `lh_farmer` WHERE `id` = 51 AND `status` = 1 AND `del_status` = 1 LIMIT 1   [ RunTime:0.1050s ]
SQL: SELECT * FROM `lh_farmer` WHERE `id` = 51 AND `status` = 1 AND `del_status` = 1 LIMIT 1   [ RunTime:0.0690s ]
SQL: SELECT * FROM `lh_farmer` WHERE `id` = 51 AND `status` = 1 AND `del_status` = 1 LIMIT 1   [ RunTime:0.0720s ]
SQL: SELECT * FROM `lh_farmer` WHERE `id` = 51 AND `status` = 1 AND `del_status` = 1 LIMIT 1   [ RunTime:0.0640s ]
SQL: SELECT * FROM `lh_farmer` WHERE `id` = 53 AND `status` = 1 AND `del_status` = 1 LIMIT 1   [ RunTime:0.0910s ]
SQL: SELECT * FROM `lh_farmer` WHERE `id` = 53 AND `status` = 1 AND `del_status` = 1 LIMIT 1   [ RunTime:0.0560s ]
SQL: SELECT * FROM `lh_farmer` WHERE `id` = 53 AND `status` = 1 AND `del_status` = 1 LIMIT 1   [ RunTime:0.0870s ]
SQL: SELECT * FROM `lh_farmer` WHERE `id` = 53 AND `status` = 1 AND `del_status` = 1 LIMIT 1   [ RunTime:0.0590s ]
SQL: SELECT * FROM `lh_farmer` WHERE `id` = 53 AND `status` = 1 AND `del_status` = 1 LIMIT 1   [ RunTime:0.0480s ]
SQL: SELECT * FROM `lh_farmer` WHERE `id` = 53 AND `status` = 1 AND `del_status` = 1 LIMIT 1   [ RunTime:0.0590s ]
SQL: SELECT * FROM `lh_farmer` WHERE `id` = 54 AND `status` = 1 AND `del_status` = 1 LIMIT 1   [ RunTime:0.0530s ]
SQL: SELECT * FROM `lh_farmer` WHERE `id` = 54 AND `status` = 1 AND `del_status` = 1 LIMIT 1   [ RunTime:0.0500s ]
SQL: SELECT * FROM `lh_farmer` WHERE `id` = 54 AND `status` = 1 AND `del_status` = 1 LIMIT 1   [ RunTime:0.0550s ]
SQL: SELECT * FROM `lh_farmer` WHERE `id` = 54 AND `status` = 1 AND `del_status` = 1 LIMIT 1   [ RunTime:0.0530s ]
SQL: SELECT * FROM `lh_farmer` WHERE `id` = 54 AND `status` = 1 AND `del_status` = 1 LIMIT 1   [ RunTime:0.0560s ]
SQL: SELECT * FROM `lh_farmer` WHERE `id` = 55 AND `status` = 1 AND `del_status` = 1 LIMIT 1   [ RunTime:0.0530s ]
SQL: SELECT * FROM `lh_farmer` WHERE `id` = 55 AND `status` = 1 AND `del_status` = 1 LIMIT 1   [ RunTime:0.0460s ]
SQL: SELECT * FROM `lh_farmer` WHERE `id` = 55 AND `status` = 1 AND `del_status` = 1 LIMIT 1   [ RunTime:0.0450s ]
SQL: SELECT * FROM `lh_farmer` WHERE `id` = 55 AND `status` = 1 AND `del_status` = 1 LIMIT 1   [ RunTime:0.0490s ]
SQL: SELECT * FROM `lh_farmer` WHERE `id` = 56 AND `status` = 1 AND `del_status` = 1 LIMIT 1   [ RunTime:0.0490s ]
SQL: SELECT * FROM `lh_farmer` WHERE `id` = 56 AND `status` = 1 AND `del_status` = 1 LIMIT 1   [ RunTime:0.0450s ]
SQL: SELECT * FROM `lh_farmer` WHERE `id` = 56 AND `status` = 1 AND `del_status` = 1 LIMIT 1   [ RunTime:0.0500s ]
SQL: SELECT * FROM `lh_farmer` WHERE `id` = 56 AND `status` = 1 AND `del_status` = 1 LIMIT 1   [ RunTime:0.0580s ]
SQL: SELECT * FROM `lh_farmer` WHERE `id` = 57 AND `status` = 1 AND `del_status` = 1 LIMIT 1   [ RunTime:0.0570s ]
SQL: SELECT * FROM `lh_farmer` WHERE `id` = 57 AND `status` = 1 AND `del_status` = 1 LIMIT 1   [ RunTime:0.0510s ]
SQL: SELECT * FROM `lh_farmer` WHERE `id` = 57 AND `status` = 1 AND `del_status` = 1 LIMIT 1   [ RunTime:0.0590s ]
SQL: SELECT * FROM `lh_farmer` WHERE `id` = 58 AND `status` = 1 AND `del_status` = 1 LIMIT 1   [ RunTime:0.0490s ]
SQL: SELECT * FROM `lh_farmer` WHERE `id` = 58 AND `status` = 1 AND `del_status` = 1 LIMIT 1   [ RunTime:0.0470s ]
SQL: SELECT * FROM `lh_farmer` WHERE `id` = 58 AND `status` = 1 AND `del_status` = 1 LIMIT 1   [ RunTime:0.0510s ]
SQL: SELECT * FROM `lh_farmer` WHERE `id` = 59 AND `status` = 1 AND `del_status` = 1 LIMIT 1   [ RunTime:0.0550s ]
SQL: SELECT * FROM `lh_farmer` WHERE `id` = 59 AND `status` = 1 AND `del_status` = 1 LIMIT 1   [ RunTime:0.0660s ]
SQL: SELECT * FROM `lh_farmer` WHERE `id` = 59 AND `status` = 1 AND `del_status` = 1 LIMIT 1   [ RunTime:0.0490s ]
SQL: SELECT * FROM `lh_farmer` WHERE `id` = 59 AND `status` = 1 AND `del_status` = 1 LIMIT 1   [ RunTime:0.0490s ]
SQL: SELECT * FROM `lh_farmer` WHERE `id` = 60 AND `status` = 1 AND `del_status` = 1 LIMIT 1   [ RunTime:0.0480s ]
SQL: SELECT * FROM `lh_farmer` WHERE `id` = 60 AND `status` = 1 AND `del_status` = 1 LIMIT 1   [ RunTime:0.0490s ]
SQL: SELECT * FROM `lh_farmer` WHERE `id` = 60 AND `status` = 1 AND `del_status` = 1 LIMIT 1   [ RunTime:0.0680s ]
SQL: SELECT * FROM `lh_farmer` WHERE `id` = 61 AND `status` = 1 AND `del_status` = 1 LIMIT 1   [ RunTime:0.0720s ]
SQL: SELECT * FROM `lh_farmer` WHERE `id` = 61 AND `status` = 1 AND `del_status` = 1 LIMIT 1   [ RunTime:0.0460s ]
SQL: SELECT * FROM `lh_farmer` WHERE `id` = 62 AND `status` = 1 AND `del_status` = 1 LIMIT 1   [ RunTime:0.0620s ]
SQL: SELECT * FROM `lh_farmer` WHERE `id` = 62 AND `status` = 1 AND `del_status` = 1 LIMIT 1   [ RunTime:0.0770s ]
SQL: SELECT * FROM `lh_farmer` WHERE `id` = 62 AND `status` = 1 AND `del_status` = 1 LIMIT 1   [ RunTime:0.0530s ]
SQL: SELECT * FROM `lh_farmer` WHERE `id` = 62 AND `status` = 1 AND `del_status` = 1 LIMIT 1   [ RunTime:0.1060s ]
SQL: SELECT * FROM `lh_farmer` WHERE `id` = 62 AND `status` = 1 AND `del_status` = 1 LIMIT 1   [ RunTime:0.0990s ]
SQL: SELECT * FROM `lh_farmer` WHERE `id` = 62 AND `status` = 1 AND `del_status` = 1 LIMIT 1   [ RunTime:0.0510s ]
SQL: SELECT * FROM `lh_farmer` WHERE `id` = 63 AND `status` = 1 AND `del_status` = 1 LIMIT 1   [ RunTime:0.0740s ]
SQL: SELECT * FROM `lh_farmer` WHERE `id` = 63 AND `status` = 1 AND `del_status` = 1 LIMIT 1   [ RunTime:0.0660s ]
SQL: SELECT * FROM `lh_farmer` WHERE `id` = 63 AND `status` = 1 AND `del_status` = 1 LIMIT 1   [ RunTime:0.1560s ]
SQL: SELECT * FROM `lh_farmer` WHERE `id` = 63 AND `status` = 1 AND `del_status` = 1 LIMIT 1   [ RunTime:0.0730s ]
SQL: SELECT * FROM `lh_farmer` WHERE `id` = 63 AND `status` = 1 AND `del_status` = 1 LIMIT 1   [ RunTime:0.0580s ]
SQL: SELECT * FROM `lh_farmer` WHERE `id` = 64 AND `status` = 1 AND `del_status` = 1 LIMIT 1   [ RunTime:0.0770s ]
SQL: SELECT * FROM `lh_farmer` WHERE `id` = 64 AND `status` = 1 AND `del_status` = 1 LIMIT 1   [ RunTime:0.0820s ]
SQL: SELECT * FROM `lh_farmer` WHERE `id` = 64 AND `status` = 1 AND `del_status` = 1 LIMIT 1   [ RunTime:0.0740s ]
SQL: SELECT * FROM `lh_farmer` WHERE `id` = 64 AND `status` = 1 AND `del_status` = 1 LIMIT 1   [ RunTime:0.1020s ]
SQL: SELECT * FROM `lh_farmer` WHERE `id` = 65 AND `status` = 1 AND `del_status` = 1 LIMIT 1   [ RunTime:0.0470s ]
SQL: SELECT * FROM `lh_farmer` WHERE `id` = 65 AND `status` = 1 AND `del_status` = 1 LIMIT 1   [ RunTime:0.0470s ]
SQL: SELECT * FROM `lh_farmer` WHERE `id` = 65 AND `status` = 1 AND `del_status` = 1 LIMIT 1   [ RunTime:0.0740s ]
SQL: SELECT * FROM `lh_farmer` WHERE `id` = 65 AND `status` = 1 AND `del_status` = 1 LIMIT 1   [ RunTime:0.1470s ]
SQL: SELECT * FROM `lh_farmer` WHERE `id` = 65 AND `status` = 1 AND `del_status` = 1 LIMIT 1   [ RunTime:0.0490s ]
SQL: SELECT * FROM `lh_farmer` WHERE `id` = 66 AND `status` = 1 AND `del_status` = 1 LIMIT 1   [ RunTime:0.0490s ]
SQL: SELECT * FROM `lh_farmer` WHERE `id` = 66 AND `status` = 1 AND `del_status` = 1 LIMIT 1   [ RunTime:0.0510s ]
SQL: SELECT * FROM `lh_farmer` WHERE `id` = 66 AND `status` = 1 AND `del_status` = 1 LIMIT 1   [ RunTime:0.0870s ]
SQL: SELECT * FROM `lh_farmer` WHERE `id` = 66 AND `status` = 1 AND `del_status` = 1 LIMIT 1   [ RunTime:0.0700s ]
SQL: SELECT * FROM `lh_farmer` WHERE `id` = 66 AND `status` = 1 AND `del_status` = 1 LIMIT 1   [ RunTime:0.0530s ]
SQL: SELECT * FROM `lh_farmer` WHERE `id` = 67 AND `status` = 1 AND `del_status` = 1 LIMIT 1   [ RunTime:0.0550s ]
SQL: SELECT * FROM `lh_farmer` WHERE `id` = 67 AND `status` = 1 AND `del_status` = 1 LIMIT 1   [ RunTime:0.0460s ]
SQL: SELECT * FROM `lh_farmer` WHERE `id` = 67 AND `status` = 1 AND `del_status` = 1 LIMIT 1   [ RunTime:0.0450s ]
SQL: SELECT * FROM `lh_farmer` WHERE `id` = 67 AND `status` = 1 AND `del_status` = 1 LIMIT 1   [ RunTime:0.0560s ]
SQL: SELECT * FROM `lh_farmer` WHERE `id` = 68 AND `status` = 1 AND `del_status` = 1 LIMIT 1   [ RunTime:0.0730s ]
SQL: SELECT * FROM `lh_farmer` WHERE `id` = 68 AND `status` = 1 AND `del_status` = 1 LIMIT 1   [ RunTime:0.0440s ]
SQL: SELECT * FROM `lh_farmer` WHERE `id` = 68 AND `status` = 1 AND `del_status` = 1 LIMIT 1   [ RunTime:0.0500s ]
SQL: SELECT * FROM `lh_farmer` WHERE `id` = 68 AND `status` = 1 AND `del_status` = 1 LIMIT 1   [ RunTime:0.0500s ]
SQL: SELECT * FROM `lh_farmer` WHERE `id` = 68 AND `status` = 1 AND `del_status` = 1 LIMIT 1   [ RunTime:0.0440s ]
SQL: SELECT * FROM `lh_farmer` WHERE `id` = 69 AND `status` = 1 AND `del_status` = 1 LIMIT 1   [ RunTime:0.0510s ]
SQL: SELECT * FROM `lh_farmer` WHERE `id` = 69 AND `status` = 1 AND `del_status` = 1 LIMIT 1   [ RunTime:0.0500s ]
SQL: SELECT * FROM `lh_farmer` WHERE `id` = 69 AND `status` = 1 AND `del_status` = 1 LIMIT 1   [ RunTime:0.0460s ]
SQL: SELECT * FROM `lh_farmer` WHERE `id` = 69 AND `status` = 1 AND `del_status` = 1 LIMIT 1   [ RunTime:0.0480s ]
SQL: SELECT * FROM `lh_farmer` WHERE `id` = 69 AND `status` = 1 AND `del_status` = 1 LIMIT 1   [ RunTime:0.0530s ]
SQL: SELECT * FROM `lh_farmer` WHERE `id` = 70 AND `status` = 1 AND `del_status` = 1 LIMIT 1   [ RunTime:0.0610s ]
SQL: SELECT * FROM `lh_farmer` WHERE `id` = 70 AND `status` = 1 AND `del_status` = 1 LIMIT 1   [ RunTime:0.0620s ]
SQL: SELECT * FROM `lh_farmer` WHERE `id` = 70 AND `status` = 1 AND `del_status` = 1 LIMIT 1   [ RunTime:0.0600s ]
SQL: SELECT * FROM `lh_farmer` WHERE `id` = 70 AND `status` = 1 AND `del_status` = 1 LIMIT 1   [ RunTime:0.0560s ]
SQL: SELECT * FROM `lh_farmer` WHERE `id` = 70 AND `status` = 1 AND `del_status` = 1 LIMIT 1   [ RunTime:0.0540s ]
SQL: SELECT * FROM `lh_farmer` WHERE `id` = 70 AND `status` = 1 AND `del_status` = 1 LIMIT 1   [ RunTime:0.0800s ]
SQL: SELECT * FROM `lh_farmer` WHERE `id` = 71 AND `status` = 1 AND `del_status` = 1 LIMIT 1   [ RunTime:0.0990s ]
SQL: SELECT * FROM `lh_farmer` WHERE `id` = 71 AND `status` = 1 AND `del_status` = 1 LIMIT 1   [ RunTime:0.0460s ]
SQL: SELECT * FROM `lh_farmer` WHERE `id` = 71 AND `status` = 1 AND `del_status` = 1 LIMIT 1   [ RunTime:0.0560s ]
SQL: SELECT * FROM `lh_farmer` WHERE `id` = 71 AND `status` = 1 AND `del_status` = 1 LIMIT 1   [ RunTime:0.0610s ]
SQL: SELECT * FROM `lh_farmer` WHERE `id` = 72 AND `status` = 1 AND `del_status` = 1 LIMIT 1   [ RunTime:0.0600s ]
SQL: SELECT * FROM `lh_farmer` WHERE `id` = 72 AND `status` = 1 AND `del_status` = 1 LIMIT 1   [ RunTime:0.0460s ]
SQL: SELECT * FROM `lh_farmer` WHERE `id` = 72 AND `status` = 1 AND `del_status` = 1 LIMIT 1   [ RunTime:0.0580s ]
SQL: SELECT * FROM `lh_farmer` WHERE `id` = 72 AND `status` = 1 AND `del_status` = 1 LIMIT 1   [ RunTime:0.0520s ]
SQL: SELECT * FROM `lh_farmer` WHERE `id` = 72 AND `status` = 1 AND `del_status` = 1 LIMIT 1   [ RunTime:0.0510s ]
SQL: SELECT * FROM `lh_farmer` WHERE `id` = 73 AND `status` = 1 AND `del_status` = 1 LIMIT 1   [ RunTime:0.0590s ]
SQL: SELECT * FROM `lh_farmer` WHERE `id` = 73 AND `status` = 1 AND `del_status` = 1 LIMIT 1   [ RunTime:0.0560s ]
SQL: SELECT * FROM `lh_farmer` WHERE `id` = 73 AND `status` = 1 AND `del_status` = 1 LIMIT 1   [ RunTime:0.0440s ]
SQL: SELECT * FROM `lh_farmer` WHERE `id` = 74 AND `status` = 1 AND `del_status` = 1 LIMIT 1   [ RunTime:0.0490s ]
SQL: SELECT * FROM `lh_farmer` WHERE `id` = 74 AND `status` = 1 AND `del_status` = 1 LIMIT 1   [ RunTime:0.0460s ]
SQL: SELECT * FROM `lh_farmer` WHERE `id` = 75 AND `status` = 1 AND `del_status` = 1 LIMIT 1   [ RunTime:0.0550s ]
SQL: SELECT * FROM `lh_farmer` WHERE `id` = 75 AND `status` = 1 AND `del_status` = 1 LIMIT 1   [ RunTime:0.0520s ]
SQL: SELECT * FROM `lh_farmer` WHERE `id` = 75 AND `status` = 1 AND `del_status` = 1 LIMIT 1   [ RunTime:0.0620s ]
SQL: SELECT * FROM `lh_farmer` WHERE `id` = 76 AND `status` = 1 AND `del_status` = 1 LIMIT 1   [ RunTime:0.0480s ]
SQL: SELECT * FROM `lh_farmer` WHERE `id` = 76 AND `status` = 1 AND `del_status` = 1 LIMIT 1   [ RunTime:0.0590s ]
SQL: SELECT * FROM `lh_farmer` WHERE `id` = 77 AND `status` = 1 AND `del_status` = 1 LIMIT 1   [ RunTime:0.0490s ]
SQL: SELECT * FROM `lh_farmer` WHERE `id` = 77 AND `status` = 1 AND `del_status` = 1 LIMIT 1   [ RunTime:0.0540s ]
SQL: SELECT * FROM `lh_farmer` WHERE `id` = 77 AND `status` = 1 AND `del_status` = 1 LIMIT 1   [ RunTime:0.0460s ]
SQL: SELECT * FROM `lh_farmer` WHERE `id` = 78 AND `status` = 1 AND `del_status` = 1 LIMIT 1   [ RunTime:0.0470s ]
SQL: SELECT * FROM `lh_farmer` WHERE `id` = 78 AND `status` = 1 AND `del_status` = 1 LIMIT 1   [ RunTime:0.0430s ]
SQL: SELECT * FROM `lh_farmer` WHERE `id` = 78 AND `status` = 1 AND `del_status` = 1 LIMIT 1   [ RunTime:0.0480s ]
SQL: SELECT * FROM `lh_farmer` WHERE `id` = 48 AND `status` = 1 AND `del_status` = 1 LIMIT 1   [ RunTime:0.0500s ]
SQL: SELECT * FROM `lh_farmer` WHERE `id` = 79 AND `status` = 1 AND `del_status` = 1 LIMIT 1   [ RunTime:0.0520s ]
SQL: SELECT * FROM `lh_farmer` WHERE `id` = 79 AND `status` = 1 AND `del_status` = 1 LIMIT 1   [ RunTime:0.0440s ]
SQL: SELECT * FROM `lh_farmer` WHERE `id` = 48 AND `status` = 1 AND `del_status` = 1 LIMIT 1   [ RunTime:0.0450s ]
SQL: SELECT * FROM `lh_commodity` WHERE `del_status` = 1 AND `commodity_sort_id` = 3 AND `status` = 1  [ RunTime:0.0500s ]
SQL: SELECT `id`,`farmer_id`,`output` FROM `lh_farmer_commodity` WHERE `commodity_id` IN ('39','40') AND `del_status` = 1  [ RunTime:0.0490s ]
SQL: SELECT * FROM `lh_farmer` WHERE `id` = 44 AND `status` = 1 AND `del_status` = 1 LIMIT 1   [ RunTime:0.0820s ]
SQL: SELECT * FROM `lh_commodity` WHERE `del_status` = 1 AND `commodity_sort_id` = 8 AND `status` = 1  [ RunTime:0.0460s ]
SQL: SELECT `id`,`farmer_id`,`output` FROM `lh_farmer_commodity` WHERE `commodity_id` IN ('41') AND `del_status` = 1  [ RunTime:0.0460s ]
SQL: SELECT * FROM `lh_commodity` WHERE `del_status` = 1 AND `commodity_sort_id` = 10 AND `status` = 1  [ RunTime:0.0800s ]
SQL: SELECT `id`,`farmer_id`,`output` FROM `lh_farmer_commodity` WHERE `commodity_id` IN ('42') AND `del_status` = 1  [ RunTime:0.0470s ]

