[ 2020-05-20T22:04:31+08:00 ] 127.0.0.1 /api.php/My/add_user_info?name=tter&phone=15298921808&project_id=18
INFO: [ app_init ] --START--
INFO: Run Behavior\BuildLiteBehavior [ RunTime:0.001000s ]
INFO: [ app_init ] --END-- [ RunTime:0.017001s ]
INFO: [ app_begin ] --START--
INFO: Run Behavior\ReadHtmlCacheBehavior [ RunTime:0.026001s ]
INFO: [ app_begin ] --END-- [ RunTime:0.029001s ]
ERR: 由于目标计算机积极拒绝，无法连接。


[ 2020-05-20T22:04:57+08:00 ] 127.0.0.1 /api.php/My/add_user_info?name=tter&phone=15298921808&project_id=18
INFO: [ app_init ] --START--
INFO: Run Behavior\BuildLiteBehavior [ RunTime:0.001000s ]
INFO: [ app_init ] --END-- [ RunTime:0.005001s ]
INFO: [ app_begin ] --START--
INFO: Run Behavior\ReadHtmlCacheBehavior [ RunTime:0.003001s ]
INFO: [ app_begin ] --END-- [ RunTime:0.005001s ]
SQL: SHOW COLUMNS FROM `kq_user` [ RunTime:0.0760s ]
SQL: SELECT * FROM `kq_user` WHERE `phone` = '15298921808' LIMIT 1   [ RunTime:0.0870s ]
SQL: SHOW COLUMNS FROM `kq_project` [ RunTime:0.0740s ]
SQL: SELECT * FROM `kq_project` WHERE `id` = 18 AND `del_status` = 1 LIMIT 1   [ RunTime:0.0760s ]
SQL: UPDATE `kq_user` SET `name`='tter',`project_id`='18' WHERE `phone` = '15298921808' [ RunTime:0.0770s ]

[ 2020-05-20T22:05:43+08:00 ] 127.0.0.1 /api.php/My/add_user_info?name=tter&phone=15298921808&project_id=18
INFO: [ app_init ] --START--
INFO: Run Behavior\BuildLiteBehavior [ RunTime:0.000000s ]
INFO: [ app_init ] --END-- [ RunTime:0.008001s ]
INFO: [ app_begin ] --START--
INFO: Run Behavior\ReadHtmlCacheBehavior [ RunTime:0.004000s ]
INFO: [ app_begin ] --END-- [ RunTime:0.006000s ]
SQL: SHOW COLUMNS FROM `kq_user` [ RunTime:0.0820s ]
SQL: SELECT * FROM `kq_user` WHERE `phone` = '15298921808' LIMIT 1   [ RunTime:0.0830s ]

[ 2020-05-20T22:06:27+08:00 ] 127.0.0.1 /api.php/My/add_user_info?name=tter&phone=15298921808&project_id=18
INFO: [ app_init ] --START--
INFO: Run Behavior\BuildLiteBehavior [ RunTime:0.000000s ]
INFO: [ app_init ] --END-- [ RunTime:0.007001s ]
INFO: [ app_begin ] --START--
INFO: Run Behavior\ReadHtmlCacheBehavior [ RunTime:0.004001s ]
INFO: [ app_begin ] --END-- [ RunTime:0.006001s ]
SQL: SHOW COLUMNS FROM `kq_user` [ RunTime:0.0710s ]
SQL: SELECT * FROM `kq_user` WHERE `phone` = '15298921808' LIMIT 1   [ RunTime:0.0710s ]
SQL: SHOW COLUMNS FROM `kq_project` [ RunTime:0.0720s ]
SQL: SELECT * FROM `kq_project` WHERE `id` = 19 AND `del_status` = 1 LIMIT 1   [ RunTime:0.0740s ]

[ 2020-05-20T22:10:15+08:00 ] 127.0.0.1 /api.php/My/add_user_info?name=etret&phone=1008611&project_id=19
INFO: [ app_init ] --START--
INFO: Run Behavior\BuildLiteBehavior [ RunTime:0.001000s ]
INFO: [ app_init ] --END-- [ RunTime:0.006000s ]
INFO: [ app_begin ] --START--
INFO: Run Behavior\ReadHtmlCacheBehavior [ RunTime:0.004000s ]
INFO: [ app_begin ] --END-- [ RunTime:0.007000s ]
SQL: SHOW COLUMNS FROM `kq_user` [ RunTime:0.0750s ]
SQL: SELECT * FROM `kq_user` WHERE `phone` = '1008611' LIMIT 1   [ RunTime:0.0740s ]
SQL: UPDATE `kq_user` SET `name`='etret',`project_id`='19' WHERE `phone` = '1008611' [ RunTime:0.0810s ]

