[ 2020-04-02T15:23:42+08:00 ] 127.0.0.1 /api.php/Commodity/get_commodity_sort_list?area_name_text=%E6%B5%B7%E5%8F%A3%E5%B8%82-%E7%BE%8E%E5%85%B0%E5%8C%BA
INFO: [ app_init ] --START--
INFO: Run Behavior\BuildLiteBehavior [ RunTime:0.001000s ]
INFO: [ app_init ] --END-- [ RunTime:0.025001s ]
INFO: [ app_begin ] --START--
INFO: Run Behavior\ReadHtmlCacheBehavior [ RunTime:0.020002s ]
INFO: [ app_begin ] --END-- [ RunTime:0.023002s ]
ERR: ”…”⁄ƒø±Íº∆À„ª˙ª˝º´æ‹æ¯£¨Œﬁ∑®¡¨Ω”°£


[ 2020-04-02T15:23:52+08:00 ] 127.0.0.1 /api.php/Commodity/get_commodity_sort_list?area_name_text=%E6%B5%B7%E5%8F%A3%E5%B8%82-%E7%BE%8E%E5%85%B0%E5%8C%BA
INFO: [ app_init ] --START--
INFO: Run Behavior\BuildLiteBehavior [ RunTime:0.001000s ]
INFO: [ app_init ] --END-- [ RunTime:0.019001s ]
INFO: [ app_begin ] --START--
INFO: Run Behavior\ReadHtmlCacheBehavior [ RunTime:0.004001s ]
INFO: [ app_begin ] --END-- [ RunTime:0.007001s ]
ERR: ”…”⁄ƒø±Íº∆À„ª˙ª˝º´æ‹æ¯£¨Œﬁ∑®¡¨Ω”°£


[ 2020-04-02T15:24:22+08:00 ] 127.0.0.1 /api.php/Commodity/get_commodity_sort_list?area_name_text=%E6%B5%B7%E5%8F%A3%E5%B8%82-%E7%BE%8E%E5%85%B0%E5%8C%BA
INFO: [ app_init ] --START--
INFO: Run Behavior\BuildLiteBehavior [ RunTime:0.001000s ]
INFO: [ app_init ] --END-- [ RunTime:0.005001s ]
INFO: [ app_begin ] --START--
INFO: Run Behavior\ReadHtmlCacheBehavior [ RunTime:0.004000s ]
INFO: [ app_begin ] --END-- [ RunTime:0.008000s ]
ERR: ”…”⁄ƒø±Íº∆À„ª˙ª˝º´æ‹æ¯£¨Œﬁ∑®¡¨Ω”°£


[ 2020-04-02T15:24:29+08:00 ] 127.0.0.1 /api.php/Commodity/get_commodity_sort_list?area_name_text=%E6%B5%B7%E5%8F%A3%E5%B8%82-%E7%BE%8E%E5%85%B0%E5%8C%BA
INFO: [ app_init ] --START--
INFO: Run Behavior\BuildLiteBehavior [ RunTime:0.000000s ]
INFO: [ app_init ] --END-- [ RunTime:0.007001s ]
INFO: [ app_begin ] --START--
INFO: Run Behavior\ReadHtmlCacheBehavior [ RunTime:0.005000s ]
INFO: [ app_begin ] --END-- [ RunTime:0.010000s ]
ERR: ”…”⁄ƒø±Íº∆À„ª˙ª˝º´æ‹æ¯£¨Œﬁ∑®¡¨Ω”°£


[ 2020-04-02T15:24:54+08:00 ] 127.0.0.1 /api.php/Commodity/get_commodity_sort_list?area_name_text=%E6%B5%B7%E5%8F%A3%E5%B8%82-%E7%BE%8E%E5%85%B0%E5%8C%BA
INFO: [ app_init ] --START--
INFO: Run Behavior\BuildLiteBehavior [ RunTime:0.000000s ]
INFO: [ app_init ] --END-- [ RunTime:0.006000s ]
INFO: [ app_begin ] --START--
INFO: Run Behavior\ReadHtmlCacheBehavior [ RunTime:0.005001s ]
INFO: [ app_begin ] --END-- [ RunTime:0.008001s ]
ERR: ”…”⁄ƒø±Íº∆À„ª˙ª˝º´æ‹æ¯£¨Œﬁ∑®¡¨Ω”°£


[ 2020-04-02T15:25:17+08:00 ] 127.0.0.1 /api.php/Commodity/get_commodity_sort_list?area_name_text=%E6%B5%B7%E5%8F%A3%E5%B8%82-%E7%BE%8E%E5%85%B0%E5%8C%BA
INFO: [ app_init ] --START--
INFO: Run Behavior\BuildLiteBehavior [ RunTime:0.000000s ]
INFO: [ app_init ] --END-- [ RunTime:0.005000s ]
INFO: [ app_begin ] --START--
INFO: Run Behavior\ReadHtmlCacheBehavior [ RunTime:0.004000s ]
INFO: [ app_begin ] --END-- [ RunTime:0.008000s ]
ERR: ”…”⁄ƒø±Íº∆À„ª˙ª˝º´æ‹æ¯£¨Œﬁ∑®¡¨Ω”°£


[ 2020-04-02T15:25:39+08:00 ] 127.0.0.1 /api.php/Commodity/get_commodity_sort_list?area_name_text=%E6%B5%B7%E5%8F%A3%E5%B8%82-%E7%BE%8E%E5%85%B0%E5%8C%BA
INFO: [ app_init ] --START--
INFO: Run Behavior\BuildLiteBehavior [ RunTime:0.001000s ]
INFO: [ app_init ] --END-- [ RunTime:0.005001s ]
INFO: [ app_begin ] --START--
INFO: Run Behavior\ReadHtmlCacheBehavior [ RunTime:0.005000s ]
INFO: [ app_begin ] --END-- [ RunTime:0.009000s ]
ERR: ”…”⁄ƒø±Íº∆À„ª˙ª˝º´æ‹æ¯£¨Œﬁ∑®¡¨Ω”°£


[ 2020-04-02T15:25:45+08:00 ] 127.0.0.1 /api.php/Commodity/get_commodity_sort_list?area_name_text=%E6%B5%B7%E5%8F%A3%E5%B8%82-%E7%BE%8E%E5%85%B0%E5%8C%BA
INFO: [ app_init ] --START--
INFO: Run Behavior\BuildLiteBehavior [ RunTime:0.000000s ]
INFO: [ app_init ] --END-- [ RunTime:0.005001s ]
INFO: [ app_begin ] --START--
INFO: Run Behavior\ReadHtmlCacheBehavior [ RunTime:0.004000s ]
INFO: [ app_begin ] --END-- [ RunTime:0.009000s ]
ERR: ”…”⁄ƒø±Íº∆À„ª˙ª˝º´æ‹æ¯£¨Œﬁ∑®¡¨Ω”°£


[ 2020-04-02T15:25:56+08:00 ] 127.0.0.1 /api.php/Commodity/get_commodity_sort_list?area_name_text=%E6%B5%B7%E5%8F%A3%E5%B8%82-%E7%BE%8E%E5%85%B0%E5%8C%BA
INFO: [ app_init ] --START--
INFO: Run Behavior\BuildLiteBehavior [ RunTime:0.001000s ]
INFO: [ app_init ] --END-- [ RunTime:0.005000s ]
INFO: [ app_begin ] --START--
INFO: Run Behavior\ReadHtmlCacheBehavior [ RunTime:0.004000s ]
INFO: [ app_begin ] --END-- [ RunTime:0.006000s ]
ERR: ”…”⁄ƒø±Íº∆À„ª˙ª˝º´æ‹æ¯£¨Œﬁ∑®¡¨Ω”°£


[ 2020-04-02T15:26:07+08:00 ] 127.0.0.1 /api.php/Commodity/get_commodity_sort_list?area_name_text=%E6%B5%B7%E5%8F%A3%E5%B8%82-%E7%BE%8E%E5%85%B0%E5%8C%BA
INFO: [ app_init ] --START--
INFO: Run Behavior\BuildLiteBehavior [ RunTime:0.001000s ]
INFO: [ app_init ] --END-- [ RunTime:0.006000s ]
INFO: [ app_begin ] --START--
INFO: Run Behavior\ReadHtmlCacheBehavior [ RunTime:0.004001s ]
INFO: [ app_begin ] --END-- [ RunTime:0.008001s ]
ERR: ”…”⁄ƒø±Íº∆À„ª˙ª˝º´æ‹æ¯£¨Œﬁ∑®¡¨Ω”°£


[ 2020-04-02T15:26:51+08:00 ] 127.0.0.1 /api.php/Commodity/get_commodity_sort_list?area_name_text=%E6%B5%B7%E5%8F%A3%E5%B8%82-%E7%BE%8E%E5%85%B0%E5%8C%BA
INFO: [ app_init ] --START--
INFO: Run Behavior\BuildLiteBehavior [ RunTime:0.000000s ]
INFO: [ app_init ] --END-- [ RunTime:0.006001s ]
INFO: [ app_begin ] --START--
INFO: Run Behavior\ReadHtmlCacheBehavior [ RunTime:0.004000s ]
INFO: [ app_begin ] --END-- [ RunTime:0.008000s ]
ERR: ”…”⁄ƒø±Íº∆À„ª˙ª˝º´æ‹æ¯£¨Œﬁ∑®¡¨Ω”°£


[ 2020-04-02T15:27:22+08:00 ] 127.0.0.1 /api.php/Commodity/get_commodity_sort_list?area_name_text=%E6%B5%B7%E5%8F%A3%E5%B8%82-%E7%BE%8E%E5%85%B0%E5%8C%BA
INFO: [ app_init ] --START--
INFO: Run Behavior\BuildLiteBehavior [ RunTime:0.000000s ]
INFO: [ app_init ] --END-- [ RunTime:0.007001s ]
INFO: [ app_begin ] --START--
INFO: Run Behavior\ReadHtmlCacheBehavior [ RunTime:0.006000s ]
INFO: [ app_begin ] --END-- [ RunTime:0.009000s ]
ERR: ”…”⁄ƒø±Íº∆À„ª˙ª˝º´æ‹æ¯£¨Œﬁ∑®¡¨Ω”°£


[ 2020-04-02T15:28:34+08:00 ] 127.0.0.1 /api.php/Commodity/get_commodity_sort_list?area_name_text=%E6%B5%B7%E5%8F%A3%E5%B8%82-%E7%BE%8E%E5%85%B0%E5%8C%BA
INFO: [ app_init ] --START--
INFO: Run Behavior\BuildLiteBehavior [ RunTime:0.001000s ]
INFO: [ app_init ] --END-- [ RunTime:0.008001s ]
INFO: [ app_begin ] --START--
INFO: Run Behavior\ReadHtmlCacheBehavior [ RunTime:0.004000s ]
INFO: [ app_begin ] --END-- [ RunTime:0.007000s ]
SQL: SHOW COLUMNS FROM `lh_city` [ RunTime:0.0540s ]
ERR: Ë°®ËææÂºèÈîôËØØ:Êµ∑Âè£Â∏Ç

[ 2020-04-02T15:28:59+08:00 ] 127.0.0.1 /api.php/Commodity/get_commodity_sort_list?area_name_text=%E6%B5%B7%E5%8F%A3%E5%B8%82-%E7%BE%8E%E5%85%B0%E5%8C%BA
INFO: [ app_init ] --START--
INFO: Run Behavior\BuildLiteBehavior [ RunTime:0.000000s ]
INFO: [ app_init ] --END-- [ RunTime:0.006001s ]
INFO: [ app_begin ] --START--
INFO: Run Behavior\ReadHtmlCacheBehavior [ RunTime:0.006000s ]
INFO: [ app_begin ] --END-- [ RunTime:0.010000s ]

[ 2020-04-02T15:29:08+08:00 ] 127.0.0.1 /api.php/Commodity/get_commodity_sort_list?area_name_text=%E6%B5%B7%E5%8F%A3%E5%B8%82-%E7%BE%8E%E5%85%B0%E5%8C%BA
INFO: [ app_init ] --START--
INFO: Run Behavior\BuildLiteBehavior [ RunTime:0.001000s ]
INFO: [ app_init ] --END-- [ RunTime:0.006000s ]
INFO: [ app_begin ] --START--
INFO: Run Behavior\ReadHtmlCacheBehavior [ RunTime:0.006001s ]
INFO: [ app_begin ] --END-- [ RunTime:0.008001s ]

[ 2020-04-02T15:29:14+08:00 ] 127.0.0.1 /api.php/Commodity/get_commodity_sort_list?area_name_text=%E6%B5%B7%E5%8F%A3%E5%B8%82-%E7%BE%8E%E5%85%B0%E5%8C%BA
INFO: [ app_init ] --START--
INFO: Run Behavior\BuildLiteBehavior [ RunTime:0.000000s ]
INFO: [ app_init ] --END-- [ RunTime:0.005000s ]
INFO: [ app_begin ] --START--
INFO: Run Behavior\ReadHtmlCacheBehavior [ RunTime:0.007000s ]
INFO: [ app_begin ] --END-- [ RunTime:0.010001s ]
SQL: SHOW COLUMNS FROM `lh_city` [ RunTime:0.0540s ]
SQL: SELECT * FROM `lh_city` WHERE `name` = 'ÁæéÂÖ∞Âå∫' LIMIT 1   [ RunTime:0.1720s ]
SQL: SHOW COLUMNS FROM `lh_farmer_commodity` [ RunTime:0.1630s ]
SQL: SELECT `commodity_id` FROM `lh_farmer_commodity` WHERE `del_status` = 1 AND `city_id` = null  [ RunTime:0.0910s ]
SQL: SHOW COLUMNS FROM `lh_commodity_sort` [ RunTime:0.0510s ]
SQL: SELECT * FROM `lh_commodity_sort` WHERE `status` = 1 AND `del_status` = 1  [ RunTime:0.0580s ]

[ 2020-04-02T15:32:54+08:00 ] 127.0.0.1 /api.php/Commodity/get_commodity_sort_list?area_name_text=%E6%B5%B7%E5%8F%A3%E5%B8%82-%E7%90%BC%E5%B1%B1%E5%8C%BA
INFO: [ app_init ] --START--
INFO: Run Behavior\BuildLiteBehavior [ RunTime:0.002000s ]
INFO: [ app_init ] --END-- [ RunTime:0.008001s ]
INFO: [ app_begin ] --START--
INFO: Run Behavior\ReadHtmlCacheBehavior [ RunTime:0.014000s ]
INFO: [ app_begin ] --END-- [ RunTime:0.022002s ]
SQL: SHOW COLUMNS FROM `lh_city` [ RunTime:0.0590s ]
SQL: SELECT * FROM `lh_city` WHERE `name` = 'ÁêºÂ±±Âå∫' LIMIT 1   [ RunTime:0.0540s ]
SQL: SHOW COLUMNS FROM `lh_farmer_commodity` [ RunTime:0.0610s ]
SQL: SELECT `commodity_id` FROM `lh_farmer_commodity` WHERE `del_status` = 1 AND `city_id` = null  [ RunTime:0.0500s ]

[ 2020-04-02T15:34:19+08:00 ] 127.0.0.1 /api.php/Commodity/get_commodity_sort_list?area_name_text=%E6%B5%B7%E5%8F%A3%E5%B8%82-%E7%90%BC%E5%B1%B1%E5%8C%BA
INFO: [ app_init ] --START--
INFO: Run Behavior\BuildLiteBehavior [ RunTime:0.001000s ]
INFO: [ app_init ] --END-- [ RunTime:0.012000s ]
INFO: [ app_begin ] --START--
INFO: Run Behavior\ReadHtmlCacheBehavior [ RunTime:0.005000s ]
INFO: [ app_begin ] --END-- [ RunTime:0.015001s ]
SQL: SHOW COLUMNS FROM `lh_area` [ RunTime:0.0470s ]
SQL: SELECT * FROM `lh_area` WHERE `id` = 0 LIMIT 1   [ RunTime:0.0440s ]
SQL: SHOW COLUMNS FROM `lh_farmer_commodity` [ RunTime:0.0550s ]
SQL: SELECT `commodity_id` FROM `lh_farmer_commodity` WHERE `del_status` = 1 AND `city_id` = null  [ RunTime:0.0660s ]
SQL: SHOW COLUMNS FROM `lh_commodity_sort` [ RunTime:0.0510s ]
SQL: SELECT * FROM `lh_commodity_sort` WHERE `status` = 1 AND `del_status` = 1  [ RunTime:0.0600s ]

[ 2020-04-02T15:35:29+08:00 ] 127.0.0.1 /api.php/Commodity/get_commodity_sort_list?area_name_text=%E6%B5%B7%E5%8F%A3%E5%B8%82-%E7%90%BC%E5%B1%B1%E5%8C%BA
INFO: [ app_init ] --START--
INFO: Run Behavior\BuildLiteBehavior [ RunTime:0.001000s ]
INFO: [ app_init ] --END-- [ RunTime:0.006000s ]
INFO: [ app_begin ] --START--
INFO: Run Behavior\ReadHtmlCacheBehavior [ RunTime:0.008000s ]
INFO: [ app_begin ] --END-- [ RunTime:0.011001s ]
SQL: SHOW COLUMNS FROM `lh_area` [ RunTime:0.1100s ]
SQL: SELECT * FROM `lh_area` WHERE `id` = 0 LIMIT 1   [ RunTime:0.0750s ]

[ 2020-04-02T15:40:23+08:00 ] 127.0.0.1 /api.php/Commodity/get_commodity_sort_list?area_name_text=%E5%85%A8%E7%9C%81
INFO: [ app_init ] --START--
INFO: Run Behavior\BuildLiteBehavior [ RunTime:0.001000s ]
INFO: [ app_init ] --END-- [ RunTime:0.006000s ]
INFO: [ app_begin ] --START--
INFO: Run Behavior\ReadHtmlCacheBehavior [ RunTime:0.007001s ]
INFO: [ app_begin ] --END-- [ RunTime:0.010001s ]

[ 2020-04-02T16:05:07+08:00 ] 127.0.0.1 /api.php/Commodity/get_commodity?area_name_text=%E6%B5%B7%E5%8F%A3%E5%B8%82-%E7%90%BC%E5%B1%B1%E5%8C%BA
INFO: [ app_init ] --START--
INFO: Run Behavior\BuildLiteBehavior [ RunTime:0.001000s ]
INFO: [ app_init ] --END-- [ RunTime:0.021001s ]
INFO: [ app_begin ] --START--
INFO: Run Behavior\ReadHtmlCacheBehavior [ RunTime:0.023001s ]
INFO: [ app_begin ] --END-- [ RunTime:0.026001s ]
SQL: SHOW COLUMNS FROM `lh_area` [ RunTime:0.0820s ]
SQL: SELECT * FROM `lh_area` WHERE `name` = 'ÁêºÂ±±Âå∫' LIMIT 1   [ RunTime:0.0490s ]
SQL: SHOW COLUMNS FROM `lh_farmer_commodity` [ RunTime:0.0560s ]
SQL: SELECT `commodity_id` FROM `lh_farmer_commodity` WHERE `del_status` = 1 AND `area_id` = 3  [ RunTime:0.0540s ]
SQL: SHOW COLUMNS FROM `lh_commodity` [ RunTime:0.0510s ]
SQL: SELECT `commodity_sort_id` FROM `lh_commodity` WHERE `id` IN ('33','20') AND `status` = 1 AND `del_status` = 1  [ RunTime:0.0520s ]
SQL: SELECT * FROM `lh_commodity` WHERE `id` IN ('1','1') AND `status` = 1 AND `del_status` = 1  [ RunTime:0.0500s ]

[ 2020-04-02T16:07:21+08:00 ] 127.0.0.1 /api.php/Commodity/get_commodity?area_name_text=%E6%B5%B7%E5%8F%A3%E5%B8%82-%E7%90%BC%E5%B1%B1%E5%8C%BA
INFO: [ app_init ] --START--
INFO: Run Behavior\BuildLiteBehavior [ RunTime:0.001000s ]
INFO: [ app_init ] --END-- [ RunTime:0.009000s ]
INFO: [ app_begin ] --START--
INFO: Run Behavior\ReadHtmlCacheBehavior [ RunTime:0.005000s ]
INFO: [ app_begin ] --END-- [ RunTime:0.009001s ]
SQL: SHOW COLUMNS FROM `lh_area` [ RunTime:0.0820s ]
SQL: SELECT * FROM `lh_area` WHERE `name` = 'ÁêºÂ±±Âå∫' LIMIT 1   [ RunTime:0.0500s ]
SQL: SHOW COLUMNS FROM `lh_farmer_commodity` [ RunTime:0.0780s ]
SQL: SELECT `commodity_id` FROM `lh_farmer_commodity` WHERE `del_status` = 1 AND `area_id` = 3  [ RunTime:0.0530s ]
SQL: SHOW COLUMNS FROM `lh_commodity` [ RunTime:0.0530s ]
SQL: SELECT `commodity_sort_id` FROM `lh_commodity` WHERE `id` IN ('33','20') AND `status` = 1 AND `del_status` = 1  [ RunTime:0.0590s ]

[ 2020-04-02T16:13:26+08:00 ] 127.0.0.1 /api.php/Commodity/get_commodity?area_name_text=%E6%B5%B7%E5%8F%A3%E5%B8%82-%E9%BE%99%E5%8D%8E%E5%8C%BA
INFO: [ app_init ] --START--
INFO: Run Behavior\BuildLiteBehavior [ RunTime:0.001001s ]
INFO: [ app_init ] --END-- [ RunTime:0.007001s ]
INFO: [ app_begin ] --START--
INFO: Run Behavior\ReadHtmlCacheBehavior [ RunTime:0.004000s ]
INFO: [ app_begin ] --END-- [ RunTime:0.008000s ]
SQL: SHOW COLUMNS FROM `lh_area` [ RunTime:0.0590s ]
SQL: SELECT * FROM `lh_area` WHERE `name` = 'ÈæôÂçéÂå∫' LIMIT 1   [ RunTime:0.0650s ]
SQL: SHOW COLUMNS FROM `lh_farmer_commodity` [ RunTime:0.0660s ]
SQL: SELECT `commodity_id` FROM `lh_farmer_commodity` WHERE `del_status` = 1 AND `area_id` = 2  [ RunTime:0.0560s ]
NOTIC: [8] Undefined index: del_status xdebug://debug-eval(1) : eval()'d code Á¨¨ 1 Ë°å.

[ 2020-04-02T17:06:42+08:00 ] 127.0.0.1 /api.php/Farmer/get_farmer_list?area_name_text=%E6%B5%B7%E5%8F%A3%E5%B8%82-%E7%BE%8E%E5%85%B0%E5%8C%BA
INFO: [ app_init ] --START--
INFO: Run Behavior\BuildLiteBehavior [ RunTime:0.001000s ]
INFO: [ app_init ] --END-- [ RunTime:0.018001s ]
INFO: [ app_begin ] --START--
INFO: Run Behavior\ReadHtmlCacheBehavior [ RunTime:0.018001s ]
INFO: [ app_begin ] --END-- [ RunTime:0.022001s ]
SQL: SHOW COLUMNS FROM `lh_area` [ RunTime:0.0520s ]
SQL: SELECT * FROM `lh_area` WHERE `name` = 'ÁæéÂÖ∞Âå∫' LIMIT 1   [ RunTime:0.0580s ]
SQL: SHOW COLUMNS FROM `lh_farmer_commodity` [ RunTime:0.0580s ]
SQL: SELECT `farmer_id` FROM `lh_farmer_commodity` WHERE `del_status` = 1 AND `area_id` = 1  [ RunTime:0.0480s ]
SQL: SHOW COLUMNS FROM `lh_farmer` [ RunTime:0.0490s ]
SQL: SELECT * FROM `lh_farmer` WHERE `status` = 1 AND `del_status` = 1 ORDER BY `id` DESC  [ RunTime:0.0660s ]
SQL: SHOW COLUMNS FROM `lh_user` [ RunTime:0.0520s ]
SQL: SELECT * FROM `lh_user` WHERE `id` = 0 LIMIT 1   [ RunTime:0.0570s ]
SQL: SHOW COLUMNS FROM `lh_province` [ RunTime:0.0880s ]
SQL: SELECT * FROM `lh_province` WHERE `id` = 1 LIMIT 1   [ RunTime:0.0660s ]
SQL: SHOW COLUMNS FROM `lh_city` [ RunTime:0.4150s ]
SQL: SELECT * FROM `lh_city` WHERE `id` = 1 LIMIT 1   [ RunTime:0.0530s ]
SQL: SELECT * FROM `lh_area` WHERE `id` = 2 LIMIT 1   [ RunTime:0.0500s ]
SQL: SELECT * FROM `lh_farmer_commodity` WHERE `farmer_id` = 78 AND `del_status` = 1  [ RunTime:0.0520s ]
SQL: SHOW COLUMNS FROM `lh_commodity` [ RunTime:0.0480s ]
SQL: SELECT * FROM `lh_commodity` WHERE `id` = 35 LIMIT 1   [ RunTime:0.0550s ]
SQL: SHOW COLUMNS FROM `lh_commodity_sort` [ RunTime:0.0570s ]
SQL: SELECT * FROM `lh_commodity_sort` WHERE `id` = 1 LIMIT 1   [ RunTime:0.0690s ]
SQL: SELECT * FROM `lh_commodity` WHERE `id` = 38 LIMIT 1   [ RunTime:0.0620s ]
SQL: SELECT * FROM `lh_commodity_sort` WHERE `id` = 1 LIMIT 1   [ RunTime:0.0460s ]
SQL: SELECT * FROM `lh_commodity` WHERE `id` = 47 LIMIT 1   [ RunTime:0.0540s ]
SQL: SELECT * FROM `lh_commodity_sort` WHERE `id` = 1 LIMIT 1   [ RunTime:0.0470s ]
SQL: SELECT * FROM `lh_user` WHERE `id` = 0 LIMIT 1   [ RunTime:0.0490s ]
SQL: SELECT * FROM `lh_province` WHERE `id` = 0 LIMIT 1   [ RunTime:0.0470s ]
SQL: SELECT * FROM `lh_city` WHERE `id` = 0 LIMIT 1   [ RunTime:0.0460s ]
SQL: SELECT * FROM `lh_area` WHERE `id` = 0 LIMIT 1   [ RunTime:0.0480s ]
SQL: SELECT * FROM `lh_farmer_commodity` WHERE `farmer_id` = 77 AND `del_status` = 1  [ RunTime:0.0520s ]
SQL: SELECT * FROM `lh_commodity` WHERE `id` = 35 LIMIT 1   [ RunTime:0.0500s ]
SQL: SELECT * FROM `lh_commodity_sort` WHERE `id` = 1 LIMIT 1   [ RunTime:0.0480s ]
SQL: SELECT * FROM `lh_commodity` WHERE `id` = 45 LIMIT 1   [ RunTime:0.0560s ]
SQL: SELECT * FROM `lh_commodity_sort` WHERE `id` = 1 LIMIT 1   [ RunTime:0.0450s ]
SQL: SELECT * FROM `lh_commodity` WHERE `id` = 46 LIMIT 1   [ RunTime:0.0500s ]
SQL: SELECT * FROM `lh_commodity_sort` WHERE `id` = 1 LIMIT 1   [ RunTime:0.0470s ]
SQL: SELECT * FROM `lh_user` WHERE `id` = 0 LIMIT 1   [ RunTime:0.0600s ]
SQL: SELECT * FROM `lh_province` WHERE `id` = 1 LIMIT 1   [ RunTime:0.0450s ]
SQL: SELECT * FROM `lh_city` WHERE `id` = 1 LIMIT 1   [ RunTime:0.0500s ]
SQL: SELECT * FROM `lh_area` WHERE `id` = 2 LIMIT 1   [ RunTime:0.0580s ]
SQL: SELECT * FROM `lh_farmer_commodity` WHERE `farmer_id` = 76 AND `del_status` = 1  [ RunTime:0.0680s ]
SQL: SELECT * FROM `lh_commodity` WHERE `id` = 25 LIMIT 1   [ RunTime:0.0510s ]
SQL: SELECT * FROM `lh_commodity_sort` WHERE `id` = 1 LIMIT 1   [ RunTime:0.0470s ]
SQL: SELECT * FROM `lh_commodity` WHERE `id` = 35 LIMIT 1   [ RunTime:0.0580s ]
SQL: SELECT * FROM `lh_commodity_sort` WHERE `id` = 1 LIMIT 1   [ RunTime:0.0530s ]
SQL: SELECT * FROM `lh_user` WHERE `id` = 0 LIMIT 1   [ RunTime:0.0640s ]
SQL: SELECT * FROM `lh_province` WHERE `id` = 1 LIMIT 1   [ RunTime:0.0630s ]
SQL: SELECT * FROM `lh_city` WHERE `id` = 1 LIMIT 1   [ RunTime:0.0590s ]
SQL: SELECT * FROM `lh_area` WHERE `id` = 2 LIMIT 1   [ RunTime:0.0510s ]
SQL: SELECT * FROM `lh_farmer_commodity` WHERE `farmer_id` = 75 AND `del_status` = 1  [ RunTime:0.0610s ]
SQL: SELECT * FROM `lh_commodity` WHERE `id` = 35 LIMIT 1   [ RunTime:0.0480s ]
SQL: SELECT * FROM `lh_commodity_sort` WHERE `id` = 1 LIMIT 1   [ RunTime:0.0460s ]
SQL: SELECT * FROM `lh_commodity` WHERE `id` = 38 LIMIT 1   [ RunTime:0.0570s ]
SQL: SELECT * FROM `lh_commodity_sort` WHERE `id` = 1 LIMIT 1   [ RunTime:0.0490s ]
SQL: SELECT * FROM `lh_commodity` WHERE `id` = 45 LIMIT 1   [ RunTime:0.0530s ]
SQL: SELECT * FROM `lh_commodity_sort` WHERE `id` = 1 LIMIT 1   [ RunTime:0.0500s ]
SQL: SELECT * FROM `lh_user` WHERE `id` = 0 LIMIT 1   [ RunTime:0.0500s ]
SQL: SELECT * FROM `lh_province` WHERE `id` = 1 LIMIT 1   [ RunTime:0.0540s ]
SQL: SELECT * FROM `lh_city` WHERE `id` = 1 LIMIT 1   [ RunTime:0.0450s ]
SQL: SELECT * FROM `lh_area` WHERE `id` = 2 LIMIT 1   [ RunTime:0.0530s ]
SQL: SELECT * FROM `lh_farmer_commodity` WHERE `farmer_id` = 74 AND `del_status` = 1  [ RunTime:0.0580s ]
SQL: SELECT * FROM `lh_commodity` WHERE `id` = 35 LIMIT 1   [ RunTime:0.0680s ]
SQL: SELECT * FROM `lh_commodity_sort` WHERE `id` = 1 LIMIT 1   [ RunTime:0.0570s ]
SQL: SELECT * FROM `lh_commodity` WHERE `id` = 45 LIMIT 1   [ RunTime:0.0490s ]
SQL: SELECT * FROM `lh_commodity_sort` WHERE `id` = 1 LIMIT 1   [ RunTime:0.0490s ]
SQL: SELECT * FROM `lh_user` WHERE `id` = 0 LIMIT 1   [ RunTime:0.0950s ]
SQL: SELECT * FROM `lh_province` WHERE `id` = 1 LIMIT 1   [ RunTime:0.0560s ]
SQL: SELECT * FROM `lh_city` WHERE `id` = 1 LIMIT 1   [ RunTime:0.0490s ]
SQL: SELECT * FROM `lh_area` WHERE `id` = 2 LIMIT 1   [ RunTime:0.0470s ]
SQL: SELECT * FROM `lh_farmer_commodity` WHERE `farmer_id` = 73 AND `del_status` = 1  [ RunTime:0.0780s ]
SQL: SELECT * FROM `lh_commodity` WHERE `id` = 25 LIMIT 1   [ RunTime:0.0610s ]
SQL: SELECT * FROM `lh_commodity_sort` WHERE `id` = 1 LIMIT 1   [ RunTime:0.0600s ]
SQL: SELECT * FROM `lh_commodity` WHERE `id` = 35 LIMIT 1   [ RunTime:0.0560s ]
SQL: SELECT * FROM `lh_commodity_sort` WHERE `id` = 1 LIMIT 1   [ RunTime:0.0500s ]
SQL: SELECT * FROM `lh_commodity` WHERE `id` = 45 LIMIT 1   [ RunTime:0.0570s ]
SQL: SELECT * FROM `lh_commodity_sort` WHERE `id` = 1 LIMIT 1   [ RunTime:0.0530s ]
SQL: SELECT * FROM `lh_user` WHERE `id` = 0 LIMIT 1   [ RunTime:0.0840s ]
SQL: SELECT * FROM `lh_province` WHERE `id` = 1 LIMIT 1   [ RunTime:0.0530s ]
SQL: SELECT * FROM `lh_city` WHERE `id` = 1 LIMIT 1   [ RunTime:0.0680s ]
SQL: SELECT * FROM `lh_area` WHERE `id` = 2 LIMIT 1   [ RunTime:0.0900s ]
SQL: SELECT * FROM `lh_farmer_commodity` WHERE `farmer_id` = 72 AND `del_status` = 1  [ RunTime:0.0770s ]
SQL: SELECT * FROM `lh_commodity` WHERE `id` = 26 LIMIT 1   [ RunTime:0.0610s ]
SQL: SELECT * FROM `lh_commodity_sort` WHERE `id` = 1 LIMIT 1   [ RunTime:0.0610s ]
SQL: SELECT * FROM `lh_commodity` WHERE `id` = 29 LIMIT 1   [ RunTime:0.0550s ]
SQL: SELECT * FROM `lh_commodity_sort` WHERE `id` = 1 LIMIT 1   [ RunTime:0.0600s ]
SQL: SELECT * FROM `lh_commodity` WHERE `id` = 35 LIMIT 1   [ RunTime:0.0530s ]
SQL: SELECT * FROM `lh_commodity_sort` WHERE `id` = 1 LIMIT 1   [ RunTime:0.0490s ]
SQL: SELECT * FROM `lh_commodity` WHERE `id` = 44 LIMIT 1   [ RunTime:0.0480s ]
SQL: SELECT * FROM `lh_commodity_sort` WHERE `id` = 1 LIMIT 1   [ RunTime:0.0550s ]
SQL: SELECT * FROM `lh_commodity` WHERE `id` = 45 LIMIT 1   [ RunTime:0.0500s ]
SQL: SELECT * FROM `lh_commodity_sort` WHERE `id` = 1 LIMIT 1   [ RunTime:0.0560s ]
SQL: SELECT * FROM `lh_user` WHERE `id` = 0 LIMIT 1   [ RunTime:0.0550s ]
SQL: SELECT * FROM `lh_province` WHERE `id` = 1 LIMIT 1   [ RunTime:0.0520s ]
SQL: SELECT * FROM `lh_city` WHERE `id` = 1 LIMIT 1   [ RunTime:0.0510s ]
SQL: SELECT * FROM `lh_area` WHERE `id` = 2 LIMIT 1   [ RunTime:0.0510s ]
SQL: SELECT * FROM `lh_farmer_commodity` WHERE `farmer_id` = 71 AND `del_status` = 1  [ RunTime:0.0620s ]
SQL: SELECT * FROM `lh_commodity` WHERE `id` = 27 LIMIT 1   [ RunTime:0.0530s ]
SQL: SELECT * FROM `lh_commodity_sort` WHERE `id` = 1 LIMIT 1   [ RunTime:0.0510s ]
SQL: SELECT * FROM `lh_commodity` WHERE `id` = 29 LIMIT 1   [ RunTime:0.0570s ]
SQL: SELECT * FROM `lh_commodity_sort` WHERE `id` = 1 LIMIT 1   [ RunTime:0.0470s ]
SQL: SELECT * FROM `lh_commodity` WHERE `id` = 32 LIMIT 1   [ RunTime:0.0450s ]
SQL: SELECT * FROM `lh_commodity_sort` WHERE `id` = 1 LIMIT 1   [ RunTime:0.0500s ]
SQL: SELECT * FROM `lh_commodity` WHERE `id` = 34 LIMIT 1   [ RunTime:0.0500s ]
SQL: SELECT * FROM `lh_commodity_sort` WHERE `id` = 1 LIMIT 1   [ RunTime:0.0480s ]
SQL: SELECT * FROM `lh_user` WHERE `id` = 0 LIMIT 1   [ RunTime:0.0620s ]
SQL: SELECT * FROM `lh_province` WHERE `id` = 1 LIMIT 1   [ RunTime:0.0480s ]
SQL: SELECT * FROM `lh_city` WHERE `id` = 1 LIMIT 1   [ RunTime:0.0540s ]
SQL: SELECT * FROM `lh_area` WHERE `id` = 2 LIMIT 1   [ RunTime:0.0640s ]
SQL: SELECT * FROM `lh_farmer_commodity` WHERE `farmer_id` = 70 AND `del_status` = 1  [ RunTime:0.0480s ]
SQL: SELECT * FROM `lh_commodity` WHERE `id` = 25 LIMIT 1   [ RunTime:0.0550s ]
SQL: SELECT * FROM `lh_commodity_sort` WHERE `id` = 1 LIMIT 1   [ RunTime:0.0460s ]
SQL: SELECT * FROM `lh_commodity` WHERE `id` = 26 LIMIT 1   [ RunTime:0.0540s ]
SQL: SELECT * FROM `lh_commodity_sort` WHERE `id` = 1 LIMIT 1   [ RunTime:0.0540s ]
SQL: SELECT * FROM `lh_commodity` WHERE `id` = 27 LIMIT 1   [ RunTime:0.0660s ]
SQL: SELECT * FROM `lh_commodity_sort` WHERE `id` = 1 LIMIT 1   [ RunTime:0.0580s ]
SQL: SELECT * FROM `lh_commodity` WHERE `id` = 29 LIMIT 1   [ RunTime:0.0500s ]
SQL: SELECT * FROM `lh_commodity_sort` WHERE `id` = 1 LIMIT 1   [ RunTime:0.0550s ]
SQL: SELECT * FROM `lh_commodity` WHERE `id` = 35 LIMIT 1   [ RunTime:0.0510s ]
SQL: SELECT * FROM `lh_commodity_sort` WHERE `id` = 1 LIMIT 1   [ RunTime:0.0500s ]
SQL: SELECT * FROM `lh_commodity` WHERE `id` = 45 LIMIT 1   [ RunTime:0.0520s ]
SQL: SELECT * FROM `lh_commodity_sort` WHERE `id` = 1 LIMIT 1   [ RunTime:0.0490s ]
SQL: SELECT * FROM `lh_user` WHERE `id` = 0 LIMIT 1   [ RunTime:0.0480s ]
SQL: SELECT * FROM `lh_province` WHERE `id` = 1 LIMIT 1   [ RunTime:0.0500s ]
SQL: SELECT * FROM `lh_city` WHERE `id` = 1 LIMIT 1   [ RunTime:0.0490s ]
SQL: SELECT * FROM `lh_area` WHERE `id` = 2 LIMIT 1   [ RunTime:0.0540s ]
SQL: SELECT * FROM `lh_farmer_commodity` WHERE `farmer_id` = 69 AND `del_status` = 1  [ RunTime:0.0500s ]
SQL: SELECT * FROM `lh_commodity` WHERE `id` = 26 LIMIT 1   [ RunTime:0.0450s ]
SQL: SELECT * FROM `lh_commodity_sort` WHERE `id` = 1 LIMIT 1   [ RunTime:0.0480s ]
SQL: SELECT * FROM `lh_commodity` WHERE `id` = 29 LIMIT 1   [ RunTime:0.0480s ]
SQL: SELECT * FROM `lh_commodity_sort` WHERE `id` = 1 LIMIT 1   [ RunTime:0.0570s ]
SQL: SELECT * FROM `lh_commodity` WHERE `id` = 32 LIMIT 1   [ RunTime:0.0500s ]
SQL: SELECT * FROM `lh_commodity_sort` WHERE `id` = 1 LIMIT 1   [ RunTime:0.0510s ]
SQL: SELECT * FROM `lh_commodity` WHERE `id` = 35 LIMIT 1   [ RunTime:0.0500s ]
SQL: SELECT * FROM `lh_commodity_sort` WHERE `id` = 1 LIMIT 1   [ RunTime:0.0580s ]
SQL: SELECT * FROM `lh_commodity` WHERE `id` = 38 LIMIT 1   [ RunTime:0.0480s ]
SQL: SELECT * FROM `lh_commodity_sort` WHERE `id` = 1 LIMIT 1   [ RunTime:0.0510s ]
SQL: SELECT * FROM `lh_user` WHERE `id` = 0 LIMIT 1   [ RunTime:0.0460s ]
SQL: SELECT * FROM `lh_province` WHERE `id` = 1 LIMIT 1   [ RunTime:0.0490s ]
SQL: SELECT * FROM `lh_city` WHERE `id` = 1 LIMIT 1   [ RunTime:0.0560s ]
SQL: SELECT * FROM `lh_area` WHERE `id` = 2 LIMIT 1   [ RunTime:0.0550s ]
SQL: SELECT * FROM `lh_farmer_commodity` WHERE `farmer_id` = 68 AND `del_status` = 1  [ RunTime:0.0610s ]
SQL: SELECT * FROM `lh_commodity` WHERE `id` = 25 LIMIT 1   [ RunTime:0.0510s ]
SQL: SELECT * FROM `lh_commodity_sort` WHERE `id` = 1 LIMIT 1   [ RunTime:0.0480s ]
SQL: SELECT * FROM `lh_commodity` WHERE `id` = 27 LIMIT 1   [ RunTime:0.0450s ]
SQL: SELECT * FROM `lh_commodity_sort` WHERE `id` = 1 LIMIT 1   [ RunTime:0.0490s ]
SQL: SELECT * FROM `lh_commodity` WHERE `id` = 29 LIMIT 1   [ RunTime:0.0680s ]
SQL: SELECT * FROM `lh_commodity_sort` WHERE `id` = 1 LIMIT 1   [ RunTime:0.0480s ]
SQL: SELECT * FROM `lh_commodity` WHERE `id` = 37 LIMIT 1   [ RunTime:0.0490s ]
SQL: SELECT * FROM `lh_commodity_sort` WHERE `id` = 1 LIMIT 1   [ RunTime:0.0570s ]
SQL: SELECT * FROM `lh_commodity` WHERE `id` = 44 LIMIT 1   [ RunTime:0.0530s ]
SQL: SELECT * FROM `lh_commodity_sort` WHERE `id` = 1 LIMIT 1   [ RunTime:0.0470s ]
SQL: SELECT * FROM `lh_user` WHERE `id` = 0 LIMIT 1   [ RunTime:0.0500s ]
SQL: SELECT * FROM `lh_province` WHERE `id` = 1 LIMIT 1   [ RunTime:0.0620s ]
SQL: SELECT * FROM `lh_city` WHERE `id` = 1 LIMIT 1   [ RunTime:0.0620s ]
SQL: SELECT * FROM `lh_area` WHERE `id` = 2 LIMIT 1   [ RunTime:0.0540s ]
SQL: SELECT * FROM `lh_farmer_commodity` WHERE `farmer_id` = 67 AND `del_status` = 1  [ RunTime:0.0520s ]
SQL: SELECT * FROM `lh_commodity` WHERE `id` = 22 LIMIT 1   [ RunTime:0.0460s ]
SQL: SELECT * FROM `lh_commodity_sort` WHERE `id` = 1 LIMIT 1   [ RunTime:0.0660s ]
SQL: SELECT * FROM `lh_commodity` WHERE `id` = 27 LIMIT 1   [ RunTime:0.0790s ]
SQL: SELECT * FROM `lh_commodity_sort` WHERE `id` = 1 LIMIT 1   [ RunTime:0.0590s ]
SQL: SELECT * FROM `lh_commodity` WHERE `id` = 29 LIMIT 1   [ RunTime:0.0520s ]
SQL: SELECT * FROM `lh_commodity_sort` WHERE `id` = 1 LIMIT 1   [ RunTime:0.0500s ]
SQL: SELECT * FROM `lh_commodity` WHERE `id` = 37 LIMIT 1   [ RunTime:0.0520s ]
SQL: SELECT * FROM `lh_commodity_sort` WHERE `id` = 1 LIMIT 1   [ RunTime:0.0500s ]
SQL: SELECT * FROM `lh_user` WHERE `id` = 0 LIMIT 1   [ RunTime:0.0480s ]
SQL: SELECT * FROM `lh_province` WHERE `id` = 1 LIMIT 1   [ RunTime:0.0630s ]
SQL: SELECT * FROM `lh_city` WHERE `id` = 1 LIMIT 1   [ RunTime:0.0600s ]
SQL: SELECT * FROM `lh_area` WHERE `id` = 2 LIMIT 1   [ RunTime:0.0490s ]
SQL: SELECT * FROM `lh_farmer_commodity` WHERE `farmer_id` = 66 AND `del_status` = 1  [ RunTime:0.0530s ]
SQL: SELECT * FROM `lh_commodity` WHERE `id` = 25 LIMIT 1   [ RunTime:0.0720s ]
SQL: SELECT * FROM `lh_commodity_sort` WHERE `id` = 1 LIMIT 1   [ RunTime:0.0550s ]
SQL: SELECT * FROM `lh_commodity` WHERE `id` = 26 LIMIT 1   [ RunTime:0.0540s ]
SQL: SELECT * FROM `lh_commodity_sort` WHERE `id` = 1 LIMIT 1   [ RunTime:0.0650s ]
SQL: SELECT * FROM `lh_commodity` WHERE `id` = 27 LIMIT 1   [ RunTime:0.0790s ]
SQL: SELECT * FROM `lh_commodity_sort` WHERE `id` = 1 LIMIT 1   [ RunTime:0.0480s ]
SQL: SELECT * FROM `lh_commodity` WHERE `id` = 29 LIMIT 1   [ RunTime:0.0450s ]
SQL: SELECT * FROM `lh_commodity_sort` WHERE `id` = 1 LIMIT 1   [ RunTime:0.0630s ]
SQL: SELECT * FROM `lh_commodity` WHERE `id` = 35 LIMIT 1   [ RunTime:0.0710s ]
SQL: SELECT * FROM `lh_commodity_sort` WHERE `id` = 1 LIMIT 1   [ RunTime:0.0460s ]
SQL: SELECT * FROM `lh_user` WHERE `id` = 0 LIMIT 1   [ RunTime:0.0480s ]
SQL: SELECT * FROM `lh_province` WHERE `id` = 1 LIMIT 1   [ RunTime:0.0580s ]
SQL: SELECT * FROM `lh_city` WHERE `id` = 1 LIMIT 1   [ RunTime:0.0510s ]
SQL: SELECT * FROM `lh_area` WHERE `id` = 2 LIMIT 1   [ RunTime:0.0460s ]
SQL: SELECT * FROM `lh_farmer_commodity` WHERE `farmer_id` = 65 AND `del_status` = 1  [ RunTime:0.0490s ]
SQL: SELECT * FROM `lh_commodity` WHERE `id` = 19 LIMIT 1   [ RunTime:0.0530s ]
SQL: SELECT * FROM `lh_commodity_sort` WHERE `id` = 1 LIMIT 1   [ RunTime:0.0570s ]
SQL: SELECT * FROM `lh_commodity` WHERE `id` = 22 LIMIT 1   [ RunTime:0.0560s ]
SQL: SELECT * FROM `lh_commodity_sort` WHERE `id` = 1 LIMIT 1   [ RunTime:0.0450s ]
SQL: SELECT * FROM `lh_commodity` WHERE `id` = 25 LIMIT 1   [ RunTime:0.0450s ]
SQL: SELECT * FROM `lh_commodity_sort` WHERE `id` = 1 LIMIT 1   [ RunTime:0.0520s ]
SQL: SELECT * FROM `lh_commodity` WHERE `id` = 26 LIMIT 1   [ RunTime:0.0520s ]
SQL: SELECT * FROM `lh_commodity_sort` WHERE `id` = 1 LIMIT 1   [ RunTime:0.0510s ]
SQL: SELECT * FROM `lh_commodity` WHERE `id` = 29 LIMIT 1   [ RunTime:0.0460s ]
SQL: SELECT * FROM `lh_commodity_sort` WHERE `id` = 1 LIMIT 1   [ RunTime:0.0690s ]
SQL: SELECT * FROM `lh_user` WHERE `id` = 0 LIMIT 1   [ RunTime:0.0490s ]
SQL: SELECT * FROM `lh_province` WHERE `id` = 1 LIMIT 1   [ RunTime:0.0480s ]
SQL: SELECT * FROM `lh_city` WHERE `id` = 1 LIMIT 1   [ RunTime:0.0520s ]
SQL: SELECT * FROM `lh_area` WHERE `id` = 2 LIMIT 1   [ RunTime:0.0450s ]
SQL: SELECT * FROM `lh_farmer_commodity` WHERE `farmer_id` = 64 AND `del_status` = 1  [ RunTime:0.0850s ]
SQL: SELECT * FROM `lh_commodity` WHERE `id` = 27 LIMIT 1   [ RunTime:0.0450s ]
SQL: SELECT * FROM `lh_commodity_sort` WHERE `id` = 1 LIMIT 1   [ RunTime:0.0580s ]
SQL: SELECT * FROM `lh_commodity` WHERE `id` = 29 LIMIT 1   [ RunTime:0.0490s ]
SQL: SELECT * FROM `lh_commodity_sort` WHERE `id` = 1 LIMIT 1   [ RunTime:0.0490s ]
SQL: SELECT * FROM `lh_commodity` WHERE `id` = 36 LIMIT 1   [ RunTime:0.0730s ]
SQL: SELECT * FROM `lh_commodity_sort` WHERE `id` = 1 LIMIT 1   [ RunTime:0.0460s ]
SQL: SELECT * FROM `lh_commodity` WHERE `id` = 38 LIMIT 1   [ RunTime:0.0500s ]
SQL: SELECT * FROM `lh_commodity_sort` WHERE `id` = 1 LIMIT 1   [ RunTime:0.0500s ]
SQL: SELECT * FROM `lh_user` WHERE `id` = 0 LIMIT 1   [ RunTime:0.0490s ]
SQL: SELECT * FROM `lh_province` WHERE `id` = 1 LIMIT 1   [ RunTime:0.0680s ]
SQL: SELECT * FROM `lh_city` WHERE `id` = 1 LIMIT 1   [ RunTime:0.0460s ]
SQL: SELECT * FROM `lh_area` WHERE `id` = 2 LIMIT 1   [ RunTime:0.0490s ]
SQL: SELECT * FROM `lh_farmer_commodity` WHERE `farmer_id` = 63 AND `del_status` = 1  [ RunTime:0.0620s ]
SQL: SELECT * FROM `lh_commodity` WHERE `id` = 21 LIMIT 1   [ RunTime:0.0460s ]
SQL: SELECT * FROM `lh_commodity_sort` WHERE `id` = 1 LIMIT 1   [ RunTime:0.0550s ]
SQL: SELECT * FROM `lh_commodity` WHERE `id` = 22 LIMIT 1   [ RunTime:0.0450s ]
SQL: SELECT * FROM `lh_commodity_sort` WHERE `id` = 1 LIMIT 1   [ RunTime:0.0470s ]
SQL: SELECT * FROM `lh_commodity` WHERE `id` = 26 LIMIT 1   [ RunTime:0.0500s ]
SQL: SELECT * FROM `lh_commodity_sort` WHERE `id` = 1 LIMIT 1   [ RunTime:0.0760s ]
SQL: SELECT * FROM `lh_commodity` WHERE `id` = 27 LIMIT 1   [ RunTime:0.0510s ]
SQL: SELECT * FROM `lh_commodity_sort` WHERE `id` = 1 LIMIT 1   [ RunTime:0.0490s ]
SQL: SELECT * FROM `lh_commodity` WHERE `id` = 29 LIMIT 1   [ RunTime:0.0490s ]
SQL: SELECT * FROM `lh_commodity_sort` WHERE `id` = 1 LIMIT 1   [ RunTime:0.0870s ]
SQL: SELECT * FROM `lh_user` WHERE `id` = 0 LIMIT 1   [ RunTime:0.0660s ]
SQL: SELECT * FROM `lh_province` WHERE `id` = 1 LIMIT 1   [ RunTime:0.0500s ]
SQL: SELECT * FROM `lh_city` WHERE `id` = 1 LIMIT 1   [ RunTime:0.0550s ]
SQL: SELECT * FROM `lh_area` WHERE `id` = 2 LIMIT 1   [ RunTime:0.0450s ]
SQL: SELECT * FROM `lh_farmer_commodity` WHERE `farmer_id` = 62 AND `del_status` = 1  [ RunTime:0.0540s ]
SQL: SELECT * FROM `lh_commodity` WHERE `id` = 19 LIMIT 1   [ RunTime:0.0510s ]
SQL: SELECT * FROM `lh_commodity_sort` WHERE `id` = 1 LIMIT 1   [ RunTime:0.0440s ]
SQL: SELECT * FROM `lh_commodity` WHERE `id` = 21 LIMIT 1   [ RunTime:0.0460s ]
SQL: SELECT * FROM `lh_commodity_sort` WHERE `id` = 1 LIMIT 1   [ RunTime:0.0660s ]
SQL: SELECT * FROM `lh_commodity` WHERE `id` = 22 LIMIT 1   [ RunTime:0.0650s ]
SQL: SELECT * FROM `lh_commodity_sort` WHERE `id` = 1 LIMIT 1   [ RunTime:0.0480s ]
SQL: SELECT * FROM `lh_commodity` WHERE `id` = 27 LIMIT 1   [ RunTime:0.0480s ]
SQL: SELECT * FROM `lh_commodity_sort` WHERE `id` = 1 LIMIT 1   [ RunTime:0.0560s ]
SQL: SELECT * FROM `lh_commodity` WHERE `id` = 29 LIMIT 1   [ RunTime:0.0650s ]
SQL: SELECT * FROM `lh_commodity_sort` WHERE `id` = 1 LIMIT 1   [ RunTime:0.0460s ]
SQL: SELECT * FROM `lh_commodity` WHERE `id` = 30 LIMIT 1   [ RunTime:0.0460s ]
SQL: SELECT * FROM `lh_commodity_sort` WHERE `id` = 1 LIMIT 1   [ RunTime:0.0480s ]
SQL: SELECT * FROM `lh_user` WHERE `id` = 0 LIMIT 1   [ RunTime:0.0650s ]
SQL: SELECT * FROM `lh_province` WHERE `id` = 1 LIMIT 1   [ RunTime:0.0490s ]
SQL: SELECT * FROM `lh_city` WHERE `id` = 1 LIMIT 1   [ RunTime:0.0490s ]
SQL: SELECT * FROM `lh_area` WHERE `id` = 2 LIMIT 1   [ RunTime:0.0470s ]
SQL: SELECT * FROM `lh_farmer_commodity` WHERE `farmer_id` = 61 AND `del_status` = 1  [ RunTime:0.0510s ]
SQL: SELECT * FROM `lh_commodity` WHERE `id` = 21 LIMIT 1   [ RunTime:0.0480s ]
SQL: SELECT * FROM `lh_commodity_sort` WHERE `id` = 1 LIMIT 1   [ RunTime:0.0610s ]
SQL: SELECT * FROM `lh_commodity` WHERE `id` = 22 LIMIT 1   [ RunTime:0.0520s ]
SQL: SELECT * FROM `lh_commodity_sort` WHERE `id` = 1 LIMIT 1   [ RunTime:0.0490s ]
SQL: SELECT * FROM `lh_user` WHERE `id` = 0 LIMIT 1   [ RunTime:0.0780s ]
SQL: SELECT * FROM `lh_province` WHERE `id` = 1 LIMIT 1   [ RunTime:0.0570s ]
SQL: SELECT * FROM `lh_city` WHERE `id` = 1 LIMIT 1   [ RunTime:0.0500s ]
SQL: SELECT * FROM `lh_area` WHERE `id` = 2 LIMIT 1   [ RunTime:0.0510s ]
SQL: SELECT * FROM `lh_farmer_commodity` WHERE `farmer_id` = 60 AND `del_status` = 1  [ RunTime:0.0550s ]
SQL: SELECT * FROM `lh_commodity` WHERE `id` = 25 LIMIT 1   [ RunTime:0.0490s ]
SQL: SELECT * FROM `lh_commodity_sort` WHERE `id` = 1 LIMIT 1   [ RunTime:0.0470s ]
SQL: SELECT * FROM `lh_commodity` WHERE `id` = 26 LIMIT 1   [ RunTime:0.0500s ]
SQL: SELECT * FROM `lh_commodity_sort` WHERE `id` = 1 LIMIT 1   [ RunTime:0.0490s ]
SQL: SELECT * FROM `lh_commodity` WHERE `id` = 43 LIMIT 1   [ RunTime:0.0500s ]
SQL: SELECT * FROM `lh_commodity_sort` WHERE `id` = 1 LIMIT 1   [ RunTime:0.0510s ]
SQL: SELECT * FROM `lh_user` WHERE `id` = 0 LIMIT 1   [ RunTime:0.0480s ]
SQL: SELECT * FROM `lh_province` WHERE `id` = 1 LIMIT 1   [ RunTime:0.0510s ]
SQL: SELECT * FROM `lh_city` WHERE `id` = 1 LIMIT 1   [ RunTime:0.0480s ]
SQL: SELECT * FROM `lh_area` WHERE `id` = 2 LIMIT 1   [ RunTime:0.0450s ]
SQL: SELECT * FROM `lh_farmer_commodity` WHERE `farmer_id` = 59 AND `del_status` = 1  [ RunTime:0.0530s ]
SQL: SELECT * FROM `lh_commodity` WHERE `id` = 26 LIMIT 1   [ RunTime:0.0470s ]
SQL: SELECT * FROM `lh_commodity_sort` WHERE `id` = 1 LIMIT 1   [ RunTime:0.0480s ]
SQL: SELECT * FROM `lh_commodity` WHERE `id` = 27 LIMIT 1   [ RunTime:0.0640s ]
SQL: SELECT * FROM `lh_commodity_sort` WHERE `id` = 1 LIMIT 1   [ RunTime:0.0490s ]
SQL: SELECT * FROM `lh_commodity` WHERE `id` = 35 LIMIT 1   [ RunTime:0.0550s ]
SQL: SELECT * FROM `lh_commodity_sort` WHERE `id` = 1 LIMIT 1   [ RunTime:0.0500s ]
SQL: SELECT * FROM `lh_commodity` WHERE `id` = 43 LIMIT 1   [ RunTime:0.0590s ]
SQL: SELECT * FROM `lh_commodity_sort` WHERE `id` = 1 LIMIT 1   [ RunTime:0.0460s ]
SQL: SELECT * FROM `lh_user` WHERE `id` = 22 LIMIT 1   [ RunTime:0.0490s ]
SQL: SELECT * FROM `lh_province` WHERE `id` = 1 LIMIT 1   [ RunTime:0.0480s ]
SQL: SELECT * FROM `lh_city` WHERE `id` = 1 LIMIT 1   [ RunTime:0.0460s ]
SQL: SELECT * FROM `lh_area` WHERE `id` = 3 LIMIT 1   [ RunTime:0.0460s ]
SQL: SELECT * FROM `lh_farmer_commodity` WHERE `farmer_id` = 50 AND `del_status` = 1  [ RunTime:0.0490s ]
SQL: SELECT * FROM `lh_user` WHERE `id` = 10 LIMIT 1   [ RunTime:0.0470s ]
SQL: SELECT * FROM `lh_province` WHERE `id` = 1 LIMIT 1   [ RunTime:0.0460s ]
SQL: SELECT * FROM `lh_city` WHERE `id` = 1 LIMIT 1   [ RunTime:0.0530s ]
SQL: SELECT * FROM `lh_area` WHERE `id` = 4 LIMIT 1   [ RunTime:0.0480s ]
SQL: SELECT * FROM `lh_farmer_commodity` WHERE `farmer_id` = 49 AND `del_status` = 1  [ RunTime:0.0490s ]
SQL: SELECT * FROM `lh_commodity` WHERE `id` = 20 LIMIT 1   [ RunTime:0.0530s ]
SQL: SELECT * FROM `lh_commodity_sort` WHERE `id` = 1 LIMIT 1   [ RunTime:0.0460s ]
SQL: SELECT * FROM `lh_user` WHERE `id` = 20 LIMIT 1   [ RunTime:0.0500s ]
SQL: SELECT * FROM `lh_province` WHERE `id` = 1 LIMIT 1   [ RunTime:0.0440s ]
SQL: SELECT * FROM `lh_city` WHERE `id` = 1 LIMIT 1   [ RunTime:0.0470s ]
SQL: SELECT * FROM `lh_area` WHERE `id` = 1 LIMIT 1   [ RunTime:0.0510s ]
SQL: SELECT * FROM `lh_farmer_commodity` WHERE `farmer_id` = 45 AND `del_status` = 1  [ RunTime:0.0510s ]
SQL: SELECT * FROM `lh_user` WHERE `id` = 19 LIMIT 1   [ RunTime:0.0450s ]
SQL: SELECT * FROM `lh_province` WHERE `id` = 1 LIMIT 1   [ RunTime:0.0460s ]
SQL: SELECT * FROM `lh_city` WHERE `id` = 1 LIMIT 1   [ RunTime:0.0510s ]
SQL: SELECT * FROM `lh_area` WHERE `id` = 2 LIMIT 1   [ RunTime:0.0550s ]
SQL: SELECT * FROM `lh_farmer_commodity` WHERE `farmer_id` = 44 AND `del_status` = 1  [ RunTime:0.0510s ]
SQL: SELECT * FROM `lh_commodity` WHERE `id` = 1 LIMIT 1   [ RunTime:0.0480s ]
SQL: SELECT * FROM `lh_commodity_sort` WHERE `id` = 1 LIMIT 1   [ RunTime:0.0480s ]
SQL: SELECT * FROM `lh_commodity` WHERE `id` = 21 LIMIT 1   [ RunTime:0.0460s ]
SQL: SELECT * FROM `lh_commodity_sort` WHERE `id` = 1 LIMIT 1   [ RunTime:0.0500s ]
SQL: SELECT * FROM `lh_commodity` WHERE `id` = 39 LIMIT 1   [ RunTime:0.0490s ]
SQL: SELECT * FROM `lh_commodity_sort` WHERE `id` = 3 LIMIT 1   [ RunTime:0.0460s ]
SQL: SELECT * FROM `lh_user` WHERE `id` = 16 LIMIT 1   [ RunTime:0.0690s ]
SQL: SELECT * FROM `lh_province` WHERE `id` = 1 LIMIT 1   [ RunTime:0.0490s ]
SQL: SELECT * FROM `lh_city` WHERE `id` = 1 LIMIT 1   [ RunTime:0.0530s ]
SQL: SELECT * FROM `lh_area` WHERE `id` = 2 LIMIT 1   [ RunTime:0.0820s ]
SQL: SELECT * FROM `lh_farmer_commodity` WHERE `farmer_id` = 43 AND `del_status` = 1  [ RunTime:0.0480s ]
SQL: SELECT * FROM `lh_commodity` WHERE `id` = 1 LIMIT 1   [ RunTime:0.0450s ]
SQL: SELECT * FROM `lh_commodity_sort` WHERE `id` = 1 LIMIT 1   [ RunTime:0.0470s ]
SQL: SELECT * FROM `lh_user` WHERE `id` = 12 LIMIT 1   [ RunTime:0.0460s ]
SQL: SELECT * FROM `lh_province` WHERE `id` = 1 LIMIT 1   [ RunTime:0.0500s ]
SQL: SELECT * FROM `lh_city` WHERE `id` = 2 LIMIT 1   [ RunTime:0.0520s ]
SQL: SELECT * FROM `lh_area` WHERE `id` = 5 LIMIT 1   [ RunTime:0.0500s ]
SQL: SELECT * FROM `lh_farmer_commodity` WHERE `farmer_id` = 3 AND `del_status` = 1  [ RunTime:0.0590s ]
SQL: SELECT * FROM `lh_commodity` WHERE `id` = 2 LIMIT 1   [ RunTime:0.0450s ]
SQL: SELECT * FROM `lh_commodity_sort` WHERE `id` = 3 LIMIT 1   [ RunTime:0.0500s ]
SQL: SELECT * FROM `lh_commodity` WHERE `id` = 2 LIMIT 1   [ RunTime:0.0520s ]
SQL: SELECT * FROM `lh_commodity_sort` WHERE `id` = 3 LIMIT 1   [ RunTime:0.0480s ]
SQL: SELECT * FROM `lh_user` WHERE `id` = 13 LIMIT 1   [ RunTime:0.0540s ]
SQL: SELECT * FROM `lh_province` WHERE `id` = 1 LIMIT 1   [ RunTime:0.0470s ]
SQL: SELECT * FROM `lh_city` WHERE `id` = 1 LIMIT 1   [ RunTime:0.0480s ]
SQL: SELECT * FROM `lh_area` WHERE `id` = 2 LIMIT 1   [ RunTime:0.0480s ]
SQL: SELECT * FROM `lh_farmer_commodity` WHERE `farmer_id` = 2 AND `del_status` = 1  [ RunTime:0.0480s ]
SQL: SELECT * FROM `lh_commodity` WHERE `id` = 1 LIMIT 1   [ RunTime:0.0490s ]
SQL: SELECT * FROM `lh_commodity_sort` WHERE `id` = 1 LIMIT 1   [ RunTime:0.0480s ]
SQL: SELECT * FROM `lh_commodity` WHERE `id` = 2 LIMIT 1   [ RunTime:0.0470s ]
SQL: SELECT * FROM `lh_commodity_sort` WHERE `id` = 3 LIMIT 1   [ RunTime:0.0500s ]

[ 2020-04-02T17:08:08+08:00 ] 127.0.0.1 /api.php/Farmer/get_farmer_list?area_name_text=%E6%B5%B7%E5%8F%A3%E5%B8%82-%E7%BE%8E%E5%85%B0%E5%8C%BA
INFO: [ app_init ] --START--
INFO: Run Behavior\BuildLiteBehavior [ RunTime:0.000000s ]
INFO: [ app_init ] --END-- [ RunTime:0.009000s ]
INFO: [ app_begin ] --START--
INFO: Run Behavior\ReadHtmlCacheBehavior [ RunTime:0.004000s ]
INFO: [ app_begin ] --END-- [ RunTime:0.009001s ]
SQL: SHOW COLUMNS FROM `lh_area` [ RunTime:0.0640s ]
SQL: SELECT * FROM `lh_area` WHERE `name` = 'ÁæéÂÖ∞Âå∫' LIMIT 1   [ RunTime:0.0810s ]
SQL: SHOW COLUMNS FROM `lh_farmer_commodity` [ RunTime:0.0630s ]
SQL: SELECT `farmer_id` FROM `lh_farmer_commodity` WHERE `del_status` = 1 AND `area_id` = 1  [ RunTime:0.0450s ]
SQL: SHOW COLUMNS FROM `lh_farmer` [ RunTime:0.0480s ]
SQL: SELECT * FROM `lh_farmer` WHERE `status` = 1 AND `del_status` = 1 ORDER BY `id` DESC  [ RunTime:0.0560s ]
SQL: SHOW COLUMNS FROM `lh_user` [ RunTime:0.0510s ]
SQL: SELECT * FROM `lh_user` WHERE `id` = 0 LIMIT 1   [ RunTime:0.0490s ]
SQL: SHOW COLUMNS FROM `lh_province` [ RunTime:0.0490s ]
SQL: SELECT * FROM `lh_province` WHERE `id` = 1 LIMIT 1   [ RunTime:0.0440s ]
SQL: SHOW COLUMNS FROM `lh_city` [ RunTime:0.0440s ]
SQL: SELECT * FROM `lh_city` WHERE `id` = 1 LIMIT 1   [ RunTime:0.0460s ]
SQL: SELECT * FROM `lh_area` WHERE `id` = 2 LIMIT 1   [ RunTime:0.0430s ]
SQL: SELECT * FROM `lh_farmer_commodity` WHERE `farmer_id` = 78 AND `del_status` = 1  [ RunTime:0.0470s ]
SQL: SHOW COLUMNS FROM `lh_commodity` [ RunTime:0.0470s ]
SQL: SELECT * FROM `lh_commodity` WHERE `id` = 35 LIMIT 1   [ RunTime:0.0490s ]
SQL: SHOW COLUMNS FROM `lh_commodity_sort` [ RunTime:0.0480s ]
SQL: SELECT * FROM `lh_commodity_sort` WHERE `id` = 1 LIMIT 1   [ RunTime:0.0460s ]
SQL: SELECT * FROM `lh_commodity` WHERE `id` = 38 LIMIT 1   [ RunTime:0.0530s ]
SQL: SELECT * FROM `lh_commodity_sort` WHERE `id` = 1 LIMIT 1   [ RunTime:0.0520s ]
SQL: SELECT * FROM `lh_commodity` WHERE `id` = 47 LIMIT 1   [ RunTime:0.0480s ]
SQL: SELECT * FROM `lh_commodity_sort` WHERE `id` = 1 LIMIT 1   [ RunTime:0.0510s ]
SQL: SELECT * FROM `lh_user` WHERE `id` = 0 LIMIT 1   [ RunTime:0.0470s ]
SQL: SELECT * FROM `lh_province` WHERE `id` = 0 LIMIT 1   [ RunTime:0.0430s ]
SQL: SELECT * FROM `lh_city` WHERE `id` = 0 LIMIT 1   [ RunTime:0.0460s ]
SQL: SELECT * FROM `lh_area` WHERE `id` = 0 LIMIT 1   [ RunTime:0.0440s ]
SQL: SELECT * FROM `lh_farmer_commodity` WHERE `farmer_id` = 77 AND `del_status` = 1  [ RunTime:0.0490s ]
SQL: SELECT * FROM `lh_commodity` WHERE `id` = 35 LIMIT 1   [ RunTime:0.0460s ]
SQL: SELECT * FROM `lh_commodity_sort` WHERE `id` = 1 LIMIT 1   [ RunTime:0.0530s ]
SQL: SELECT * FROM `lh_commodity` WHERE `id` = 45 LIMIT 1   [ RunTime:0.0950s ]
SQL: SELECT * FROM `lh_commodity_sort` WHERE `id` = 1 LIMIT 1   [ RunTime:0.0460s ]
SQL: SELECT * FROM `lh_commodity` WHERE `id` = 46 LIMIT 1   [ RunTime:0.0460s ]
SQL: SELECT * FROM `lh_commodity_sort` WHERE `id` = 1 LIMIT 1   [ RunTime:0.0550s ]
SQL: SELECT * FROM `lh_user` WHERE `id` = 0 LIMIT 1   [ RunTime:0.0500s ]
SQL: SELECT * FROM `lh_province` WHERE `id` = 1 LIMIT 1   [ RunTime:0.0460s ]
SQL: SELECT * FROM `lh_city` WHERE `id` = 1 LIMIT 1   [ RunTime:0.0470s ]
SQL: SELECT * FROM `lh_area` WHERE `id` = 2 LIMIT 1   [ RunTime:0.0440s ]
SQL: SELECT * FROM `lh_farmer_commodity` WHERE `farmer_id` = 76 AND `del_status` = 1  [ RunTime:0.0460s ]
SQL: SELECT * FROM `lh_commodity` WHERE `id` = 25 LIMIT 1   [ RunTime:0.0460s ]
SQL: SELECT * FROM `lh_commodity_sort` WHERE `id` = 1 LIMIT 1   [ RunTime:0.0480s ]
SQL: SELECT * FROM `lh_commodity` WHERE `id` = 35 LIMIT 1   [ RunTime:0.0500s ]
SQL: SELECT * FROM `lh_commodity_sort` WHERE `id` = 1 LIMIT 1   [ RunTime:0.0460s ]
SQL: SELECT * FROM `lh_user` WHERE `id` = 0 LIMIT 1   [ RunTime:0.0440s ]
SQL: SELECT * FROM `lh_province` WHERE `id` = 1 LIMIT 1   [ RunTime:0.0460s ]
SQL: SELECT * FROM `lh_city` WHERE `id` = 1 LIMIT 1   [ RunTime:0.0440s ]
SQL: SELECT * FROM `lh_area` WHERE `id` = 2 LIMIT 1   [ RunTime:0.0540s ]
SQL: SELECT * FROM `lh_farmer_commodity` WHERE `farmer_id` = 75 AND `del_status` = 1  [ RunTime:0.0500s ]
SQL: SELECT * FROM `lh_commodity` WHERE `id` = 35 LIMIT 1   [ RunTime:0.0640s ]
SQL: SELECT * FROM `lh_commodity_sort` WHERE `id` = 1 LIMIT 1   [ RunTime:0.0460s ]
SQL: SELECT * FROM `lh_commodity` WHERE `id` = 38 LIMIT 1   [ RunTime:0.0510s ]
SQL: SELECT * FROM `lh_commodity_sort` WHERE `id` = 1 LIMIT 1   [ RunTime:0.0470s ]
SQL: SELECT * FROM `lh_commodity` WHERE `id` = 45 LIMIT 1   [ RunTime:0.0880s ]
SQL: SELECT * FROM `lh_commodity_sort` WHERE `id` = 1 LIMIT 1   [ RunTime:0.0610s ]
SQL: SELECT * FROM `lh_user` WHERE `id` = 0 LIMIT 1   [ RunTime:0.0460s ]
SQL: SELECT * FROM `lh_province` WHERE `id` = 1 LIMIT 1   [ RunTime:0.0460s ]
SQL: SELECT * FROM `lh_city` WHERE `id` = 1 LIMIT 1   [ RunTime:0.0480s ]
SQL: SELECT * FROM `lh_area` WHERE `id` = 2 LIMIT 1   [ RunTime:0.0430s ]
SQL: SELECT * FROM `lh_farmer_commodity` WHERE `farmer_id` = 74 AND `del_status` = 1  [ RunTime:0.0470s ]
SQL: SELECT * FROM `lh_commodity` WHERE `id` = 35 LIMIT 1   [ RunTime:0.0550s ]
SQL: SELECT * FROM `lh_commodity_sort` WHERE `id` = 1 LIMIT 1   [ RunTime:0.0500s ]
SQL: SELECT * FROM `lh_commodity` WHERE `id` = 45 LIMIT 1   [ RunTime:0.0490s ]
SQL: SELECT * FROM `lh_commodity_sort` WHERE `id` = 1 LIMIT 1   [ RunTime:0.0470s ]
SQL: SELECT * FROM `lh_user` WHERE `id` = 0 LIMIT 1   [ RunTime:0.0480s ]
SQL: SELECT * FROM `lh_province` WHERE `id` = 1 LIMIT 1   [ RunTime:0.0470s ]
SQL: SELECT * FROM `lh_city` WHERE `id` = 1 LIMIT 1   [ RunTime:0.0450s ]
SQL: SELECT * FROM `lh_area` WHERE `id` = 2 LIMIT 1   [ RunTime:0.0430s ]
SQL: SELECT * FROM `lh_farmer_commodity` WHERE `farmer_id` = 73 AND `del_status` = 1  [ RunTime:0.0520s ]
SQL: SELECT * FROM `lh_commodity` WHERE `id` = 25 LIMIT 1   [ RunTime:0.0460s ]
SQL: SELECT * FROM `lh_commodity_sort` WHERE `id` = 1 LIMIT 1   [ RunTime:0.0530s ]
SQL: SELECT * FROM `lh_commodity` WHERE `id` = 35 LIMIT 1   [ RunTime:0.0440s ]
SQL: SELECT * FROM `lh_commodity_sort` WHERE `id` = 1 LIMIT 1   [ RunTime:0.0470s ]
SQL: SELECT * FROM `lh_commodity` WHERE `id` = 45 LIMIT 1   [ RunTime:0.0470s ]
SQL: SELECT * FROM `lh_commodity_sort` WHERE `id` = 1 LIMIT 1   [ RunTime:0.0500s ]
SQL: SELECT * FROM `lh_user` WHERE `id` = 0 LIMIT 1   [ RunTime:0.0790s ]
SQL: SELECT * FROM `lh_province` WHERE `id` = 1 LIMIT 1   [ RunTime:0.0410s ]
SQL: SELECT * FROM `lh_city` WHERE `id` = 1 LIMIT 1   [ RunTime:0.0470s ]
SQL: SELECT * FROM `lh_area` WHERE `id` = 2 LIMIT 1   [ RunTime:0.0500s ]
SQL: SELECT * FROM `lh_farmer_commodity` WHERE `farmer_id` = 72 AND `del_status` = 1  [ RunTime:0.0500s ]
SQL: SELECT * FROM `lh_commodity` WHERE `id` = 26 LIMIT 1   [ RunTime:0.0450s ]
SQL: SELECT * FROM `lh_commodity_sort` WHERE `id` = 1 LIMIT 1   [ RunTime:0.0460s ]
SQL: SELECT * FROM `lh_commodity` WHERE `id` = 29 LIMIT 1   [ RunTime:0.0470s ]
SQL: SELECT * FROM `lh_commodity_sort` WHERE `id` = 1 LIMIT 1   [ RunTime:0.0490s ]
SQL: SELECT * FROM `lh_commodity` WHERE `id` = 35 LIMIT 1   [ RunTime:0.0500s ]
SQL: SELECT * FROM `lh_commodity_sort` WHERE `id` = 1 LIMIT 1   [ RunTime:0.0460s ]
SQL: SELECT * FROM `lh_commodity` WHERE `id` = 44 LIMIT 1   [ RunTime:0.0480s ]
SQL: SELECT * FROM `lh_commodity_sort` WHERE `id` = 1 LIMIT 1   [ RunTime:0.0520s ]
SQL: SELECT * FROM `lh_commodity` WHERE `id` = 45 LIMIT 1   [ RunTime:0.0440s ]
SQL: SELECT * FROM `lh_commodity_sort` WHERE `id` = 1 LIMIT 1   [ RunTime:0.0530s ]
SQL: SELECT * FROM `lh_user` WHERE `id` = 0 LIMIT 1   [ RunTime:0.0440s ]
SQL: SELECT * FROM `lh_province` WHERE `id` = 1 LIMIT 1   [ RunTime:0.0450s ]
SQL: SELECT * FROM `lh_city` WHERE `id` = 1 LIMIT 1   [ RunTime:0.0470s ]
SQL: SELECT * FROM `lh_area` WHERE `id` = 2 LIMIT 1   [ RunTime:0.0490s ]
SQL: SELECT * FROM `lh_farmer_commodity` WHERE `farmer_id` = 71 AND `del_status` = 1  [ RunTime:0.0510s ]
SQL: SELECT * FROM `lh_commodity` WHERE `id` = 27 LIMIT 1   [ RunTime:0.0470s ]
SQL: SELECT * FROM `lh_commodity_sort` WHERE `id` = 1 LIMIT 1   [ RunTime:0.0500s ]
SQL: SELECT * FROM `lh_commodity` WHERE `id` = 29 LIMIT 1   [ RunTime:0.0490s ]
SQL: SELECT * FROM `lh_commodity_sort` WHERE `id` = 1 LIMIT 1   [ RunTime:0.0750s ]
SQL: SELECT * FROM `lh_commodity` WHERE `id` = 32 LIMIT 1   [ RunTime:0.0430s ]
SQL: SELECT * FROM `lh_commodity_sort` WHERE `id` = 1 LIMIT 1   [ RunTime:0.0530s ]
SQL: SELECT * FROM `lh_commodity` WHERE `id` = 34 LIMIT 1   [ RunTime:0.0510s ]
SQL: SELECT * FROM `lh_commodity_sort` WHERE `id` = 1 LIMIT 1   [ RunTime:0.0540s ]
SQL: SELECT * FROM `lh_user` WHERE `id` = 0 LIMIT 1   [ RunTime:0.0470s ]
SQL: SELECT * FROM `lh_province` WHERE `id` = 1 LIMIT 1   [ RunTime:0.0470s ]
SQL: SELECT * FROM `lh_city` WHERE `id` = 1 LIMIT 1   [ RunTime:0.0560s ]
SQL: SELECT * FROM `lh_area` WHERE `id` = 2 LIMIT 1   [ RunTime:0.0460s ]
SQL: SELECT * FROM `lh_farmer_commodity` WHERE `farmer_id` = 70 AND `del_status` = 1  [ RunTime:0.0460s ]
SQL: SELECT * FROM `lh_commodity` WHERE `id` = 25 LIMIT 1   [ RunTime:0.0460s ]
SQL: SELECT * FROM `lh_commodity_sort` WHERE `id` = 1 LIMIT 1   [ RunTime:0.0450s ]
SQL: SELECT * FROM `lh_commodity` WHERE `id` = 26 LIMIT 1   [ RunTime:0.0460s ]
SQL: SELECT * FROM `lh_commodity_sort` WHERE `id` = 1 LIMIT 1   [ RunTime:0.0570s ]
SQL: SELECT * FROM `lh_commodity` WHERE `id` = 27 LIMIT 1   [ RunTime:0.0600s ]
SQL: SELECT * FROM `lh_commodity_sort` WHERE `id` = 1 LIMIT 1   [ RunTime:0.0480s ]
SQL: SELECT * FROM `lh_commodity` WHERE `id` = 29 LIMIT 1   [ RunTime:0.0610s ]
SQL: SELECT * FROM `lh_commodity_sort` WHERE `id` = 1 LIMIT 1   [ RunTime:0.0440s ]
SQL: SELECT * FROM `lh_commodity` WHERE `id` = 35 LIMIT 1   [ RunTime:0.0580s ]
SQL: SELECT * FROM `lh_commodity_sort` WHERE `id` = 1 LIMIT 1   [ RunTime:0.0480s ]
SQL: SELECT * FROM `lh_commodity` WHERE `id` = 45 LIMIT 1   [ RunTime:0.0530s ]
SQL: SELECT * FROM `lh_commodity_sort` WHERE `id` = 1 LIMIT 1   [ RunTime:0.0430s ]
SQL: SELECT * FROM `lh_user` WHERE `id` = 0 LIMIT 1   [ RunTime:0.0590s ]
SQL: SELECT * FROM `lh_province` WHERE `id` = 1 LIMIT 1   [ RunTime:0.0440s ]
SQL: SELECT * FROM `lh_city` WHERE `id` = 1 LIMIT 1   [ RunTime:0.0480s ]
SQL: SELECT * FROM `lh_area` WHERE `id` = 2 LIMIT 1   [ RunTime:0.0430s ]
SQL: SELECT * FROM `lh_farmer_commodity` WHERE `farmer_id` = 69 AND `del_status` = 1  [ RunTime:0.0470s ]
SQL: SELECT * FROM `lh_commodity` WHERE `id` = 26 LIMIT 1   [ RunTime:0.0460s ]
SQL: SELECT * FROM `lh_commodity_sort` WHERE `id` = 1 LIMIT 1   [ RunTime:0.0500s ]
SQL: SELECT * FROM `lh_commodity` WHERE `id` = 29 LIMIT 1   [ RunTime:0.0470s ]
SQL: SELECT * FROM `lh_commodity_sort` WHERE `id` = 1 LIMIT 1   [ RunTime:0.0440s ]
SQL: SELECT * FROM `lh_commodity` WHERE `id` = 32 LIMIT 1   [ RunTime:0.0450s ]
SQL: SELECT * FROM `lh_commodity_sort` WHERE `id` = 1 LIMIT 1   [ RunTime:0.0450s ]
SQL: SELECT * FROM `lh_commodity` WHERE `id` = 35 LIMIT 1   [ RunTime:0.0450s ]
SQL: SELECT * FROM `lh_commodity_sort` WHERE `id` = 1 LIMIT 1   [ RunTime:0.0430s ]
SQL: SELECT * FROM `lh_commodity` WHERE `id` = 38 LIMIT 1   [ RunTime:0.0500s ]
SQL: SELECT * FROM `lh_commodity_sort` WHERE `id` = 1 LIMIT 1   [ RunTime:0.0470s ]
SQL: SELECT * FROM `lh_user` WHERE `id` = 0 LIMIT 1   [ RunTime:0.0460s ]
SQL: SELECT * FROM `lh_province` WHERE `id` = 1 LIMIT 1   [ RunTime:0.0410s ]
SQL: SELECT * FROM `lh_city` WHERE `id` = 1 LIMIT 1   [ RunTime:0.0460s ]
SQL: SELECT * FROM `lh_area` WHERE `id` = 2 LIMIT 1   [ RunTime:0.0450s ]
SQL: SELECT * FROM `lh_farmer_commodity` WHERE `farmer_id` = 68 AND `del_status` = 1  [ RunTime:0.0540s ]
SQL: SELECT * FROM `lh_commodity` WHERE `id` = 25 LIMIT 1   [ RunTime:0.0500s ]
SQL: SELECT * FROM `lh_commodity_sort` WHERE `id` = 1 LIMIT 1   [ RunTime:0.0450s ]
SQL: SELECT * FROM `lh_commodity` WHERE `id` = 27 LIMIT 1   [ RunTime:0.0540s ]
SQL: SELECT * FROM `lh_commodity_sort` WHERE `id` = 1 LIMIT 1   [ RunTime:0.0510s ]
SQL: SELECT * FROM `lh_commodity` WHERE `id` = 29 LIMIT 1   [ RunTime:0.0460s ]
SQL: SELECT * FROM `lh_commodity_sort` WHERE `id` = 1 LIMIT 1   [ RunTime:0.0650s ]
SQL: SELECT * FROM `lh_commodity` WHERE `id` = 37 LIMIT 1   [ RunTime:0.0510s ]
SQL: SELECT * FROM `lh_commodity_sort` WHERE `id` = 1 LIMIT 1   [ RunTime:0.0510s ]
SQL: SELECT * FROM `lh_commodity` WHERE `id` = 44 LIMIT 1   [ RunTime:0.0480s ]
SQL: SELECT * FROM `lh_commodity_sort` WHERE `id` = 1 LIMIT 1   [ RunTime:0.0630s ]
SQL: SELECT * FROM `lh_user` WHERE `id` = 0 LIMIT 1   [ RunTime:0.0470s ]
SQL: SELECT * FROM `lh_province` WHERE `id` = 1 LIMIT 1   [ RunTime:0.0440s ]
SQL: SELECT * FROM `lh_city` WHERE `id` = 1 LIMIT 1   [ RunTime:0.0440s ]
SQL: SELECT * FROM `lh_area` WHERE `id` = 2 LIMIT 1   [ RunTime:0.0460s ]
SQL: SELECT * FROM `lh_farmer_commodity` WHERE `farmer_id` = 67 AND `del_status` = 1  [ RunTime:0.0550s ]
SQL: SELECT * FROM `lh_commodity` WHERE `id` = 22 LIMIT 1   [ RunTime:0.0450s ]
SQL: SELECT * FROM `lh_commodity_sort` WHERE `id` = 1 LIMIT 1   [ RunTime:0.0450s ]
SQL: SELECT * FROM `lh_commodity` WHERE `id` = 27 LIMIT 1   [ RunTime:0.0470s ]
SQL: SELECT * FROM `lh_commodity_sort` WHERE `id` = 1 LIMIT 1   [ RunTime:0.0450s ]
SQL: SELECT * FROM `lh_commodity` WHERE `id` = 29 LIMIT 1   [ RunTime:0.0450s ]
SQL: SELECT * FROM `lh_commodity_sort` WHERE `id` = 1 LIMIT 1   [ RunTime:0.0460s ]
SQL: SELECT * FROM `lh_commodity` WHERE `id` = 37 LIMIT 1   [ RunTime:0.0470s ]
SQL: SELECT * FROM `lh_commodity_sort` WHERE `id` = 1 LIMIT 1   [ RunTime:0.0450s ]
SQL: SELECT * FROM `lh_user` WHERE `id` = 0 LIMIT 1   [ RunTime:0.0480s ]
SQL: SELECT * FROM `lh_province` WHERE `id` = 1 LIMIT 1   [ RunTime:0.0450s ]
SQL: SELECT * FROM `lh_city` WHERE `id` = 1 LIMIT 1   [ RunTime:0.0460s ]
SQL: SELECT * FROM `lh_area` WHERE `id` = 2 LIMIT 1   [ RunTime:0.0430s ]
SQL: SELECT * FROM `lh_farmer_commodity` WHERE `farmer_id` = 66 AND `del_status` = 1  [ RunTime:0.0480s ]
SQL: SELECT * FROM `lh_commodity` WHERE `id` = 25 LIMIT 1   [ RunTime:0.0450s ]
SQL: SELECT * FROM `lh_commodity_sort` WHERE `id` = 1 LIMIT 1   [ RunTime:0.0670s ]
SQL: SELECT * FROM `lh_commodity` WHERE `id` = 26 LIMIT 1   [ RunTime:0.0470s ]
SQL: SELECT * FROM `lh_commodity_sort` WHERE `id` = 1 LIMIT 1   [ RunTime:0.0450s ]
SQL: SELECT * FROM `lh_commodity` WHERE `id` = 27 LIMIT 1   [ RunTime:0.0450s ]
SQL: SELECT * FROM `lh_commodity_sort` WHERE `id` = 1 LIMIT 1   [ RunTime:0.0470s ]
SQL: SELECT * FROM `lh_commodity` WHERE `id` = 29 LIMIT 1   [ RunTime:0.0440s ]
SQL: SELECT * FROM `lh_commodity_sort` WHERE `id` = 1 LIMIT 1   [ RunTime:0.0470s ]
SQL: SELECT * FROM `lh_commodity` WHERE `id` = 35 LIMIT 1   [ RunTime:0.1230s ]
SQL: SELECT * FROM `lh_commodity_sort` WHERE `id` = 1 LIMIT 1   [ RunTime:0.0430s ]
SQL: SELECT * FROM `lh_user` WHERE `id` = 0 LIMIT 1   [ RunTime:0.1120s ]
SQL: SELECT * FROM `lh_province` WHERE `id` = 1 LIMIT 1   [ RunTime:0.0460s ]
SQL: SELECT * FROM `lh_city` WHERE `id` = 1 LIMIT 1   [ RunTime:0.0450s ]
SQL: SELECT * FROM `lh_area` WHERE `id` = 2 LIMIT 1   [ RunTime:0.0460s ]
SQL: SELECT * FROM `lh_farmer_commodity` WHERE `farmer_id` = 65 AND `del_status` = 1  [ RunTime:0.1240s ]
SQL: SELECT * FROM `lh_commodity` WHERE `id` = 19 LIMIT 1   [ RunTime:0.0430s ]
SQL: SELECT * FROM `lh_commodity_sort` WHERE `id` = 1 LIMIT 1   [ RunTime:0.1470s ]
SQL: SELECT * FROM `lh_commodity` WHERE `id` = 22 LIMIT 1   [ RunTime:0.0460s ]
SQL: SELECT * FROM `lh_commodity_sort` WHERE `id` = 1 LIMIT 1   [ RunTime:0.0530s ]
SQL: SELECT * FROM `lh_commodity` WHERE `id` = 25 LIMIT 1   [ RunTime:0.0470s ]
SQL: SELECT * FROM `lh_commodity_sort` WHERE `id` = 1 LIMIT 1   [ RunTime:0.1310s ]
SQL: SELECT * FROM `lh_commodity` WHERE `id` = 26 LIMIT 1   [ RunTime:0.1740s ]
SQL: SELECT * FROM `lh_commodity_sort` WHERE `id` = 1 LIMIT 1   [ RunTime:0.0440s ]
SQL: SELECT * FROM `lh_commodity` WHERE `id` = 29 LIMIT 1   [ RunTime:0.0470s ]
SQL: SELECT * FROM `lh_commodity_sort` WHERE `id` = 1 LIMIT 1   [ RunTime:0.0470s ]
SQL: SELECT * FROM `lh_user` WHERE `id` = 0 LIMIT 1   [ RunTime:0.0470s ]
SQL: SELECT * FROM `lh_province` WHERE `id` = 1 LIMIT 1   [ RunTime:0.0450s ]
SQL: SELECT * FROM `lh_city` WHERE `id` = 1 LIMIT 1   [ RunTime:0.0550s ]
SQL: SELECT * FROM `lh_area` WHERE `id` = 2 LIMIT 1   [ RunTime:0.0440s ]
SQL: SELECT * FROM `lh_farmer_commodity` WHERE `farmer_id` = 64 AND `del_status` = 1  [ RunTime:0.0500s ]
SQL: SELECT * FROM `lh_commodity` WHERE `id` = 27 LIMIT 1   [ RunTime:0.0460s ]
SQL: SELECT * FROM `lh_commodity_sort` WHERE `id` = 1 LIMIT 1   [ RunTime:0.0470s ]
SQL: SELECT * FROM `lh_commodity` WHERE `id` = 29 LIMIT 1   [ RunTime:0.0460s ]
SQL: SELECT * FROM `lh_commodity_sort` WHERE `id` = 1 LIMIT 1   [ RunTime:0.0480s ]
SQL: SELECT * FROM `lh_commodity` WHERE `id` = 36 LIMIT 1   [ RunTime:0.0480s ]
SQL: SELECT * FROM `lh_commodity_sort` WHERE `id` = 1 LIMIT 1   [ RunTime:0.0460s ]
SQL: SELECT * FROM `lh_commodity` WHERE `id` = 38 LIMIT 1   [ RunTime:0.0490s ]
SQL: SELECT * FROM `lh_commodity_sort` WHERE `id` = 1 LIMIT 1   [ RunTime:0.0450s ]
SQL: SELECT * FROM `lh_user` WHERE `id` = 0 LIMIT 1   [ RunTime:0.0550s ]
SQL: SELECT * FROM `lh_province` WHERE `id` = 1 LIMIT 1   [ RunTime:0.0470s ]
SQL: SELECT * FROM `lh_city` WHERE `id` = 1 LIMIT 1   [ RunTime:0.0480s ]
SQL: SELECT * FROM `lh_area` WHERE `id` = 2 LIMIT 1   [ RunTime:0.0470s ]
SQL: SELECT * FROM `lh_farmer_commodity` WHERE `farmer_id` = 63 AND `del_status` = 1  [ RunTime:0.0440s ]
SQL: SELECT * FROM `lh_commodity` WHERE `id` = 21 LIMIT 1   [ RunTime:0.0460s ]
SQL: SELECT * FROM `lh_commodity_sort` WHERE `id` = 1 LIMIT 1   [ RunTime:0.0440s ]
SQL: SELECT * FROM `lh_commodity` WHERE `id` = 22 LIMIT 1   [ RunTime:0.0440s ]
SQL: SELECT * FROM `lh_commodity_sort` WHERE `id` = 1 LIMIT 1   [ RunTime:0.0460s ]
SQL: SELECT * FROM `lh_commodity` WHERE `id` = 26 LIMIT 1   [ RunTime:0.0430s ]
SQL: SELECT * FROM `lh_commodity_sort` WHERE `id` = 1 LIMIT 1   [ RunTime:0.0440s ]
SQL: SELECT * FROM `lh_commodity` WHERE `id` = 27 LIMIT 1   [ RunTime:0.0450s ]
SQL: SELECT * FROM `lh_commodity_sort` WHERE `id` = 1 LIMIT 1   [ RunTime:0.0430s ]
SQL: SELECT * FROM `lh_commodity` WHERE `id` = 29 LIMIT 1   [ RunTime:0.0470s ]
SQL: SELECT * FROM `lh_commodity_sort` WHERE `id` = 1 LIMIT 1   [ RunTime:0.0450s ]
SQL: SELECT * FROM `lh_user` WHERE `id` = 0 LIMIT 1   [ RunTime:0.0460s ]
SQL: SELECT * FROM `lh_province` WHERE `id` = 1 LIMIT 1   [ RunTime:0.0450s ]
SQL: SELECT * FROM `lh_city` WHERE `id` = 1 LIMIT 1   [ RunTime:0.0460s ]
SQL: SELECT * FROM `lh_area` WHERE `id` = 2 LIMIT 1   [ RunTime:0.0500s ]
SQL: SELECT * FROM `lh_farmer_commodity` WHERE `farmer_id` = 62 AND `del_status` = 1  [ RunTime:0.0550s ]
SQL: SELECT * FROM `lh_commodity` WHERE `id` = 19 LIMIT 1   [ RunTime:0.0440s ]
SQL: SELECT * FROM `lh_commodity_sort` WHERE `id` = 1 LIMIT 1   [ RunTime:0.0450s ]
SQL: SELECT * FROM `lh_commodity` WHERE `id` = 21 LIMIT 1   [ RunTime:0.0430s ]
SQL: SELECT * FROM `lh_commodity_sort` WHERE `id` = 1 LIMIT 1   [ RunTime:0.0420s ]
SQL: SELECT * FROM `lh_commodity` WHERE `id` = 22 LIMIT 1   [ RunTime:0.0490s ]
SQL: SELECT * FROM `lh_commodity_sort` WHERE `id` = 1 LIMIT 1   [ RunTime:0.0480s ]
SQL: SELECT * FROM `lh_commodity` WHERE `id` = 27 LIMIT 1   [ RunTime:0.0450s ]
SQL: SELECT * FROM `lh_commodity_sort` WHERE `id` = 1 LIMIT 1   [ RunTime:0.0470s ]
SQL: SELECT * FROM `lh_commodity` WHERE `id` = 29 LIMIT 1   [ RunTime:0.0440s ]
SQL: SELECT * FROM `lh_commodity_sort` WHERE `id` = 1 LIMIT 1   [ RunTime:0.0470s ]
SQL: SELECT * FROM `lh_commodity` WHERE `id` = 30 LIMIT 1   [ RunTime:0.0490s ]
SQL: SELECT * FROM `lh_commodity_sort` WHERE `id` = 1 LIMIT 1   [ RunTime:0.0450s ]
SQL: SELECT * FROM `lh_user` WHERE `id` = 0 LIMIT 1   [ RunTime:0.0470s ]
SQL: SELECT * FROM `lh_province` WHERE `id` = 1 LIMIT 1   [ RunTime:0.0450s ]
SQL: SELECT * FROM `lh_city` WHERE `id` = 1 LIMIT 1   [ RunTime:0.0440s ]
SQL: SELECT * FROM `lh_area` WHERE `id` = 2 LIMIT 1   [ RunTime:0.0460s ]
SQL: SELECT * FROM `lh_farmer_commodity` WHERE `farmer_id` = 61 AND `del_status` = 1  [ RunTime:0.0460s ]
SQL: SELECT * FROM `lh_commodity` WHERE `id` = 21 LIMIT 1   [ RunTime:0.0460s ]
SQL: SELECT * FROM `lh_commodity_sort` WHERE `id` = 1 LIMIT 1   [ RunTime:0.0460s ]
SQL: SELECT * FROM `lh_commodity` WHERE `id` = 22 LIMIT 1   [ RunTime:0.0460s ]
SQL: SELECT * FROM `lh_commodity_sort` WHERE `id` = 1 LIMIT 1   [ RunTime:0.0530s ]
SQL: SELECT * FROM `lh_user` WHERE `id` = 0 LIMIT 1   [ RunTime:0.0440s ]
SQL: SELECT * FROM `lh_province` WHERE `id` = 1 LIMIT 1   [ RunTime:0.0520s ]
SQL: SELECT * FROM `lh_city` WHERE `id` = 1 LIMIT 1   [ RunTime:0.0450s ]
SQL: SELECT * FROM `lh_area` WHERE `id` = 2 LIMIT 1   [ RunTime:0.0480s ]
SQL: SELECT * FROM `lh_farmer_commodity` WHERE `farmer_id` = 60 AND `del_status` = 1  [ RunTime:0.0480s ]
SQL: SELECT * FROM `lh_commodity` WHERE `id` = 25 LIMIT 1   [ RunTime:0.0430s ]
SQL: SELECT * FROM `lh_commodity_sort` WHERE `id` = 1 LIMIT 1   [ RunTime:0.0470s ]
SQL: SELECT * FROM `lh_commodity` WHERE `id` = 26 LIMIT 1   [ RunTime:0.0470s ]
SQL: SELECT * FROM `lh_commodity_sort` WHERE `id` = 1 LIMIT 1   [ RunTime:0.0760s ]
SQL: SELECT * FROM `lh_commodity` WHERE `id` = 43 LIMIT 1   [ RunTime:0.0690s ]
SQL: SELECT * FROM `lh_commodity_sort` WHERE `id` = 1 LIMIT 1   [ RunTime:0.0520s ]
SQL: SELECT * FROM `lh_user` WHERE `id` = 0 LIMIT 1   [ RunTime:0.1110s ]
SQL: SELECT * FROM `lh_province` WHERE `id` = 1 LIMIT 1   [ RunTime:0.0630s ]
SQL: SELECT * FROM `lh_city` WHERE `id` = 1 LIMIT 1   [ RunTime:0.0560s ]
SQL: SELECT * FROM `lh_area` WHERE `id` = 2 LIMIT 1   [ RunTime:0.2050s ]
SQL: SELECT * FROM `lh_farmer_commodity` WHERE `farmer_id` = 59 AND `del_status` = 1  [ RunTime:0.2150s ]
SQL: SELECT * FROM `lh_commodity` WHERE `id` = 26 LIMIT 1   [ RunTime:0.4320s ]
SQL: SELECT * FROM `lh_commodity_sort` WHERE `id` = 1 LIMIT 1   [ RunTime:0.0750s ]
SQL: SELECT * FROM `lh_commodity` WHERE `id` = 27 LIMIT 1   [ RunTime:0.0890s ]
SQL: SELECT * FROM `lh_commodity_sort` WHERE `id` = 1 LIMIT 1   [ RunTime:0.0690s ]
SQL: SELECT * FROM `lh_commodity` WHERE `id` = 35 LIMIT 1   [ RunTime:0.2410s ]
SQL: SELECT * FROM `lh_commodity_sort` WHERE `id` = 1 LIMIT 1   [ RunTime:0.3940s ]
SQL: SELECT * FROM `lh_commodity` WHERE `id` = 43 LIMIT 1   [ RunTime:0.0980s ]
SQL: SELECT * FROM `lh_commodity_sort` WHERE `id` = 1 LIMIT 1   [ RunTime:0.0910s ]
SQL: SELECT * FROM `lh_user` WHERE `id` = 22 LIMIT 1   [ RunTime:0.0720s ]
SQL: SELECT * FROM `lh_province` WHERE `id` = 1 LIMIT 1   [ RunTime:0.0620s ]
SQL: SELECT * FROM `lh_city` WHERE `id` = 1 LIMIT 1   [ RunTime:0.3260s ]
SQL: SELECT * FROM `lh_area` WHERE `id` = 3 LIMIT 1   [ RunTime:0.0530s ]
SQL: SELECT * FROM `lh_farmer_commodity` WHERE `farmer_id` = 50 AND `del_status` = 1  [ RunTime:0.0730s ]
SQL: SELECT * FROM `lh_user` WHERE `id` = 10 LIMIT 1   [ RunTime:0.0480s ]
SQL: SELECT * FROM `lh_province` WHERE `id` = 1 LIMIT 1   [ RunTime:0.0590s ]
SQL: SELECT * FROM `lh_city` WHERE `id` = 1 LIMIT 1   [ RunTime:0.0630s ]
SQL: SELECT * FROM `lh_area` WHERE `id` = 4 LIMIT 1   [ RunTime:0.1270s ]
SQL: SELECT * FROM `lh_farmer_commodity` WHERE `farmer_id` = 49 AND `del_status` = 1  [ RunTime:0.0760s ]
SQL: SELECT * FROM `lh_commodity` WHERE `id` = 20 LIMIT 1   [ RunTime:0.1550s ]
SQL: SELECT * FROM `lh_commodity_sort` WHERE `id` = 1 LIMIT 1   [ RunTime:0.0550s ]
SQL: SELECT * FROM `lh_user` WHERE `id` = 20 LIMIT 1   [ RunTime:0.2690s ]
SQL: SELECT * FROM `lh_province` WHERE `id` = 1 LIMIT 1   [ RunTime:0.0750s ]
SQL: SELECT * FROM `lh_city` WHERE `id` = 1 LIMIT 1   [ RunTime:0.1470s ]
SQL: SELECT * FROM `lh_area` WHERE `id` = 1 LIMIT 1   [ RunTime:0.1090s ]
SQL: SELECT * FROM `lh_farmer_commodity` WHERE `farmer_id` = 45 AND `del_status` = 1  [ RunTime:0.1150s ]
SQL: SELECT * FROM `lh_user` WHERE `id` = 19 LIMIT 1   [ RunTime:0.0900s ]
SQL: SELECT * FROM `lh_province` WHERE `id` = 1 LIMIT 1   [ RunTime:0.2240s ]
SQL: SELECT * FROM `lh_city` WHERE `id` = 1 LIMIT 1   [ RunTime:0.3720s ]
SQL: SELECT * FROM `lh_area` WHERE `id` = 2 LIMIT 1   [ RunTime:0.2240s ]
SQL: SELECT * FROM `lh_farmer_commodity` WHERE `farmer_id` = 44 AND `del_status` = 1  [ RunTime:0.0930s ]
SQL: SELECT * FROM `lh_commodity` WHERE `id` = 1 LIMIT 1   [ RunTime:0.1290s ]
SQL: SELECT * FROM `lh_commodity_sort` WHERE `id` = 1 LIMIT 1   [ RunTime:0.1370s ]
SQL: SELECT * FROM `lh_commodity` WHERE `id` = 21 LIMIT 1   [ RunTime:0.1230s ]
SQL: SELECT * FROM `lh_commodity_sort` WHERE `id` = 1 LIMIT 1   [ RunTime:0.1430s ]
SQL: SELECT * FROM `lh_commodity` WHERE `id` = 39 LIMIT 1   [ RunTime:0.1280s ]
SQL: SELECT * FROM `lh_commodity_sort` WHERE `id` = 3 LIMIT 1   [ RunTime:0.1100s ]
SQL: SELECT * FROM `lh_user` WHERE `id` = 16 LIMIT 1   [ RunTime:0.0870s ]
SQL: SELECT * FROM `lh_province` WHERE `id` = 1 LIMIT 1   [ RunTime:0.1600s ]
SQL: SELECT * FROM `lh_city` WHERE `id` = 1 LIMIT 1   [ RunTime:0.0660s ]
SQL: SELECT * FROM `lh_area` WHERE `id` = 2 LIMIT 1   [ RunTime:0.3920s ]
SQL: SELECT * FROM `lh_farmer_commodity` WHERE `farmer_id` = 43 AND `del_status` = 1  [ RunTime:0.2090s ]
SQL: SELECT * FROM `lh_commodity` WHERE `id` = 1 LIMIT 1   [ RunTime:0.0560s ]
SQL: SELECT * FROM `lh_commodity_sort` WHERE `id` = 1 LIMIT 1   [ RunTime:0.0610s ]
SQL: SELECT * FROM `lh_user` WHERE `id` = 12 LIMIT 1   [ RunTime:0.0950s ]
SQL: SELECT * FROM `lh_province` WHERE `id` = 1 LIMIT 1   [ RunTime:0.0830s ]
SQL: SELECT * FROM `lh_city` WHERE `id` = 2 LIMIT 1   [ RunTime:0.2320s ]
SQL: SELECT * FROM `lh_area` WHERE `id` = 5 LIMIT 1   [ RunTime:0.1910s ]
SQL: SELECT * FROM `lh_farmer_commodity` WHERE `farmer_id` = 3 AND `del_status` = 1  [ RunTime:0.0810s ]
SQL: SELECT * FROM `lh_commodity` WHERE `id` = 2 LIMIT 1   [ RunTime:0.0630s ]
SQL: SELECT * FROM `lh_commodity_sort` WHERE `id` = 3 LIMIT 1   [ RunTime:0.1400s ]
SQL: SELECT * FROM `lh_commodity` WHERE `id` = 2 LIMIT 1   [ RunTime:0.0880s ]
SQL: SELECT * FROM `lh_commodity_sort` WHERE `id` = 3 LIMIT 1   [ RunTime:0.0580s ]
SQL: SELECT * FROM `lh_user` WHERE `id` = 13 LIMIT 1   [ RunTime:0.1400s ]
SQL: SELECT * FROM `lh_province` WHERE `id` = 1 LIMIT 1   [ RunTime:0.0470s ]
SQL: SELECT * FROM `lh_city` WHERE `id` = 1 LIMIT 1   [ RunTime:0.2220s ]
SQL: SELECT * FROM `lh_area` WHERE `id` = 2 LIMIT 1   [ RunTime:0.0470s ]
SQL: SELECT * FROM `lh_farmer_commodity` WHERE `farmer_id` = 2 AND `del_status` = 1  [ RunTime:0.0840s ]
SQL: SELECT * FROM `lh_commodity` WHERE `id` = 1 LIMIT 1   [ RunTime:0.0480s ]
SQL: SELECT * FROM `lh_commodity_sort` WHERE `id` = 1 LIMIT 1   [ RunTime:0.0490s ]
SQL: SELECT * FROM `lh_commodity` WHERE `id` = 2 LIMIT 1   [ RunTime:0.0530s ]
SQL: SELECT * FROM `lh_commodity_sort` WHERE `id` = 3 LIMIT 1   [ RunTime:0.0860s ]

[ 2020-04-02T17:15:51+08:00 ] 127.0.0.1 /api.php/Farmer/get_farmer_list?area_name_text=%E6%B5%B7%E5%8F%A3%E5%B8%82-%E9%BE%99%E5%8D%8E%E5%8C%BA&commodity_sort_id=1
INFO: [ app_init ] --START--
INFO: Run Behavior\BuildLiteBehavior [ RunTime:0.001000s ]
INFO: [ app_init ] --END-- [ RunTime:0.011001s ]
INFO: [ app_begin ] --START--
INFO: Run Behavior\ReadHtmlCacheBehavior [ RunTime:0.010001s ]
INFO: [ app_begin ] --END-- [ RunTime:0.014001s ]
SQL: SHOW COLUMNS FROM `lh_area` [ RunTime:0.0470s ]
SQL: SELECT * FROM `lh_area` WHERE `name` = 'ÈæôÂçéÂå∫' LIMIT 1   [ RunTime:0.0450s ]
SQL: SHOW COLUMNS FROM `lh_farmer_commodity` [ RunTime:0.0580s ]
SQL: SELECT `farmer_id` FROM `lh_farmer_commodity` WHERE `del_status` = 1 AND `area_id` = 2  [ RunTime:0.0480s ]
SQL: SHOW COLUMNS FROM `lh_commodity` [ RunTime:0.0420s ]
SQL: SELECT `id` FROM `lh_commodity` WHERE `commodity_sort_id` = 1  [ RunTime:0.0420s ]
SQL: SELECT `farmer_id` FROM `lh_farmer_commodity` WHERE `commodity_id` IN ('1','5','6','7','8','9','11','16','19','20','21','22','23','24','25','26','27','28','29','30','31','32','33','34','35','36','37','38','43','44','45','46','47') AND `del_status` = 1  [ RunTime:0.0440s ]
SQL: SHOW COLUMNS FROM `lh_farmer` [ RunTime:0.0500s ]
SQL: SELECT * FROM `lh_farmer` WHERE `status` = 1 AND `del_status` = 1 AND `id` IN ('2','4','4','43','44','48','48','48','48','49','44','51','51','51','51','51','51','53','53','53','53','53','53','54','54','54','54','54','55','55','55','55','56','56','56','56','57','57','57','58','58','58','59','59','59','59','60','60','60','61','61','62','62','62','62','62','62','63','63','63','63','63','64','64','64','64','65','65','65','65','65','66','66','66','66','66','67','67','67','67','68','68','68','68','68','69','69','69','69','69','70','70','70','70','70','70','71','71','71','71','72','72','72','72','72','73','73','73','74','74','75','75','75','76','76','77','77','77','78','78','78') ORDER BY `id` DESC  [ RunTime:0.0480s ]
SQL: SHOW COLUMNS FROM `lh_user` [ RunTime:0.0600s ]
SQL: SELECT * FROM `lh_user` WHERE `id` = 0 LIMIT 1   [ RunTime:0.0460s ]
SQL: SHOW COLUMNS FROM `lh_province` [ RunTime:0.0430s ]
SQL: SELECT * FROM `lh_province` WHERE `id` = 1 LIMIT 1   [ RunTime:0.0400s ]
SQL: SHOW COLUMNS FROM `lh_city` [ RunTime:0.0480s ]
SQL: SELECT * FROM `lh_city` WHERE `id` = 1 LIMIT 1   [ RunTime:0.0410s ]
SQL: SELECT * FROM `lh_area` WHERE `id` = 2 LIMIT 1   [ RunTime:0.0440s ]
SQL: SELECT * FROM `lh_farmer_commodity` WHERE `farmer_id` = 78 AND `del_status` = 1  [ RunTime:0.0470s ]
SQL: SELECT * FROM `lh_commodity` WHERE `id` = 35 LIMIT 1   [ RunTime:0.0450s ]
SQL: SHOW COLUMNS FROM `lh_commodity_sort` [ RunTime:0.0510s ]
SQL: SELECT * FROM `lh_commodity_sort` WHERE `id` = 1 LIMIT 1   [ RunTime:0.0440s ]
SQL: SELECT * FROM `lh_commodity` WHERE `id` = 38 LIMIT 1   [ RunTime:0.0450s ]
SQL: SELECT * FROM `lh_commodity_sort` WHERE `id` = 1 LIMIT 1   [ RunTime:0.0450s ]
SQL: SELECT * FROM `lh_commodity` WHERE `id` = 47 LIMIT 1   [ RunTime:0.0460s ]
SQL: SELECT * FROM `lh_commodity_sort` WHERE `id` = 1 LIMIT 1   [ RunTime:0.0470s ]
SQL: SELECT * FROM `lh_user` WHERE `id` = 0 LIMIT 1   [ RunTime:0.0440s ]
SQL: SELECT * FROM `lh_province` WHERE `id` = 0 LIMIT 1   [ RunTime:0.0470s ]
SQL: SELECT * FROM `lh_city` WHERE `id` = 0 LIMIT 1   [ RunTime:0.0440s ]
SQL: SELECT * FROM `lh_area` WHERE `id` = 0 LIMIT 1   [ RunTime:0.0440s ]
SQL: SELECT * FROM `lh_farmer_commodity` WHERE `farmer_id` = 77 AND `del_status` = 1  [ RunTime:0.0500s ]
SQL: SELECT * FROM `lh_commodity` WHERE `id` = 35 LIMIT 1   [ RunTime:0.0470s ]
SQL: SELECT * FROM `lh_commodity_sort` WHERE `id` = 1 LIMIT 1   [ RunTime:0.0440s ]
SQL: SELECT * FROM `lh_commodity` WHERE `id` = 45 LIMIT 1   [ RunTime:0.0430s ]
SQL: SELECT * FROM `lh_commodity_sort` WHERE `id` = 1 LIMIT 1   [ RunTime:0.0420s ]
SQL: SELECT * FROM `lh_commodity` WHERE `id` = 46 LIMIT 1   [ RunTime:0.0460s ]
SQL: SELECT * FROM `lh_commodity_sort` WHERE `id` = 1 LIMIT 1   [ RunTime:0.0430s ]
SQL: SELECT * FROM `lh_user` WHERE `id` = 0 LIMIT 1   [ RunTime:0.0460s ]
SQL: SELECT * FROM `lh_province` WHERE `id` = 1 LIMIT 1   [ RunTime:0.0430s ]
SQL: SELECT * FROM `lh_city` WHERE `id` = 1 LIMIT 1   [ RunTime:0.0490s ]
SQL: SELECT * FROM `lh_area` WHERE `id` = 2 LIMIT 1   [ RunTime:0.0450s ]
SQL: SELECT * FROM `lh_farmer_commodity` WHERE `farmer_id` = 76 AND `del_status` = 1  [ RunTime:0.0460s ]
SQL: SELECT * FROM `lh_commodity` WHERE `id` = 25 LIMIT 1   [ RunTime:0.0420s ]
SQL: SELECT * FROM `lh_commodity_sort` WHERE `id` = 1 LIMIT 1   [ RunTime:0.0420s ]
SQL: SELECT * FROM `lh_commodity` WHERE `id` = 35 LIMIT 1   [ RunTime:0.0430s ]
SQL: SELECT * FROM `lh_commodity_sort` WHERE `id` = 1 LIMIT 1   [ RunTime:0.0480s ]
SQL: SELECT * FROM `lh_user` WHERE `id` = 0 LIMIT 1   [ RunTime:0.0440s ]
SQL: SELECT * FROM `lh_province` WHERE `id` = 1 LIMIT 1   [ RunTime:0.0440s ]
SQL: SELECT * FROM `lh_city` WHERE `id` = 1 LIMIT 1   [ RunTime:0.0450s ]
SQL: SELECT * FROM `lh_area` WHERE `id` = 2 LIMIT 1   [ RunTime:0.0440s ]
SQL: SELECT * FROM `lh_farmer_commodity` WHERE `farmer_id` = 75 AND `del_status` = 1  [ RunTime:0.0460s ]
SQL: SELECT * FROM `lh_commodity` WHERE `id` = 35 LIMIT 1   [ RunTime:0.0490s ]
SQL: SELECT * FROM `lh_commodity_sort` WHERE `id` = 1 LIMIT 1   [ RunTime:0.0510s ]
SQL: SELECT * FROM `lh_commodity` WHERE `id` = 38 LIMIT 1   [ RunTime:0.0440s ]
SQL: SELECT * FROM `lh_commodity_sort` WHERE `id` = 1 LIMIT 1   [ RunTime:0.0440s ]
SQL: SELECT * FROM `lh_commodity` WHERE `id` = 45 LIMIT 1   [ RunTime:0.0480s ]
SQL: SELECT * FROM `lh_commodity_sort` WHERE `id` = 1 LIMIT 1   [ RunTime:0.0420s ]
SQL: SELECT * FROM `lh_user` WHERE `id` = 0 LIMIT 1   [ RunTime:0.0450s ]
SQL: SELECT * FROM `lh_province` WHERE `id` = 1 LIMIT 1   [ RunTime:0.0570s ]
SQL: SELECT * FROM `lh_city` WHERE `id` = 1 LIMIT 1   [ RunTime:0.0440s ]
SQL: SELECT * FROM `lh_area` WHERE `id` = 2 LIMIT 1   [ RunTime:0.0480s ]
SQL: SELECT * FROM `lh_farmer_commodity` WHERE `farmer_id` = 74 AND `del_status` = 1  [ RunTime:0.0440s ]
SQL: SELECT * FROM `lh_commodity` WHERE `id` = 35 LIMIT 1   [ RunTime:0.0470s ]
SQL: SELECT * FROM `lh_commodity_sort` WHERE `id` = 1 LIMIT 1   [ RunTime:0.0430s ]
SQL: SELECT * FROM `lh_commodity` WHERE `id` = 45 LIMIT 1   [ RunTime:0.0430s ]
SQL: SELECT * FROM `lh_commodity_sort` WHERE `id` = 1 LIMIT 1   [ RunTime:0.0490s ]
SQL: SELECT * FROM `lh_user` WHERE `id` = 0 LIMIT 1   [ RunTime:0.0470s ]
SQL: SELECT * FROM `lh_province` WHERE `id` = 1 LIMIT 1   [ RunTime:0.0450s ]
SQL: SELECT * FROM `lh_city` WHERE `id` = 1 LIMIT 1   [ RunTime:0.0450s ]
SQL: SELECT * FROM `lh_area` WHERE `id` = 2 LIMIT 1   [ RunTime:0.0460s ]
SQL: SELECT * FROM `lh_farmer_commodity` WHERE `farmer_id` = 73 AND `del_status` = 1  [ RunTime:0.0570s ]
SQL: SELECT * FROM `lh_commodity` WHERE `id` = 25 LIMIT 1   [ RunTime:0.0550s ]
SQL: SELECT * FROM `lh_commodity_sort` WHERE `id` = 1 LIMIT 1   [ RunTime:0.0490s ]
SQL: SELECT * FROM `lh_commodity` WHERE `id` = 35 LIMIT 1   [ RunTime:0.0490s ]
SQL: SELECT * FROM `lh_commodity_sort` WHERE `id` = 1 LIMIT 1   [ RunTime:0.0430s ]
SQL: SELECT * FROM `lh_commodity` WHERE `id` = 45 LIMIT 1   [ RunTime:0.0530s ]
SQL: SELECT * FROM `lh_commodity_sort` WHERE `id` = 1 LIMIT 1   [ RunTime:0.0440s ]
SQL: SELECT * FROM `lh_user` WHERE `id` = 0 LIMIT 1   [ RunTime:0.0590s ]
SQL: SELECT * FROM `lh_province` WHERE `id` = 1 LIMIT 1   [ RunTime:0.0420s ]
SQL: SELECT * FROM `lh_city` WHERE `id` = 1 LIMIT 1   [ RunTime:0.0440s ]
SQL: SELECT * FROM `lh_area` WHERE `id` = 2 LIMIT 1   [ RunTime:0.0510s ]
SQL: SELECT * FROM `lh_farmer_commodity` WHERE `farmer_id` = 72 AND `del_status` = 1  [ RunTime:0.0460s ]
SQL: SELECT * FROM `lh_commodity` WHERE `id` = 26 LIMIT 1   [ RunTime:0.0460s ]
SQL: SELECT * FROM `lh_commodity_sort` WHERE `id` = 1 LIMIT 1   [ RunTime:0.0480s ]
SQL: SELECT * FROM `lh_commodity` WHERE `id` = 29 LIMIT 1   [ RunTime:0.0420s ]
SQL: SELECT * FROM `lh_commodity_sort` WHERE `id` = 1 LIMIT 1   [ RunTime:0.0460s ]
SQL: SELECT * FROM `lh_commodity` WHERE `id` = 35 LIMIT 1   [ RunTime:0.0420s ]
SQL: SELECT * FROM `lh_commodity_sort` WHERE `id` = 1 LIMIT 1   [ RunTime:0.0460s ]
SQL: SELECT * FROM `lh_commodity` WHERE `id` = 44 LIMIT 1   [ RunTime:0.0470s ]
SQL: SELECT * FROM `lh_commodity_sort` WHERE `id` = 1 LIMIT 1   [ RunTime:0.0420s ]
SQL: SELECT * FROM `lh_commodity` WHERE `id` = 45 LIMIT 1   [ RunTime:0.0470s ]
SQL: SELECT * FROM `lh_commodity_sort` WHERE `id` = 1 LIMIT 1   [ RunTime:0.0450s ]
SQL: SELECT * FROM `lh_user` WHERE `id` = 0 LIMIT 1   [ RunTime:0.0470s ]
SQL: SELECT * FROM `lh_province` WHERE `id` = 1 LIMIT 1   [ RunTime:0.0460s ]
SQL: SELECT * FROM `lh_city` WHERE `id` = 1 LIMIT 1   [ RunTime:0.0430s ]
SQL: SELECT * FROM `lh_area` WHERE `id` = 2 LIMIT 1   [ RunTime:0.0420s ]
SQL: SELECT * FROM `lh_farmer_commodity` WHERE `farmer_id` = 71 AND `del_status` = 1  [ RunTime:0.0440s ]
SQL: SELECT * FROM `lh_commodity` WHERE `id` = 27 LIMIT 1   [ RunTime:0.0410s ]
SQL: SELECT * FROM `lh_commodity_sort` WHERE `id` = 1 LIMIT 1   [ RunTime:0.0480s ]
SQL: SELECT * FROM `lh_commodity` WHERE `id` = 29 LIMIT 1   [ RunTime:0.0790s ]
SQL: SELECT * FROM `lh_commodity_sort` WHERE `id` = 1 LIMIT 1   [ RunTime:0.0450s ]
SQL: SELECT * FROM `lh_commodity` WHERE `id` = 32 LIMIT 1   [ RunTime:0.0800s ]
SQL: SELECT * FROM `lh_commodity_sort` WHERE `id` = 1 LIMIT 1   [ RunTime:0.0520s ]
SQL: SELECT * FROM `lh_commodity` WHERE `id` = 34 LIMIT 1   [ RunTime:0.0450s ]
SQL: SELECT * FROM `lh_commodity_sort` WHERE `id` = 1 LIMIT 1   [ RunTime:0.0970s ]
SQL: SELECT * FROM `lh_user` WHERE `id` = 0 LIMIT 1   [ RunTime:0.0440s ]
SQL: SELECT * FROM `lh_province` WHERE `id` = 1 LIMIT 1   [ RunTime:0.0480s ]
SQL: SELECT * FROM `lh_city` WHERE `id` = 1 LIMIT 1   [ RunTime:0.0460s ]
SQL: SELECT * FROM `lh_area` WHERE `id` = 2 LIMIT 1   [ RunTime:0.0440s ]
SQL: SELECT * FROM `lh_farmer_commodity` WHERE `farmer_id` = 70 AND `del_status` = 1  [ RunTime:0.0420s ]
SQL: SELECT * FROM `lh_commodity` WHERE `id` = 25 LIMIT 1   [ RunTime:0.0440s ]
SQL: SELECT * FROM `lh_commodity_sort` WHERE `id` = 1 LIMIT 1   [ RunTime:0.0430s ]
SQL: SELECT * FROM `lh_commodity` WHERE `id` = 26 LIMIT 1   [ RunTime:0.0430s ]
SQL: SELECT * FROM `lh_commodity_sort` WHERE `id` = 1 LIMIT 1   [ RunTime:0.0460s ]
SQL: SELECT * FROM `lh_commodity` WHERE `id` = 27 LIMIT 1   [ RunTime:0.0480s ]
SQL: SELECT * FROM `lh_commodity_sort` WHERE `id` = 1 LIMIT 1   [ RunTime:0.0510s ]
SQL: SELECT * FROM `lh_commodity` WHERE `id` = 29 LIMIT 1   [ RunTime:0.0450s ]
SQL: SELECT * FROM `lh_commodity_sort` WHERE `id` = 1 LIMIT 1   [ RunTime:0.0450s ]
SQL: SELECT * FROM `lh_commodity` WHERE `id` = 35 LIMIT 1   [ RunTime:0.0430s ]
SQL: SELECT * FROM `lh_commodity_sort` WHERE `id` = 1 LIMIT 1   [ RunTime:0.0410s ]
SQL: SELECT * FROM `lh_commodity` WHERE `id` = 45 LIMIT 1   [ RunTime:0.0840s ]
SQL: SELECT * FROM `lh_commodity_sort` WHERE `id` = 1 LIMIT 1   [ RunTime:0.0470s ]
SQL: SELECT * FROM `lh_user` WHERE `id` = 0 LIMIT 1   [ RunTime:0.0490s ]
SQL: SELECT * FROM `lh_province` WHERE `id` = 1 LIMIT 1   [ RunTime:0.0500s ]
SQL: SELECT * FROM `lh_city` WHERE `id` = 1 LIMIT 1   [ RunTime:0.0420s ]
SQL: SELECT * FROM `lh_area` WHERE `id` = 2 LIMIT 1   [ RunTime:0.0430s ]
SQL: SELECT * FROM `lh_farmer_commodity` WHERE `farmer_id` = 69 AND `del_status` = 1  [ RunTime:0.0460s ]
SQL: SELECT * FROM `lh_commodity` WHERE `id` = 26 LIMIT 1   [ RunTime:0.0480s ]
SQL: SELECT * FROM `lh_commodity_sort` WHERE `id` = 1 LIMIT 1   [ RunTime:0.0470s ]
SQL: SELECT * FROM `lh_commodity` WHERE `id` = 29 LIMIT 1   [ RunTime:0.0460s ]
SQL: SELECT * FROM `lh_commodity_sort` WHERE `id` = 1 LIMIT 1   [ RunTime:0.0450s ]
SQL: SELECT * FROM `lh_commodity` WHERE `id` = 32 LIMIT 1   [ RunTime:0.0430s ]
SQL: SELECT * FROM `lh_commodity_sort` WHERE `id` = 1 LIMIT 1   [ RunTime:0.0450s ]
SQL: SELECT * FROM `lh_commodity` WHERE `id` = 35 LIMIT 1   [ RunTime:0.0490s ]
SQL: SELECT * FROM `lh_commodity_sort` WHERE `id` = 1 LIMIT 1   [ RunTime:0.0570s ]
SQL: SELECT * FROM `lh_commodity` WHERE `id` = 38 LIMIT 1   [ RunTime:0.0460s ]
SQL: SELECT * FROM `lh_commodity_sort` WHERE `id` = 1 LIMIT 1   [ RunTime:0.0450s ]
SQL: SELECT * FROM `lh_user` WHERE `id` = 0 LIMIT 1   [ RunTime:0.0430s ]
SQL: SELECT * FROM `lh_province` WHERE `id` = 1 LIMIT 1   [ RunTime:0.0520s ]
SQL: SELECT * FROM `lh_city` WHERE `id` = 1 LIMIT 1   [ RunTime:0.0570s ]
SQL: SELECT * FROM `lh_area` WHERE `id` = 2 LIMIT 1   [ RunTime:0.0640s ]
SQL: SELECT * FROM `lh_farmer_commodity` WHERE `farmer_id` = 68 AND `del_status` = 1  [ RunTime:0.0770s ]
SQL: SELECT * FROM `lh_commodity` WHERE `id` = 25 LIMIT 1   [ RunTime:0.0550s ]
SQL: SELECT * FROM `lh_commodity_sort` WHERE `id` = 1 LIMIT 1   [ RunTime:0.0480s ]
SQL: SELECT * FROM `lh_commodity` WHERE `id` = 27 LIMIT 1   [ RunTime:0.0540s ]
SQL: SELECT * FROM `lh_commodity_sort` WHERE `id` = 1 LIMIT 1   [ RunTime:0.0450s ]
SQL: SELECT * FROM `lh_commodity` WHERE `id` = 29 LIMIT 1   [ RunTime:0.0460s ]
SQL: SELECT * FROM `lh_commodity_sort` WHERE `id` = 1 LIMIT 1   [ RunTime:0.0450s ]
SQL: SELECT * FROM `lh_commodity` WHERE `id` = 37 LIMIT 1   [ RunTime:0.0510s ]
SQL: SELECT * FROM `lh_commodity_sort` WHERE `id` = 1 LIMIT 1   [ RunTime:0.0460s ]
SQL: SELECT * FROM `lh_commodity` WHERE `id` = 44 LIMIT 1   [ RunTime:0.0430s ]
SQL: SELECT * FROM `lh_commodity_sort` WHERE `id` = 1 LIMIT 1   [ RunTime:0.0470s ]
SQL: SELECT * FROM `lh_user` WHERE `id` = 0 LIMIT 1   [ RunTime:0.0440s ]
SQL: SELECT * FROM `lh_province` WHERE `id` = 1 LIMIT 1   [ RunTime:0.0880s ]
SQL: SELECT * FROM `lh_city` WHERE `id` = 1 LIMIT 1   [ RunTime:0.0480s ]
SQL: SELECT * FROM `lh_area` WHERE `id` = 2 LIMIT 1   [ RunTime:0.0430s ]
SQL: SELECT * FROM `lh_farmer_commodity` WHERE `farmer_id` = 67 AND `del_status` = 1  [ RunTime:0.0510s ]
SQL: SELECT * FROM `lh_commodity` WHERE `id` = 22 LIMIT 1   [ RunTime:0.0470s ]
SQL: SELECT * FROM `lh_commodity_sort` WHERE `id` = 1 LIMIT 1   [ RunTime:0.0500s ]
SQL: SELECT * FROM `lh_commodity` WHERE `id` = 27 LIMIT 1   [ RunTime:0.0420s ]
SQL: SELECT * FROM `lh_commodity_sort` WHERE `id` = 1 LIMIT 1   [ RunTime:0.0440s ]
SQL: SELECT * FROM `lh_commodity` WHERE `id` = 29 LIMIT 1   [ RunTime:0.0440s ]
SQL: SELECT * FROM `lh_commodity_sort` WHERE `id` = 1 LIMIT 1   [ RunTime:0.0440s ]
SQL: SELECT * FROM `lh_commodity` WHERE `id` = 37 LIMIT 1   [ RunTime:0.0490s ]
SQL: SELECT * FROM `lh_commodity_sort` WHERE `id` = 1 LIMIT 1   [ RunTime:0.0470s ]
SQL: SELECT * FROM `lh_user` WHERE `id` = 0 LIMIT 1   [ RunTime:0.0520s ]
SQL: SELECT * FROM `lh_province` WHERE `id` = 1 LIMIT 1   [ RunTime:0.0430s ]
SQL: SELECT * FROM `lh_city` WHERE `id` = 1 LIMIT 1   [ RunTime:0.0450s ]
SQL: SELECT * FROM `lh_area` WHERE `id` = 2 LIMIT 1   [ RunTime:0.0440s ]
SQL: SELECT * FROM `lh_farmer_commodity` WHERE `farmer_id` = 66 AND `del_status` = 1  [ RunTime:0.0500s ]
SQL: SELECT * FROM `lh_commodity` WHERE `id` = 25 LIMIT 1   [ RunTime:0.0440s ]
SQL: SELECT * FROM `lh_commodity_sort` WHERE `id` = 1 LIMIT 1   [ RunTime:0.0490s ]
SQL: SELECT * FROM `lh_commodity` WHERE `id` = 26 LIMIT 1   [ RunTime:0.0430s ]
SQL: SELECT * FROM `lh_commodity_sort` WHERE `id` = 1 LIMIT 1   [ RunTime:0.0480s ]
SQL: SELECT * FROM `lh_commodity` WHERE `id` = 27 LIMIT 1   [ RunTime:0.0500s ]
SQL: SELECT * FROM `lh_commodity_sort` WHERE `id` = 1 LIMIT 1   [ RunTime:0.0440s ]
SQL: SELECT * FROM `lh_commodity` WHERE `id` = 29 LIMIT 1   [ RunTime:0.0430s ]
SQL: SELECT * FROM `lh_commodity_sort` WHERE `id` = 1 LIMIT 1   [ RunTime:0.0460s ]
SQL: SELECT * FROM `lh_commodity` WHERE `id` = 35 LIMIT 1   [ RunTime:0.0450s ]
SQL: SELECT * FROM `lh_commodity_sort` WHERE `id` = 1 LIMIT 1   [ RunTime:0.0420s ]
SQL: SELECT * FROM `lh_user` WHERE `id` = 0 LIMIT 1   [ RunTime:0.0500s ]
SQL: SELECT * FROM `lh_province` WHERE `id` = 1 LIMIT 1   [ RunTime:0.0410s ]
SQL: SELECT * FROM `lh_city` WHERE `id` = 1 LIMIT 1   [ RunTime:0.0510s ]
SQL: SELECT * FROM `lh_area` WHERE `id` = 2 LIMIT 1   [ RunTime:0.0560s ]
SQL: SELECT * FROM `lh_farmer_commodity` WHERE `farmer_id` = 65 AND `del_status` = 1  [ RunTime:0.0510s ]
SQL: SELECT * FROM `lh_commodity` WHERE `id` = 19 LIMIT 1   [ RunTime:0.0460s ]
SQL: SELECT * FROM `lh_commodity_sort` WHERE `id` = 1 LIMIT 1   [ RunTime:0.0460s ]
SQL: SELECT * FROM `lh_commodity` WHERE `id` = 22 LIMIT 1   [ RunTime:0.0450s ]
SQL: SELECT * FROM `lh_commodity_sort` WHERE `id` = 1 LIMIT 1   [ RunTime:0.0470s ]
SQL: SELECT * FROM `lh_commodity` WHERE `id` = 25 LIMIT 1   [ RunTime:0.0480s ]
SQL: SELECT * FROM `lh_commodity_sort` WHERE `id` = 1 LIMIT 1   [ RunTime:0.0470s ]
SQL: SELECT * FROM `lh_commodity` WHERE `id` = 26 LIMIT 1   [ RunTime:0.0470s ]
SQL: SELECT * FROM `lh_commodity_sort` WHERE `id` = 1 LIMIT 1   [ RunTime:0.0600s ]
SQL: SELECT * FROM `lh_commodity` WHERE `id` = 29 LIMIT 1   [ RunTime:0.0450s ]
SQL: SELECT * FROM `lh_commodity_sort` WHERE `id` = 1 LIMIT 1   [ RunTime:0.0450s ]
SQL: SELECT * FROM `lh_user` WHERE `id` = 0 LIMIT 1   [ RunTime:0.0470s ]
SQL: SELECT * FROM `lh_province` WHERE `id` = 1 LIMIT 1   [ RunTime:0.0430s ]
SQL: SELECT * FROM `lh_city` WHERE `id` = 1 LIMIT 1   [ RunTime:0.0480s ]
SQL: SELECT * FROM `lh_area` WHERE `id` = 2 LIMIT 1   [ RunTime:0.0430s ]
SQL: SELECT * FROM `lh_farmer_commodity` WHERE `farmer_id` = 64 AND `del_status` = 1  [ RunTime:0.0480s ]
SQL: SELECT * FROM `lh_commodity` WHERE `id` = 27 LIMIT 1   [ RunTime:0.0440s ]
SQL: SELECT * FROM `lh_commodity_sort` WHERE `id` = 1 LIMIT 1   [ RunTime:0.0430s ]
SQL: SELECT * FROM `lh_commodity` WHERE `id` = 29 LIMIT 1   [ RunTime:0.0440s ]
SQL: SELECT * FROM `lh_commodity_sort` WHERE `id` = 1 LIMIT 1   [ RunTime:0.0420s ]
SQL: SELECT * FROM `lh_commodity` WHERE `id` = 36 LIMIT 1   [ RunTime:0.0430s ]
SQL: SELECT * FROM `lh_commodity_sort` WHERE `id` = 1 LIMIT 1   [ RunTime:0.0440s ]
SQL: SELECT * FROM `lh_commodity` WHERE `id` = 38 LIMIT 1   [ RunTime:0.0620s ]
SQL: SELECT * FROM `lh_commodity_sort` WHERE `id` = 1 LIMIT 1   [ RunTime:0.0430s ]
SQL: SELECT * FROM `lh_user` WHERE `id` = 0 LIMIT 1   [ RunTime:0.0490s ]
SQL: SELECT * FROM `lh_province` WHERE `id` = 1 LIMIT 1   [ RunTime:0.0440s ]
SQL: SELECT * FROM `lh_city` WHERE `id` = 1 LIMIT 1   [ RunTime:0.0510s ]
SQL: SELECT * FROM `lh_area` WHERE `id` = 2 LIMIT 1   [ RunTime:0.0580s ]
SQL: SELECT * FROM `lh_farmer_commodity` WHERE `farmer_id` = 63 AND `del_status` = 1  [ RunTime:0.0480s ]
SQL: SELECT * FROM `lh_commodity` WHERE `id` = 21 LIMIT 1   [ RunTime:0.0440s ]
SQL: SELECT * FROM `lh_commodity_sort` WHERE `id` = 1 LIMIT 1   [ RunTime:0.0440s ]
SQL: SELECT * FROM `lh_commodity` WHERE `id` = 22 LIMIT 1   [ RunTime:0.0420s ]
SQL: SELECT * FROM `lh_commodity_sort` WHERE `id` = 1 LIMIT 1   [ RunTime:0.0430s ]
SQL: SELECT * FROM `lh_commodity` WHERE `id` = 26 LIMIT 1   [ RunTime:0.0460s ]
SQL: SELECT * FROM `lh_commodity_sort` WHERE `id` = 1 LIMIT 1   [ RunTime:0.0500s ]
SQL: SELECT * FROM `lh_commodity` WHERE `id` = 27 LIMIT 1   [ RunTime:0.0430s ]
SQL: SELECT * FROM `lh_commodity_sort` WHERE `id` = 1 LIMIT 1   [ RunTime:0.0480s ]
SQL: SELECT * FROM `lh_commodity` WHERE `id` = 29 LIMIT 1   [ RunTime:0.0440s ]
SQL: SELECT * FROM `lh_commodity_sort` WHERE `id` = 1 LIMIT 1   [ RunTime:0.0430s ]
SQL: SELECT * FROM `lh_user` WHERE `id` = 0 LIMIT 1   [ RunTime:0.0440s ]
SQL: SELECT * FROM `lh_province` WHERE `id` = 1 LIMIT 1   [ RunTime:0.0480s ]
SQL: SELECT * FROM `lh_city` WHERE `id` = 1 LIMIT 1   [ RunTime:0.0450s ]
SQL: SELECT * FROM `lh_area` WHERE `id` = 2 LIMIT 1   [ RunTime:0.0540s ]
SQL: SELECT * FROM `lh_farmer_commodity` WHERE `farmer_id` = 62 AND `del_status` = 1  [ RunTime:0.0440s ]
SQL: SELECT * FROM `lh_commodity` WHERE `id` = 19 LIMIT 1   [ RunTime:0.0470s ]
SQL: SELECT * FROM `lh_commodity_sort` WHERE `id` = 1 LIMIT 1   [ RunTime:0.0400s ]
SQL: SELECT * FROM `lh_commodity` WHERE `id` = 21 LIMIT 1   [ RunTime:0.0440s ]
SQL: SELECT * FROM `lh_commodity_sort` WHERE `id` = 1 LIMIT 1   [ RunTime:0.0490s ]
SQL: SELECT * FROM `lh_commodity` WHERE `id` = 22 LIMIT 1   [ RunTime:0.0410s ]
SQL: SELECT * FROM `lh_commodity_sort` WHERE `id` = 1 LIMIT 1   [ RunTime:0.0470s ]
SQL: SELECT * FROM `lh_commodity` WHERE `id` = 27 LIMIT 1   [ RunTime:0.0450s ]
SQL: SELECT * FROM `lh_commodity_sort` WHERE `id` = 1 LIMIT 1   [ RunTime:0.0440s ]
SQL: SELECT * FROM `lh_commodity` WHERE `id` = 29 LIMIT 1   [ RunTime:0.0580s ]
SQL: SELECT * FROM `lh_commodity_sort` WHERE `id` = 1 LIMIT 1   [ RunTime:0.0620s ]
SQL: SELECT * FROM `lh_commodity` WHERE `id` = 30 LIMIT 1   [ RunTime:0.0440s ]
SQL: SELECT * FROM `lh_commodity_sort` WHERE `id` = 1 LIMIT 1   [ RunTime:0.0610s ]
SQL: SELECT * FROM `lh_user` WHERE `id` = 0 LIMIT 1   [ RunTime:0.0450s ]
SQL: SELECT * FROM `lh_province` WHERE `id` = 1 LIMIT 1   [ RunTime:0.0480s ]
SQL: SELECT * FROM `lh_city` WHERE `id` = 1 LIMIT 1   [ RunTime:0.0450s ]
SQL: SELECT * FROM `lh_area` WHERE `id` = 2 LIMIT 1   [ RunTime:0.0420s ]
SQL: SELECT * FROM `lh_farmer_commodity` WHERE `farmer_id` = 61 AND `del_status` = 1  [ RunTime:0.0450s ]
SQL: SELECT * FROM `lh_commodity` WHERE `id` = 21 LIMIT 1   [ RunTime:0.0470s ]
SQL: SELECT * FROM `lh_commodity_sort` WHERE `id` = 1 LIMIT 1   [ RunTime:0.0440s ]
SQL: SELECT * FROM `lh_commodity` WHERE `id` = 22 LIMIT 1   [ RunTime:0.0470s ]
SQL: SELECT * FROM `lh_commodity_sort` WHERE `id` = 1 LIMIT 1   [ RunTime:0.0430s ]
SQL: SELECT * FROM `lh_user` WHERE `id` = 0 LIMIT 1   [ RunTime:0.0490s ]
SQL: SELECT * FROM `lh_province` WHERE `id` = 1 LIMIT 1   [ RunTime:0.0460s ]
SQL: SELECT * FROM `lh_city` WHERE `id` = 1 LIMIT 1   [ RunTime:0.0420s ]
SQL: SELECT * FROM `lh_area` WHERE `id` = 2 LIMIT 1   [ RunTime:0.0480s ]
SQL: SELECT * FROM `lh_farmer_commodity` WHERE `farmer_id` = 60 AND `del_status` = 1  [ RunTime:0.0540s ]
SQL: SELECT * FROM `lh_commodity` WHERE `id` = 25 LIMIT 1   [ RunTime:0.0460s ]
SQL: SELECT * FROM `lh_commodity_sort` WHERE `id` = 1 LIMIT 1   [ RunTime:0.0420s ]
SQL: SELECT * FROM `lh_commodity` WHERE `id` = 26 LIMIT 1   [ RunTime:0.0420s ]
SQL: SELECT * FROM `lh_commodity_sort` WHERE `id` = 1 LIMIT 1   [ RunTime:0.0440s ]
SQL: SELECT * FROM `lh_commodity` WHERE `id` = 43 LIMIT 1   [ RunTime:0.0460s ]
SQL: SELECT * FROM `lh_commodity_sort` WHERE `id` = 1 LIMIT 1   [ RunTime:0.0450s ]
SQL: SELECT * FROM `lh_user` WHERE `id` = 0 LIMIT 1   [ RunTime:0.0430s ]
SQL: SELECT * FROM `lh_province` WHERE `id` = 1 LIMIT 1   [ RunTime:0.0420s ]
SQL: SELECT * FROM `lh_city` WHERE `id` = 1 LIMIT 1   [ RunTime:0.0420s ]
SQL: SELECT * FROM `lh_area` WHERE `id` = 2 LIMIT 1   [ RunTime:0.0440s ]
SQL: SELECT * FROM `lh_farmer_commodity` WHERE `farmer_id` = 59 AND `del_status` = 1  [ RunTime:0.0580s ]
SQL: SELECT * FROM `lh_commodity` WHERE `id` = 26 LIMIT 1   [ RunTime:0.0450s ]
SQL: SELECT * FROM `lh_commodity_sort` WHERE `id` = 1 LIMIT 1   [ RunTime:0.0450s ]
SQL: SELECT * FROM `lh_commodity` WHERE `id` = 27 LIMIT 1   [ RunTime:0.0420s ]
SQL: SELECT * FROM `lh_commodity_sort` WHERE `id` = 1 LIMIT 1   [ RunTime:0.0420s ]
SQL: SELECT * FROM `lh_commodity` WHERE `id` = 35 LIMIT 1   [ RunTime:0.0460s ]
SQL: SELECT * FROM `lh_commodity_sort` WHERE `id` = 1 LIMIT 1   [ RunTime:0.0420s ]
SQL: SELECT * FROM `lh_commodity` WHERE `id` = 43 LIMIT 1   [ RunTime:0.0450s ]
SQL: SELECT * FROM `lh_commodity_sort` WHERE `id` = 1 LIMIT 1   [ RunTime:0.0530s ]
SQL: SELECT * FROM `lh_user` WHERE `id` = 10 LIMIT 1   [ RunTime:0.0460s ]
SQL: SELECT * FROM `lh_province` WHERE `id` = 1 LIMIT 1   [ RunTime:0.0420s ]
SQL: SELECT * FROM `lh_city` WHERE `id` = 1 LIMIT 1   [ RunTime:0.0450s ]
SQL: SELECT * FROM `lh_area` WHERE `id` = 4 LIMIT 1   [ RunTime:0.0530s ]
SQL: SELECT * FROM `lh_farmer_commodity` WHERE `farmer_id` = 49 AND `del_status` = 1  [ RunTime:0.0440s ]
SQL: SELECT * FROM `lh_commodity` WHERE `id` = 20 LIMIT 1   [ RunTime:0.0420s ]
SQL: SELECT * FROM `lh_commodity_sort` WHERE `id` = 1 LIMIT 1   [ RunTime:0.0430s ]
SQL: SELECT * FROM `lh_user` WHERE `id` = 19 LIMIT 1   [ RunTime:0.0420s ]
SQL: SELECT * FROM `lh_province` WHERE `id` = 1 LIMIT 1   [ RunTime:0.0460s ]
SQL: SELECT * FROM `lh_city` WHERE `id` = 1 LIMIT 1   [ RunTime:0.0460s ]
SQL: SELECT * FROM `lh_area` WHERE `id` = 2 LIMIT 1   [ RunTime:0.0470s ]
SQL: SELECT * FROM `lh_farmer_commodity` WHERE `farmer_id` = 44 AND `del_status` = 1  [ RunTime:0.0510s ]
SQL: SELECT * FROM `lh_commodity` WHERE `id` = 1 LIMIT 1   [ RunTime:0.0420s ]
SQL: SELECT * FROM `lh_commodity_sort` WHERE `id` = 1 LIMIT 1   [ RunTime:0.0410s ]
SQL: SELECT * FROM `lh_commodity` WHERE `id` = 21 LIMIT 1   [ RunTime:0.0620s ]
SQL: SELECT * FROM `lh_commodity_sort` WHERE `id` = 1 LIMIT 1   [ RunTime:0.0510s ]
SQL: SELECT * FROM `lh_commodity` WHERE `id` = 39 LIMIT 1   [ RunTime:0.0430s ]
SQL: SELECT * FROM `lh_commodity_sort` WHERE `id` = 3 LIMIT 1   [ RunTime:0.0550s ]
SQL: SELECT * FROM `lh_user` WHERE `id` = 16 LIMIT 1   [ RunTime:0.0450s ]
SQL: SELECT * FROM `lh_province` WHERE `id` = 1 LIMIT 1   [ RunTime:0.0460s ]
SQL: SELECT * FROM `lh_city` WHERE `id` = 1 LIMIT 1   [ RunTime:0.0440s ]
SQL: SELECT * FROM `lh_area` WHERE `id` = 2 LIMIT 1   [ RunTime:0.0440s ]
SQL: SELECT * FROM `lh_farmer_commodity` WHERE `farmer_id` = 43 AND `del_status` = 1  [ RunTime:0.0480s ]
SQL: SELECT * FROM `lh_commodity` WHERE `id` = 1 LIMIT 1   [ RunTime:0.0470s ]
SQL: SELECT * FROM `lh_commodity_sort` WHERE `id` = 1 LIMIT 1   [ RunTime:0.0440s ]
SQL: SELECT * FROM `lh_user` WHERE `id` = 13 LIMIT 1   [ RunTime:0.0420s ]
SQL: SELECT * FROM `lh_province` WHERE `id` = 1 LIMIT 1   [ RunTime:0.0530s ]
SQL: SELECT * FROM `lh_city` WHERE `id` = 1 LIMIT 1   [ RunTime:0.0440s ]
SQL: SELECT * FROM `lh_area` WHERE `id` = 2 LIMIT 1   [ RunTime:0.0480s ]
SQL: SELECT * FROM `lh_farmer_commodity` WHERE `farmer_id` = 2 AND `del_status` = 1  [ RunTime:0.0490s ]
SQL: SELECT * FROM `lh_commodity` WHERE `id` = 1 LIMIT 1   [ RunTime:0.0440s ]
SQL: SELECT * FROM `lh_commodity_sort` WHERE `id` = 1 LIMIT 1   [ RunTime:0.0460s ]
SQL: SELECT * FROM `lh_commodity` WHERE `id` = 2 LIMIT 1   [ RunTime:0.0460s ]
SQL: SELECT * FROM `lh_commodity_sort` WHERE `id` = 3 LIMIT 1   [ RunTime:0.0450s ]

[ 2020-04-02T17:17:26+08:00 ] 127.0.0.1 /api.php/Farmer/get_farmer_list?area_name_text=%E6%B5%B7%E5%8F%A3%E5%B8%82-%E9%BE%99%E5%8D%8E%E5%8C%BA&commodity_sort_id=1
INFO: [ app_init ] --START--
INFO: Run Behavior\BuildLiteBehavior [ RunTime:0.001000s ]
INFO: [ app_init ] --END-- [ RunTime:0.006001s ]
INFO: [ app_begin ] --START--
INFO: Run Behavior\ReadHtmlCacheBehavior [ RunTime:0.004000s ]
INFO: [ app_begin ] --END-- [ RunTime:0.008000s ]
SQL: SHOW COLUMNS FROM `lh_area` [ RunTime:0.0470s ]
SQL: SELECT * FROM `lh_area` WHERE `name` = 'ÈæôÂçéÂå∫' LIMIT 1   [ RunTime:0.0480s ]
SQL: SHOW COLUMNS FROM `lh_farmer_commodity` [ RunTime:0.0510s ]
SQL: SELECT `farmer_id` FROM `lh_farmer_commodity` WHERE `del_status` = 1 AND `area_id` = 2  [ RunTime:0.0460s ]

[ 2020-04-02T17:25:31+08:00 ] 127.0.0.1 /api.php/Farmer/get_farmer_list?area_name_text=%E6%B5%B7%E5%8F%A3%E5%B8%82-%E9%BE%99%E5%8D%8E%E5%8C%BA&commodity_sort_id=1
INFO: [ app_init ] --START--
INFO: Run Behavior\BuildLiteBehavior [ RunTime:0.001000s ]
INFO: [ app_init ] --END-- [ RunTime:0.007001s ]
INFO: [ app_begin ] --START--
INFO: Run Behavior\ReadHtmlCacheBehavior [ RunTime:0.007001s ]
INFO: [ app_begin ] --END-- [ RunTime:0.013001s ]
SQL: SHOW COLUMNS FROM `lh_area` [ RunTime:0.0540s ]
SQL: SELECT * FROM `lh_area` WHERE `name` = 'ÈæôÂçéÂå∫' LIMIT 1   [ RunTime:0.0470s ]
SQL: SHOW COLUMNS FROM `lh_farmer_commodity` [ RunTime:0.0680s ]
SQL: SELECT `farmer_id` FROM `lh_farmer_commodity` WHERE `del_status` = 1 AND `area_id` = 2  [ RunTime:0.0950s ]
SQL: SELECT `commodity_id` FROM `lh_farmer_commodity` WHERE `del_status` = 1 AND `area_id` = 2  [ RunTime:0.0570s ]
SQL: SHOW COLUMNS FROM `lh_commodity` [ RunTime:0.0490s ]
SQL: SELECT `id` FROM `lh_commodity` WHERE `id` IN ('1','2','2','2','23','13','1','21','39') AND `commodity_sort_id` = 1 AND `status` = 1 AND `del_status` = 1  [ RunTime:0.0680s ]
SQL: SELECT `farmer_id` FROM `lh_farmer_commodity` WHERE `commodity_id` IN ('21','23') AND `del_status` = 1  [ RunTime:0.0490s ]

