[ 2020-04-26T14:53:03+08:00 ] 127.0.0.1 /api.php/Commodity/get_farmer_commodity_info?id=25&page=1&pageSize=10&farmer_name=zhen
INFO: [ app_init ] --START--
INFO: Run Behavior\BuildLiteBehavior [ RunTime:0.001000s ]
INFO: [ app_init ] --END-- [ RunTime:0.006001s ]
INFO: [ app_begin ] --START--
INFO: Run Behavior\ReadHtmlCacheBehavior [ RunTime:0.006000s ]
INFO: [ app_begin ] --END-- [ RunTime:0.008000s ]
ERR: 由于目标计算机积极拒绝，无法连接。


[ 2020-04-26T14:54:46+08:00 ] 127.0.0.1 /api.php/Commodity/get_farmer_commodity_info?id=25&page=1&pageSize=10&farmer_name=zhen
INFO: [ app_init ] --START--
INFO: Run Behavior\BuildLiteBehavior [ RunTime:0.001000s ]
INFO: [ app_init ] --END-- [ RunTime:0.007001s ]
INFO: [ app_begin ] --START--
INFO: Run Behavior\ReadHtmlCacheBehavior [ RunTime:0.004000s ]
INFO: [ app_begin ] --END-- [ RunTime:0.007000s ]
SQL: SHOW COLUMNS FROM `lh_commodity` [ RunTime:0.1000s ]
SQL: SELECT * FROM `lh_commodity` WHERE `id` = 25 LIMIT 1   [ RunTime:0.0930s ]
SQL: SHOW COLUMNS FROM `lh_farmer` [ RunTime:0.3780s ]
SQL: SELECT `id` FROM `lh_farmer` WHERE `name` LIKE '%zhen%' AND `status` = 1 AND `del_status` = 1  [ RunTime:0.0920s ]
SQL: SHOW COLUMNS FROM `lh_farmer_commodity` [ RunTime:0.0940s ]
SQL: SELECT * FROM `lh_farmer_commodity` WHERE `commodity_id` = 25 AND `del_status` = 1 AND `farmer_id` = 0  [ RunTime:0.0940s ]
SQL: SELECT * FROM `lh_farmer_commodity` WHERE `commodity_id` = 25 AND `del_status` = 1 LIMIT 0,10   [ RunTime:0.1010s ]
SQL: SHOW COLUMNS FROM `lh_farmer_commodity_sales` [ RunTime:0.0800s ]
SQL: SELECT * FROM `lh_farmer_commodity_sales` WHERE `farmer_commodity_id` = 102 LIMIT 1   [ RunTime:0.0950s ]
SQL: SHOW COLUMNS FROM `lh_province` [ RunTime:0.0820s ]
SQL: SELECT * FROM `lh_province` WHERE `id` = 1 LIMIT 1   [ RunTime:0.0900s ]
SQL: SHOW COLUMNS FROM `lh_city` [ RunTime:0.0870s ]
SQL: SELECT * FROM `lh_city` WHERE `id` = 1 LIMIT 1   [ RunTime:0.0780s ]
SQL: SHOW COLUMNS FROM `lh_area` [ RunTime:0.0720s ]
SQL: SELECT * FROM `lh_area` WHERE `id` = 1 LIMIT 1   [ RunTime:0.0910s ]
SQL: SELECT * FROM `lh_farmer` WHERE `id` = 55 LIMIT 1   [ RunTime:0.0940s ]
SQL: SHOW COLUMNS FROM `lh_user` [ RunTime:0.0880s ]
SQL: SELECT * FROM `lh_user` WHERE `id` = 0 LIMIT 1   [ RunTime:0.1500s ]
SQL: SELECT * FROM `lh_farmer_commodity_sales` WHERE `farmer_commodity_id` = 102 AND `createtime` BETWEEN null AND null LIMIT 1   [ RunTime:0.0940s ]
SQL: SELECT * FROM `lh_farmer_commodity_sales` WHERE `farmer_commodity_id` = 106 LIMIT 1   [ RunTime:0.0940s ]
SQL: SELECT * FROM `lh_province` WHERE `id` = 1 LIMIT 1   [ RunTime:0.1050s ]
SQL: SELECT * FROM `lh_city` WHERE `id` = 1 LIMIT 1   [ RunTime:0.1640s ]
SQL: SELECT * FROM `lh_area` WHERE `id` = 1 LIMIT 1   [ RunTime:0.0970s ]
SQL: SELECT * FROM `lh_farmer` WHERE `id` = 56 LIMIT 1   [ RunTime:0.1020s ]
SQL: SELECT * FROM `lh_user` WHERE `id` = 0 LIMIT 1   [ RunTime:0.0980s ]
SQL: SELECT * FROM `lh_farmer_commodity_sales` WHERE `farmer_commodity_id` = 106 AND `createtime` BETWEEN null AND null LIMIT 1   [ RunTime:0.1760s ]
SQL: SELECT * FROM `lh_farmer_commodity_sales` WHERE `farmer_commodity_id` = 113 LIMIT 1   [ RunTime:0.0830s ]
SQL: SELECT * FROM `lh_province` WHERE `id` = 1 LIMIT 1   [ RunTime:0.0990s ]
SQL: SELECT * FROM `lh_city` WHERE `id` = 1 LIMIT 1   [ RunTime:0.0900s ]
SQL: SELECT * FROM `lh_area` WHERE `id` = 1 LIMIT 1   [ RunTime:0.2270s ]
SQL: SELECT * FROM `lh_farmer` WHERE `id` = 58 LIMIT 1   [ RunTime:0.0940s ]
SQL: SELECT * FROM `lh_user` WHERE `id` = 0 LIMIT 1   [ RunTime:0.0950s ]
SQL: SELECT * FROM `lh_farmer_commodity_sales` WHERE `farmer_commodity_id` = 113 AND `createtime` BETWEEN null AND null LIMIT 1   [ RunTime:0.1340s ]
SQL: SELECT * FROM `lh_farmer_commodity_sales` WHERE `farmer_commodity_id` = 120 LIMIT 1   [ RunTime:0.1010s ]
SQL: SELECT * FROM `lh_province` WHERE `id` = 1 LIMIT 1   [ RunTime:0.0790s ]
SQL: SELECT * FROM `lh_city` WHERE `id` = 1 LIMIT 1   [ RunTime:0.0790s ]
SQL: SELECT * FROM `lh_area` WHERE `id` = 1 LIMIT 1   [ RunTime:0.1860s ]
SQL: SELECT * FROM `lh_farmer` WHERE `id` = 60 LIMIT 1   [ RunTime:0.0860s ]
SQL: SELECT * FROM `lh_user` WHERE `id` = 0 LIMIT 1   [ RunTime:0.0930s ]
SQL: SELECT * FROM `lh_farmer_commodity_sales` WHERE `farmer_commodity_id` = 120 AND `createtime` BETWEEN null AND null LIMIT 1   [ RunTime:0.1100s ]
SQL: SELECT * FROM `lh_farmer_commodity_sales` WHERE `farmer_commodity_id` = 142 LIMIT 1   [ RunTime:0.1000s ]
SQL: SELECT * FROM `lh_province` WHERE `id` = 1 LIMIT 1   [ RunTime:0.1000s ]
SQL: SELECT * FROM `lh_city` WHERE `id` = 1 LIMIT 1   [ RunTime:0.0800s ]
SQL: SELECT * FROM `lh_area` WHERE `id` = 1 LIMIT 1   [ RunTime:0.0820s ]
SQL: SELECT * FROM `lh_farmer` WHERE `id` = 65 LIMIT 1   [ RunTime:0.0780s ]
SQL: SELECT * FROM `lh_user` WHERE `id` = 0 LIMIT 1   [ RunTime:0.0940s ]
SQL: SELECT * FROM `lh_farmer_commodity_sales` WHERE `farmer_commodity_id` = 142 AND `createtime` BETWEEN null AND null LIMIT 1   [ RunTime:0.1070s ]
SQL: SELECT * FROM `lh_farmer_commodity_sales` WHERE `farmer_commodity_id` = 145 LIMIT 1   [ RunTime:0.0820s ]
SQL: SELECT * FROM `lh_province` WHERE `id` = 1 LIMIT 1   [ RunTime:0.0970s ]
SQL: SELECT * FROM `lh_city` WHERE `id` = 1 LIMIT 1   [ RunTime:0.0850s ]
SQL: SELECT * FROM `lh_area` WHERE `id` = 1 LIMIT 1   [ RunTime:0.0750s ]
SQL: SELECT * FROM `lh_farmer` WHERE `id` = 66 LIMIT 1   [ RunTime:0.0900s ]
SQL: SELECT * FROM `lh_user` WHERE `id` = 0 LIMIT 1   [ RunTime:0.0840s ]
SQL: SELECT * FROM `lh_farmer_commodity_sales` WHERE `farmer_commodity_id` = 145 AND `createtime` BETWEEN null AND null LIMIT 1   [ RunTime:0.0890s ]
SQL: SELECT * FROM `lh_farmer_commodity_sales` WHERE `farmer_commodity_id` = 154 LIMIT 1   [ RunTime:0.0940s ]
SQL: SELECT * FROM `lh_province` WHERE `id` = 1 LIMIT 1   [ RunTime:0.0930s ]
SQL: SELECT * FROM `lh_city` WHERE `id` = 1 LIMIT 1   [ RunTime:0.0830s ]
SQL: SELECT * FROM `lh_area` WHERE `id` = 1 LIMIT 1   [ RunTime:0.0850s ]
SQL: SELECT * FROM `lh_farmer` WHERE `id` = 68 LIMIT 1   [ RunTime:0.1030s ]
SQL: SELECT * FROM `lh_user` WHERE `id` = 0 LIMIT 1   [ RunTime:0.0860s ]
SQL: SELECT * FROM `lh_farmer_commodity_sales` WHERE `farmer_commodity_id` = 154 AND `createtime` BETWEEN null AND null LIMIT 1   [ RunTime:0.1250s ]
SQL: SELECT * FROM `lh_farmer_commodity_sales` WHERE `farmer_commodity_id` = 164 LIMIT 1   [ RunTime:0.0890s ]
SQL: SELECT * FROM `lh_province` WHERE `id` = 1 LIMIT 1   [ RunTime:0.1090s ]
SQL: SELECT * FROM `lh_city` WHERE `id` = 1 LIMIT 1   [ RunTime:0.0810s ]
SQL: SELECT * FROM `lh_area` WHERE `id` = 1 LIMIT 1   [ RunTime:0.0950s ]
SQL: SELECT * FROM `lh_farmer` WHERE `id` = 70 LIMIT 1   [ RunTime:0.0900s ]
SQL: SELECT * FROM `lh_user` WHERE `id` = 0 LIMIT 1   [ RunTime:0.1100s ]
SQL: SELECT * FROM `lh_farmer_commodity_sales` WHERE `farmer_commodity_id` = 164 AND `createtime` BETWEEN null AND null LIMIT 1   [ RunTime:0.1170s ]
SQL: SELECT * FROM `lh_farmer_commodity_sales` WHERE `farmer_commodity_id` = 179 LIMIT 1   [ RunTime:0.0850s ]
SQL: SELECT * FROM `lh_province` WHERE `id` = 1 LIMIT 1   [ RunTime:0.0910s ]
SQL: SELECT * FROM `lh_city` WHERE `id` = 1 LIMIT 1   [ RunTime:0.0870s ]
SQL: SELECT * FROM `lh_area` WHERE `id` = 1 LIMIT 1   [ RunTime:0.0890s ]
SQL: SELECT * FROM `lh_farmer` WHERE `id` = 73 LIMIT 1   [ RunTime:0.1020s ]
SQL: SELECT * FROM `lh_user` WHERE `id` = 0 LIMIT 1   [ RunTime:0.0920s ]
SQL: SELECT * FROM `lh_farmer_commodity_sales` WHERE `farmer_commodity_id` = 179 AND `createtime` BETWEEN null AND null LIMIT 1   [ RunTime:0.0810s ]
SQL: SELECT * FROM `lh_farmer_commodity_sales` WHERE `farmer_commodity_id` = 187 LIMIT 1   [ RunTime:0.1150s ]
SQL: SELECT * FROM `lh_province` WHERE `id` = 1 LIMIT 1   [ RunTime:0.0980s ]
SQL: SELECT * FROM `lh_city` WHERE `id` = 1 LIMIT 1   [ RunTime:0.0780s ]
SQL: SELECT * FROM `lh_area` WHERE `id` = 1 LIMIT 1   [ RunTime:0.0870s ]
SQL: SELECT * FROM `lh_farmer` WHERE `id` = 76 LIMIT 1   [ RunTime:0.0960s ]
SQL: SELECT * FROM `lh_user` WHERE `id` = 0 LIMIT 1   [ RunTime:0.0740s ]
SQL: SELECT * FROM `lh_farmer_commodity_sales` WHERE `farmer_commodity_id` = 187 AND `createtime` BETWEEN null AND null LIMIT 1   [ RunTime:0.0990s ]

[ 2020-04-26T14:56:08+08:00 ] 127.0.0.1 /api.php/Commodity/get_farmer_commodity_info?id=25&page=1&pageSize=10&farmer_name=zhen
INFO: [ app_init ] --START--
INFO: Run Behavior\BuildLiteBehavior [ RunTime:0.001000s ]
INFO: [ app_init ] --END-- [ RunTime:0.006001s ]
INFO: [ app_begin ] --START--
INFO: Run Behavior\ReadHtmlCacheBehavior [ RunTime:0.005000s ]
INFO: [ app_begin ] --END-- [ RunTime:0.008000s ]
SQL: SHOW COLUMNS FROM `lh_commodity` [ RunTime:0.0660s ]
SQL: SELECT * FROM `lh_commodity` WHERE `id` = 25 LIMIT 1   [ RunTime:0.0820s ]
SQL: SHOW COLUMNS FROM `lh_farmer` [ RunTime:0.0730s ]
SQL: SELECT `id` FROM `lh_farmer` WHERE `name` LIKE '%zhen%' AND `status` = 1 AND `del_status` = 1  [ RunTime:0.0850s ]
SQL: SHOW COLUMNS FROM `lh_farmer_commodity` [ RunTime:0.0810s ]
SQL: SELECT * FROM `lh_farmer_commodity` WHERE `commodity_id` = 25 AND `del_status` = 1 AND `farmer_id` = 0  [ RunTime:0.0690s ]
SQL: SELECT * FROM `lh_farmer_commodity` WHERE `commodity_id` = 25 AND `del_status` = 1 LIMIT 0,10   [ RunTime:0.1190s ]

[ 2020-04-26T15:48:49+08:00 ] 127.0.0.1 /api.php/Commodity/get_farmer_commodity_info?id=25&page=1&pageSize=10&farmer_name=zhen
INFO: [ app_init ] --START--
INFO: Run Behavior\BuildLiteBehavior [ RunTime:0.001000s ]
INFO: [ app_init ] --END-- [ RunTime:0.017001s ]
INFO: [ app_begin ] --START--
INFO: Run Behavior\ReadHtmlCacheBehavior [ RunTime:0.018001s ]
INFO: [ app_begin ] --END-- [ RunTime:0.022001s ]
SQL: SHOW COLUMNS FROM `lh_commodity` [ RunTime:0.0720s ]
SQL: SELECT * FROM `lh_commodity` WHERE `id` = 25 LIMIT 1   [ RunTime:0.0990s ]
SQL: SHOW COLUMNS FROM `lh_farmer` [ RunTime:0.0890s ]
SQL: SELECT `id` FROM `lh_farmer` WHERE `name` LIKE '%zhen%' AND `status` = 1 AND `del_status` = 1  [ RunTime:0.0760s ]
SQL: SHOW COLUMNS FROM `lh_farmer_commodity` [ RunTime:0.0790s ]
SQL: SELECT * FROM `lh_farmer_commodity` WHERE `commodity_id` = 25 AND `del_status` = 1 AND `farmer_id` = 0  [ RunTime:0.1050s ]
SQL: SELECT * FROM `lh_farmer_commodity` WHERE `commodity_id` = 25 AND `del_status` = 1 AND `farmer_id` = 0 LIMIT 0,10   [ RunTime:0.1820s ]

