[ 2020-05-18T18:19:05+08:00 ] 127.0.0.1 /api.php/My/update_attendance_info?user_id=8&type=2&id=11&time=09%3A01&time_info=2020.05.18%2014%3A25%3A24
INFO: [ app_init ] --START--
INFO: Run Behavior\BuildLiteBehavior [ RunTime:0.000000s ]
INFO: [ app_init ] --END-- [ RunTime:0.014001s ]
INFO: [ app_begin ] --START--
INFO: Run Behavior\ReadHtmlCacheBehavior [ RunTime:0.025002s ]
INFO: [ app_begin ] --END-- [ RunTime:0.028002s ]
SQL: SHOW COLUMNS FROM `kq_user` [ RunTime:0.0980s ]
SQL: SELECT * FROM `kq_user` WHERE `id` = 8 LIMIT 1   [ RunTime:0.2810s ]
SQL: SHOW COLUMNS FROM `kq_attendance` [ RunTime:0.1580s ]
SQL: SELECT * FROM `kq_attendance` WHERE `del_status` = 1 AND `id` = 11 LIMIT 1   [ RunTime:0.0860s ]
SQL: SHOW COLUMNS FROM `kq_project` [ RunTime:0.1620s ]
SQL: SELECT * FROM `kq_project` WHERE `id` = 3 AND `del_status` = 1 LIMIT 1   [ RunTime:2.7412s ]
SQL: SHOW COLUMNS FROM `kq_update_attendance` [ RunTime:1.6401s ]
SQL: INSERT INTO `kq_update_attendance` (`type`,`attendance_id`,`update_time`,`update_phone`,`confirm_phone`,`createtime`) VALUES ('2','11','1589763660','15298921808','15298921808','1589797143') [ RunTime:0.2600s ]

[ 2020-05-18T18:20:01+08:00 ] 127.0.0.1 /api.php/My/update_attendance_info?user_id=8&type=2&id=11&time=09%3A01&time_info=2020.05.18%2014%3A25%3A24
INFO: [ app_init ] --START--
INFO: Run Behavior\BuildLiteBehavior [ RunTime:0.001000s ]
INFO: [ app_init ] --END-- [ RunTime:0.006001s ]
INFO: [ app_begin ] --START--
INFO: Run Behavior\ReadHtmlCacheBehavior [ RunTime:0.004000s ]
INFO: [ app_begin ] --END-- [ RunTime:0.007000s ]

