[ 2020-04-21T14:22:37+08:00 ] 127.0.0.1 /api.php/Weixin/get_region_list
INFO: [ app_init ] --START--
INFO: Run Behavior\BuildLiteBehavior [ RunTime:0.001000s ]
INFO: [ app_init ] --END-- [ RunTime:0.006000s ]
INFO: [ app_begin ] --START--
INFO: Run Behavior\ReadHtmlCacheBehavior [ RunTime:0.004000s ]
INFO: [ app_begin ] --END-- [ RunTime:0.007000s ]
ERR: 由于目标计算机积极拒绝，无法连接。


[ 2020-04-21T14:23:56+08:00 ] 127.0.0.1 /api.php/Weixin/get_region_list
INFO: [ app_init ] --START--
INFO: Run Behavior\BuildLiteBehavior [ RunTime:0.000000s ]
INFO: [ app_init ] --END-- [ RunTime:0.005001s ]
INFO: [ app_begin ] --START--
INFO: Run Behavior\ReadHtmlCacheBehavior [ RunTime:0.005001s ]
INFO: [ app_begin ] --END-- [ RunTime:0.007001s ]
SQL: SHOW COLUMNS FROM `lh_region` [ RunTime:0.0850s ]
SQL: SELECT * FROM `lh_region` WHERE `del_status` = 1  [ RunTime:0.0980s ]
INFO: [ app_end ] --START--
INFO: Run Behavior\ShowPageTraceBehavior [ RunTime:0.020002s ]
INFO: [ app_end ] --END-- [ RunTime:0.023002s ]

[ 2020-04-21T14:29:45+08:00 ] 127.0.0.1 /api.php/Weixin/get_region_list
INFO: [ app_init ] --START--
INFO: Run Behavior\BuildLiteBehavior [ RunTime:0.001000s ]
INFO: [ app_init ] --END-- [ RunTime:0.005001s ]
INFO: [ app_begin ] --START--
INFO: Run Behavior\ReadHtmlCacheBehavior [ RunTime:0.004001s ]
INFO: [ app_begin ] --END-- [ RunTime:0.006001s ]
SQL: SHOW COLUMNS FROM `lh_region` [ RunTime:0.1340s ]
SQL: SELECT * FROM `lh_region` WHERE `del_status` = 1  [ RunTime:0.1910s ]
SQL: SELECT * FROM `lh_region` WHERE `del_status` = 1  [ RunTime:0.0700s ]
INFO: [ app_end ] --START--
INFO: Run Behavior\ShowPageTraceBehavior [ RunTime:0.004000s ]
INFO: [ app_end ] --END-- [ RunTime:0.006000s ]

[ 2020-04-21T16:09:22+08:00 ] 127.0.0.1 /api.php/Weixin/get_region_list
INFO: [ app_init ] --START--
INFO: Run Behavior\BuildLiteBehavior [ RunTime:0.001000s ]
INFO: [ app_init ] --END-- [ RunTime:0.041002s ]
INFO: [ app_begin ] --START--
INFO: Run Behavior\ReadHtmlCacheBehavior [ RunTime:0.021001s ]
INFO: [ app_begin ] --END-- [ RunTime:0.025001s ]
SQL: SHOW COLUMNS FROM `lh_region` [ RunTime:0.0820s ]
SQL: SELECT * FROM `lh_region` WHERE `del_status` = 1  [ RunTime:1.7611s ]
SQL: SELECT * FROM `lh_region` WHERE `del_status` = 1  [ RunTime:0.1690s ]
INFO: [ app_end ] --START--
INFO: Run Behavior\ShowPageTraceBehavior [ RunTime:0.030001s ]
INFO: [ app_end ] --END-- [ RunTime:0.034002s ]

