[ 2020-03-16T15:08:41+08:00 ] 127.0.0.1 /Api.php
INFO: [ app_init ] --START--
INFO: Run Behavior\BuildLiteBehavior [ RunTime:0.001000s ]
INFO: [ app_init ] --END-- [ RunTime:0.005000s ]
INFO: [ app_begin ] --START--
INFO: Run Behavior\ReadHtmlCacheBehavior [ RunTime:0.004000s ]
INFO: [ app_begin ] --END-- [ RunTime:0.008001s ]
INFO: [ view_parse ] --START--
INFO: [ template_filter ] --START--
INFO: Run Behavior\ContentReplaceBehavior [ RunTime:0.001000s ]
INFO: [ template_filter ] --END-- [ RunTime:0.005000s ]
INFO: Run Behavior\ParseTemplateBehavior [ RunTime:0.056004s ]
INFO: [ view_parse ] --END-- [ RunTime:0.058004s ]
INFO: [ view_filter ] --START--
INFO: Run Behavior\WriteHtmlCacheBehavior [ RunTime:0.003000s ]
INFO: [ view_filter ] --END-- [ RunTime:0.005000s ]
INFO: [ app_end ] --START--
INFO: Run Behavior\ShowPageTraceBehavior [ RunTime:0.004001s ]
INFO: [ app_end ] --END-- [ RunTime:0.008001s ]

[ 2020-03-16T15:09:40+08:00 ] 127.0.0.1 /api.php
INFO: [ app_init ] --START--
INFO: Run Behavior\BuildLiteBehavior [ RunTime:0.000000s ]
INFO: [ app_init ] --END-- [ RunTime:0.005000s ]
INFO: [ app_begin ] --START--
INFO: Run Behavior\ReadHtmlCacheBehavior [ RunTime:0.004001s ]
INFO: [ app_begin ] --END-- [ RunTime:0.007001s ]
INFO: [ view_parse ] --START--
INFO: Run Behavior\ParseTemplateBehavior [ RunTime:0.005001s ]
INFO: [ view_parse ] --END-- [ RunTime:0.007001s ]
INFO: [ view_filter ] --START--
INFO: Run Behavior\WriteHtmlCacheBehavior [ RunTime:0.003000s ]
INFO: [ view_filter ] --END-- [ RunTime:0.005000s ]
INFO: [ app_end ] --START--
INFO: Run Behavior\ShowPageTraceBehavior [ RunTime:0.005000s ]
INFO: [ app_end ] --END-- [ RunTime:0.008001s ]

[ 2020-03-16T17:24:43+08:00 ] 127.0.0.1 //api.php/Index/login?user=%7B%22nickName%22%3A%22%E5%B0%8F%E8%BE%89%E8%BE%89%22%2C%22gender%22%3A1%2C%22language%22%3A%22zh_CN%22%2C%22city%22%3A%22%22%2C%22province%22%3A%22%22%2C%22country%22%3A%22China%22%2C%22avatarUrl%22%3A%22https%3A%2F%2Fwx.qlogo.cn%2Fmmopen%2Fvi_32%2F9Qs8IyMcOVnKnhTeJLTUe3lDQLIWlRSyPqGsXiaXZAicOoK7DVPFInyCcPmVlzWWY3P9H3JX9jqEdM82DP84BjYg%2F132%22%7D&code=0232uH6Q04zQb72KxW8Q0fy07Q02uH6y&encryptedData=NuARiK%2BAW3uUNqLNrQOnJ3Ltp4oKA1C95e5cczMSmVy02QsNfYRJeo31MMM9tbIN6t%2BBSr5qaz5XEanvWwxjvdkZSVkrhPiTkfjfqel4A%2FwgWagLMDTYyRlZWOLaUVTFAuU%2BVlD8EtpuoKUP%2F1pQXMCt9VvA2kSFk6kcE236LSMQjjV6%2B5Mn%2FC9XiU3bWWRaQTjfTi5Wncx13r8UiMbBrUyt1DtT2ugMYfWHChvvNjTmTbzq1PEtx6KDOdRHogdhyBvA9chytINBVLbdVWhIue6h9UvZbNi5fOoqJG7aaSC3AepKk5b3t2kaBGHRP2K4sl63MgUH7P2tUlkBLmQtlQ4KvNKVbYVAAPvEepCkzuyl2NN0Bo0gYIN26wE5%2BXAFGsmlDeW346l5mViG4ss4C5HQPWe9DUKgDv5%2FzjDN0BAJk0Gwmk9wAC8WNg2cqCuD8I%2Bz8UujiXyIzDfoqaZ2BQ%3D%3D
INFO: [ app_init ] --START--
INFO: Run Behavior\BuildLiteBehavior [ RunTime:0.001000s ]
INFO: [ app_init ] --END-- [ RunTime:0.015001s ]
INFO: [ app_begin ] --START--
INFO: Run Behavior\ReadHtmlCacheBehavior [ RunTime:0.022001s ]
INFO: [ app_begin ] --END-- [ RunTime:0.024002s ]
ERR: SQLSTATE[HY000] [2006] MySQL server has gone away

[ 2020-03-16T17:26:13+08:00 ] 127.0.0.1 //api.php/Index/login?user=%7B%22nickName%22%3A%22%E5%B0%8F%E8%BE%89%E8%BE%89%22%2C%22gender%22%3A1%2C%22language%22%3A%22zh_CN%22%2C%22city%22%3A%22%22%2C%22province%22%3A%22%22%2C%22country%22%3A%22China%22%2C%22avatarUrl%22%3A%22https%3A%2F%2Fwx.qlogo.cn%2Fmmopen%2Fvi_32%2F9Qs8IyMcOVnKnhTeJLTUe3lDQLIWlRSyPqGsXiaXZAicOoK7DVPFInyCcPmVlzWWY3P9H3JX9jqEdM82DP84BjYg%2F132%22%7D&code=0232uH6Q04zQb72KxW8Q0fy07Q02uH6y&encryptedData=NuARiK%2BAW3uUNqLNrQOnJ3Ltp4oKA1C95e5cczMSmVy02QsNfYRJeo31MMM9tbIN6t%2BBSr5qaz5XEanvWwxjvdkZSVkrhPiTkfjfqel4A%2FwgWagLMDTYyRlZWOLaUVTFAuU%2BVlD8EtpuoKUP%2F1pQXMCt9VvA2kSFk6kcE236LSMQjjV6%2B5Mn%2FC9XiU3bWWRaQTjfTi5Wncx13r8UiMbBrUyt1DtT2ugMYfWHChvvNjTmTbzq1PEtx6KDOdRHogdhyBvA9chytINBVLbdVWhIue6h9UvZbNi5fOoqJG7aaSC3AepKk5b3t2kaBGHRP2K4sl63MgUH7P2tUlkBLmQtlQ4KvNKVbYVAAPvEepCkzuyl2NN0Bo0gYIN26wE5%2BXAFGsmlDeW346l5mViG4ss4C5HQPWe9DUKgDv5%2FzjDN0BAJk0Gwmk9wAC8WNg2cqCuD8I%2Bz8UujiXyIzDfoqaZ2BQ%3D%3D
INFO: [ app_init ] --START--
INFO: Run Behavior\BuildLiteBehavior [ RunTime:0.000000s ]
INFO: [ app_init ] --END-- [ RunTime:0.007000s ]
INFO: [ app_begin ] --START--
INFO: Run Behavior\ReadHtmlCacheBehavior [ RunTime:0.006001s ]
INFO: [ app_begin ] --END-- [ RunTime:0.010001s ]
NOTIC: [8] Undefined index: openid G:\phpStudy\PHPTutorial\WWW\longhuanongye\Application\Api\Controller\IndexController.class.php 第 36 行.
SQL: SHOW COLUMNS FROM `lh_user` [ RunTime:0.0650s ]
SQL: SELECT * FROM `lh_user` WHERE `openid` = null LIMIT 1   [ RunTime:0.0890s ]

